Args in experiment:
Namespace(data='WTH', root_path='./datasets/', data_path='WTH.csv', data_split=[20160, 7200, 7200], checkpoints='./checkpoints/', in_len=336, out_len=168, seg_lens='24,36,48,56', data_dim=12, d_model=256, d_ff=512, n_heads=4, a_layers=3, dropout=0.2, baseline=False, num_workers=0, batch_size=32, train_epochs=20, patience=3, learning_rate=1e-05, lradj='type1', itr=5, save_pred=False, use_gpu=True, gpu=0, use_multi_gpu=False, devices='0,1,2,3')
Use GPU: cuda:0
>>>>>>>start training : Crossformer_WTH_il336_ol168_sl24,36,48,56_dm256_nh4_el3_itr0>>>>>>>>>>>>>>>>>>>>>>>>>>
train 19657
val 7033
test 7033
	iters: 100, epoch: 1 | loss: 1.1698110
	speed: 0.2568s/iter; left time: 3133.1259s
	iters: 200, epoch: 1 | loss: 0.9695792
	speed: 0.1967s/iter; left time: 2380.2379s
	iters: 300, epoch: 1 | loss: 0.7085609
	speed: 0.1982s/iter; left time: 2378.6152s
	iters: 400, epoch: 1 | loss: 0.7070484
	speed: 0.2094s/iter; left time: 2491.5728s
	iters: 500, epoch: 1 | loss: 0.6639803
	speed: 0.2195s/iter; left time: 2590.2066s
	iters: 600, epoch: 1 | loss: 0.5722237
	speed: 0.2179s/iter; left time: 2549.5301s
Epoch: 1 cost time: 133.23235249519348
Epoch: 1, Steps: 615 | Train Loss: 0.9418458 Vali Loss: 0.5074099 Test Loss: 0.5669807
Validation loss decreased (inf --> 0.507410).  Saving model ...
	iters: 100, epoch: 2 | loss: 0.6167238
	speed: 0.2185s/iter; left time: 2531.0153s
	iters: 200, epoch: 2 | loss: 0.6942666
	speed: 0.2205s/iter; left time: 2532.1364s
	iters: 300, epoch: 2 | loss: 0.7016804
	speed: 0.2158s/iter; left time: 2457.1829s
	iters: 400, epoch: 2 | loss: 0.6774127
	speed: 0.2120s/iter; left time: 2392.9093s
	iters: 500, epoch: 2 | loss: 0.6745868
	speed: 0.2075s/iter; left time: 2320.8438s
	iters: 600, epoch: 2 | loss: 0.6089537
	speed: 0.2005s/iter; left time: 2222.6363s
Epoch: 2 cost time: 131.02425909042358
Epoch: 2, Steps: 615 | Train Loss: 0.6575928 Vali Loss: 0.4801247 Test Loss: 0.5355551
Validation loss decreased (0.507410 --> 0.480125).  Saving model ...
Updating learning rate to 5e-06
	iters: 100, epoch: 3 | loss: 0.6355867
	speed: 0.2203s/iter; left time: 2417.3613s
	iters: 200, epoch: 3 | loss: 0.6929400
	speed: 0.2127s/iter; left time: 2312.2619s
	iters: 300, epoch: 3 | loss: 0.6688299
	speed: 0.2136s/iter; left time: 2300.2902s
	iters: 400, epoch: 3 | loss: 0.7194825
	speed: 0.2175s/iter; left time: 2321.1696s
	iters: 500, epoch: 3 | loss: 0.6847078
	speed: 0.2168s/iter; left time: 2292.3019s
	iters: 600, epoch: 3 | loss: 0.6269820
	speed: 0.2173s/iter; left time: 2275.2954s
Epoch: 3 cost time: 133.28628993034363
Epoch: 3, Steps: 615 | Train Loss: 0.6343520 Vali Loss: 0.4733556 Test Loss: 0.5276612
Validation loss decreased (0.480125 --> 0.473356).  Saving model ...
	iters: 100, epoch: 4 | loss: 0.6601353
	speed: 0.2049s/iter; left time: 2122.4382s
	iters: 200, epoch: 4 | loss: 0.7631432
	speed: 0.2226s/iter; left time: 2283.0583s
	iters: 300, epoch: 4 | loss: 0.5868424
	speed: 0.2220s/iter; left time: 2254.9476s
	iters: 400, epoch: 4 | loss: 0.6277693
	speed: 0.2221s/iter; left time: 2233.1837s
	iters: 500, epoch: 4 | loss: 0.6151366
	speed: 0.2082s/iter; left time: 2072.3980s
	iters: 600, epoch: 4 | loss: 0.6196924
	speed: 0.2095s/iter; left time: 2064.4038s
Epoch: 4 cost time: 131.80399107933044
Epoch: 4, Steps: 615 | Train Loss: 0.6262976 Vali Loss: 0.4673588 Test Loss: 0.5240501
Validation loss decreased (0.473356 --> 0.467359).  Saving model ...
Updating learning rate to 2.5e-06
	iters: 100, epoch: 5 | loss: 0.5849692
	speed: 0.2181s/iter; left time: 2124.5801s
	iters: 200, epoch: 5 | loss: 0.6848908
	speed: 0.2142s/iter; left time: 2065.4831s
	iters: 300, epoch: 5 | loss: 0.5908363
	speed: 0.2059s/iter; left time: 1964.5143s
	iters: 400, epoch: 5 | loss: 0.6103352
	speed: 0.2275s/iter; left time: 2147.8777s
	iters: 500, epoch: 5 | loss: 0.5716478
	speed: 0.2097s/iter; left time: 1958.8575s
	iters: 600, epoch: 5 | loss: 0.6871552
	speed: 0.2187s/iter; left time: 2021.1058s
Epoch: 5 cost time: 132.74368715286255
Epoch: 5, Steps: 615 | Train Loss: 0.6198644 Vali Loss: 0.4658535 Test Loss: 0.5198444
Validation loss decreased (0.467359 --> 0.465854).  Saving model ...
	iters: 100, epoch: 6 | loss: 0.5994040
	speed: 0.2278s/iter; left time: 2079.0900s
	iters: 200, epoch: 6 | loss: 0.5969067
	speed: 0.2208s/iter; left time: 1992.9292s
	iters: 300, epoch: 6 | loss: 0.6155713
	speed: 0.2389s/iter; left time: 2132.2740s
	iters: 400, epoch: 6 | loss: 0.5807815
	speed: 0.2263s/iter; left time: 1996.9388s
	iters: 500, epoch: 6 | loss: 0.6332785
	speed: 0.2096s/iter; left time: 1828.9068s
	iters: 600, epoch: 6 | loss: 0.6717556
	speed: 0.2195s/iter; left time: 1893.2664s
Epoch: 6 cost time: 137.83324122428894
Epoch: 6, Steps: 615 | Train Loss: 0.6170264 Vali Loss: 0.4646248 Test Loss: 0.5185515
Validation loss decreased (0.465854 --> 0.464625).  Saving model ...
Updating learning rate to 1.25e-06
	iters: 100, epoch: 7 | loss: 0.5478601
	speed: 0.2104s/iter; left time: 1790.5516s
	iters: 200, epoch: 7 | loss: 0.5711733
	speed: 0.2009s/iter; left time: 1689.7649s
	iters: 300, epoch: 7 | loss: 0.5852451
	speed: 0.2209s/iter; left time: 1835.8852s
	iters: 400, epoch: 7 | loss: 0.5934475
	speed: 0.2330s/iter; left time: 1912.9736s
	iters: 500, epoch: 7 | loss: 0.6368694
	speed: 0.2232s/iter; left time: 1810.1172s
	iters: 600, epoch: 7 | loss: 0.6202380
	speed: 0.2302s/iter; left time: 1844.3402s
Epoch: 7 cost time: 134.96993803977966
Epoch: 7, Steps: 615 | Train Loss: 0.6141522 Vali Loss: 0.4619157 Test Loss: 0.5208065
Validation loss decreased (0.464625 --> 0.461916).  Saving model ...
	iters: 100, epoch: 8 | loss: 0.6129075
	speed: 0.2157s/iter; left time: 1703.1714s
	iters: 200, epoch: 8 | loss: 0.5974725
	speed: 0.2104s/iter; left time: 1640.4767s
	iters: 300, epoch: 8 | loss: 0.5894511
	speed: 0.2262s/iter; left time: 1740.6533s
	iters: 400, epoch: 8 | loss: 0.6423468
	speed: 0.2135s/iter; left time: 1622.0541s
	iters: 500, epoch: 8 | loss: 0.6080959
	speed: 0.2192s/iter; left time: 1643.0036s
	iters: 600, epoch: 8 | loss: 0.5866547
	speed: 0.2083s/iter; left time: 1540.4150s
Epoch: 8 cost time: 132.6094150543213
Epoch: 8, Steps: 615 | Train Loss: 0.6128843 Vali Loss: 0.4610571 Test Loss: 0.5172544
Validation loss decreased (0.461916 --> 0.461057).  Saving model ...
Updating learning rate to 6.25e-07
	iters: 100, epoch: 9 | loss: 0.6271216
	speed: 0.2124s/iter; left time: 1546.1428s
	iters: 200, epoch: 9 | loss: 0.6173480
	speed: 0.2113s/iter; left time: 1517.4627s
	iters: 300, epoch: 9 | loss: 0.6699917
	speed: 0.2142s/iter; left time: 1516.4600s
	iters: 400, epoch: 9 | loss: 0.6525806
	speed: 0.2200s/iter; left time: 1535.5626s
	iters: 500, epoch: 9 | loss: 0.5990280
	speed: 0.2209s/iter; left time: 1519.8198s
	iters: 600, epoch: 9 | loss: 0.6151491
	speed: 0.2255s/iter; left time: 1529.0782s
Epoch: 9 cost time: 133.60590863227844
Epoch: 9, Steps: 615 | Train Loss: 0.6113659 Vali Loss: 0.4606135 Test Loss: 0.5167124
Validation loss decreased (0.461057 --> 0.460613).  Saving model ...
	iters: 100, epoch: 10 | loss: 0.5979665
	speed: 0.2237s/iter; left time: 1491.1788s
	iters: 200, epoch: 10 | loss: 0.6145917
	speed: 0.2285s/iter; left time: 1500.4173s
	iters: 300, epoch: 10 | loss: 0.5542321
	speed: 0.2162s/iter; left time: 1398.1394s
	iters: 400, epoch: 10 | loss: 0.6093264
	speed: 0.2245s/iter; left time: 1429.3043s
	iters: 500, epoch: 10 | loss: 0.6292378
	speed: 0.2200s/iter; left time: 1378.2908s
	iters: 600, epoch: 10 | loss: 0.6266049
	speed: 0.2137s/iter; left time: 1317.4908s
Epoch: 10 cost time: 135.78765988349915
Epoch: 10, Steps: 615 | Train Loss: 0.6108451 Vali Loss: 0.4597702 Test Loss: 0.5166258
Validation loss decreased (0.460613 --> 0.459770).  Saving model ...
Updating learning rate to 3.125e-07
	iters: 100, epoch: 11 | loss: 0.6012747
	speed: 0.2177s/iter; left time: 1317.0196s
	iters: 200, epoch: 11 | loss: 0.5805547
	speed: 0.2035s/iter; left time: 1211.0156s
	iters: 300, epoch: 11 | loss: 0.5945212
	speed: 0.2119s/iter; left time: 1239.9741s
	iters: 400, epoch: 11 | loss: 0.5655245
	speed: 0.2123s/iter; left time: 1221.2234s
	iters: 500, epoch: 11 | loss: 0.5703566
	speed: 0.2216s/iter; left time: 1252.2679s
	iters: 600, epoch: 11 | loss: 0.5950392
	speed: 0.2250s/iter; left time: 1248.8483s
Epoch: 11 cost time: 132.48100423812866
Epoch: 11, Steps: 615 | Train Loss: 0.6101652 Vali Loss: 0.4600491 Test Loss: 0.5161536
EarlyStopping counter: 1 out of 3
	iters: 100, epoch: 12 | loss: 0.6272340
	speed: 0.2136s/iter; left time: 1161.0248s
	iters: 200, epoch: 12 | loss: 0.5342612
	speed: 0.2163s/iter; left time: 1154.0123s
	iters: 300, epoch: 12 | loss: 0.6037769
	speed: 0.2259s/iter; left time: 1182.8601s
	iters: 400, epoch: 12 | loss: 0.5378821
	speed: 0.2200s/iter; left time: 1129.8492s
	iters: 500, epoch: 12 | loss: 0.5966853
	speed: 0.2117s/iter; left time: 1066.3481s
	iters: 600, epoch: 12 | loss: 0.6498570
	speed: 0.2175s/iter; left time: 1073.6273s
Epoch: 12 cost time: 133.61784672737122
Epoch: 12, Steps: 615 | Train Loss: 0.6098453 Vali Loss: 0.4596027 Test Loss: 0.5167390
Validation loss decreased (0.459770 --> 0.459603).  Saving model ...
	iters: 100, epoch: 13 | loss: 0.5837274
	speed: 0.2034s/iter; left time: 980.6314s
	iters: 200, epoch: 13 | loss: 0.6284243
	speed: 0.2022s/iter; left time: 954.8042s
	iters: 300, epoch: 13 | loss: 0.6320622
	speed: 0.2039s/iter; left time: 942.3647s
	iters: 400, epoch: 13 | loss: 0.6686448
	speed: 0.2122s/iter; left time: 959.3619s
	iters: 500, epoch: 13 | loss: 0.6847245
	speed: 0.2263s/iter; left time: 1000.6276s
	iters: 600, epoch: 13 | loss: 0.6065710
	speed: 0.2193s/iter; left time: 947.7859s
Epoch: 13 cost time: 130.36028051376343
Epoch: 13, Steps: 615 | Train Loss: 0.6094278 Vali Loss: 0.4602632 Test Loss: 0.5155273
EarlyStopping counter: 1 out of 3
	iters: 100, epoch: 14 | loss: 0.6222968
	speed: 0.2104s/iter; left time: 884.8693s
	iters: 200, epoch: 14 | loss: 0.6924354
	speed: 0.2275s/iter; left time: 934.2530s
	iters: 300, epoch: 14 | loss: 0.5842387
	speed: 0.2265s/iter; left time: 907.4098s
	iters: 400, epoch: 14 | loss: 0.6146355
	speed: 0.2230s/iter; left time: 871.1179s
	iters: 500, epoch: 14 | loss: 0.6181471
	speed: 0.1993s/iter; left time: 758.4310s
	iters: 600, epoch: 14 | loss: 0.5980898
	speed: 0.2051s/iter; left time: 760.2074s
Epoch: 14 cost time: 132.15713834762573
Epoch: 14, Steps: 615 | Train Loss: 0.6090723 Vali Loss: 0.4596431 Test Loss: 0.5155614
EarlyStopping counter: 2 out of 3
	iters: 100, epoch: 15 | loss: 0.5821959
	speed: 0.2215s/iter; left time: 795.5838s
	iters: 200, epoch: 15 | loss: 0.6278425
	speed: 0.2090s/iter; left time: 729.5101s
	iters: 300, epoch: 15 | loss: 0.6550125
	speed: 0.2123s/iter; left time: 719.9847s
	iters: 400, epoch: 15 | loss: 0.5191550
	speed: 0.2131s/iter; left time: 701.1819s
	iters: 500, epoch: 15 | loss: 0.6183671
	speed: 0.2304s/iter; left time: 735.1221s
	iters: 600, epoch: 15 | loss: 0.6085241
	speed: 0.2256s/iter; left time: 697.3564s
Epoch: 15 cost time: 134.42123699188232
Epoch: 15, Steps: 615 | Train Loss: 0.6090333 Vali Loss: 0.4594121 Test Loss: 0.5154808
Validation loss decreased (0.459603 --> 0.459412).  Saving model ...
	iters: 100, epoch: 16 | loss: 0.5355276
	speed: 0.2222s/iter; left time: 661.1842s
	iters: 200, epoch: 16 | loss: 0.5908661
	speed: 0.2238s/iter; left time: 643.7776s
	iters: 300, epoch: 16 | loss: 0.6140426
	speed: 0.2283s/iter; left time: 633.7283s
	iters: 400, epoch: 16 | loss: 0.5575846
	speed: 0.2271s/iter; left time: 607.5889s
	iters: 500, epoch: 16 | loss: 0.6533376
	speed: 0.2277s/iter; left time: 586.5745s
	iters: 600, epoch: 16 | loss: 0.6240721
	speed: 0.2100s/iter; left time: 519.8424s
Epoch: 16 cost time: 137.0493712425232
Epoch: 16, Steps: 615 | Train Loss: 0.6084009 Vali Loss: 0.4592182 Test Loss: 0.5165012
Validation loss decreased (0.459412 --> 0.459218).  Saving model ...
	iters: 100, epoch: 17 | loss: 0.6136004
	speed: 0.2195s/iter; left time: 518.3012s
	iters: 200, epoch: 17 | loss: 0.6372583
	speed: 0.2092s/iter; left time: 473.0919s
	iters: 300, epoch: 17 | loss: 0.6225501
	speed: 0.2269s/iter; left time: 490.4113s
	iters: 400, epoch: 17 | loss: 0.6529791
	speed: 0.2234s/iter; left time: 460.4007s
	iters: 500, epoch: 17 | loss: 0.7173058
	speed: 0.2251s/iter; left time: 441.4634s
	iters: 600, epoch: 17 | loss: 0.6279783
	speed: 0.2217s/iter; left time: 412.5116s
Epoch: 17 cost time: 135.86203598976135
Epoch: 17, Steps: 615 | Train Loss: 0.6083455 Vali Loss: 0.4590849 Test Loss: 0.5161418
Validation loss decreased (0.459218 --> 0.459085).  Saving model ...
	iters: 100, epoch: 18 | loss: 0.6143034
	speed: 0.2173s/iter; left time: 379.4749s
	iters: 200, epoch: 18 | loss: 0.6294617
	speed: 0.2225s/iter; left time: 366.2113s
	iters: 300, epoch: 18 | loss: 0.6035675
	speed: 0.2199s/iter; left time: 339.9608s
	iters: 400, epoch: 18 | loss: 0.5555259
	speed: 0.2055s/iter; left time: 297.1735s
	iters: 500, epoch: 18 | loss: 0.5956371
	speed: 0.2131s/iter; left time: 286.8661s
	iters: 600, epoch: 18 | loss: 0.6321705
	speed: 0.2044s/iter; left time: 254.6845s
Epoch: 18 cost time: 131.2074282169342
Epoch: 18, Steps: 615 | Train Loss: 0.6079284 Vali Loss: 0.4588557 Test Loss: 0.5165833
Validation loss decreased (0.459085 --> 0.458856).  Saving model ...
	iters: 100, epoch: 19 | loss: 0.5929204
	speed: 0.2158s/iter; left time: 244.1235s
	iters: 200, epoch: 19 | loss: 0.6017411
	speed: 0.2073s/iter; left time: 213.7270s
	iters: 300, epoch: 19 | loss: 0.6145362
	speed: 0.2077s/iter; left time: 193.3714s
	iters: 400, epoch: 19 | loss: 0.6115344
	speed: 0.2161s/iter; left time: 179.5429s
	iters: 500, epoch: 19 | loss: 0.6474981
	speed: 0.2151s/iter; left time: 157.2249s
	iters: 600, epoch: 19 | loss: 0.5267974
	speed: 0.2181s/iter; left time: 137.6307s
Epoch: 19 cost time: 131.33076977729797
Epoch: 19, Steps: 615 | Train Loss: 0.6076018 Vali Loss: 0.4587809 Test Loss: 0.5154270
Validation loss decreased (0.458856 --> 0.458781).  Saving model ...
	iters: 100, epoch: 20 | loss: 0.5873165
	speed: 0.2065s/iter; left time: 106.5561s
	iters: 200, epoch: 20 | loss: 0.5700082
	speed: 0.2112s/iter; left time: 87.8454s
	iters: 300, epoch: 20 | loss: 0.5845758
	speed: 0.2146s/iter; left time: 67.7994s
	iters: 400, epoch: 20 | loss: 0.6018382
	speed: 0.2089s/iter; left time: 45.1158s
	iters: 500, epoch: 20 | loss: 0.6110093
	speed: 0.2125s/iter; left time: 24.6478s
	iters: 600, epoch: 20 | loss: 0.6298477
	speed: 0.1914s/iter; left time: 3.0631s
Epoch: 20 cost time: 127.1266975402832
Epoch: 20, Steps: 615 | Train Loss: 0.6073070 Vali Loss: 0.4587510 Test Loss: 0.5150670
Validation loss decreased (0.458781 --> 0.458751).  Saving model ...
>>>>>>>testing : Crossformer_WTH_il336_ol168_sl24,36,48,56_dm256_nh4_el3_itr0<<<<<<<<<<<<<<<<<<<<<<<<<<<<<<<<<
test 7033
mse:0.5138473510742188, mae:0.5196794867515564
Use GPU: cuda:0
>>>>>>>start training : Crossformer_WTH_il336_ol168_sl24,36,48,56_dm256_nh4_el3_itr1>>>>>>>>>>>>>>>>>>>>>>>>>>
train 19657
val 7033
test 7033
	iters: 100, epoch: 1 | loss: 1.1080955
	speed: 0.1971s/iter; left time: 2404.8913s
	iters: 200, epoch: 1 | loss: 0.9175541
	speed: 0.1989s/iter; left time: 2406.3925s
	iters: 300, epoch: 1 | loss: 0.7853512
	speed: 0.2105s/iter; left time: 2526.6846s
	iters: 400, epoch: 1 | loss: 0.7276838
	speed: 0.2087s/iter; left time: 2483.5548s
	iters: 500, epoch: 1 | loss: 0.6810015
	speed: 0.2026s/iter; left time: 2390.8228s
	iters: 600, epoch: 1 | loss: 0.6974271
	speed: 0.1963s/iter; left time: 2296.8194s
Epoch: 1 cost time: 124.36379313468933
Epoch: 1, Steps: 615 | Train Loss: 0.9256612 Vali Loss: 0.5090713 Test Loss: 0.5722145
Validation loss decreased (inf --> 0.509071).  Saving model ...
	iters: 100, epoch: 2 | loss: 0.7557442
	speed: 0.2146s/iter; left time: 2486.1125s
	iters: 200, epoch: 2 | loss: 0.6864164
	speed: 0.2136s/iter; left time: 2453.6058s
	iters: 300, epoch: 2 | loss: 0.6276441
	speed: 0.2167s/iter; left time: 2466.9714s
	iters: 400, epoch: 2 | loss: 0.5901813
	speed: 0.2144s/iter; left time: 2419.4291s
	iters: 500, epoch: 2 | loss: 0.6758372
	speed: 0.2124s/iter; left time: 2376.3647s
	iters: 600, epoch: 2 | loss: 0.6268933
	speed: 0.1962s/iter; left time: 2175.6002s
Epoch: 2 cost time: 129.6624128818512
Epoch: 2, Steps: 615 | Train Loss: 0.6572680 Vali Loss: 0.4795605 Test Loss: 0.5364525
Validation loss decreased (0.509071 --> 0.479561).  Saving model ...
Updating learning rate to 5e-06
	iters: 100, epoch: 3 | loss: 0.6263977
	speed: 0.2097s/iter; left time: 2300.2335s
	iters: 200, epoch: 3 | loss: 0.6728935
	speed: 0.1945s/iter; left time: 2114.9218s
	iters: 300, epoch: 3 | loss: 0.5838853
	speed: 0.1988s/iter; left time: 2141.2102s
	iters: 400, epoch: 3 | loss: 0.5948321
	speed: 0.2069s/iter; left time: 2208.2429s
	iters: 500, epoch: 3 | loss: 0.5881634
	speed: 0.2206s/iter; left time: 2331.5444s
	iters: 600, epoch: 3 | loss: 0.6452477
	speed: 0.2116s/iter; left time: 2215.7427s
Epoch: 3 cost time: 127.45849776268005
Epoch: 3, Steps: 615 | Train Loss: 0.6348951 Vali Loss: 0.4774052 Test Loss: 0.5289246
Validation loss decreased (0.479561 --> 0.477405).  Saving model ...
	iters: 100, epoch: 4 | loss: 0.6234906
	speed: 0.2144s/iter; left time: 2220.3033s
	iters: 200, epoch: 4 | loss: 0.5951723
	speed: 0.1954s/iter; left time: 2003.9580s
	iters: 300, epoch: 4 | loss: 0.6354596
	speed: 0.2059s/iter; left time: 2091.3828s
	iters: 400, epoch: 4 | loss: 0.7189492
	speed: 0.2056s/iter; left time: 2067.6468s
	iters: 500, epoch: 4 | loss: 0.6296876
	speed: 0.1987s/iter; left time: 1978.0779s
	iters: 600, epoch: 4 | loss: 0.6461197
	speed: 0.1990s/iter; left time: 1961.8336s
Epoch: 4 cost time: 124.6396656036377
Epoch: 4, Steps: 615 | Train Loss: 0.6266284 Vali Loss: 0.4677864 Test Loss: 0.5245545
Validation loss decreased (0.477405 --> 0.467786).  Saving model ...
Updating learning rate to 2.5e-06
	iters: 100, epoch: 5 | loss: 0.6665822
	speed: 0.1937s/iter; left time: 1887.1095s
	iters: 200, epoch: 5 | loss: 0.6675495
	speed: 0.1973s/iter; left time: 1901.9998s
	iters: 300, epoch: 5 | loss: 0.5700768
	speed: 0.1928s/iter; left time: 1839.7672s
	iters: 400, epoch: 5 | loss: 0.6262498
	speed: 0.1914s/iter; left time: 1806.9410s
	iters: 500, epoch: 5 | loss: 0.6201388
	speed: 0.1858s/iter; left time: 1735.1202s
	iters: 600, epoch: 5 | loss: 0.6194028
	speed: 0.1797s/iter; left time: 1660.5062s
Epoch: 5 cost time: 117.27521538734436
Epoch: 5, Steps: 615 | Train Loss: 0.6203633 Vali Loss: 0.4646559 Test Loss: 0.5200811
Validation loss decreased (0.467786 --> 0.464656).  Saving model ...
	iters: 100, epoch: 6 | loss: 0.6111863
	speed: 0.1863s/iter; left time: 1699.7447s
	iters: 200, epoch: 6 | loss: 0.6679325
	speed: 0.1952s/iter; left time: 1761.8353s
	iters: 300, epoch: 6 | loss: 0.6391984
	speed: 0.2030s/iter; left time: 1812.3138s
	iters: 400, epoch: 6 | loss: 0.5528123
	speed: 0.1992s/iter; left time: 1758.0514s
	iters: 500, epoch: 6 | loss: 0.6294115
	speed: 0.2123s/iter; left time: 1852.6375s
	iters: 600, epoch: 6 | loss: 0.5752185
	speed: 0.2123s/iter; left time: 1831.0244s
Epoch: 6 cost time: 123.59592485427856
Epoch: 6, Steps: 615 | Train Loss: 0.6175724 Vali Loss: 0.4630591 Test Loss: 0.5192918
Validation loss decreased (0.464656 --> 0.463059).  Saving model ...
Updating learning rate to 1.25e-06
	iters: 100, epoch: 7 | loss: 0.6192138
	speed: 0.1993s/iter; left time: 1696.0774s
	iters: 200, epoch: 7 | loss: 0.6026895
	speed: 0.2116s/iter; left time: 1780.1689s
	iters: 300, epoch: 7 | loss: 0.6253133
	speed: 0.2157s/iter; left time: 1792.4253s
	iters: 400, epoch: 7 | loss: 0.6190720
	speed: 0.2047s/iter; left time: 1680.4826s
	iters: 500, epoch: 7 | loss: 0.5908137
	speed: 0.1934s/iter; left time: 1568.9410s
	iters: 600, epoch: 7 | loss: 0.6393923
	speed: 0.1983s/iter; left time: 1588.2118s
Epoch: 7 cost time: 124.88134479522705
Epoch: 7, Steps: 615 | Train Loss: 0.6148556 Vali Loss: 0.4611325 Test Loss: 0.5191224
Validation loss decreased (0.463059 --> 0.461132).  Saving model ...
	iters: 100, epoch: 8 | loss: 0.6257141
	speed: 0.1881s/iter; left time: 1485.3889s
	iters: 200, epoch: 8 | loss: 0.5928336
	speed: 0.1950s/iter; left time: 1520.5795s
	iters: 300, epoch: 8 | loss: 0.5972463
	speed: 0.2006s/iter; left time: 1543.7847s
	iters: 400, epoch: 8 | loss: 0.5825590
	speed: 0.1592s/iter; left time: 1208.9667s
	iters: 500, epoch: 8 | loss: 0.5851166
	speed: 0.1756s/iter; left time: 1315.9734s
	iters: 600, epoch: 8 | loss: 0.6264077
	speed: 0.1905s/iter; left time: 1409.3030s
Epoch: 8 cost time: 113.45331883430481
Epoch: 8, Steps: 615 | Train Loss: 0.6132388 Vali Loss: 0.4605797 Test Loss: 0.5189985
Validation loss decreased (0.461132 --> 0.460580).  Saving model ...
Updating learning rate to 6.25e-07
	iters: 100, epoch: 9 | loss: 0.6440787
	speed: 0.1957s/iter; left time: 1425.1852s
	iters: 200, epoch: 9 | loss: 0.5872122
	speed: 0.1900s/iter; left time: 1364.0467s
	iters: 300, epoch: 9 | loss: 0.6932901
	speed: 0.1991s/iter; left time: 1409.6954s
	iters: 400, epoch: 9 | loss: 0.6566858
	speed: 0.1855s/iter; left time: 1295.2238s
	iters: 500, epoch: 9 | loss: 0.6385363
	speed: 0.1898s/iter; left time: 1306.3312s
	iters: 600, epoch: 9 | loss: 0.6490197
	speed: 0.1981s/iter; left time: 1343.1628s
Epoch: 9 cost time: 118.58032703399658
Epoch: 9, Steps: 615 | Train Loss: 0.6121476 Vali Loss: 0.4603129 Test Loss: 0.5178514
Validation loss decreased (0.460580 --> 0.460313).  Saving model ...
	iters: 100, epoch: 10 | loss: 0.5376886
	speed: 0.1989s/iter; left time: 1326.1039s
	iters: 200, epoch: 10 | loss: 0.6825898
	speed: 0.1962s/iter; left time: 1288.0196s
	iters: 300, epoch: 10 | loss: 0.5905615
	speed: 0.2024s/iter; left time: 1308.4507s
	iters: 400, epoch: 10 | loss: 0.5385285
	speed: 0.2104s/iter; left time: 1339.5213s
	iters: 500, epoch: 10 | loss: 0.6137001
	speed: 0.1998s/iter; left time: 1251.7319s
	iters: 600, epoch: 10 | loss: 0.6631533
	speed: 0.2160s/iter; left time: 1331.9082s
Epoch: 10 cost time: 125.6362783908844
Epoch: 10, Steps: 615 | Train Loss: 0.6117875 Vali Loss: 0.4602241 Test Loss: 0.5170213
Validation loss decreased (0.460313 --> 0.460224).  Saving model ...
Updating learning rate to 3.125e-07
	iters: 100, epoch: 11 | loss: 0.6153347
	speed: 0.1802s/iter; left time: 1090.3265s
	iters: 200, epoch: 11 | loss: 0.5782362
	speed: 0.1844s/iter; left time: 1097.3728s
	iters: 300, epoch: 11 | loss: 0.5536048
	speed: 0.1824s/iter; left time: 1067.0844s
	iters: 400, epoch: 11 | loss: 0.6512885
	speed: 0.1858s/iter; left time: 1068.3291s
	iters: 500, epoch: 11 | loss: 0.5719291
	speed: 0.1900s/iter; left time: 1073.9213s
	iters: 600, epoch: 11 | loss: 0.5865520
	speed: 0.1694s/iter; left time: 940.2102s
Epoch: 11 cost time: 111.6363615989685
Epoch: 11, Steps: 615 | Train Loss: 0.6106812 Vali Loss: 0.4599617 Test Loss: 0.5162597
Validation loss decreased (0.460224 --> 0.459962).  Saving model ...
	iters: 100, epoch: 12 | loss: 0.7061099
	speed: 0.2095s/iter; left time: 1138.6563s
	iters: 200, epoch: 12 | loss: 0.5723537
	speed: 0.1836s/iter; left time: 979.6752s
	iters: 300, epoch: 12 | loss: 0.5473355
	speed: 0.1920s/iter; left time: 1005.5400s
	iters: 400, epoch: 12 | loss: 0.6026004
	speed: 0.1975s/iter; left time: 1014.3961s
	iters: 500, epoch: 12 | loss: 0.6239061
	speed: 0.1831s/iter; left time: 922.2849s
	iters: 600, epoch: 12 | loss: 0.5913679
	speed: 0.1938s/iter; left time: 956.5923s
Epoch: 12 cost time: 119.05982375144958
Epoch: 12, Steps: 615 | Train Loss: 0.6102996 Vali Loss: 0.4596420 Test Loss: 0.5161905
Validation loss decreased (0.459962 --> 0.459642).  Saving model ...
	iters: 100, epoch: 13 | loss: 0.6113773
	speed: 0.1829s/iter; left time: 881.7039s
	iters: 200, epoch: 13 | loss: 0.6408826
	speed: 0.1707s/iter; left time: 805.9875s
	iters: 300, epoch: 13 | loss: 0.5739468
	speed: 0.1748s/iter; left time: 807.9445s
	iters: 400, epoch: 13 | loss: 0.6532304
	speed: 0.1923s/iter; left time: 869.2870s
	iters: 500, epoch: 13 | loss: 0.6524130
	speed: 0.1850s/iter; left time: 817.9232s
	iters: 600, epoch: 13 | loss: 0.6023587
	speed: 0.1999s/iter; left time: 863.9079s
Epoch: 13 cost time: 113.33188104629517
Epoch: 13, Steps: 615 | Train Loss: 0.6100400 Vali Loss: 0.4595260 Test Loss: 0.5159823
Validation loss decreased (0.459642 --> 0.459526).  Saving model ...
	iters: 100, epoch: 14 | loss: 0.6334833
	speed: 0.1820s/iter; left time: 765.5719s
	iters: 200, epoch: 14 | loss: 0.6325784
	speed: 0.1851s/iter; left time: 760.0579s
	iters: 300, epoch: 14 | loss: 0.5996997
	speed: 0.1790s/iter; left time: 717.1150s
	iters: 400, epoch: 14 | loss: 0.5721660
	speed: 0.1986s/iter; left time: 775.5904s
	iters: 500, epoch: 14 | loss: 0.6177440
	speed: 0.1849s/iter; left time: 703.6020s
	iters: 600, epoch: 14 | loss: 0.6317362
	speed: 0.1920s/iter; left time: 711.7368s
Epoch: 14 cost time: 114.64145493507385
Epoch: 14, Steps: 615 | Train Loss: 0.6097559 Vali Loss: 0.4596401 Test Loss: 0.5157522
EarlyStopping counter: 1 out of 3
	iters: 100, epoch: 15 | loss: 0.6010708
	speed: 0.1914s/iter; left time: 687.3578s
	iters: 200, epoch: 15 | loss: 0.6508852
	speed: 0.1963s/iter; left time: 685.4239s
	iters: 300, epoch: 15 | loss: 0.6322655
	speed: 0.2026s/iter; left time: 686.8996s
	iters: 400, epoch: 15 | loss: 0.5861255
	speed: 0.1968s/iter; left time: 647.5351s
	iters: 500, epoch: 15 | loss: 0.7125106
	speed: 0.2011s/iter; left time: 641.8373s
	iters: 600, epoch: 15 | loss: 0.7037554
	speed: 0.1705s/iter; left time: 526.9641s
Epoch: 15 cost time: 118.36827325820923
Epoch: 15, Steps: 615 | Train Loss: 0.6093428 Vali Loss: 0.4595579 Test Loss: 0.5155516
EarlyStopping counter: 2 out of 3
	iters: 100, epoch: 16 | loss: 0.6413751
	speed: 0.1924s/iter; left time: 572.4367s
	iters: 200, epoch: 16 | loss: 0.5789939
	speed: 0.1839s/iter; left time: 528.9478s
	iters: 300, epoch: 16 | loss: 0.6242999
	speed: 0.1943s/iter; left time: 539.3136s
	iters: 400, epoch: 16 | loss: 0.6307316
	speed: 0.1823s/iter; left time: 487.8423s
	iters: 500, epoch: 16 | loss: 0.7157488
	speed: 0.1906s/iter; left time: 490.9595s
	iters: 600, epoch: 16 | loss: 0.6819102
	speed: 0.1950s/iter; left time: 482.7452s
Epoch: 16 cost time: 116.83877515792847
Epoch: 16, Steps: 615 | Train Loss: 0.6091461 Vali Loss: 0.4585631 Test Loss: 0.5160082
Validation loss decreased (0.459526 --> 0.458563).  Saving model ...
	iters: 100, epoch: 17 | loss: 0.5802975
	speed: 0.1758s/iter; left time: 415.1665s
	iters: 200, epoch: 17 | loss: 0.6510304
	speed: 0.1743s/iter; left time: 394.0343s
	iters: 300, epoch: 17 | loss: 0.5806196
	speed: 0.1932s/iter; left time: 417.4146s
	iters: 400, epoch: 17 | loss: 0.6514370
	speed: 0.1943s/iter; left time: 400.4482s
	iters: 500, epoch: 17 | loss: 0.5517403
	speed: 0.2014s/iter; left time: 394.9225s
	iters: 600, epoch: 17 | loss: 0.6523684
	speed: 0.1893s/iter; left time: 352.2007s
Epoch: 17 cost time: 115.79827284812927
Epoch: 17, Steps: 615 | Train Loss: 0.6089669 Vali Loss: 0.4589933 Test Loss: 0.5153857
EarlyStopping counter: 1 out of 3
	iters: 100, epoch: 18 | loss: 0.6352213
	speed: 0.1990s/iter; left time: 347.4708s
	iters: 200, epoch: 18 | loss: 0.7022341
	speed: 0.2075s/iter; left time: 341.5126s
	iters: 300, epoch: 18 | loss: 0.6513683
	speed: 0.1814s/iter; left time: 280.3864s
	iters: 400, epoch: 18 | loss: 0.6080962
	speed: 0.1988s/iter; left time: 287.4573s
	iters: 500, epoch: 18 | loss: 0.6400139
	speed: 0.2051s/iter; left time: 276.0053s
	iters: 600, epoch: 18 | loss: 0.6647075
	speed: 0.2031s/iter; left time: 253.0829s
Epoch: 18 cost time: 122.9431483745575
Epoch: 18, Steps: 615 | Train Loss: 0.6085565 Vali Loss: 0.4593090 Test Loss: 0.5150844
EarlyStopping counter: 2 out of 3
	iters: 100, epoch: 19 | loss: 0.6277342
	speed: 0.1919s/iter; left time: 217.0022s
	iters: 200, epoch: 19 | loss: 0.6205720
	speed: 0.1949s/iter; left time: 200.9721s
	iters: 300, epoch: 19 | loss: 0.5702760
	speed: 0.1990s/iter; left time: 185.3033s
	iters: 400, epoch: 19 | loss: 0.6394274
	speed: 0.1908s/iter; left time: 158.5470s
	iters: 500, epoch: 19 | loss: 0.6559887
	speed: 0.1928s/iter; left time: 140.9698s
	iters: 600, epoch: 19 | loss: 0.6526639
	speed: 0.1961s/iter; left time: 123.7614s
Epoch: 19 cost time: 119.4868233203888
Epoch: 19, Steps: 615 | Train Loss: 0.6082615 Vali Loss: 0.4587848 Test Loss: 0.5156514
EarlyStopping counter: 3 out of 3
Early stopping
>>>>>>>testing : Crossformer_WTH_il336_ol168_sl24,36,48,56_dm256_nh4_el3_itr1<<<<<<<<<<<<<<<<<<<<<<<<<<<<<<<<<
test 7033
mse:0.5148099660873413, mae:0.51983243227005
Use GPU: cuda:0
>>>>>>>start training : Crossformer_WTH_il336_ol168_sl24,36,48,56_dm256_nh4_el3_itr2>>>>>>>>>>>>>>>>>>>>>>>>>>
train 19657
val 7033
test 7033
	iters: 100, epoch: 1 | loss: 1.1739858
	speed: 0.2070s/iter; left time: 2526.1859s
	iters: 200, epoch: 1 | loss: 0.8722224
	speed: 0.1667s/iter; left time: 2017.7316s
	iters: 300, epoch: 1 | loss: 0.7756715
	speed: 0.2081s/iter; left time: 2497.9413s
	iters: 400, epoch: 1 | loss: 0.6684567
	speed: 0.1811s/iter; left time: 2154.8397s
	iters: 500, epoch: 1 | loss: 0.6860611
	speed: 0.1807s/iter; left time: 2132.1539s
	iters: 600, epoch: 1 | loss: 0.6745563
	speed: 0.1895s/iter; left time: 2217.8319s
Epoch: 1 cost time: 115.65377449989319
Epoch: 1, Steps: 615 | Train Loss: 0.9253035 Vali Loss: 0.5031306 Test Loss: 0.5642567
Validation loss decreased (inf --> 0.503131).  Saving model ...
	iters: 100, epoch: 2 | loss: 0.7891484
	speed: 0.2067s/iter; left time: 2395.2352s
	iters: 200, epoch: 2 | loss: 0.5791140
	speed: 0.2101s/iter; left time: 2413.3474s
	iters: 300, epoch: 2 | loss: 0.6478661
	speed: 0.2120s/iter; left time: 2414.2524s
	iters: 400, epoch: 2 | loss: 0.6759009
	speed: 0.2060s/iter; left time: 2325.2337s
	iters: 500, epoch: 2 | loss: 0.6539338
	speed: 0.2026s/iter; left time: 2265.8542s
	iters: 600, epoch: 2 | loss: 0.7038209
	speed: 0.2127s/iter; left time: 2357.6261s
Epoch: 2 cost time: 128.2609543800354
Epoch: 2, Steps: 615 | Train Loss: 0.6574456 Vali Loss: 0.4778222 Test Loss: 0.5371869
Validation loss decreased (0.503131 --> 0.477822).  Saving model ...
Updating learning rate to 5e-06
	iters: 100, epoch: 3 | loss: 0.6349245
	speed: 0.2147s/iter; left time: 2355.0575s
	iters: 200, epoch: 3 | loss: 0.6412865
	speed: 0.2130s/iter; left time: 2315.9165s
	iters: 300, epoch: 3 | loss: 0.7222930
	speed: 0.1971s/iter; left time: 2123.0499s
	iters: 400, epoch: 3 | loss: 0.6587981
	speed: 0.1810s/iter; left time: 1931.1388s
	iters: 500, epoch: 3 | loss: 0.6284453
	speed: 0.1912s/iter; left time: 2021.4448s
	iters: 600, epoch: 3 | loss: 0.5692956
	speed: 0.1985s/iter; left time: 2078.7075s
Epoch: 3 cost time: 122.53392386436462
Epoch: 3, Steps: 615 | Train Loss: 0.6355600 Vali Loss: 0.4694541 Test Loss: 0.5284380
Validation loss decreased (0.477822 --> 0.469454).  Saving model ...
	iters: 100, epoch: 4 | loss: 0.6635020
	speed: 0.1670s/iter; left time: 1729.8271s
	iters: 200, epoch: 4 | loss: 0.6116300
	speed: 0.1874s/iter; left time: 1921.8292s
	iters: 300, epoch: 4 | loss: 0.6159148
	speed: 0.2057s/iter; left time: 2088.7487s
	iters: 400, epoch: 4 | loss: 0.6522239
	speed: 0.1906s/iter; left time: 1916.7035s
	iters: 500, epoch: 4 | loss: 0.6740751
	speed: 0.2073s/iter; left time: 2063.9215s
	iters: 600, epoch: 4 | loss: 0.6216386
	speed: 0.1796s/iter; left time: 1769.7181s
Epoch: 4 cost time: 116.36908483505249
Epoch: 4, Steps: 615 | Train Loss: 0.6277503 Vali Loss: 0.4645092 Test Loss: 0.5235726
Validation loss decreased (0.469454 --> 0.464509).  Saving model ...
Updating learning rate to 2.5e-06
	iters: 100, epoch: 5 | loss: 0.5999671
	speed: 0.2104s/iter; left time: 2049.3061s
	iters: 200, epoch: 5 | loss: 0.5757090
	speed: 0.2060s/iter; left time: 1986.4191s
	iters: 300, epoch: 5 | loss: 0.5833228
	speed: 0.1808s/iter; left time: 1724.9859s
	iters: 400, epoch: 5 | loss: 0.6034288
	speed: 0.2038s/iter; left time: 1923.7838s
	iters: 500, epoch: 5 | loss: 0.5975068
	speed: 0.2003s/iter; left time: 1870.6098s
	iters: 600, epoch: 5 | loss: 0.6440000
	speed: 0.1937s/iter; left time: 1790.4252s
Epoch: 5 cost time: 122.55311226844788
Epoch: 5, Steps: 615 | Train Loss: 0.6215996 Vali Loss: 0.4638218 Test Loss: 0.5213668
Validation loss decreased (0.464509 --> 0.463822).  Saving model ...
	iters: 100, epoch: 6 | loss: 0.5621811
	speed: 0.2174s/iter; left time: 1984.1616s
	iters: 200, epoch: 6 | loss: 0.6800066
	speed: 0.2273s/iter; left time: 2051.3333s
	iters: 300, epoch: 6 | loss: 0.5924686
	speed: 0.2216s/iter; left time: 1977.6883s
	iters: 400, epoch: 6 | loss: 0.6801683
	speed: 0.1929s/iter; left time: 1702.3648s
	iters: 500, epoch: 6 | loss: 0.6080784
	speed: 0.2092s/iter; left time: 1825.7134s
	iters: 600, epoch: 6 | loss: 0.6287767
	speed: 0.2119s/iter; left time: 1827.9124s
Epoch: 6 cost time: 131.14306354522705
Epoch: 6, Steps: 615 | Train Loss: 0.6188244 Vali Loss: 0.4611750 Test Loss: 0.5201809
Validation loss decreased (0.463822 --> 0.461175).  Saving model ...
Updating learning rate to 1.25e-06
	iters: 100, epoch: 7 | loss: 0.7369927
	speed: 0.2034s/iter; left time: 1730.7617s
	iters: 200, epoch: 7 | loss: 0.6909719
	speed: 0.2168s/iter; left time: 1823.6706s
	iters: 300, epoch: 7 | loss: 0.6630028
	speed: 0.2246s/iter; left time: 1866.6742s
	iters: 400, epoch: 7 | loss: 0.6610282
	speed: 0.2086s/iter; left time: 1712.7598s
	iters: 500, epoch: 7 | loss: 0.6494221
	speed: 0.2028s/iter; left time: 1645.1333s
	iters: 600, epoch: 7 | loss: 0.6262435
	speed: 0.2214s/iter; left time: 1773.8585s
Epoch: 7 cost time: 131.1559238433838
Epoch: 7, Steps: 615 | Train Loss: 0.6161594 Vali Loss: 0.4616966 Test Loss: 0.5187972
EarlyStopping counter: 1 out of 3
	iters: 100, epoch: 8 | loss: 0.6223299
	speed: 0.2014s/iter; left time: 1589.8729s
	iters: 200, epoch: 8 | loss: 0.6600693
	speed: 0.1971s/iter; left time: 1536.9451s
	iters: 300, epoch: 8 | loss: 0.6799949
	speed: 0.1954s/iter; left time: 1503.7530s
	iters: 400, epoch: 8 | loss: 0.7071580
	speed: 0.2040s/iter; left time: 1549.5037s
	iters: 500, epoch: 8 | loss: 0.6211680
	speed: 0.2065s/iter; left time: 1547.8132s
	iters: 600, epoch: 8 | loss: 0.5727383
	speed: 0.2059s/iter; left time: 1523.1735s
Epoch: 8 cost time: 123.70785784721375
Epoch: 8, Steps: 615 | Train Loss: 0.6150043 Vali Loss: 0.4617807 Test Loss: 0.5171058
EarlyStopping counter: 2 out of 3
Updating learning rate to 6.25e-07
	iters: 100, epoch: 9 | loss: 0.5859463
	speed: 0.2131s/iter; left time: 1551.2768s
	iters: 200, epoch: 9 | loss: 0.5630761
	speed: 0.2033s/iter; left time: 1459.8165s
	iters: 300, epoch: 9 | loss: 0.6150537
	speed: 0.1998s/iter; left time: 1414.8223s
	iters: 400, epoch: 9 | loss: 0.6200797
	speed: 0.2153s/iter; left time: 1503.3382s
	iters: 500, epoch: 9 | loss: 0.6173930
	speed: 0.2150s/iter; left time: 1479.5735s
	iters: 600, epoch: 9 | loss: 0.5978224
	speed: 0.1964s/iter; left time: 1331.5343s
Epoch: 9 cost time: 127.38586330413818
Epoch: 9, Steps: 615 | Train Loss: 0.6134353 Vali Loss: 0.4607152 Test Loss: 0.5168007
Validation loss decreased (0.461175 --> 0.460715).  Saving model ...
	iters: 100, epoch: 10 | loss: 0.5366832
	speed: 0.2250s/iter; left time: 1499.8982s
	iters: 200, epoch: 10 | loss: 0.6294082
	speed: 0.2246s/iter; left time: 1474.7435s
	iters: 300, epoch: 10 | loss: 0.6240819
	speed: 0.2223s/iter; left time: 1437.5666s
	iters: 400, epoch: 10 | loss: 0.6347749
	speed: 0.2306s/iter; left time: 1467.7509s
	iters: 500, epoch: 10 | loss: 0.7046425
	speed: 0.2161s/iter; left time: 1354.2376s
	iters: 600, epoch: 10 | loss: 0.6181433
	speed: 0.2286s/iter; left time: 1409.7587s
Epoch: 10 cost time: 138.26086950302124
Epoch: 10, Steps: 615 | Train Loss: 0.6127737 Vali Loss: 0.4603667 Test Loss: 0.5165305
Validation loss decreased (0.460715 --> 0.460367).  Saving model ...
Updating learning rate to 3.125e-07
	iters: 100, epoch: 11 | loss: 0.6108410
	speed: 0.2031s/iter; left time: 1229.1942s
	iters: 200, epoch: 11 | loss: 0.6625678
	speed: 0.2231s/iter; left time: 1327.5545s
	iters: 300, epoch: 11 | loss: 0.6177136
	speed: 0.2196s/iter; left time: 1285.1452s
	iters: 400, epoch: 11 | loss: 0.6234061
	speed: 0.2205s/iter; left time: 1268.1876s
	iters: 500, epoch: 11 | loss: 0.5801681
	speed: 0.2302s/iter; left time: 1300.9421s
	iters: 600, epoch: 11 | loss: 0.6012620
	speed: 0.2226s/iter; left time: 1235.9199s
Epoch: 11 cost time: 135.00204038619995
Epoch: 11, Steps: 615 | Train Loss: 0.6121538 Vali Loss: 0.4597226 Test Loss: 0.5163446
Validation loss decreased (0.460367 --> 0.459723).  Saving model ...
	iters: 100, epoch: 12 | loss: 0.6551079
	speed: 0.2068s/iter; left time: 1124.1908s
	iters: 200, epoch: 12 | loss: 0.6613663
	speed: 0.2009s/iter; left time: 1071.9264s
	iters: 300, epoch: 12 | loss: 0.6207606
	speed: 0.2212s/iter; left time: 1158.3286s
	iters: 400, epoch: 12 | loss: 0.5907500
	speed: 0.2276s/iter; left time: 1168.9156s
	iters: 500, epoch: 12 | loss: 0.5525727
	speed: 0.2204s/iter; left time: 1110.0010s
	iters: 600, epoch: 12 | loss: 0.6501287
	speed: 0.2154s/iter; left time: 1063.1544s
Epoch: 12 cost time: 132.45531105995178
Epoch: 12, Steps: 615 | Train Loss: 0.6117326 Vali Loss: 0.4599345 Test Loss: 0.5160303
EarlyStopping counter: 1 out of 3
	iters: 100, epoch: 13 | loss: 0.6135470
	speed: 0.2167s/iter; left time: 1044.8272s
	iters: 200, epoch: 13 | loss: 0.5998578
	speed: 0.2167s/iter; left time: 1022.9462s
	iters: 300, epoch: 13 | loss: 0.5697082
	speed: 0.2225s/iter; left time: 1028.0886s
	iters: 400, epoch: 13 | loss: 0.5912904
	speed: 0.2131s/iter; left time: 963.5531s
	iters: 500, epoch: 13 | loss: 0.5422353
	speed: 0.2143s/iter; left time: 947.5816s
	iters: 600, epoch: 13 | loss: 0.5829884
	speed: 0.2109s/iter; left time: 911.4909s
Epoch: 13 cost time: 132.19119310379028
Epoch: 13, Steps: 615 | Train Loss: 0.6114136 Vali Loss: 0.4596701 Test Loss: 0.5158945
Validation loss decreased (0.459723 --> 0.459670).  Saving model ...
	iters: 100, epoch: 14 | loss: 0.6472579
	speed: 0.2300s/iter; left time: 967.5755s
	iters: 200, epoch: 14 | loss: 0.5862706
	speed: 0.2350s/iter; left time: 964.8771s
	iters: 300, epoch: 14 | loss: 0.6983139
	speed: 0.2189s/iter; left time: 876.9131s
	iters: 400, epoch: 14 | loss: 0.5849776
	speed: 0.2284s/iter; left time: 892.2936s
	iters: 500, epoch: 14 | loss: 0.6737122
	speed: 0.2272s/iter; left time: 864.6990s
	iters: 600, epoch: 14 | loss: 0.5831057
	speed: 0.2140s/iter; left time: 793.0383s
Epoch: 14 cost time: 137.91740942001343
Epoch: 14, Steps: 615 | Train Loss: 0.6111510 Vali Loss: 0.4594631 Test Loss: 0.5156809
Validation loss decreased (0.459670 --> 0.459463).  Saving model ...
	iters: 100, epoch: 15 | loss: 0.5871695
	speed: 0.2174s/iter; left time: 780.6616s
	iters: 200, epoch: 15 | loss: 0.6784511
	speed: 0.2192s/iter; left time: 765.1164s
	iters: 300, epoch: 15 | loss: 0.5928282
	speed: 0.2068s/iter; left time: 701.2954s
	iters: 400, epoch: 15 | loss: 0.6439568
	speed: 0.2078s/iter; left time: 683.9555s
	iters: 500, epoch: 15 | loss: 0.6091524
	speed: 0.2253s/iter; left time: 718.9180s
	iters: 600, epoch: 15 | loss: 0.5685738
	speed: 0.2229s/iter; left time: 688.9346s
Epoch: 15 cost time: 133.14254212379456
Epoch: 15, Steps: 615 | Train Loss: 0.6108307 Vali Loss: 0.4595682 Test Loss: 0.5154954
EarlyStopping counter: 1 out of 3
	iters: 100, epoch: 16 | loss: 0.5797019
	speed: 0.2052s/iter; left time: 610.6415s
	iters: 200, epoch: 16 | loss: 0.5758922
	speed: 0.2207s/iter; left time: 634.7761s
	iters: 300, epoch: 16 | loss: 0.5358695
	speed: 0.2187s/iter; left time: 607.2072s
	iters: 400, epoch: 16 | loss: 0.6462036
	speed: 0.2293s/iter; left time: 613.6379s
	iters: 500, epoch: 16 | loss: 0.5442030
	speed: 0.2222s/iter; left time: 572.2879s
	iters: 600, epoch: 16 | loss: 0.5953553
	speed: 0.2181s/iter; left time: 540.0673s
Epoch: 16 cost time: 134.38682913780212
Epoch: 16, Steps: 615 | Train Loss: 0.6105709 Vali Loss: 0.4592578 Test Loss: 0.5154730
Validation loss decreased (0.459463 --> 0.459258).  Saving model ...
	iters: 100, epoch: 17 | loss: 0.5265430
	speed: 0.1994s/iter; left time: 470.8450s
	iters: 200, epoch: 17 | loss: 0.6426077
	speed: 0.1966s/iter; left time: 444.4828s
	iters: 300, epoch: 17 | loss: 0.6500459
	speed: 0.1916s/iter; left time: 413.9878s
	iters: 400, epoch: 17 | loss: 0.6091696
	speed: 0.1847s/iter; left time: 380.5737s
	iters: 500, epoch: 17 | loss: 0.5694073
	speed: 0.2088s/iter; left time: 409.5019s
	iters: 600, epoch: 17 | loss: 0.6632947
	speed: 0.2100s/iter; left time: 390.7721s
Epoch: 17 cost time: 122.24311709403992
Epoch: 17, Steps: 615 | Train Loss: 0.6102340 Vali Loss: 0.4594795 Test Loss: 0.5151889
EarlyStopping counter: 1 out of 3
	iters: 100, epoch: 18 | loss: 0.5922969
	speed: 0.2182s/iter; left time: 380.9226s
	iters: 200, epoch: 18 | loss: 0.6117110
	speed: 0.2135s/iter; left time: 351.4868s
	iters: 300, epoch: 18 | loss: 0.6064460
	speed: 0.2266s/iter; left time: 350.3239s
	iters: 400, epoch: 18 | loss: 0.6286374
	speed: 0.2257s/iter; left time: 326.3055s
	iters: 500, epoch: 18 | loss: 0.5989224
	speed: 0.2135s/iter; left time: 287.3118s
	iters: 600, epoch: 18 | loss: 0.5890852
	speed: 0.2244s/iter; left time: 279.5884s
Epoch: 18 cost time: 135.02340579032898
Epoch: 18, Steps: 615 | Train Loss: 0.6098690 Vali Loss: 0.4583997 Test Loss: 0.5155929
Validation loss decreased (0.459258 --> 0.458400).  Saving model ...
	iters: 100, epoch: 19 | loss: 0.5311003
	speed: 0.2296s/iter; left time: 259.6391s
	iters: 200, epoch: 19 | loss: 0.6370976
	speed: 0.2188s/iter; left time: 225.6075s
	iters: 300, epoch: 19 | loss: 0.5745157
	speed: 0.2086s/iter; left time: 194.1757s
	iters: 400, epoch: 19 | loss: 0.5750695
	speed: 0.2114s/iter; left time: 175.6728s
	iters: 500, epoch: 19 | loss: 0.7133330
	speed: 0.2050s/iter; left time: 149.8509s
	iters: 600, epoch: 19 | loss: 0.6461691
	speed: 0.2158s/iter; left time: 136.1709s
Epoch: 19 cost time: 132.59450674057007
Epoch: 19, Steps: 615 | Train Loss: 0.6097652 Vali Loss: 0.4590193 Test Loss: 0.5148794
EarlyStopping counter: 1 out of 3
	iters: 100, epoch: 20 | loss: 0.5052814
	speed: 0.2017s/iter; left time: 104.0873s
	iters: 200, epoch: 20 | loss: 0.6412752
	speed: 0.2249s/iter; left time: 93.5400s
	iters: 300, epoch: 20 | loss: 0.6100004
	speed: 0.2205s/iter; left time: 69.6687s
	iters: 400, epoch: 20 | loss: 0.6306198
	speed: 0.2324s/iter; left time: 50.2041s
	iters: 500, epoch: 20 | loss: 0.6124620
	speed: 0.2173s/iter; left time: 25.2096s
	iters: 600, epoch: 20 | loss: 0.6567539
	speed: 0.2124s/iter; left time: 3.3978s
Epoch: 20 cost time: 133.80813646316528
Epoch: 20, Steps: 615 | Train Loss: 0.6094108 Vali Loss: 0.4587871 Test Loss: 0.5149277
EarlyStopping counter: 2 out of 3
>>>>>>>testing : Crossformer_WTH_il336_ol168_sl24,36,48,56_dm256_nh4_el3_itr2<<<<<<<<<<<<<<<<<<<<<<<<<<<<<<<<<
test 7033
mse:0.5143722891807556, mae:0.5189003944396973
Use GPU: cuda:0
>>>>>>>start training : Crossformer_WTH_il336_ol168_sl24,36,48,56_dm256_nh4_el3_itr3>>>>>>>>>>>>>>>>>>>>>>>>>>
train 19657
val 7033
test 7033
	iters: 100, epoch: 1 | loss: 1.1907308
	speed: 0.2013s/iter; left time: 2456.3030s
	iters: 200, epoch: 1 | loss: 0.8612142
	speed: 0.1783s/iter; left time: 2158.0309s
	iters: 300, epoch: 1 | loss: 0.8029764
	speed: 0.1875s/iter; left time: 2249.7921s
	iters: 400, epoch: 1 | loss: 0.7399088
	speed: 0.1975s/iter; left time: 2350.6737s
	iters: 500, epoch: 1 | loss: 0.6757750
	speed: 0.2024s/iter; left time: 2389.0820s
	iters: 600, epoch: 1 | loss: 0.6997314
	speed: 0.2092s/iter; left time: 2447.6498s
Epoch: 1 cost time: 120.58619022369385
Epoch: 1, Steps: 615 | Train Loss: 0.9239391 Vali Loss: 0.5094819 Test Loss: 0.5661060
Validation loss decreased (inf --> 0.509482).  Saving model ...
	iters: 100, epoch: 2 | loss: 0.6716728
	speed: 0.2052s/iter; left time: 2377.8766s
	iters: 200, epoch: 2 | loss: 0.6736402
	speed: 0.2072s/iter; left time: 2379.3338s
	iters: 300, epoch: 2 | loss: 0.6116140
	speed: 0.2149s/iter; left time: 2446.5120s
	iters: 400, epoch: 2 | loss: 0.6335768
	speed: 0.2125s/iter; left time: 2398.4706s
	iters: 500, epoch: 2 | loss: 0.5839628
	speed: 0.2140s/iter; left time: 2393.7589s
	iters: 600, epoch: 2 | loss: 0.6371964
	speed: 0.2033s/iter; left time: 2253.5371s
Epoch: 2 cost time: 128.50010585784912
Epoch: 2, Steps: 615 | Train Loss: 0.6572853 Vali Loss: 0.4763553 Test Loss: 0.5386330
Validation loss decreased (0.509482 --> 0.476355).  Saving model ...
Updating learning rate to 5e-06
	iters: 100, epoch: 3 | loss: 0.5902711
	speed: 0.2101s/iter; left time: 2304.8775s
	iters: 200, epoch: 3 | loss: 0.6298493
	speed: 0.2126s/iter; left time: 2311.5748s
	iters: 300, epoch: 3 | loss: 0.5780466
	speed: 0.1998s/iter; left time: 2151.8603s
	iters: 400, epoch: 3 | loss: 0.6587300
	speed: 0.2048s/iter; left time: 2185.6492s
	iters: 500, epoch: 3 | loss: 0.6199329
	speed: 0.1897s/iter; left time: 2004.8591s
	iters: 600, epoch: 3 | loss: 0.6104927
	speed: 0.1972s/iter; left time: 2064.7062s
Epoch: 3 cost time: 124.28086853027344
Epoch: 3, Steps: 615 | Train Loss: 0.6348010 Vali Loss: 0.4718016 Test Loss: 0.5282845
Validation loss decreased (0.476355 --> 0.471802).  Saving model ...
	iters: 100, epoch: 4 | loss: 0.6947128
	speed: 0.2021s/iter; left time: 2093.4164s
	iters: 200, epoch: 4 | loss: 0.5948420
	speed: 0.2169s/iter; left time: 2224.4474s
	iters: 300, epoch: 4 | loss: 0.6559162
	speed: 0.2138s/iter; left time: 2171.5317s
	iters: 400, epoch: 4 | loss: 0.7303547
	speed: 0.2142s/iter; left time: 2154.0393s
	iters: 500, epoch: 4 | loss: 0.6092537
	speed: 0.2100s/iter; left time: 2091.1255s
	iters: 600, epoch: 4 | loss: 0.5831072
	speed: 0.2049s/iter; left time: 2019.7884s
Epoch: 4 cost time: 129.48166942596436
Epoch: 4, Steps: 615 | Train Loss: 0.6267792 Vali Loss: 0.4665980 Test Loss: 0.5235425
Validation loss decreased (0.471802 --> 0.466598).  Saving model ...
Updating learning rate to 2.5e-06
	iters: 100, epoch: 5 | loss: 0.6048804
	speed: 0.2089s/iter; left time: 2034.4316s
	iters: 200, epoch: 5 | loss: 0.5633879
	speed: 0.2031s/iter; left time: 1957.8151s
	iters: 300, epoch: 5 | loss: 0.5707254
	speed: 0.1973s/iter; left time: 1882.7996s
	iters: 400, epoch: 5 | loss: 0.6149606
	speed: 0.2147s/iter; left time: 2027.4330s
	iters: 500, epoch: 5 | loss: 0.6051023
	speed: 0.2064s/iter; left time: 1927.9128s
	iters: 600, epoch: 5 | loss: 0.5769795
	speed: 0.2145s/iter; left time: 1982.3561s
Epoch: 5 cost time: 127.40634679794312
Epoch: 5, Steps: 615 | Train Loss: 0.6206422 Vali Loss: 0.4634987 Test Loss: 0.5216473
Validation loss decreased (0.466598 --> 0.463499).  Saving model ...
	iters: 100, epoch: 6 | loss: 0.6640994
	speed: 0.1979s/iter; left time: 1806.1888s
	iters: 200, epoch: 6 | loss: 0.6001396
	speed: 0.1873s/iter; left time: 1690.8672s
	iters: 300, epoch: 6 | loss: 0.6191319
	speed: 0.2053s/iter; left time: 1832.9254s
	iters: 400, epoch: 6 | loss: 0.6673164
	speed: 0.2047s/iter; left time: 1806.8365s
	iters: 500, epoch: 6 | loss: 0.6100653
	speed: 0.2073s/iter; left time: 1808.5947s
	iters: 600, epoch: 6 | loss: 0.6182674
	speed: 0.1963s/iter; left time: 1693.2297s
Epoch: 6 cost time: 123.02330875396729
Epoch: 6, Steps: 615 | Train Loss: 0.6175409 Vali Loss: 0.4626691 Test Loss: 0.5213855
Validation loss decreased (0.463499 --> 0.462669).  Saving model ...
Updating learning rate to 1.25e-06
	iters: 100, epoch: 7 | loss: 0.6622145
	speed: 0.2106s/iter; left time: 1792.6086s
	iters: 200, epoch: 7 | loss: 0.5639958
	speed: 0.2042s/iter; left time: 1717.6544s
	iters: 300, epoch: 7 | loss: 0.6274266
	speed: 0.2083s/iter; left time: 1731.4970s
	iters: 400, epoch: 7 | loss: 0.6615220
	speed: 0.2238s/iter; left time: 1837.6747s
	iters: 500, epoch: 7 | loss: 0.6178670
	speed: 0.2106s/iter; left time: 1708.4999s
	iters: 600, epoch: 7 | loss: 0.5868781
	speed: 0.1936s/iter; left time: 1551.1104s
Epoch: 7 cost time: 127.74226379394531
Epoch: 7, Steps: 615 | Train Loss: 0.6147640 Vali Loss: 0.4610009 Test Loss: 0.5183952
Validation loss decreased (0.462669 --> 0.461001).  Saving model ...
	iters: 100, epoch: 8 | loss: 0.5775185
	speed: 0.1942s/iter; left time: 1533.0675s
	iters: 200, epoch: 8 | loss: 0.6585747
	speed: 0.2135s/iter; left time: 1664.0867s
	iters: 300, epoch: 8 | loss: 0.5673552
	speed: 0.2046s/iter; left time: 1574.6922s
	iters: 400, epoch: 8 | loss: 0.6251963
	speed: 0.2022s/iter; left time: 1535.7198s
	iters: 500, epoch: 8 | loss: 0.6623128
	speed: 0.2166s/iter; left time: 1623.7713s
	iters: 600, epoch: 8 | loss: 0.5720130
	speed: 0.2045s/iter; left time: 1512.2960s
Epoch: 8 cost time: 126.43233633041382
Epoch: 8, Steps: 615 | Train Loss: 0.6136851 Vali Loss: 0.4611722 Test Loss: 0.5172276
EarlyStopping counter: 1 out of 3
Updating learning rate to 6.25e-07
	iters: 100, epoch: 9 | loss: 0.6574361
	speed: 0.1953s/iter; left time: 1422.2173s
	iters: 200, epoch: 9 | loss: 0.6363458
	speed: 0.2179s/iter; left time: 1564.5917s
	iters: 300, epoch: 9 | loss: 0.6258098
	speed: 0.2092s/iter; left time: 1481.1207s
	iters: 400, epoch: 9 | loss: 0.5766861
	speed: 0.2115s/iter; left time: 1476.3339s
	iters: 500, epoch: 9 | loss: 0.6379028
	speed: 0.2129s/iter; left time: 1465.2338s
	iters: 600, epoch: 9 | loss: 0.5710546
	speed: 0.2059s/iter; left time: 1396.1122s
Epoch: 9 cost time: 128.12378001213074
Epoch: 9, Steps: 615 | Train Loss: 0.6120755 Vali Loss: 0.4604202 Test Loss: 0.5167757
Validation loss decreased (0.461001 --> 0.460420).  Saving model ...
	iters: 100, epoch: 10 | loss: 0.6116882
	speed: 0.2024s/iter; left time: 1348.8953s
	iters: 200, epoch: 10 | loss: 0.5946886
	speed: 0.2052s/iter; left time: 1347.2884s
	iters: 300, epoch: 10 | loss: 0.6126827
	speed: 0.1905s/iter; left time: 1231.8716s
	iters: 400, epoch: 10 | loss: 0.5834194
	speed: 0.1988s/iter; left time: 1265.4268s
	iters: 500, epoch: 10 | loss: 0.6416137
	speed: 0.1902s/iter; left time: 1191.5241s
	iters: 600, epoch: 10 | loss: 0.6551260
	speed: 0.1928s/iter; left time: 1189.0122s
Epoch: 10 cost time: 120.99553918838501
Epoch: 10, Steps: 615 | Train Loss: 0.6115956 Vali Loss: 0.4596949 Test Loss: 0.5168014
Validation loss decreased (0.460420 --> 0.459695).  Saving model ...
Updating learning rate to 3.125e-07
	iters: 100, epoch: 11 | loss: 0.6126842
	speed: 0.2041s/iter; left time: 1234.8583s
	iters: 200, epoch: 11 | loss: 0.6249123
	speed: 0.2142s/iter; left time: 1274.9006s
	iters: 300, epoch: 11 | loss: 0.5860543
	speed: 0.2079s/iter; left time: 1216.2738s
	iters: 400, epoch: 11 | loss: 0.5766167
	speed: 0.2040s/iter; left time: 1172.9467s
	iters: 500, epoch: 11 | loss: 0.5523250
	speed: 0.2077s/iter; left time: 1173.5630s
	iters: 600, epoch: 11 | loss: 0.6060529
	speed: 0.2033s/iter; left time: 1128.5226s
Epoch: 11 cost time: 127.66679167747498
Epoch: 11, Steps: 615 | Train Loss: 0.6107471 Vali Loss: 0.4596952 Test Loss: 0.5167380
EarlyStopping counter: 1 out of 3
	iters: 100, epoch: 12 | loss: 0.5997609
	speed: 0.2106s/iter; left time: 1144.8000s
	iters: 200, epoch: 12 | loss: 0.6124542
	speed: 0.2012s/iter; left time: 1073.6496s
	iters: 300, epoch: 12 | loss: 0.5653024
	speed: 0.2106s/iter; left time: 1102.8531s
	iters: 400, epoch: 12 | loss: 0.6458542
	speed: 0.2085s/iter; left time: 1070.6270s
	iters: 500, epoch: 12 | loss: 0.5558594
	speed: 0.2024s/iter; left time: 1019.3136s
	iters: 600, epoch: 12 | loss: 0.5826777
	speed: 0.2028s/iter; left time: 1000.7820s
Epoch: 12 cost time: 126.52320575714111
Epoch: 12, Steps: 615 | Train Loss: 0.6104985 Vali Loss: 0.4597197 Test Loss: 0.5162862
EarlyStopping counter: 2 out of 3
	iters: 100, epoch: 13 | loss: 0.6447603
	speed: 0.1964s/iter; left time: 946.6223s
	iters: 200, epoch: 13 | loss: 0.6107013
	speed: 0.1890s/iter; left time: 892.3982s
	iters: 300, epoch: 13 | loss: 0.6574503
	speed: 0.1939s/iter; left time: 896.0645s
	iters: 400, epoch: 13 | loss: 0.5656197
	speed: 0.2066s/iter; left time: 934.2249s
	iters: 500, epoch: 13 | loss: 0.6923630
	speed: 0.2043s/iter; left time: 903.4102s
	iters: 600, epoch: 13 | loss: 0.5956044
	speed: 0.2143s/iter; left time: 925.8486s
Epoch: 13 cost time: 123.610835313797
Epoch: 13, Steps: 615 | Train Loss: 0.6100653 Vali Loss: 0.4595478 Test Loss: 0.5159866
Validation loss decreased (0.459695 --> 0.459548).  Saving model ...
	iters: 100, epoch: 14 | loss: 0.5496300
	speed: 0.2039s/iter; left time: 857.4647s
	iters: 200, epoch: 14 | loss: 0.5715936
	speed: 0.2196s/iter; left time: 901.8269s
	iters: 300, epoch: 14 | loss: 0.6801533
	speed: 0.2153s/iter; left time: 862.3175s
	iters: 400, epoch: 14 | loss: 0.6020533
	speed: 0.2022s/iter; left time: 789.6814s
	iters: 500, epoch: 14 | loss: 0.6437542
	speed: 0.2033s/iter; left time: 773.7389s
	iters: 600, epoch: 14 | loss: 0.5594173
	speed: 0.1923s/iter; left time: 712.7727s
Epoch: 14 cost time: 126.15480661392212
Epoch: 14, Steps: 615 | Train Loss: 0.6097727 Vali Loss: 0.4593775 Test Loss: 0.5158702
Validation loss decreased (0.459548 --> 0.459377).  Saving model ...
	iters: 100, epoch: 15 | loss: 0.6057292
	speed: 0.2135s/iter; left time: 766.5339s
	iters: 200, epoch: 15 | loss: 0.6347044
	speed: 0.2106s/iter; left time: 735.2527s
	iters: 300, epoch: 15 | loss: 0.5919660
	speed: 0.2012s/iter; left time: 682.3520s
	iters: 400, epoch: 15 | loss: 0.6230407
	speed: 0.2024s/iter; left time: 666.1684s
	iters: 500, epoch: 15 | loss: 0.5648664
	speed: 0.2015s/iter; left time: 642.8968s
	iters: 600, epoch: 15 | loss: 0.5403989
	speed: 0.1948s/iter; left time: 601.9845s
Epoch: 15 cost time: 125.74028301239014
Epoch: 15, Steps: 615 | Train Loss: 0.6095755 Vali Loss: 0.4599975 Test Loss: 0.5155899
EarlyStopping counter: 1 out of 3
	iters: 100, epoch: 16 | loss: 0.7280062
	speed: 0.2020s/iter; left time: 601.0496s
	iters: 200, epoch: 16 | loss: 0.5696833
	speed: 0.2065s/iter; left time: 593.9695s
	iters: 300, epoch: 16 | loss: 0.6194144
	speed: 0.2034s/iter; left time: 564.7592s
	iters: 400, epoch: 16 | loss: 0.6047235
	speed: 0.2128s/iter; left time: 569.5412s
	iters: 500, epoch: 16 | loss: 0.5188013
	speed: 0.2062s/iter; left time: 531.1600s
	iters: 600, epoch: 16 | loss: 0.5710861
	speed: 0.2054s/iter; left time: 508.6205s
Epoch: 16 cost time: 126.58535408973694
Epoch: 16, Steps: 615 | Train Loss: 0.6091599 Vali Loss: 0.4590242 Test Loss: 0.5159485
Validation loss decreased (0.459377 --> 0.459024).  Saving model ...
	iters: 100, epoch: 17 | loss: 0.6139746
	speed: 0.2061s/iter; left time: 486.5520s
	iters: 200, epoch: 17 | loss: 0.7136202
	speed: 0.2112s/iter; left time: 477.5544s
	iters: 300, epoch: 17 | loss: 0.6819572
	speed: 0.2058s/iter; left time: 444.6318s
	iters: 400, epoch: 17 | loss: 0.6078873
	speed: 0.2033s/iter; left time: 418.9630s
	iters: 500, epoch: 17 | loss: 0.6766446
	speed: 0.2071s/iter; left time: 406.0576s
	iters: 600, epoch: 17 | loss: 0.5714577
	speed: 0.2084s/iter; left time: 387.7961s
Epoch: 17 cost time: 126.59938549995422
Epoch: 17, Steps: 615 | Train Loss: 0.6088844 Vali Loss: 0.4584108 Test Loss: 0.5169307
Validation loss decreased (0.459024 --> 0.458411).  Saving model ...
	iters: 100, epoch: 18 | loss: 0.5624180
	speed: 0.1911s/iter; left time: 333.6932s
	iters: 200, epoch: 18 | loss: 0.6143391
	speed: 0.2027s/iter; left time: 333.6527s
	iters: 300, epoch: 18 | loss: 0.6595600
	speed: 0.2138s/iter; left time: 330.5710s
	iters: 400, epoch: 18 | loss: 0.6513696
	speed: 0.2081s/iter; left time: 300.8776s
	iters: 500, epoch: 18 | loss: 0.6089470
	speed: 0.2096s/iter; left time: 282.1833s
	iters: 600, epoch: 18 | loss: 0.6101313
	speed: 0.2011s/iter; left time: 250.6220s
Epoch: 18 cost time: 125.99334120750427
Epoch: 18, Steps: 615 | Train Loss: 0.6083381 Vali Loss: 0.4585193 Test Loss: 0.5159045
EarlyStopping counter: 1 out of 3
	iters: 100, epoch: 19 | loss: 0.6025162
	speed: 0.2029s/iter; left time: 229.4420s
	iters: 200, epoch: 19 | loss: 0.5553399
	speed: 0.1928s/iter; left time: 198.7448s
	iters: 300, epoch: 19 | loss: 0.5844795
	speed: 0.1944s/iter; left time: 180.9560s
	iters: 400, epoch: 19 | loss: 0.6216531
	speed: 0.2063s/iter; left time: 171.4490s
	iters: 500, epoch: 19 | loss: 0.6490657
	speed: 0.1996s/iter; left time: 145.9143s
	iters: 600, epoch: 19 | loss: 0.5923501
	speed: 0.2058s/iter; left time: 129.8554s
Epoch: 19 cost time: 123.22099471092224
Epoch: 19, Steps: 615 | Train Loss: 0.6083097 Vali Loss: 0.4585909 Test Loss: 0.5154035
EarlyStopping counter: 2 out of 3
	iters: 100, epoch: 20 | loss: 0.6070957
	speed: 0.2216s/iter; left time: 114.3242s
	iters: 200, epoch: 20 | loss: 0.5700966
	speed: 0.1996s/iter; left time: 83.0275s
	iters: 300, epoch: 20 | loss: 0.7470192
	speed: 0.2124s/iter; left time: 67.1125s
	iters: 400, epoch: 20 | loss: 0.5833985
	speed: 0.2012s/iter; left time: 43.4546s
	iters: 500, epoch: 20 | loss: 0.6188821
	speed: 0.2178s/iter; left time: 25.2661s
	iters: 600, epoch: 20 | loss: 0.6043324
	speed: 0.1882s/iter; left time: 3.0106s
Epoch: 20 cost time: 127.04289627075195
Epoch: 20, Steps: 615 | Train Loss: 0.6080831 Vali Loss: 0.4584101 Test Loss: 0.5152680
Validation loss decreased (0.458411 --> 0.458410).  Saving model ...
>>>>>>>testing : Crossformer_WTH_il336_ol168_sl24,36,48,56_dm256_nh4_el3_itr3<<<<<<<<<<<<<<<<<<<<<<<<<<<<<<<<<
test 7033
mse:0.5140288472175598, mae:0.5189054608345032
Use GPU: cuda:0
>>>>>>>start training : Crossformer_WTH_il336_ol168_sl24,36,48,56_dm256_nh4_el3_itr4>>>>>>>>>>>>>>>>>>>>>>>>>>
train 19657
val 7033
test 7033
	iters: 100, epoch: 1 | loss: 1.0891204
	speed: 0.2081s/iter; left time: 2539.2265s
	iters: 200, epoch: 1 | loss: 0.8536233
	speed: 0.2149s/iter; left time: 2600.6593s
	iters: 300, epoch: 1 | loss: 0.7051629
	speed: 0.2069s/iter; left time: 2483.3244s
	iters: 400, epoch: 1 | loss: 0.7280559
	speed: 0.1973s/iter; left time: 2348.1063s
	iters: 500, epoch: 1 | loss: 0.6751811
	speed: 0.2165s/iter; left time: 2554.7949s
	iters: 600, epoch: 1 | loss: 0.6800094
	speed: 0.2155s/iter; left time: 2521.6426s
Epoch: 1 cost time: 128.91225695610046
Epoch: 1, Steps: 615 | Train Loss: 0.9249136 Vali Loss: 0.5105790 Test Loss: 0.5674937
Validation loss decreased (inf --> 0.510579).  Saving model ...
	iters: 100, epoch: 2 | loss: 0.6558236
	speed: 0.2091s/iter; left time: 2422.1699s
	iters: 200, epoch: 2 | loss: 0.6036324
	speed: 0.2097s/iter; left time: 2408.3710s
	iters: 300, epoch: 2 | loss: 0.6998067
	speed: 0.2075s/iter; left time: 2362.9494s
	iters: 400, epoch: 2 | loss: 0.5773731
	speed: 0.2079s/iter; left time: 2346.6318s
	iters: 500, epoch: 2 | loss: 0.6347414
	speed: 0.1929s/iter; left time: 2157.3291s
	iters: 600, epoch: 2 | loss: 0.7414771
	speed: 0.2096s/iter; left time: 2324.0801s
Epoch: 2 cost time: 126.63261413574219
Epoch: 2, Steps: 615 | Train Loss: 0.6582695 Vali Loss: 0.4794612 Test Loss: 0.5412457
Validation loss decreased (0.510579 --> 0.479461).  Saving model ...
Updating learning rate to 5e-06
	iters: 100, epoch: 3 | loss: 0.4948622
	speed: 0.1968s/iter; left time: 2158.6097s
	iters: 200, epoch: 3 | loss: 0.5514590
	speed: 0.2029s/iter; left time: 2205.7628s
	iters: 300, epoch: 3 | loss: 0.6967220
	speed: 0.2267s/iter; left time: 2441.9858s
	iters: 400, epoch: 3 | loss: 0.6788211
	speed: 0.2178s/iter; left time: 2323.6775s
	iters: 500, epoch: 3 | loss: 0.6211466
	speed: 0.2095s/iter; left time: 2214.7162s
	iters: 600, epoch: 3 | loss: 0.5831650
	speed: 0.1990s/iter; left time: 2084.0892s
Epoch: 3 cost time: 128.3582775592804
Epoch: 3, Steps: 615 | Train Loss: 0.6356637 Vali Loss: 0.4730133 Test Loss: 0.5309245
Validation loss decreased (0.479461 --> 0.473013).  Saving model ...
	iters: 100, epoch: 4 | loss: 0.5880395
	speed: 0.1923s/iter; left time: 1991.5146s
	iters: 200, epoch: 4 | loss: 0.6386744
	speed: 0.1834s/iter; left time: 1881.3411s
	iters: 300, epoch: 4 | loss: 0.6839754
	speed: 0.1920s/iter; left time: 1950.2669s
	iters: 400, epoch: 4 | loss: 0.6609393
	speed: 0.1895s/iter; left time: 1905.4161s
	iters: 500, epoch: 4 | loss: 0.6677385
	speed: 0.2183s/iter; left time: 2173.8748s
	iters: 600, epoch: 4 | loss: 0.6195391
	speed: 0.2226s/iter; left time: 2193.4601s
Epoch: 4 cost time: 122.61994409561157
Epoch: 4, Steps: 615 | Train Loss: 0.6274508 Vali Loss: 0.4656156 Test Loss: 0.5260604
Validation loss decreased (0.473013 --> 0.465616).  Saving model ...
Updating learning rate to 2.5e-06
	iters: 100, epoch: 5 | loss: 0.6236114
	speed: 0.2204s/iter; left time: 2146.4964s
	iters: 200, epoch: 5 | loss: 0.6394576
	speed: 0.2138s/iter; left time: 2061.6610s
	iters: 300, epoch: 5 | loss: 0.6290717
	speed: 0.1971s/iter; left time: 1880.2514s
	iters: 400, epoch: 5 | loss: 0.6514301
	speed: 0.1907s/iter; left time: 1800.3916s
	iters: 500, epoch: 5 | loss: 0.6168100
	speed: 0.1954s/iter; left time: 1825.0729s
	iters: 600, epoch: 5 | loss: 0.6194438
	speed: 0.1992s/iter; left time: 1840.5726s
Epoch: 5 cost time: 124.44457483291626
Epoch: 5, Steps: 615 | Train Loss: 0.6212943 Vali Loss: 0.4659372 Test Loss: 0.5264328
EarlyStopping counter: 1 out of 3
	iters: 100, epoch: 6 | loss: 0.5691085
	speed: 0.2184s/iter; left time: 1992.8386s
	iters: 200, epoch: 6 | loss: 0.6659280
	speed: 0.2266s/iter; left time: 2044.8412s
	iters: 300, epoch: 6 | loss: 0.6615977
	speed: 0.2047s/iter; left time: 1827.1272s
	iters: 400, epoch: 6 | loss: 0.6947765
	speed: 0.2026s/iter; left time: 1788.4389s
	iters: 500, epoch: 6 | loss: 0.5820075
	speed: 0.1906s/iter; left time: 1663.0734s
	iters: 600, epoch: 6 | loss: 0.6301114
	speed: 0.2181s/iter; left time: 1881.3886s
Epoch: 6 cost time: 129.39296007156372
Epoch: 6, Steps: 615 | Train Loss: 0.6181895 Vali Loss: 0.4618904 Test Loss: 0.5201055
Validation loss decreased (0.465616 --> 0.461890).  Saving model ...
Updating learning rate to 1.25e-06
	iters: 100, epoch: 7 | loss: 0.5869267
	speed: 0.2046s/iter; left time: 1741.2304s
	iters: 200, epoch: 7 | loss: 0.6188764
	speed: 0.2070s/iter; left time: 1740.8889s
	iters: 300, epoch: 7 | loss: 0.6129629
	speed: 0.2128s/iter; left time: 1768.7817s
	iters: 400, epoch: 7 | loss: 0.6465806
	speed: 0.2065s/iter; left time: 1695.6063s
	iters: 500, epoch: 7 | loss: 0.5655534
	speed: 0.2003s/iter; left time: 1624.5836s
	iters: 600, epoch: 7 | loss: 0.6019029
	speed: 0.1988s/iter; left time: 1592.5429s
Epoch: 7 cost time: 125.75262498855591
Epoch: 7, Steps: 615 | Train Loss: 0.6155445 Vali Loss: 0.4618419 Test Loss: 0.5179214
Validation loss decreased (0.461890 --> 0.461842).  Saving model ...
	iters: 100, epoch: 8 | loss: 0.6671051
	speed: 0.2144s/iter; left time: 1693.2828s
	iters: 200, epoch: 8 | loss: 0.6401895
	speed: 0.2250s/iter; left time: 1754.1429s
	iters: 300, epoch: 8 | loss: 0.6206720
	speed: 0.2077s/iter; left time: 1598.3832s
	iters: 400, epoch: 8 | loss: 0.6231856
	speed: 0.2172s/iter; left time: 1649.9849s
	iters: 500, epoch: 8 | loss: 0.6199837
	speed: 0.2161s/iter; left time: 1619.6450s
	iters: 600, epoch: 8 | loss: 0.5279359
	speed: 0.2012s/iter; left time: 1487.8129s
Epoch: 8 cost time: 131.0387396812439
Epoch: 8, Steps: 615 | Train Loss: 0.6140232 Vali Loss: 0.4608658 Test Loss: 0.5178218
Validation loss decreased (0.461842 --> 0.460866).  Saving model ...
Updating learning rate to 6.25e-07
	iters: 100, epoch: 9 | loss: 0.5651804
	speed: 0.2090s/iter; left time: 1521.5749s
	iters: 200, epoch: 9 | loss: 0.6417487
	speed: 0.2115s/iter; left time: 1518.5840s
	iters: 300, epoch: 9 | loss: 0.6503097
	speed: 0.2121s/iter; left time: 1501.9442s
	iters: 400, epoch: 9 | loss: 0.5704350
	speed: 0.2063s/iter; left time: 1440.2501s
	iters: 500, epoch: 9 | loss: 0.6141443
	speed: 0.2037s/iter; left time: 1401.8761s
	iters: 600, epoch: 9 | loss: 0.6357120
	speed: 0.2151s/iter; left time: 1458.5223s
Epoch: 9 cost time: 129.0492582321167
Epoch: 9, Steps: 615 | Train Loss: 0.6128358 Vali Loss: 0.4598648 Test Loss: 0.5170255
Validation loss decreased (0.460866 --> 0.459865).  Saving model ...
	iters: 100, epoch: 10 | loss: 0.6967084
	speed: 0.2062s/iter; left time: 1374.6624s
	iters: 200, epoch: 10 | loss: 0.6581517
	speed: 0.2052s/iter; left time: 1347.2906s
	iters: 300, epoch: 10 | loss: 0.6210933
	speed: 0.2241s/iter; left time: 1449.2373s
	iters: 400, epoch: 10 | loss: 0.6293505
	speed: 0.1987s/iter; left time: 1265.1458s
	iters: 500, epoch: 10 | loss: 0.6312155
	speed: 0.2134s/iter; left time: 1337.4645s
	iters: 600, epoch: 10 | loss: 0.6309354
	speed: 0.1948s/iter; left time: 1201.0064s
Epoch: 10 cost time: 127.09764766693115
Epoch: 10, Steps: 615 | Train Loss: 0.6120537 Vali Loss: 0.4597583 Test Loss: 0.5169105
Validation loss decreased (0.459865 --> 0.459758).  Saving model ...
Updating learning rate to 3.125e-07
	iters: 100, epoch: 11 | loss: 0.6654989
	speed: 0.2223s/iter; left time: 1345.2305s
	iters: 200, epoch: 11 | loss: 0.5792148
	speed: 0.2294s/iter; left time: 1365.3387s
	iters: 300, epoch: 11 | loss: 0.5960587
	speed: 0.2375s/iter; left time: 1389.3846s
	iters: 400, epoch: 11 | loss: 0.5830135
	speed: 0.2298s/iter; left time: 1321.5144s
	iters: 500, epoch: 11 | loss: 0.6118441
	speed: 0.2255s/iter; left time: 1274.2845s
	iters: 600, epoch: 11 | loss: 0.6140345
	speed: 0.2162s/iter; left time: 1200.0556s
Epoch: 11 cost time: 139.12241101264954
Epoch: 11, Steps: 615 | Train Loss: 0.6114363 Vali Loss: 0.4594412 Test Loss: 0.5171749
Validation loss decreased (0.459758 --> 0.459441).  Saving model ...
	iters: 100, epoch: 12 | loss: 0.6084943
	speed: 0.2038s/iter; left time: 1107.7567s
	iters: 200, epoch: 12 | loss: 0.6138664
	speed: 0.1957s/iter; left time: 1044.0473s
	iters: 300, epoch: 12 | loss: 0.5935873
	speed: 0.1912s/iter; left time: 1001.1432s
	iters: 400, epoch: 12 | loss: 0.6370125
	speed: 0.2033s/iter; left time: 1043.9994s
	iters: 500, epoch: 12 | loss: 0.6423473
	speed: 0.2138s/iter; left time: 1076.6195s
	iters: 600, epoch: 12 | loss: 0.6222162
	speed: 0.2064s/iter; left time: 1018.5939s
Epoch: 12 cost time: 124.25290441513062
Epoch: 12, Steps: 615 | Train Loss: 0.6110248 Vali Loss: 0.4593184 Test Loss: 0.5163206
Validation loss decreased (0.459441 --> 0.459318).  Saving model ...
	iters: 100, epoch: 13 | loss: 0.6437581
	speed: 0.1857s/iter; left time: 895.4503s
	iters: 200, epoch: 13 | loss: 0.6140947
	speed: 0.1959s/iter; left time: 924.7967s
	iters: 300, epoch: 13 | loss: 0.6276656
	speed: 0.2168s/iter; left time: 1002.0504s
	iters: 400, epoch: 13 | loss: 0.6725708
	speed: 0.2248s/iter; left time: 1016.5354s
	iters: 500, epoch: 13 | loss: 0.5662846
	speed: 0.2191s/iter; left time: 968.5362s
	iters: 600, epoch: 13 | loss: 0.5959859
	speed: 0.1910s/iter; left time: 825.4014s
Epoch: 13 cost time: 126.2121376991272
Epoch: 13, Steps: 615 | Train Loss: 0.6106574 Vali Loss: 0.4596735 Test Loss: 0.5157500
EarlyStopping counter: 1 out of 3
	iters: 100, epoch: 14 | loss: 0.6344382
	speed: 0.1897s/iter; left time: 797.9243s
	iters: 200, epoch: 14 | loss: 0.6526610
	speed: 0.1757s/iter; left time: 721.4125s
	iters: 300, epoch: 14 | loss: 0.6538070
	speed: 0.1692s/iter; left time: 677.9802s
	iters: 400, epoch: 14 | loss: 0.6006638
	speed: 0.1928s/iter; left time: 753.1620s
	iters: 500, epoch: 14 | loss: 0.5560456
	speed: 0.1788s/iter; left time: 680.4004s
	iters: 600, epoch: 14 | loss: 0.5871355
	speed: 0.1817s/iter; left time: 673.4300s
Epoch: 14 cost time: 111.62657332420349
Epoch: 14, Steps: 615 | Train Loss: 0.6105262 Vali Loss: 0.4589550 Test Loss: 0.5161369
Validation loss decreased (0.459318 --> 0.458955).  Saving model ...
	iters: 100, epoch: 15 | loss: 0.6560919
	speed: 0.2249s/iter; left time: 807.5550s
	iters: 200, epoch: 15 | loss: 0.5796681
	speed: 0.2206s/iter; left time: 770.2736s
	iters: 300, epoch: 15 | loss: 0.5963442
	speed: 0.1937s/iter; left time: 656.9711s
	iters: 400, epoch: 15 | loss: 0.5787414
	speed: 0.1996s/iter; left time: 656.7968s
	iters: 500, epoch: 15 | loss: 0.5625982
	speed: 0.2246s/iter; left time: 716.7077s
	iters: 600, epoch: 15 | loss: 0.6062486
	speed: 0.2213s/iter; left time: 684.1073s
Epoch: 15 cost time: 132.04148387908936
Epoch: 15, Steps: 615 | Train Loss: 0.6101693 Vali Loss: 0.4591814 Test Loss: 0.5158727
EarlyStopping counter: 1 out of 3
	iters: 100, epoch: 16 | loss: 0.6241287
	speed: 0.2274s/iter; left time: 676.7464s
	iters: 200, epoch: 16 | loss: 0.6030439
	speed: 0.2175s/iter; left time: 625.6292s
	iters: 300, epoch: 16 | loss: 0.5834498
	speed: 0.2003s/iter; left time: 555.9403s
	iters: 400, epoch: 16 | loss: 0.5450861
	speed: 0.2064s/iter; left time: 552.3432s
	iters: 500, epoch: 16 | loss: 0.6129665
	speed: 0.2143s/iter; left time: 551.9903s
	iters: 600, epoch: 16 | loss: 0.6413177
	speed: 0.2199s/iter; left time: 544.3957s
Epoch: 16 cost time: 131.3187358379364
Epoch: 16, Steps: 615 | Train Loss: 0.6098399 Vali Loss: 0.4592297 Test Loss: 0.5155824
EarlyStopping counter: 2 out of 3
	iters: 100, epoch: 17 | loss: 0.5455208
	speed: 0.2164s/iter; left time: 510.9266s
	iters: 200, epoch: 17 | loss: 0.6555460
	speed: 0.2336s/iter; left time: 528.2133s
	iters: 300, epoch: 17 | loss: 0.6209245
	speed: 0.2159s/iter; left time: 466.4775s
	iters: 400, epoch: 17 | loss: 0.6075330
	speed: 0.1953s/iter; left time: 402.5312s
	iters: 500, epoch: 17 | loss: 0.6274081
	speed: 0.1963s/iter; left time: 384.8974s
	iters: 600, epoch: 17 | loss: 0.7442592
	speed: 0.1952s/iter; left time: 363.2521s
Epoch: 17 cost time: 127.54898643493652
Epoch: 17, Steps: 615 | Train Loss: 0.6096278 Vali Loss: 0.4587699 Test Loss: 0.5156302
Validation loss decreased (0.458955 --> 0.458770).  Saving model ...
	iters: 100, epoch: 18 | loss: 0.5908222
	speed: 0.2229s/iter; left time: 389.0981s
	iters: 200, epoch: 18 | loss: 0.5391386
	speed: 0.2230s/iter; left time: 367.1335s
	iters: 300, epoch: 18 | loss: 0.5887763
	speed: 0.2245s/iter; left time: 347.0713s
	iters: 400, epoch: 18 | loss: 0.5930415
	speed: 0.1959s/iter; left time: 283.2462s
	iters: 500, epoch: 18 | loss: 0.5997729
	speed: 0.1791s/iter; left time: 241.1105s
	iters: 600, epoch: 18 | loss: 0.6192518
	speed: 0.2104s/iter; left time: 262.1458s
Epoch: 18 cost time: 128.84583687782288
Epoch: 18, Steps: 615 | Train Loss: 0.6092111 Vali Loss: 0.4582885 Test Loss: 0.5155328
Validation loss decreased (0.458770 --> 0.458288).  Saving model ...
	iters: 100, epoch: 19 | loss: 0.6021090
	speed: 0.2231s/iter; left time: 252.3427s
	iters: 200, epoch: 19 | loss: 0.6103374
	speed: 0.2184s/iter; left time: 225.1459s
	iters: 300, epoch: 19 | loss: 0.6242720
	speed: 0.1997s/iter; left time: 185.8935s
	iters: 400, epoch: 19 | loss: 0.6496197
	speed: 0.1888s/iter; left time: 156.8565s
	iters: 500, epoch: 19 | loss: 0.5505933
	speed: 0.1924s/iter; left time: 140.6801s
	iters: 600, epoch: 19 | loss: 0.5914627
	speed: 0.1985s/iter; left time: 125.2657s
Epoch: 19 cost time: 125.50391435623169
Epoch: 19, Steps: 615 | Train Loss: 0.6088267 Vali Loss: 0.4584688 Test Loss: 0.5154719
EarlyStopping counter: 1 out of 3
	iters: 100, epoch: 20 | loss: 0.5760612
	speed: 0.2233s/iter; left time: 115.2189s
	iters: 200, epoch: 20 | loss: 0.6073844
	speed: 0.2242s/iter; left time: 93.2734s
	iters: 300, epoch: 20 | loss: 0.6074700
	speed: 0.2200s/iter; left time: 69.5196s
	iters: 400, epoch: 20 | loss: 0.5414541
	speed: 0.2089s/iter; left time: 45.1140s
	iters: 500, epoch: 20 | loss: 0.6284025
	speed: 0.2161s/iter; left time: 25.0629s
	iters: 600, epoch: 20 | loss: 0.6184068
	speed: 0.2221s/iter; left time: 3.5531s
Epoch: 20 cost time: 134.1502287387848
Epoch: 20, Steps: 615 | Train Loss: 0.6086519 Vali Loss: 0.4583556 Test Loss: 0.5150326
EarlyStopping counter: 2 out of 3
>>>>>>>testing : Crossformer_WTH_il336_ol168_sl24,36,48,56_dm256_nh4_el3_itr4<<<<<<<<<<<<<<<<<<<<<<<<<<<<<<<<<
test 7033
mse:0.5143060088157654, mae:0.5198751091957092
