Args in experiment:
Namespace(model='former', data='m1999m', root_path='./datasets/', data_path='m1999m.csv', data_split=[0.7, 0.1, 0.2], checkpoints='./checkpoints/', in_len=360, out_len=720, seg_lens='30,45,60,90,120', data_dim=5, d_model=256, d_ff=512, n_heads=4, a_layers=3, dropout=0.4, baseline=False, fc_dropout=0.05, head_dropout=0.0, patch_len=64, stride=8, padding_patch='end', revin=1, affine=0, subtract_last=0, decomposition=0, kernel_size=25, individual=0, freq='m', embed_type=0, enc_in=7, dec_in=7, c_out=7, e_layers=2, d_layers=1, moving_avg=25, factor=1, distil=True, embed='timeF', activation='gelu', output_attention=False, do_predict=False, num_workers=0, batch_size=32, train_epochs=100, patience=3, learning_rate=1e-05, lradj='type1', itr=1, save_pred=False, use_gpu=True, gpu=0, use_multi_gpu=False, devices='0,1')
Use GPU: cuda:0
>>>>>>>start training : former_m1999m_il360_ol720_sl30,45,60,90,120_dm256_nh4_el3_itr0>>>>>>>>>>>>>>>>>>>>>>>>>>
train 6984
val 434
test 1585
	iters: 100, epoch: 1 | loss: 0.8032870
	speed: 0.2716s/iter; left time: 5920.7581s
	iters: 200, epoch: 1 | loss: 0.7725424
	speed: 0.2212s/iter; left time: 4799.6321s
Epoch: 1 cost time: 53.87980270385742
Epoch: 1, Steps: 219 | Train Loss: 0.8827594 Vali Loss: 0.3771610 Test Loss: 0.7320703
Validation loss decreased (inf --> 0.377161).  Saving model ...
	iters: 100, epoch: 2 | loss: 0.8312603
	speed: 0.2353s/iter; left time: 5078.7766s
	iters: 200, epoch: 2 | loss: 0.8741157
	speed: 0.2002s/iter; left time: 4299.8342s
Epoch: 2 cost time: 47.27827167510986
Epoch: 2, Steps: 219 | Train Loss: 0.8277036 Vali Loss: 0.3775510 Test Loss: 0.7465766
EarlyStopping counter: 1 out of 3
Updating learning rate to 5e-06
	iters: 100, epoch: 3 | loss: 0.8147056
	speed: 0.2200s/iter; left time: 4700.9155s
	iters: 200, epoch: 3 | loss: 0.8675573
	speed: 0.2214s/iter; left time: 4706.6534s
Epoch: 3 cost time: 48.73907256126404
Epoch: 3, Steps: 219 | Train Loss: 0.7972157 Vali Loss: 0.4086804 Test Loss: 0.8321126
EarlyStopping counter: 2 out of 3
	iters: 100, epoch: 4 | loss: 0.6954611
	speed: 0.2444s/iter; left time: 5167.5163s
	iters: 200, epoch: 4 | loss: 0.7083482
	speed: 0.2272s/iter; left time: 4781.5292s
Epoch: 4 cost time: 53.69004821777344
Epoch: 4, Steps: 219 | Train Loss: 0.7782713 Vali Loss: 0.4167308 Test Loss: 0.8557918
EarlyStopping counter: 3 out of 3
Early stopping
>>>>>>>testing : former_m1999m_il360_ol720_sl30,45,60,90,120_dm256_nh4_el3_itr0<<<<<<<<<<<<<<<<<<<<<<<<<<<<<<<<<
test 1585
mse:0.7314514517784119, mae:0.5896773338317871
