Args in experiment:
Namespace(model='former', data='m1999m', root_path='./datasets/', data_path='m1999m.csv', data_split=[0.7, 0.1, 0.2], checkpoints='./checkpoints/', in_len=360, out_len=360, seg_lens='30,45,60,90,120', data_dim=5, d_model=256, d_ff=512, n_heads=4, a_layers=3, dropout=0.4, baseline=False, fc_dropout=0.05, head_dropout=0.0, patch_len=64, stride=8, padding_patch='end', revin=1, affine=0, subtract_last=0, decomposition=0, kernel_size=25, individual=0, freq='m', embed_type=0, enc_in=7, dec_in=7, c_out=7, e_layers=2, d_layers=1, moving_avg=25, factor=1, distil=True, embed='timeF', activation='gelu', output_attention=False, do_predict=False, num_workers=0, batch_size=32, train_epochs=100, patience=3, learning_rate=1e-05, lradj='type1', itr=1, save_pred=False, use_gpu=True, gpu=0, use_multi_gpu=False, devices='0,1')
Use GPU: cuda:0
>>>>>>>start training : former_m1999m_il360_ol360_sl30,45,60,90,120_dm256_nh4_el3_itr0>>>>>>>>>>>>>>>>>>>>>>>>>>
train 7344
val 794
test 1945
	iters: 100, epoch: 1 | loss: 0.6869441
	speed: 0.3911s/iter; left time: 8955.5864s
	iters: 200, epoch: 1 | loss: 0.7035123
	speed: 0.3445s/iter; left time: 7854.9939s
Epoch: 1 cost time: 84.23783373832703
Epoch: 1, Steps: 230 | Train Loss: 0.7642170 Vali Loss: 0.3722133 Test Loss: 0.5674593
Validation loss decreased (inf --> 0.372213).  Saving model ...
	iters: 100, epoch: 2 | loss: 0.7423575
	speed: 0.3588s/iter; left time: 8134.1816s
	iters: 200, epoch: 2 | loss: 0.7077886
	speed: 0.3769s/iter; left time: 8506.9213s
Epoch: 2 cost time: 84.08210134506226
Epoch: 2, Steps: 230 | Train Loss: 0.7036513 Vali Loss: 0.3907684 Test Loss: 0.6073518
EarlyStopping counter: 1 out of 3
Updating learning rate to 5e-06
	iters: 100, epoch: 3 | loss: 0.6371791
	speed: 0.3691s/iter; left time: 8283.5943s
	iters: 200, epoch: 3 | loss: 0.6784031
	speed: 0.3646s/iter; left time: 8145.1902s
Epoch: 3 cost time: 83.28389000892639
Epoch: 3, Steps: 230 | Train Loss: 0.6743668 Vali Loss: 0.4630215 Test Loss: 0.7187212
EarlyStopping counter: 2 out of 3
	iters: 100, epoch: 4 | loss: 0.6920437
	speed: 0.3078s/iter; left time: 6835.9741s
	iters: 200, epoch: 4 | loss: 0.6621001
	speed: 0.2992s/iter; left time: 6616.6944s
Epoch: 4 cost time: 70.96163892745972
Epoch: 4, Steps: 230 | Train Loss: 0.6598152 Vali Loss: 0.5504888 Test Loss: 0.8454008
EarlyStopping counter: 3 out of 3
Early stopping
>>>>>>>testing : former_m1999m_il360_ol360_sl30,45,60,90,120_dm256_nh4_el3_itr0<<<<<<<<<<<<<<<<<<<<<<<<<<<<<<<<<
test 1945
mse:0.5672891139984131, mae:0.4726300537586212
