Args in experiment:
Namespace(model='former', data='m1999m', root_path='./datasets/', data_path='m1999m.csv', data_split=[0.7, 0.1, 0.2], checkpoints='./checkpoints/', in_len=360, out_len=90, seg_lens='6,10,15,30,45,90', data_dim=5, d_model=256, d_ff=512, n_heads=4, a_layers=3, dropout=0.4, baseline=False, fc_dropout=0.05, head_dropout=0.0, patch_len=12, stride=8, padding_patch='end', revin=1, affine=0, subtract_last=0, decomposition=0, kernel_size=25, individual=0, freq='m', embed_type=0, enc_in=7, dec_in=7, c_out=7, e_layers=2, d_layers=1, moving_avg=25, factor=1, distil=True, embed='timeF', activation='gelu', output_attention=False, do_predict=False, num_workers=0, batch_size=32, train_epochs=100, patience=3, learning_rate=0.0001, lradj='type1', itr=1, save_pred=False, use_gpu=True, gpu=1, use_multi_gpu=False, devices='0,1')
Use GPU: cuda:1
>>>>>>>start training : former_m1999m_il360_ol90_sl6,10,15,30,45,90_dm256_nh4_el3_itr0>>>>>>>>>>>>>>>>>>>>>>>>>>
train 7614
val 1064
test 2215
	iters: 100, epoch: 1 | loss: 0.4692232
	speed: 0.4965s/iter; left time: 11768.6380s
	iters: 200, epoch: 1 | loss: 0.5168384
	speed: 0.4991s/iter; left time: 11778.6138s
Epoch: 1 cost time: 117.92020153999329
Epoch: 1, Steps: 238 | Train Loss: 0.5395692 Vali Loss: 0.3220057 Test Loss: 0.4256444
Validation loss decreased (inf --> 0.322006).  Saving model ...
	iters: 100, epoch: 2 | loss: 0.4210247
	speed: 0.5048s/iter; left time: 11843.9194s
	iters: 200, epoch: 2 | loss: 0.4305507
	speed: 0.5036s/iter; left time: 11765.8313s
Epoch: 2 cost time: 120.30016589164734
Epoch: 2, Steps: 238 | Train Loss: 0.4544985 Vali Loss: 0.3033445 Test Loss: 0.4016632
Validation loss decreased (0.322006 --> 0.303344).  Saving model ...
Updating learning rate to 5e-05
	iters: 100, epoch: 3 | loss: 0.6367255
	speed: 0.5383s/iter; left time: 12502.9661s
	iters: 200, epoch: 3 | loss: 0.4524891
	speed: 0.5470s/iter; left time: 12650.1693s
Epoch: 3 cost time: 129.6710102558136
Epoch: 3, Steps: 238 | Train Loss: 0.4279765 Vali Loss: 0.3084479 Test Loss: 0.3897080
EarlyStopping counter: 1 out of 3
	iters: 100, epoch: 4 | loss: 0.3390053
	speed: 0.5292s/iter; left time: 12165.0182s
	iters: 200, epoch: 4 | loss: 0.4397070
	speed: 0.5648s/iter; left time: 12926.8523s
Epoch: 4 cost time: 130.58850502967834
Epoch: 4, Steps: 238 | Train Loss: 0.4169469 Vali Loss: 0.3041096 Test Loss: 0.3860907
EarlyStopping counter: 2 out of 3
Updating learning rate to 2.5e-05
	iters: 100, epoch: 5 | loss: 0.4364281
	speed: 0.5711s/iter; left time: 12992.6122s
	iters: 200, epoch: 5 | loss: 0.4084645
	speed: 0.5614s/iter; left time: 12714.4223s
Epoch: 5 cost time: 133.5310685634613
Epoch: 5, Steps: 238 | Train Loss: 0.4039448 Vali Loss: 0.3223954 Test Loss: 0.3872052
EarlyStopping counter: 3 out of 3
Early stopping
>>>>>>>testing : former_m1999m_il360_ol90_sl6,10,15,30,45,90_dm256_nh4_el3_itr0<<<<<<<<<<<<<<<<<<<<<<<<<<<<<<<<<
test 2215
mse:0.38173016905784607, mae:0.31998303532600403
