Args in experiment:
Namespace(model='former', data='m1999m', root_path='./datasets/', data_path='m1999m.csv', data_split=[0.7, 0.1, 0.2], checkpoints='./checkpoints/', in_len=360, out_len=600, seg_lens='30,45,60,90,120', data_dim=5, d_model=256, d_ff=512, n_heads=4, a_layers=3, dropout=0.4, baseline=False, fc_dropout=0.05, head_dropout=0.0, patch_len=12, stride=8, padding_patch='end', revin=1, affine=0, subtract_last=0, decomposition=0, kernel_size=25, individual=0, freq='m', embed_type=0, enc_in=7, dec_in=7, c_out=7, e_layers=2, d_layers=1, moving_avg=25, factor=1, distil=True, embed='timeF', activation='gelu', output_attention=False, do_predict=False, num_workers=0, batch_size=32, train_epochs=100, patience=3, learning_rate=1e-05, lradj='type1', itr=1, save_pred=False, use_gpu=True, gpu=1, use_multi_gpu=False, devices='0,1')
Use GPU: cuda:1
>>>>>>>start training : former_m1999m_il360_ol600_sl30,45,60,90,120_dm256_nh4_el3_itr0>>>>>>>>>>>>>>>>>>>>>>>>>>
train 7104
val 554
test 1705
	iters: 100, epoch: 1 | loss: 0.8340740
	speed: 0.3684s/iter; left time: 8142.8037s
	iters: 200, epoch: 1 | loss: 0.7055330
	speed: 0.2946s/iter; left time: 6481.8269s
Epoch: 1 cost time: 72.44841885566711
Epoch: 1, Steps: 222 | Train Loss: 0.8420539 Vali Loss: 0.3605408 Test Loss: 0.6824926
Validation loss decreased (inf --> 0.360541).  Saving model ...
	iters: 100, epoch: 2 | loss: 0.8826644
	speed: 0.3411s/iter; left time: 7463.9698s
	iters: 200, epoch: 2 | loss: 0.7966458
	speed: 0.2843s/iter; left time: 6191.3814s
Epoch: 2 cost time: 69.39202332496643
Epoch: 2, Steps: 222 | Train Loss: 0.7874948 Vali Loss: 0.3732458 Test Loss: 0.6618479
EarlyStopping counter: 1 out of 3
Updating learning rate to 5e-06
	iters: 100, epoch: 3 | loss: 0.8252659
	speed: 0.2873s/iter; left time: 6221.8501s
	iters: 200, epoch: 3 | loss: 0.8501538
	speed: 0.3369s/iter; left time: 7261.9430s
Epoch: 3 cost time: 68.50506591796875
Epoch: 3, Steps: 222 | Train Loss: 0.7700669 Vali Loss: 0.3722186 Test Loss: 0.6613840
EarlyStopping counter: 2 out of 3
	iters: 100, epoch: 4 | loss: 0.8899781
	speed: 0.3304s/iter; left time: 7082.0165s
	iters: 200, epoch: 4 | loss: 0.7064295
	speed: 0.3256s/iter; left time: 6946.7942s
Epoch: 4 cost time: 73.28438782691956
Epoch: 4, Steps: 222 | Train Loss: 0.7628055 Vali Loss: 0.3686123 Test Loss: 0.6570611
EarlyStopping counter: 3 out of 3
Early stopping
>>>>>>>testing : former_m1999m_il360_ol600_sl30,45,60,90,120_dm256_nh4_el3_itr0<<<<<<<<<<<<<<<<<<<<<<<<<<<<<<<<<
test 1705
mse:0.6836616396903992, mae:0.5615495443344116
