Args in experiment:
Namespace(model='former', data='m1999m', root_path='./datasets/', data_path='m1999m.csv', data_split=[0.7, 0.1, 0.2], checkpoints='./checkpoints/', in_len=360, out_len=600, seg_lens='30,45,60,90,120', data_dim=5, d_model=256, d_ff=512, n_heads=4, a_layers=3, dropout=0.4, baseline=False, fc_dropout=0.05, head_dropout=0.0, patch_len=64, stride=8, padding_patch='end', revin=1, affine=0, subtract_last=0, decomposition=0, kernel_size=25, individual=0, freq='m', embed_type=0, enc_in=7, dec_in=7, c_out=7, e_layers=2, d_layers=1, moving_avg=25, factor=1, distil=True, embed='timeF', activation='gelu', output_attention=False, do_predict=False, num_workers=0, batch_size=32, train_epochs=100, patience=3, learning_rate=1e-05, lradj='type1', itr=1, save_pred=False, use_gpu=True, gpu=0, use_multi_gpu=False, devices='0,1')
Use GPU: cuda:0
>>>>>>>start training : former_m1999m_il360_ol600_sl30,45,60,90,120_dm256_nh4_el3_itr0>>>>>>>>>>>>>>>>>>>>>>>>>>
train 7104
val 554
test 1705
	iters: 100, epoch: 1 | loss: 0.8380444
	speed: 0.2599s/iter; left time: 5745.0168s
	iters: 200, epoch: 1 | loss: 0.7157323
	speed: 0.2023s/iter; left time: 4450.4937s
Epoch: 1 cost time: 50.7121057510376
Epoch: 1, Steps: 222 | Train Loss: 0.8538678 Vali Loss: 0.3622206 Test Loss: 0.6906394
Validation loss decreased (inf --> 0.362221).  Saving model ...
	iters: 100, epoch: 2 | loss: 0.8902856
	speed: 0.2256s/iter; left time: 4935.9093s
	iters: 200, epoch: 2 | loss: 0.7873477
	speed: 0.2414s/iter; left time: 5257.8585s
Epoch: 2 cost time: 53.362022399902344
Epoch: 2, Steps: 222 | Train Loss: 0.7963024 Vali Loss: 0.3802538 Test Loss: 0.7012842
EarlyStopping counter: 1 out of 3
Updating learning rate to 5e-06
	iters: 100, epoch: 3 | loss: 0.8178019
	speed: 0.2224s/iter; left time: 4817.3495s
	iters: 200, epoch: 3 | loss: 0.8402132
	speed: 0.2257s/iter; left time: 4865.2949s
Epoch: 3 cost time: 50.1649432182312
Epoch: 3, Steps: 222 | Train Loss: 0.7655571 Vali Loss: 0.4384245 Test Loss: 0.8264863
EarlyStopping counter: 2 out of 3
	iters: 100, epoch: 4 | loss: 0.8863254
	speed: 0.2515s/iter; left time: 5391.4069s
	iters: 200, epoch: 4 | loss: 0.6871384
	speed: 0.1900s/iter; left time: 4052.6590s
Epoch: 4 cost time: 50.522947788238525
Epoch: 4, Steps: 222 | Train Loss: 0.7496382 Vali Loss: 0.4934972 Test Loss: 0.8996074
EarlyStopping counter: 3 out of 3
Early stopping
>>>>>>>testing : former_m1999m_il360_ol600_sl30,45,60,90,120_dm256_nh4_el3_itr0<<<<<<<<<<<<<<<<<<<<<<<<<<<<<<<<<
test 1705
mse:0.6918323040008545, mae:0.5618148446083069
