Args in experiment:
Namespace(model='former', data='m1999m', root_path='./datasets/', data_path='m1999m.csv', data_split=[0.7, 0.1, 0.2], checkpoints='./checkpoints/', in_len=360, out_len=180, seg_lens='30,45,60,90,120', data_dim=5, d_model=256, d_ff=512, n_heads=4, a_layers=3, dropout=0.4, baseline=False, fc_dropout=0.05, head_dropout=0.0, patch_len=12, stride=8, padding_patch='end', revin=1, affine=0, subtract_last=0, decomposition=0, kernel_size=25, individual=0, freq='m', embed_type=0, enc_in=7, dec_in=7, c_out=7, e_layers=2, d_layers=1, moving_avg=25, factor=1, distil=True, embed='timeF', activation='gelu', output_attention=False, do_predict=False, num_workers=0, batch_size=32, train_epochs=100, patience=3, learning_rate=0.0001, lradj='type1', itr=1, save_pred=False, use_gpu=True, gpu=1, use_multi_gpu=False, devices='0,1')
Use GPU: cuda:1
>>>>>>>start training : former_m1999m_il360_ol180_sl30,45,60,90,120_dm256_nh4_el3_itr0>>>>>>>>>>>>>>>>>>>>>>>>>>
train 7524
val 974
test 2125
	iters: 100, epoch: 1 | loss: 0.6691484
	speed: 0.2627s/iter; left time: 6174.6383s
	iters: 200, epoch: 1 | loss: 0.5875195
	speed: 0.2545s/iter; left time: 5956.4494s
Epoch: 1 cost time: 59.574023723602295
Epoch: 1, Steps: 236 | Train Loss: 0.5713472 Vali Loss: 0.3417339 Test Loss: 0.4466998
Validation loss decreased (inf --> 0.341734).  Saving model ...
	iters: 100, epoch: 2 | loss: 0.5037246
	speed: 0.2113s/iter; left time: 4915.4335s
	iters: 200, epoch: 2 | loss: 0.5315492
	speed: 0.2160s/iter; left time: 5004.0110s
Epoch: 2 cost time: 51.74774694442749
Epoch: 2, Steps: 236 | Train Loss: 0.5064376 Vali Loss: 0.3581030 Test Loss: 0.4296177
EarlyStopping counter: 1 out of 3
Updating learning rate to 5e-05
	iters: 100, epoch: 3 | loss: 0.3300132
	speed: 0.2194s/iter; left time: 5053.6766s
	iters: 200, epoch: 3 | loss: 0.4212879
	speed: 0.1977s/iter; left time: 4532.1402s
Epoch: 3 cost time: 48.88247299194336
Epoch: 3, Steps: 236 | Train Loss: 0.4661930 Vali Loss: 0.3648305 Test Loss: 0.4158913
EarlyStopping counter: 2 out of 3
	iters: 100, epoch: 4 | loss: 0.6129140
	speed: 0.2364s/iter; left time: 5388.5145s
	iters: 200, epoch: 4 | loss: 0.3687094
	speed: 0.2598s/iter; left time: 5895.0628s
Epoch: 4 cost time: 57.6143012046814
Epoch: 4, Steps: 236 | Train Loss: 0.4481141 Vali Loss: 0.3644455 Test Loss: 0.4176620
EarlyStopping counter: 3 out of 3
Early stopping
>>>>>>>testing : former_m1999m_il360_ol180_sl30,45,60,90,120_dm256_nh4_el3_itr0<<<<<<<<<<<<<<<<<<<<<<<<<<<<<<<<<
test 2125
mse:0.4380711019039154, mae:0.36449185013771057
