Args in experiment:
Namespace(model='former', data='m1999m', root_path='./datasets/', data_path='m1999m.csv', data_split=[0.7, 0.1, 0.2], checkpoints='./checkpoints/', in_len=360, out_len=720, seg_lens='30,45,60,90,120', data_dim=5, d_model=256, d_ff=512, n_heads=4, a_layers=3, dropout=0.4, baseline=False, fc_dropout=0.05, head_dropout=0.0, patch_len=12, stride=8, padding_patch='end', revin=1, affine=0, subtract_last=0, decomposition=0, kernel_size=25, individual=0, freq='m', embed_type=0, enc_in=7, dec_in=7, c_out=7, e_layers=2, d_layers=1, moving_avg=25, factor=1, distil=True, embed='timeF', activation='gelu', output_attention=False, do_predict=False, num_workers=0, batch_size=32, train_epochs=100, patience=3, learning_rate=1e-05, lradj='type1', itr=1, save_pred=False, use_gpu=True, gpu=1, use_multi_gpu=False, devices='0,1')
Use GPU: cuda:1
>>>>>>>start training : former_m1999m_il360_ol720_sl30,45,60,90,120_dm256_nh4_el3_itr0>>>>>>>>>>>>>>>>>>>>>>>>>>
train 6984
val 434
test 1585
	iters: 100, epoch: 1 | loss: 0.7831206
	speed: 0.3402s/iter; left time: 7416.4567s
	iters: 200, epoch: 1 | loss: 0.7520785
	speed: 0.3253s/iter; left time: 7058.4979s
Epoch: 1 cost time: 72.33740782737732
Epoch: 1, Steps: 219 | Train Loss: 0.8697112 Vali Loss: 0.3801507 Test Loss: 0.7236593
Validation loss decreased (inf --> 0.380151).  Saving model ...
	iters: 100, epoch: 2 | loss: 0.8128667
	speed: 0.3274s/iter; left time: 7065.9889s
	iters: 200, epoch: 2 | loss: 0.8691264
	speed: 0.3293s/iter; left time: 7073.5571s
Epoch: 2 cost time: 71.04496788978577
Epoch: 2, Steps: 219 | Train Loss: 0.8197110 Vali Loss: 0.3596618 Test Loss: 0.7196070
Validation loss decreased (0.380151 --> 0.359662).  Saving model ...
Updating learning rate to 5e-06
	iters: 100, epoch: 3 | loss: 0.8218143
	speed: 0.3295s/iter; left time: 7038.9725s
	iters: 200, epoch: 3 | loss: 0.8809090
	speed: 0.3202s/iter; left time: 6808.3956s
Epoch: 3 cost time: 71.78640842437744
Epoch: 3, Steps: 219 | Train Loss: 0.8026163 Vali Loss: 0.3710657 Test Loss: 0.7122644
EarlyStopping counter: 1 out of 3
	iters: 100, epoch: 4 | loss: 0.7086748
	speed: 0.3507s/iter; left time: 7414.4200s
	iters: 200, epoch: 4 | loss: 0.7286611
	speed: 0.3637s/iter; left time: 7653.0043s
Epoch: 4 cost time: 78.08727383613586
Epoch: 4, Steps: 219 | Train Loss: 0.7927351 Vali Loss: 0.3788005 Test Loss: 0.7041186
EarlyStopping counter: 2 out of 3
Updating learning rate to 2.5e-06
	iters: 100, epoch: 5 | loss: 0.7012935
	speed: 0.3369s/iter; left time: 7048.7071s
	iters: 200, epoch: 5 | loss: 0.7908283
	speed: 0.3430s/iter; left time: 7143.4405s
Epoch: 5 cost time: 75.48116827011108
Epoch: 5, Steps: 219 | Train Loss: 0.7879419 Vali Loss: 0.3679190 Test Loss: 0.7038686
EarlyStopping counter: 3 out of 3
Early stopping
>>>>>>>testing : former_m1999m_il360_ol720_sl30,45,60,90,120_dm256_nh4_el3_itr0<<<<<<<<<<<<<<<<<<<<<<<<<<<<<<<<<
test 1585
mse:0.7189517617225647, mae:0.5848520994186401
