Args in experiment:
Namespace(model='iformer', data='m1999m', root_path='./datasets/', data_path='m1999m.csv', data_split=[0.7, 0.1, 0.2], checkpoints='./checkpoints/', in_len=360, out_len=90, seg_lens='60,36,24,12,8,4', data_dim=5, d_model=256, d_ff=512, n_heads=4, a_layers=3, dropout=0.4, baseline=False, fc_dropout=0.05, head_dropout=0.0, patch_len=64, stride=8, padding_patch='end', revin=1, affine=0, subtract_last=0, decomposition=0, kernel_size=25, individual=0, freq='m', embed_type=0, enc_in=7, dec_in=7, c_out=7, e_layers=2, d_layers=1, moving_avg=25, factor=1, distil=True, embed='timeF', activation='gelu', output_attention=False, do_predict=False, num_workers=0, batch_size=32, train_epochs=100, patience=3, learning_rate=0.0001, lradj='type1', itr=1, save_pred=False, use_gpu=True, gpu=1, use_multi_gpu=False, devices='0,1')
Use GPU: cuda:1
>>>>>>>start training : iformer_m1999m_il360_ol90_sl60,36,24,12,8,4_dm256_nh4_el3_itr0>>>>>>>>>>>>>>>>>>>>>>>>>>
train 7614
val 1064
test 2215
	iters: 100, epoch: 1 | loss: 0.6334856
	speed: 0.4975s/iter; left time: 11791.4104s
	iters: 200, epoch: 1 | loss: 0.4625554
	speed: 0.4605s/iter; left time: 10869.1395s
Epoch: 1 cost time: 113.98071956634521
Epoch: 1, Steps: 238 | Train Loss: 0.5166895 Vali Loss: 0.3040374 Test Loss: 0.4026904
Validation loss decreased (inf --> 0.304037).  Saving model ...
	iters: 100, epoch: 2 | loss: 0.4203693
	speed: 0.4563s/iter; left time: 10705.0063s
	iters: 200, epoch: 2 | loss: 0.4217902
	speed: 0.4568s/iter; left time: 10672.2967s
Epoch: 2 cost time: 107.20483422279358
Epoch: 2, Steps: 238 | Train Loss: 0.4258479 Vali Loss: 0.2997258 Test Loss: 0.3966385
Validation loss decreased (0.304037 --> 0.299726).  Saving model ...
Updating learning rate to 5e-05
	iters: 100, epoch: 3 | loss: 0.4389941
	speed: 0.4209s/iter; left time: 9776.0765s
	iters: 200, epoch: 3 | loss: 0.3741689
	speed: 0.4244s/iter; left time: 9813.4924s
Epoch: 3 cost time: 100.55068612098694
Epoch: 3, Steps: 238 | Train Loss: 0.4040407 Vali Loss: 0.3199218 Test Loss: 0.3902966
EarlyStopping counter: 1 out of 3
	iters: 100, epoch: 4 | loss: 0.4486941
	speed: 0.4137s/iter; left time: 9510.2546s
	iters: 200, epoch: 4 | loss: 0.2973362
	speed: 0.4130s/iter; left time: 9452.2580s
Epoch: 4 cost time: 98.79904508590698
Epoch: 4, Steps: 238 | Train Loss: 0.3857643 Vali Loss: 0.3217144 Test Loss: 0.3949623
EarlyStopping counter: 2 out of 3
Updating learning rate to 2.5e-05
	iters: 100, epoch: 5 | loss: 0.3495861
	speed: 0.4190s/iter; left time: 9531.8628s
	iters: 200, epoch: 5 | loss: 0.3205390
	speed: 0.4128s/iter; left time: 9350.4801s
Epoch: 5 cost time: 98.84597539901733
Epoch: 5, Steps: 238 | Train Loss: 0.3652260 Vali Loss: 0.3162822 Test Loss: 0.4034253
EarlyStopping counter: 3 out of 3
Early stopping
>>>>>>>testing : iformer_m1999m_il360_ol90_sl60,36,24,12,8,4_dm256_nh4_el3_itr0<<<<<<<<<<<<<<<<<<<<<<<<<<<<<<<<<
test 2215
mse:0.3759188652038574, mae:0.31927528977394104
