Args in experiment:
Namespace(model='iformer', data='m1999m', root_path='./datasets/', data_path='m1999m.csv', data_split=[0.7, 0.1, 0.2], checkpoints='./checkpoints/', in_len=360, out_len=600, seg_lens='12,8,6,4,3', data_dim=5, d_model=256, d_ff=512, n_heads=4, a_layers=3, dropout=0.4, baseline=False, fc_dropout=0.05, head_dropout=0.0, patch_len=64, stride=8, padding_patch='end', revin=1, affine=0, subtract_last=0, decomposition=0, kernel_size=25, individual=0, freq='m', embed_type=0, enc_in=7, dec_in=7, c_out=7, e_layers=2, d_layers=1, moving_avg=25, factor=1, distil=True, embed='timeF', activation='gelu', output_attention=False, do_predict=False, num_workers=0, batch_size=32, train_epochs=100, patience=3, learning_rate=1e-05, lradj='type1', itr=1, save_pred=False, use_gpu=True, gpu=1, use_multi_gpu=False, devices='0,1')
Use GPU: cuda:1
>>>>>>>start training : iformer_m1999m_il360_ol600_sl12,8,6,4,3_dm256_nh4_el3_itr0>>>>>>>>>>>>>>>>>>>>>>>>>>
train 7104
val 554
test 1705
	iters: 100, epoch: 1 | loss: 0.8414627
	speed: 0.8514s/iter; left time: 18816.4680s
	iters: 200, epoch: 1 | loss: 0.8193792
	speed: 0.7961s/iter; left time: 17515.5018s
Epoch: 1 cost time: 183.89510560035706
Epoch: 1, Steps: 222 | Train Loss: 0.7989242 Vali Loss: 0.3516737 Test Loss: 0.6862245
Validation loss decreased (inf --> 0.351674).  Saving model ...
	iters: 100, epoch: 2 | loss: 0.7971915
	speed: 0.8428s/iter; left time: 18439.0739s
	iters: 200, epoch: 2 | loss: 0.7312341
	speed: 0.7818s/iter; left time: 17025.8772s
Epoch: 2 cost time: 181.02992820739746
Epoch: 2, Steps: 222 | Train Loss: 0.7690791 Vali Loss: 0.3537702 Test Loss: 0.6327218
EarlyStopping counter: 1 out of 3
Updating learning rate to 5e-06
	iters: 100, epoch: 3 | loss: 0.6796077
	speed: 0.7857s/iter; left time: 17016.7839s
	iters: 200, epoch: 3 | loss: 0.6993988
	speed: 0.7621s/iter; left time: 16429.4334s
Epoch: 3 cost time: 169.90925812721252
Epoch: 3, Steps: 222 | Train Loss: 0.7469223 Vali Loss: 0.3499120 Test Loss: 0.6277007
Validation loss decreased (0.351674 --> 0.349912).  Saving model ...
	iters: 100, epoch: 4 | loss: 0.7440360
	speed: 0.7454s/iter; left time: 15978.0097s
	iters: 200, epoch: 4 | loss: 0.8228210
	speed: 0.7832s/iter; left time: 16710.1902s
Epoch: 4 cost time: 170.34719824790955
Epoch: 4, Steps: 222 | Train Loss: 0.7393871 Vali Loss: 0.3657425 Test Loss: 0.6307705
EarlyStopping counter: 1 out of 3
Updating learning rate to 2.5e-06
	iters: 100, epoch: 5 | loss: 0.6986107
	speed: 0.7220s/iter; left time: 15314.8059s
	iters: 200, epoch: 5 | loss: 0.6740096
	speed: 0.7493s/iter; left time: 15819.0807s
Epoch: 5 cost time: 163.77480578422546
Epoch: 5, Steps: 222 | Train Loss: 0.7301313 Vali Loss: 0.3400057 Test Loss: 0.6219760
Validation loss decreased (0.349912 --> 0.340006).  Saving model ...
	iters: 100, epoch: 6 | loss: 0.8295371
	speed: 0.7340s/iter; left time: 15407.8701s
	iters: 200, epoch: 6 | loss: 0.6607453
	speed: 0.7185s/iter; left time: 15009.9943s
Epoch: 6 cost time: 162.56645488739014
Epoch: 6, Steps: 222 | Train Loss: 0.7258282 Vali Loss: 0.3494347 Test Loss: 0.6199083
EarlyStopping counter: 1 out of 3
Updating learning rate to 1.25e-06
	iters: 100, epoch: 7 | loss: 0.7243615
	speed: 0.7291s/iter; left time: 15142.3463s
	iters: 200, epoch: 7 | loss: 0.6180090
	speed: 0.7504s/iter; left time: 15509.5917s
Epoch: 7 cost time: 162.50231885910034
Epoch: 7, Steps: 222 | Train Loss: 0.7207161 Vali Loss: 0.3478049 Test Loss: 0.6162390
EarlyStopping counter: 2 out of 3
	iters: 100, epoch: 8 | loss: 0.7335176
	speed: 0.7228s/iter; left time: 14851.9962s
	iters: 200, epoch: 8 | loss: 0.7399018
	speed: 0.7415s/iter; left time: 15160.7947s
Epoch: 8 cost time: 164.18661880493164
Epoch: 8, Steps: 222 | Train Loss: 0.7193949 Vali Loss: 0.3429266 Test Loss: 0.6153787
EarlyStopping counter: 3 out of 3
Early stopping
>>>>>>>testing : iformer_m1999m_il360_ol600_sl12,8,6,4,3_dm256_nh4_el3_itr0<<<<<<<<<<<<<<<<<<<<<<<<<<<<<<<<<
test 1705
mse:0.6220833659172058, mae:0.4613914489746094
