Args in experiment:
Namespace(model='iformer', data='m1999m', root_path='./datasets/', data_path='m1999m.csv', data_split=[0.7, 0.1, 0.2], checkpoints='./checkpoints/', in_len=360, out_len=180, seg_lens='12,8,6,4,3', data_dim=5, d_model=256, d_ff=512, n_heads=4, a_layers=3, dropout=0.4, baseline=False, fc_dropout=0.05, head_dropout=0.0, patch_len=12, stride=8, padding_patch='end', revin=1, affine=0, subtract_last=0, decomposition=0, kernel_size=25, individual=0, freq='m', embed_type=0, enc_in=7, dec_in=7, c_out=7, e_layers=2, d_layers=1, moving_avg=25, factor=1, distil=True, embed='timeF', activation='gelu', output_attention=False, do_predict=False, num_workers=0, batch_size=32, train_epochs=100, patience=3, learning_rate=0.0001, lradj='type1', itr=1, save_pred=False, use_gpu=True, gpu=1, use_multi_gpu=False, devices='0,1')
Use GPU: cuda:1
>>>>>>>start training : iformer_m1999m_il360_ol180_sl12,8,6,4,3_dm256_nh4_el3_itr0>>>>>>>>>>>>>>>>>>>>>>>>>>
train 7524
val 974
test 2125
	iters: 100, epoch: 1 | loss: 0.8278539
	speed: 0.5270s/iter; left time: 12385.7449s
	iters: 200, epoch: 1 | loss: 0.7154870
	speed: 0.6074s/iter; left time: 14214.4150s
Epoch: 1 cost time: 137.1279854774475
Epoch: 1, Steps: 236 | Train Loss: 0.6890805 Vali Loss: 0.4041172 Test Loss: 0.5507425
Validation loss decreased (inf --> 0.404117).  Saving model ...
	iters: 100, epoch: 2 | loss: 0.8299923
	speed: 0.6288s/iter; left time: 14630.0573s
	iters: 200, epoch: 2 | loss: 0.5657866
	speed: 0.6230s/iter; left time: 14432.8218s
Epoch: 2 cost time: 153.02335476875305
Epoch: 2, Steps: 236 | Train Loss: 0.6174136 Vali Loss: 0.4359300 Test Loss: 0.5359606
EarlyStopping counter: 1 out of 3
Updating learning rate to 5e-05
	iters: 100, epoch: 3 | loss: 0.6065600
	speed: 0.6580s/iter; left time: 15154.2052s
	iters: 200, epoch: 3 | loss: 0.5660596
	speed: 0.5837s/iter; left time: 13383.4375s
Epoch: 3 cost time: 143.71755576133728
Epoch: 3, Steps: 236 | Train Loss: 0.5123610 Vali Loss: 0.3951506 Test Loss: 0.4578399
Validation loss decreased (0.404117 --> 0.395151).  Saving model ...
	iters: 100, epoch: 4 | loss: 0.5429030
	speed: 0.6053s/iter; left time: 13797.1219s
	iters: 200, epoch: 4 | loss: 0.4650178
	speed: 0.6788s/iter; left time: 15405.0588s
Epoch: 4 cost time: 153.64351177215576
Epoch: 4, Steps: 236 | Train Loss: 0.4679335 Vali Loss: 0.3882348 Test Loss: 0.4678075
Validation loss decreased (0.395151 --> 0.388235).  Saving model ...
Updating learning rate to 2.5e-05
	iters: 100, epoch: 5 | loss: 0.3739823
	speed: 0.7142s/iter; left time: 16110.1249s
	iters: 200, epoch: 5 | loss: 0.3013699
	speed: 0.7398s/iter; left time: 16613.7212s
Epoch: 5 cost time: 173.98226141929626
Epoch: 5, Steps: 236 | Train Loss: 0.4101314 Vali Loss: 0.3760538 Test Loss: 0.4440114
Validation loss decreased (0.388235 --> 0.376054).  Saving model ...
	iters: 100, epoch: 6 | loss: 0.4516145
	speed: 0.7211s/iter; left time: 16094.6023s
	iters: 200, epoch: 6 | loss: 0.3699943
	speed: 0.7316s/iter; left time: 16256.4754s
Epoch: 6 cost time: 173.02141404151917
Epoch: 6, Steps: 236 | Train Loss: 0.3893425 Vali Loss: 0.3937537 Test Loss: 0.4629786
EarlyStopping counter: 1 out of 3
Updating learning rate to 1.25e-05
	iters: 100, epoch: 7 | loss: 0.3119242
	speed: 0.7382s/iter; left time: 16302.7345s
	iters: 200, epoch: 7 | loss: 0.2872429
	speed: 0.7207s/iter; left time: 15844.9584s
Epoch: 7 cost time: 172.8911211490631
Epoch: 7, Steps: 236 | Train Loss: 0.3678538 Vali Loss: 0.3907954 Test Loss: 0.4616758
EarlyStopping counter: 2 out of 3
	iters: 100, epoch: 8 | loss: 0.3449116
	speed: 0.6926s/iter; left time: 15133.3210s
	iters: 200, epoch: 8 | loss: 0.3289440
	speed: 0.6711s/iter; left time: 14595.9195s
Epoch: 8 cost time: 163.63469862937927
Epoch: 8, Steps: 236 | Train Loss: 0.3601594 Vali Loss: 0.4023236 Test Loss: 0.4857205
EarlyStopping counter: 3 out of 3
Early stopping
>>>>>>>testing : iformer_m1999m_il360_ol180_sl12,8,6,4,3_dm256_nh4_el3_itr0<<<<<<<<<<<<<<<<<<<<<<<<<<<<<<<<<
test 2125
mse:0.43563807010650635, mae:0.36478278040885925
