Args in experiment:
Namespace(model='iformer', data='m1999m', root_path='./datasets/', data_path='m1999m.csv', data_split=[0.7, 0.1, 0.2], checkpoints='./checkpoints/', in_len=360, out_len=180, seg_lens='12,8,6,4,3', data_dim=5, d_model=256, d_ff=512, n_heads=4, a_layers=3, dropout=0.4, baseline=False, fc_dropout=0.05, head_dropout=0.0, patch_len=64, stride=8, padding_patch='end', revin=1, affine=0, subtract_last=0, decomposition=0, kernel_size=25, individual=0, freq='m', embed_type=0, enc_in=7, dec_in=7, c_out=7, e_layers=2, d_layers=1, moving_avg=25, factor=1, distil=True, embed='timeF', activation='gelu', output_attention=False, do_predict=False, num_workers=0, batch_size=32, train_epochs=100, patience=3, learning_rate=0.0001, lradj='type1', itr=1, save_pred=False, use_gpu=True, gpu=1, use_multi_gpu=False, devices='0,1')
Use GPU: cuda:1
>>>>>>>start training : iformer_m1999m_il360_ol180_sl12,8,6,4,3_dm256_nh4_el3_itr0>>>>>>>>>>>>>>>>>>>>>>>>>>
train 7524
val 974
test 2125
	iters: 100, epoch: 1 | loss: 0.5975080
	speed: 0.4966s/iter; left time: 11671.3642s
	iters: 200, epoch: 1 | loss: 0.7724532
	speed: 0.4707s/iter; left time: 11014.5122s
Epoch: 1 cost time: 112.30445599555969
Epoch: 1, Steps: 236 | Train Loss: 0.6897995 Vali Loss: 0.4799309 Test Loss: 0.5773666
Validation loss decreased (inf --> 0.479931).  Saving model ...
	iters: 100, epoch: 2 | loss: 0.4377786
	speed: 0.4361s/iter; left time: 10145.4973s
	iters: 200, epoch: 2 | loss: 0.4907790
	speed: 0.4685s/iter; left time: 10853.0520s
Epoch: 2 cost time: 107.46664643287659
Epoch: 2, Steps: 236 | Train Loss: 0.5284787 Vali Loss: 0.3970428 Test Loss: 0.4748856
Validation loss decreased (0.479931 --> 0.397043).  Saving model ...
Updating learning rate to 5e-05
	iters: 100, epoch: 3 | loss: 0.5075297
	speed: 0.4668s/iter; left time: 10749.9987s
	iters: 200, epoch: 3 | loss: 0.3829606
	speed: 0.4510s/iter; left time: 10340.8068s
Epoch: 3 cost time: 107.33769726753235
Epoch: 3, Steps: 236 | Train Loss: 0.4130583 Vali Loss: 0.4320160 Test Loss: 0.5254798
EarlyStopping counter: 1 out of 3
	iters: 100, epoch: 4 | loss: 0.3390018
	speed: 0.4635s/iter; left time: 10565.2273s
	iters: 200, epoch: 4 | loss: 0.3971905
	speed: 0.4222s/iter; left time: 9582.0431s
Epoch: 4 cost time: 105.31004905700684
Epoch: 4, Steps: 236 | Train Loss: 0.3706116 Vali Loss: 0.4425077 Test Loss: 0.5687954
EarlyStopping counter: 2 out of 3
Updating learning rate to 2.5e-05
	iters: 100, epoch: 5 | loss: 0.3244762
	speed: 0.4534s/iter; left time: 10227.9448s
	iters: 200, epoch: 5 | loss: 0.3395621
	speed: 0.4731s/iter; left time: 10624.0324s
Epoch: 5 cost time: 109.93236231803894
Epoch: 5, Steps: 236 | Train Loss: 0.3337449 Vali Loss: 0.4624735 Test Loss: 0.6029736
EarlyStopping counter: 3 out of 3
Early stopping
>>>>>>>testing : iformer_m1999m_il360_ol180_sl12,8,6,4,3_dm256_nh4_el3_itr0<<<<<<<<<<<<<<<<<<<<<<<<<<<<<<<<<
test 2125
mse:0.4656951129436493, mae:0.3843519687652588
