Args in experiment:
Namespace(model='iformer', data='m1999m', root_path='./datasets/', data_path='m1999m.csv', data_split=[0.7, 0.1, 0.2], checkpoints='./checkpoints/', in_len=360, out_len=720, seg_lens='12,8,6,4,3', data_dim=5, d_model=256, d_ff=512, n_heads=4, a_layers=3, dropout=0.4, baseline=False, fc_dropout=0.05, head_dropout=0.0, patch_len=64, stride=8, padding_patch='end', revin=1, affine=0, subtract_last=0, decomposition=0, kernel_size=25, individual=0, freq='m', embed_type=0, enc_in=7, dec_in=7, c_out=7, e_layers=2, d_layers=1, moving_avg=25, factor=1, distil=True, embed='timeF', activation='gelu', output_attention=False, do_predict=False, num_workers=0, batch_size=32, train_epochs=100, patience=3, learning_rate=1e-05, lradj='type1', itr=1, save_pred=False, use_gpu=True, gpu=1, use_multi_gpu=False, devices='0,1')
Use GPU: cuda:1
>>>>>>>start training : iformer_m1999m_il360_ol720_sl12,8,6,4,3_dm256_nh4_el3_itr0>>>>>>>>>>>>>>>>>>>>>>>>>>
train 6984
val 434
test 1585
	iters: 100, epoch: 1 | loss: 0.7536605
	speed: 0.8436s/iter; left time: 18391.4682s
	iters: 200, epoch: 1 | loss: 0.8572859
	speed: 0.8435s/iter; left time: 18305.4596s
Epoch: 1 cost time: 185.27393913269043
Epoch: 1, Steps: 219 | Train Loss: 0.8307552 Vali Loss: 0.3598147 Test Loss: 0.6751302
Validation loss decreased (inf --> 0.359815).  Saving model ...
	iters: 100, epoch: 2 | loss: 0.7417556
	speed: 0.7861s/iter; left time: 16965.9820s
	iters: 200, epoch: 2 | loss: 0.8107940
	speed: 0.8223s/iter; left time: 17664.1148s
Epoch: 2 cost time: 177.52416825294495
Epoch: 2, Steps: 219 | Train Loss: 0.7924349 Vali Loss: 0.3592472 Test Loss: 0.6603266
Validation loss decreased (0.359815 --> 0.359247).  Saving model ...
Updating learning rate to 5e-06
	iters: 100, epoch: 3 | loss: 0.7011616
	speed: 0.8456s/iter; left time: 18063.9885s
	iters: 200, epoch: 3 | loss: 0.7549810
	speed: 0.8635s/iter; left time: 18360.2880s
Epoch: 3 cost time: 186.99288868904114
Epoch: 3, Steps: 219 | Train Loss: 0.7708016 Vali Loss: 0.3445955 Test Loss: 0.6599184
Validation loss decreased (0.359247 --> 0.344595).  Saving model ...
	iters: 100, epoch: 4 | loss: 0.7525216
	speed: 0.8174s/iter; left time: 17282.5765s
	iters: 200, epoch: 4 | loss: 0.7922300
	speed: 0.8176s/iter; left time: 17205.2573s
Epoch: 4 cost time: 179.75129985809326
Epoch: 4, Steps: 219 | Train Loss: 0.7603554 Vali Loss: 0.3448390 Test Loss: 0.6491869
EarlyStopping counter: 1 out of 3
Updating learning rate to 2.5e-06
	iters: 100, epoch: 5 | loss: 0.6541726
	speed: 0.8307s/iter; left time: 17382.1490s
	iters: 200, epoch: 5 | loss: 0.7603462
	speed: 0.8371s/iter; left time: 17432.7289s
Epoch: 5 cost time: 181.9071400165558
Epoch: 5, Steps: 219 | Train Loss: 0.7487601 Vali Loss: 0.3440362 Test Loss: 0.6430284
Validation loss decreased (0.344595 --> 0.344036).  Saving model ...
	iters: 100, epoch: 6 | loss: 0.7839187
	speed: 0.8051s/iter; left time: 16670.0179s
	iters: 200, epoch: 6 | loss: 0.6879182
	speed: 0.7907s/iter; left time: 16292.4859s
Epoch: 6 cost time: 175.35439038276672
Epoch: 6, Steps: 219 | Train Loss: 0.7431512 Vali Loss: 0.3383188 Test Loss: 0.6402398
Validation loss decreased (0.344036 --> 0.338319).  Saving model ...
Updating learning rate to 1.25e-06
	iters: 100, epoch: 7 | loss: 0.7997326
	speed: 0.8028s/iter; left time: 16447.6979s
	iters: 200, epoch: 7 | loss: 0.7446483
	speed: 0.7800s/iter; left time: 15902.3098s
Epoch: 7 cost time: 173.23535823822021
Epoch: 7, Steps: 219 | Train Loss: 0.7359671 Vali Loss: 0.3383817 Test Loss: 0.6381488
EarlyStopping counter: 1 out of 3
	iters: 100, epoch: 8 | loss: 0.7084575
	speed: 0.7897s/iter; left time: 16005.7593s
	iters: 200, epoch: 8 | loss: 0.8377755
	speed: 0.8016s/iter; left time: 16165.9425s
Epoch: 8 cost time: 174.98685956001282
Epoch: 8, Steps: 219 | Train Loss: 0.7323432 Vali Loss: 0.3373841 Test Loss: 0.6371253
Validation loss decreased (0.338319 --> 0.337384).  Saving model ...
Updating learning rate to 6.25e-07
	iters: 100, epoch: 9 | loss: 0.7110093
	speed: 0.8225s/iter; left time: 16490.4096s
	iters: 200, epoch: 9 | loss: 0.6987107
	speed: 0.8578s/iter; left time: 17112.6123s
Epoch: 9 cost time: 185.91703462600708
Epoch: 9, Steps: 219 | Train Loss: 0.7292604 Vali Loss: 0.3394786 Test Loss: 0.6350183
EarlyStopping counter: 1 out of 3
	iters: 100, epoch: 10 | loss: 0.8165103
	speed: 0.8880s/iter; left time: 17609.4266s
	iters: 200, epoch: 10 | loss: 0.6971185
	speed: 0.9089s/iter; left time: 17933.1632s
Epoch: 10 cost time: 197.933931350708
Epoch: 10, Steps: 219 | Train Loss: 0.7271237 Vali Loss: 0.3379214 Test Loss: 0.6335446
EarlyStopping counter: 2 out of 3
Updating learning rate to 3.125e-07
	iters: 100, epoch: 11 | loss: 0.7421071
	speed: 1.0907s/iter; left time: 21389.7643s
	iters: 200, epoch: 11 | loss: 0.8201240
	speed: 1.0825s/iter; left time: 21120.4137s
Epoch: 11 cost time: 239.41589760780334
Epoch: 11, Steps: 219 | Train Loss: 0.7250561 Vali Loss: 0.3334739 Test Loss: 0.6342351
Validation loss decreased (0.337384 --> 0.333474).  Saving model ...
	iters: 100, epoch: 12 | loss: 0.7737161
	speed: 1.1495s/iter; left time: 22290.9909s
	iters: 200, epoch: 12 | loss: 0.8249251
	speed: 1.1476s/iter; left time: 22139.8408s
Epoch: 12 cost time: 251.83390998840332
Epoch: 12, Steps: 219 | Train Loss: 0.7236428 Vali Loss: 0.3364856 Test Loss: 0.6314777
EarlyStopping counter: 1 out of 3
	iters: 100, epoch: 13 | loss: 0.8011867
	speed: 1.1419s/iter; left time: 21892.9398s
	iters: 200, epoch: 13 | loss: 0.7093447
	speed: 1.1771s/iter; left time: 22450.5924s
Epoch: 13 cost time: 253.177307844162
Epoch: 13, Steps: 219 | Train Loss: 0.7229294 Vali Loss: 0.3335103 Test Loss: 0.6346519
EarlyStopping counter: 2 out of 3
	iters: 100, epoch: 14 | loss: 0.7122589
	speed: 1.1317s/iter; left time: 21451.1426s
	iters: 200, epoch: 14 | loss: 0.6957082
	speed: 1.1824s/iter; left time: 22292.9702s
Epoch: 14 cost time: 252.69437909126282
Epoch: 14, Steps: 219 | Train Loss: 0.7224806 Vali Loss: 0.3328360 Test Loss: 0.6334172
Validation loss decreased (0.333474 --> 0.332836).  Saving model ...
	iters: 100, epoch: 15 | loss: 0.6617197
	speed: 1.1965s/iter; left time: 22415.9788s
	iters: 200, epoch: 15 | loss: 0.6781714
	speed: 1.2157s/iter; left time: 22654.7649s
Epoch: 15 cost time: 264.3989887237549
Epoch: 15, Steps: 219 | Train Loss: 0.7202764 Vali Loss: 0.3319430 Test Loss: 0.6326249
Validation loss decreased (0.332836 --> 0.331943).  Saving model ...
	iters: 100, epoch: 16 | loss: 0.7246801
	speed: 1.1945s/iter; left time: 22118.1180s
	iters: 200, epoch: 16 | loss: 0.6851514
	speed: 1.1268s/iter; left time: 20750.7061s
Epoch: 16 cost time: 255.69962811470032
Epoch: 16, Steps: 219 | Train Loss: 0.7209314 Vali Loss: 0.3317540 Test Loss: 0.6323862
Validation loss decreased (0.331943 --> 0.331754).  Saving model ...
	iters: 100, epoch: 17 | loss: 0.8029956
	speed: 1.1853s/iter; left time: 21687.9380s
	iters: 200, epoch: 17 | loss: 0.7285771
	speed: 1.1361s/iter; left time: 20673.8260s
Epoch: 17 cost time: 255.13617730140686
Epoch: 17, Steps: 219 | Train Loss: 0.7184144 Vali Loss: 0.3304925 Test Loss: 0.6314247
Validation loss decreased (0.331754 --> 0.330492).  Saving model ...
	iters: 100, epoch: 18 | loss: 0.7547719
	speed: 1.1776s/iter; left time: 21288.7160s
	iters: 200, epoch: 18 | loss: 0.6970863
	speed: 1.1371s/iter; left time: 20442.4582s
Epoch: 18 cost time: 253.59564661979675
Epoch: 18, Steps: 219 | Train Loss: 0.7189157 Vali Loss: 0.3320001 Test Loss: 0.6298791
EarlyStopping counter: 1 out of 3
	iters: 100, epoch: 19 | loss: 0.7127275
	speed: 1.0904s/iter; left time: 19472.5739s
	iters: 200, epoch: 19 | loss: 0.7342020
	speed: 1.1690s/iter; left time: 20760.1913s
Epoch: 19 cost time: 248.3822214603424
Epoch: 19, Steps: 219 | Train Loss: 0.7175324 Vali Loss: 0.3300903 Test Loss: 0.6291563
Validation loss decreased (0.330492 --> 0.330090).  Saving model ...
	iters: 100, epoch: 20 | loss: 0.6707977
	speed: 1.1453s/iter; left time: 20203.8796s
	iters: 200, epoch: 20 | loss: 0.7862830
	speed: 1.1528s/iter; left time: 20219.5275s
Epoch: 20 cost time: 252.98716855049133
Epoch: 20, Steps: 219 | Train Loss: 0.7156326 Vali Loss: 0.3275585 Test Loss: 0.6307652
Validation loss decreased (0.330090 --> 0.327559).  Saving model ...
	iters: 100, epoch: 21 | loss: 0.5831920
	speed: 1.1087s/iter; left time: 19314.3679s
	iters: 200, epoch: 21 | loss: 0.6461850
	speed: 1.1682s/iter; left time: 20234.9919s
Epoch: 21 cost time: 251.0723831653595
Epoch: 21, Steps: 219 | Train Loss: 0.7141893 Vali Loss: 0.3285508 Test Loss: 0.6302235
EarlyStopping counter: 1 out of 3
	iters: 100, epoch: 22 | loss: 0.6456814
	speed: 1.1754s/iter; left time: 20219.3207s
	iters: 200, epoch: 22 | loss: 0.7128093
	speed: 1.1477s/iter; left time: 19627.4317s
Epoch: 22 cost time: 254.2459352016449
Epoch: 22, Steps: 219 | Train Loss: 0.7135019 Vali Loss: 0.3259697 Test Loss: 0.6301967
Validation loss decreased (0.327559 --> 0.325970).  Saving model ...
	iters: 100, epoch: 23 | loss: 0.7282044
	speed: 1.1354s/iter; left time: 19283.2689s
	iters: 200, epoch: 23 | loss: 0.7255139
	speed: 1.1651s/iter; left time: 19670.4524s
Epoch: 23 cost time: 253.45763754844666
Epoch: 23, Steps: 219 | Train Loss: 0.7129291 Vali Loss: 0.3267056 Test Loss: 0.6312766
EarlyStopping counter: 1 out of 3
	iters: 100, epoch: 24 | loss: 0.7211152
	speed: 1.1374s/iter; left time: 19066.9430s
	iters: 200, epoch: 24 | loss: 0.7151154
	speed: 1.1550s/iter; left time: 19247.4800s
Epoch: 24 cost time: 251.9890856742859
Epoch: 24, Steps: 219 | Train Loss: 0.7123090 Vali Loss: 0.3287279 Test Loss: 0.6269673
EarlyStopping counter: 2 out of 3
	iters: 100, epoch: 25 | loss: 0.6811647
	speed: 1.1964s/iter; left time: 19793.6163s
	iters: 200, epoch: 25 | loss: 0.6775042
	speed: 1.1681s/iter; left time: 19208.7487s
Epoch: 25 cost time: 257.89629769325256
Epoch: 25, Steps: 219 | Train Loss: 0.7109554 Vali Loss: 0.3256044 Test Loss: 0.6269124
Validation loss decreased (0.325970 --> 0.325604).  Saving model ...
	iters: 100, epoch: 26 | loss: 0.6439159
	speed: 1.1053s/iter; left time: 18045.7928s
	iters: 200, epoch: 26 | loss: 0.6934658
	speed: 0.6860s/iter; left time: 11130.3117s
Epoch: 26 cost time: 192.11695384979248
Epoch: 26, Steps: 219 | Train Loss: 0.7095389 Vali Loss: 0.3262120 Test Loss: 0.6239560
EarlyStopping counter: 1 out of 3
	iters: 100, epoch: 27 | loss: 0.6479959
	speed: 0.6674s/iter; left time: 10749.1281s
	iters: 200, epoch: 27 | loss: 0.7632550
	speed: 0.6939s/iter; left time: 11107.8223s
Epoch: 27 cost time: 149.38747572898865
Epoch: 27, Steps: 219 | Train Loss: 0.7069053 Vali Loss: 0.3237865 Test Loss: 0.6277220
Validation loss decreased (0.325604 --> 0.323786).  Saving model ...
	iters: 100, epoch: 28 | loss: 0.8237767
	speed: 0.6791s/iter; left time: 10789.4304s
	iters: 200, epoch: 28 | loss: 0.7109305
	speed: 0.7333s/iter; left time: 11577.4742s
Epoch: 28 cost time: 155.25332975387573
Epoch: 28, Steps: 219 | Train Loss: 0.7065300 Vali Loss: 0.3255067 Test Loss: 0.6241446
EarlyStopping counter: 1 out of 3
	iters: 100, epoch: 29 | loss: 0.7602775
	speed: 0.6632s/iter; left time: 10392.0154s
	iters: 200, epoch: 29 | loss: 0.6967954
	speed: 0.6544s/iter; left time: 10188.3058s
Epoch: 29 cost time: 142.94427680969238
Epoch: 29, Steps: 219 | Train Loss: 0.7066556 Vali Loss: 0.3222289 Test Loss: 0.6244326
Validation loss decreased (0.323786 --> 0.322229).  Saving model ...
	iters: 100, epoch: 30 | loss: 0.7112902
	speed: 0.6759s/iter; left time: 10441.9922s
	iters: 200, epoch: 30 | loss: 0.6863560
	speed: 0.6543s/iter; left time: 10043.0909s
Epoch: 30 cost time: 145.14175963401794
Epoch: 30, Steps: 219 | Train Loss: 0.7043669 Vali Loss: 0.3217445 Test Loss: 0.6250577
Validation loss decreased (0.322229 --> 0.321745).  Saving model ...
	iters: 100, epoch: 31 | loss: 0.7062479
	speed: 0.6350s/iter; left time: 9671.6066s
	iters: 200, epoch: 31 | loss: 0.7346261
	speed: 0.6525s/iter; left time: 9873.2602s
Epoch: 31 cost time: 141.82212829589844
Epoch: 31, Steps: 219 | Train Loss: 0.7033340 Vali Loss: 0.3236865 Test Loss: 0.6220134
EarlyStopping counter: 1 out of 3
	iters: 100, epoch: 32 | loss: 0.6728179
	speed: 0.6459s/iter; left time: 9696.1950s
	iters: 200, epoch: 32 | loss: 0.8544793
	speed: 0.6474s/iter; left time: 9654.4124s
Epoch: 32 cost time: 142.90038657188416
Epoch: 32, Steps: 219 | Train Loss: 0.7018502 Vali Loss: 0.3205450 Test Loss: 0.6223058
Validation loss decreased (0.321745 --> 0.320545).  Saving model ...
	iters: 100, epoch: 33 | loss: 0.7459074
	speed: 0.6335s/iter; left time: 9371.8138s
	iters: 200, epoch: 33 | loss: 0.7160345
	speed: 0.6603s/iter; left time: 9702.1841s
Epoch: 33 cost time: 141.1219301223755
Epoch: 33, Steps: 219 | Train Loss: 0.7005956 Vali Loss: 0.3210683 Test Loss: 0.6230163
EarlyStopping counter: 1 out of 3
	iters: 100, epoch: 34 | loss: 0.6507429
	speed: 0.6663s/iter; left time: 9710.2109s
	iters: 200, epoch: 34 | loss: 0.7341055
	speed: 0.6777s/iter; left time: 9809.2260s
Epoch: 34 cost time: 146.47188019752502
Epoch: 34, Steps: 219 | Train Loss: 0.6994541 Vali Loss: 0.3187733 Test Loss: 0.6242035
Validation loss decreased (0.320545 --> 0.318773).  Saving model ...
	iters: 100, epoch: 35 | loss: 0.7369424
	speed: 0.6634s/iter; left time: 9522.4854s
	iters: 200, epoch: 35 | loss: 0.6972113
	speed: 0.6724s/iter; left time: 9585.2493s
Epoch: 35 cost time: 147.3357059955597
Epoch: 35, Steps: 219 | Train Loss: 0.6985114 Vali Loss: 0.3182526 Test Loss: 0.6212467
Validation loss decreased (0.318773 --> 0.318253).  Saving model ...
	iters: 100, epoch: 36 | loss: 0.7052649
	speed: 0.6743s/iter; left time: 9531.5050s
	iters: 200, epoch: 36 | loss: 0.7671583
	speed: 0.6532s/iter; left time: 9168.9103s
Epoch: 36 cost time: 145.41055607795715
Epoch: 36, Steps: 219 | Train Loss: 0.6974615 Vali Loss: 0.3196525 Test Loss: 0.6189844
EarlyStopping counter: 1 out of 3
	iters: 100, epoch: 37 | loss: 0.7182253
	speed: 0.6236s/iter; left time: 8678.3839s
	iters: 200, epoch: 37 | loss: 0.5803314
	speed: 0.6301s/iter; left time: 8706.3634s
Epoch: 37 cost time: 137.6287121772766
Epoch: 37, Steps: 219 | Train Loss: 0.6960262 Vali Loss: 0.3169131 Test Loss: 0.6181525
Validation loss decreased (0.318253 --> 0.316913).  Saving model ...
	iters: 100, epoch: 38 | loss: 0.6464393
	speed: 0.6654s/iter; left time: 9114.8460s
	iters: 200, epoch: 38 | loss: 0.7218989
	speed: 0.6594s/iter; left time: 8966.3025s
Epoch: 38 cost time: 144.9635956287384
Epoch: 38, Steps: 219 | Train Loss: 0.6952730 Vali Loss: 0.3166600 Test Loss: 0.6191215
Validation loss decreased (0.316913 --> 0.316660).  Saving model ...
	iters: 100, epoch: 39 | loss: 0.7216315
	speed: 0.6347s/iter; left time: 8554.4688s
	iters: 200, epoch: 39 | loss: 0.8029523
	speed: 0.6576s/iter; left time: 8798.5717s
Epoch: 39 cost time: 141.46130180358887
Epoch: 39, Steps: 219 | Train Loss: 0.6940241 Vali Loss: 0.3167561 Test Loss: 0.6181736
EarlyStopping counter: 1 out of 3
	iters: 100, epoch: 40 | loss: 0.7003400
	speed: 0.6373s/iter; left time: 8450.7944s
	iters: 200, epoch: 40 | loss: 0.7182978
	speed: 0.6743s/iter; left time: 8873.1795s
Epoch: 40 cost time: 143.74437165260315
Epoch: 40, Steps: 219 | Train Loss: 0.6923274 Vali Loss: 0.3142552 Test Loss: 0.6183373
Validation loss decreased (0.316660 --> 0.314255).  Saving model ...
	iters: 100, epoch: 41 | loss: 0.6156869
	speed: 0.6566s/iter; left time: 8562.6055s
	iters: 200, epoch: 41 | loss: 0.7067997
	speed: 0.6303s/iter; left time: 8157.1592s
Epoch: 41 cost time: 141.56841397285461
Epoch: 41, Steps: 219 | Train Loss: 0.6912822 Vali Loss: 0.3158490 Test Loss: 0.6144962
EarlyStopping counter: 1 out of 3
	iters: 100, epoch: 42 | loss: 0.6458202
	speed: 0.6455s/iter; left time: 8277.1331s
	iters: 200, epoch: 42 | loss: 0.7042950
	speed: 0.6355s/iter; left time: 8084.4332s
Epoch: 42 cost time: 140.41569709777832
Epoch: 42, Steps: 219 | Train Loss: 0.6898236 Vali Loss: 0.3144079 Test Loss: 0.6154830
EarlyStopping counter: 2 out of 3
	iters: 100, epoch: 43 | loss: 0.7162435
	speed: 0.6210s/iter; left time: 7825.8352s
	iters: 200, epoch: 43 | loss: 0.6767593
	speed: 0.6213s/iter; left time: 7768.6959s
Epoch: 43 cost time: 136.52815175056458
Epoch: 43, Steps: 219 | Train Loss: 0.6886614 Vali Loss: 0.3131822 Test Loss: 0.6149897
Validation loss decreased (0.314255 --> 0.313182).  Saving model ...
	iters: 100, epoch: 44 | loss: 0.7244787
	speed: 0.6129s/iter; left time: 7590.7479s
	iters: 200, epoch: 44 | loss: 0.6786885
	speed: 0.6107s/iter; left time: 7501.3371s
Epoch: 44 cost time: 133.3271565437317
Epoch: 44, Steps: 219 | Train Loss: 0.6865764 Vali Loss: 0.3115052 Test Loss: 0.6149346
Validation loss decreased (0.313182 --> 0.311505).  Saving model ...
	iters: 100, epoch: 45 | loss: 0.6688014
	speed: 0.6281s/iter; left time: 7640.9609s
	iters: 200, epoch: 45 | loss: 0.7984987
	speed: 0.6006s/iter; left time: 7246.3125s
Epoch: 45 cost time: 135.46200847625732
Epoch: 45, Steps: 219 | Train Loss: 0.6854195 Vali Loss: 0.3121218 Test Loss: 0.6150409
EarlyStopping counter: 1 out of 3
	iters: 100, epoch: 46 | loss: 0.6866588
	speed: 0.6516s/iter; left time: 7783.9711s
	iters: 200, epoch: 46 | loss: 0.7433112
	speed: 0.6131s/iter; left time: 7262.4351s
Epoch: 46 cost time: 137.71369051933289
Epoch: 46, Steps: 219 | Train Loss: 0.6855797 Vali Loss: 0.3112442 Test Loss: 0.6138362
Validation loss decreased (0.311505 --> 0.311244).  Saving model ...
	iters: 100, epoch: 47 | loss: 0.5939307
	speed: 0.6192s/iter; left time: 7260.8301s
	iters: 200, epoch: 47 | loss: 0.6871352
	speed: 0.6357s/iter; left time: 7391.1994s
Epoch: 47 cost time: 137.55580639839172
Epoch: 47, Steps: 219 | Train Loss: 0.6826872 Vali Loss: 0.3098042 Test Loss: 0.6114729
Validation loss decreased (0.311244 --> 0.309804).  Saving model ...
	iters: 100, epoch: 48 | loss: 0.6608999
	speed: 0.6150s/iter; left time: 7077.9108s
	iters: 200, epoch: 48 | loss: 0.6656919
	speed: 0.6098s/iter; left time: 6956.5195s
Epoch: 48 cost time: 134.56071305274963
Epoch: 48, Steps: 219 | Train Loss: 0.6829313 Vali Loss: 0.3094148 Test Loss: 0.6132345
Validation loss decreased (0.309804 --> 0.309415).  Saving model ...
	iters: 100, epoch: 49 | loss: 0.7252139
	speed: 0.6146s/iter; left time: 6938.5235s
	iters: 200, epoch: 49 | loss: 0.6618083
	speed: 0.6141s/iter; left time: 6871.4765s
Epoch: 49 cost time: 134.53085064888
Epoch: 49, Steps: 219 | Train Loss: 0.6815220 Vali Loss: 0.3088637 Test Loss: 0.6137578
Validation loss decreased (0.309415 --> 0.308864).  Saving model ...
	iters: 100, epoch: 50 | loss: 0.6526712
	speed: 0.6294s/iter; left time: 6967.6089s
	iters: 200, epoch: 50 | loss: 0.6688170
	speed: 0.6359s/iter; left time: 6975.9105s
Epoch: 50 cost time: 138.42578387260437
Epoch: 50, Steps: 219 | Train Loss: 0.6798131 Vali Loss: 0.3082217 Test Loss: 0.6104130
Validation loss decreased (0.308864 --> 0.308222).  Saving model ...
	iters: 100, epoch: 51 | loss: 0.6705536
	speed: 0.6368s/iter; left time: 6909.4734s
	iters: 200, epoch: 51 | loss: 0.7164072
	speed: 0.6760s/iter; left time: 7267.5067s
Epoch: 51 cost time: 143.18983268737793
Epoch: 51, Steps: 219 | Train Loss: 0.6791793 Vali Loss: 0.3085386 Test Loss: 0.6116545
EarlyStopping counter: 1 out of 3
	iters: 100, epoch: 52 | loss: 0.7200425
	speed: 0.6547s/iter; left time: 6960.7107s
	iters: 200, epoch: 52 | loss: 0.6612808
	speed: 0.6766s/iter; left time: 7125.9400s
Epoch: 52 cost time: 145.62297129631042
Epoch: 52, Steps: 219 | Train Loss: 0.6781282 Vali Loss: 0.3075466 Test Loss: 0.6108272
Validation loss decreased (0.308222 --> 0.307547).  Saving model ...
	iters: 100, epoch: 53 | loss: 0.6905239
	speed: 0.6653s/iter; left time: 6927.5849s
	iters: 200, epoch: 53 | loss: 0.7491298
	speed: 0.6535s/iter; left time: 6739.3163s
Epoch: 53 cost time: 144.22998428344727
Epoch: 53, Steps: 219 | Train Loss: 0.6767504 Vali Loss: 0.3060792 Test Loss: 0.6092936
Validation loss decreased (0.307547 --> 0.306079).  Saving model ...
	iters: 100, epoch: 54 | loss: 0.5948802
	speed: 0.6610s/iter; left time: 6738.5152s
	iters: 200, epoch: 54 | loss: 0.6598269
	speed: 0.6417s/iter; left time: 6477.5440s
Epoch: 54 cost time: 142.92598938941956
Epoch: 54, Steps: 219 | Train Loss: 0.6758648 Vali Loss: 0.3061001 Test Loss: 0.6081791
EarlyStopping counter: 1 out of 3
	iters: 100, epoch: 55 | loss: 0.6397975
	speed: 0.6429s/iter; left time: 6412.7501s
	iters: 200, epoch: 55 | loss: 0.6965316
	speed: 0.6662s/iter; left time: 6578.6881s
Epoch: 55 cost time: 143.47835421562195
Epoch: 55, Steps: 219 | Train Loss: 0.6741480 Vali Loss: 0.3065901 Test Loss: 0.6066879
EarlyStopping counter: 2 out of 3
	iters: 100, epoch: 56 | loss: 0.7320175
	speed: 0.6501s/iter; left time: 6342.6938s
	iters: 200, epoch: 56 | loss: 0.7448273
	speed: 0.6629s/iter; left time: 6401.1496s
Epoch: 56 cost time: 143.47465634346008
Epoch: 56, Steps: 219 | Train Loss: 0.6729699 Vali Loss: 0.3061616 Test Loss: 0.6086949
EarlyStopping counter: 3 out of 3
Early stopping
>>>>>>>testing : iformer_m1999m_il360_ol720_sl12,8,6,4,3_dm256_nh4_el3_itr0<<<<<<<<<<<<<<<<<<<<<<<<<<<<<<<<<
test 1585
mse:0.6082445383071899, mae:0.4579533636569977
