Args in experiment:
Namespace(model='iformer', data='m1999m', root_path='./datasets/', data_path='m1999m.csv', data_split=[0.7, 0.1, 0.2], checkpoints='./checkpoints/', in_len=360, out_len=480, seg_lens='12,8,6,4,3', data_dim=5, d_model=256, d_ff=512, n_heads=4, a_layers=3, dropout=0.4, baseline=False, fc_dropout=0.05, head_dropout=0.0, patch_len=64, stride=8, padding_patch='end', revin=1, affine=0, subtract_last=0, decomposition=0, kernel_size=25, individual=0, freq='m', embed_type=0, enc_in=7, dec_in=7, c_out=7, e_layers=2, d_layers=1, moving_avg=25, factor=1, distil=True, embed='timeF', activation='gelu', output_attention=False, do_predict=False, num_workers=0, batch_size=32, train_epochs=100, patience=3, learning_rate=1e-05, lradj='type1', itr=1, save_pred=False, use_gpu=True, gpu=1, use_multi_gpu=False, devices='0,1')
Use GPU: cuda:1
>>>>>>>start training : iformer_m1999m_il360_ol480_sl12,8,6,4,3_dm256_nh4_el3_itr0>>>>>>>>>>>>>>>>>>>>>>>>>>
train 7224
val 674
test 1825
	iters: 100, epoch: 1 | loss: 0.7563255
	speed: 0.7377s/iter; left time: 16597.8943s
	iters: 200, epoch: 1 | loss: 0.7288772
	speed: 0.7537s/iter; left time: 16882.7748s
Epoch: 1 cost time: 168.3858630657196
Epoch: 1, Steps: 226 | Train Loss: 0.7641708 Vali Loss: 0.3761111 Test Loss: 0.5926177
Validation loss decreased (inf --> 0.376111).  Saving model ...
	iters: 100, epoch: 2 | loss: 0.7955140
	speed: 0.7234s/iter; left time: 16114.4387s
	iters: 200, epoch: 2 | loss: 0.6959425
	speed: 0.7438s/iter; left time: 16494.5118s
Epoch: 2 cost time: 164.70557975769043
Epoch: 2, Steps: 226 | Train Loss: 0.7317658 Vali Loss: 0.3458513 Test Loss: 0.5880433
Validation loss decreased (0.376111 --> 0.345851).  Saving model ...
Updating learning rate to 5e-06
	iters: 100, epoch: 3 | loss: 0.6409845
	speed: 0.7282s/iter; left time: 16055.3186s
	iters: 200, epoch: 3 | loss: 0.7890646
	speed: 0.7037s/iter; left time: 15445.1997s
Epoch: 3 cost time: 162.38142251968384
Epoch: 3, Steps: 226 | Train Loss: 0.7147061 Vali Loss: 0.3428841 Test Loss: 0.5840414
Validation loss decreased (0.345851 --> 0.342884).  Saving model ...
	iters: 100, epoch: 4 | loss: 0.6991889
	speed: 0.7580s/iter; left time: 16541.4385s
	iters: 200, epoch: 4 | loss: 0.6461530
	speed: 0.7376s/iter; left time: 16022.7483s
Epoch: 4 cost time: 169.0203251838684
Epoch: 4, Steps: 226 | Train Loss: 0.7071764 Vali Loss: 0.3721179 Test Loss: 0.5850288
EarlyStopping counter: 1 out of 3
Updating learning rate to 2.5e-06
	iters: 100, epoch: 5 | loss: 0.8035046
	speed: 0.7478s/iter; left time: 16149.9989s
	iters: 200, epoch: 5 | loss: 0.6930339
	speed: 0.7202s/iter; left time: 15482.2857s
Epoch: 5 cost time: 165.82874298095703
Epoch: 5, Steps: 226 | Train Loss: 0.6978094 Vali Loss: 0.3868047 Test Loss: 0.5707780
EarlyStopping counter: 2 out of 3
	iters: 100, epoch: 6 | loss: 0.7334103
	speed: 0.7169s/iter; left time: 15320.6427s
	iters: 200, epoch: 6 | loss: 0.6353828
	speed: 0.7343s/iter; left time: 15619.1837s
Epoch: 6 cost time: 163.88893103599548
Epoch: 6, Steps: 226 | Train Loss: 0.6949445 Vali Loss: 0.3595944 Test Loss: 0.5671258
EarlyStopping counter: 3 out of 3
Early stopping
>>>>>>>testing : iformer_m1999m_il360_ol480_sl12,8,6,4,3_dm256_nh4_el3_itr0<<<<<<<<<<<<<<<<<<<<<<<<<<<<<<<<<
test 1825
mse:0.5827118754386902, mae:0.4379088878631592
