Args in experiment:
Namespace(model='iformer', data='m1999m', root_path='./datasets/', data_path='m1999m.csv', data_split=[0.7, 0.1, 0.2], checkpoints='./checkpoints/', in_len=360, out_len=600, seg_lens='12,8,6,4,3', data_dim=5, d_model=256, d_ff=512, n_heads=4, a_layers=3, dropout=0.4, baseline=False, fc_dropout=0.05, head_dropout=0.0, patch_len=64, stride=8, padding_patch='end', revin=1, affine=0, subtract_last=0, decomposition=0, kernel_size=25, individual=0, freq='m', embed_type=0, enc_in=7, dec_in=7, c_out=7, e_layers=2, d_layers=1, moving_avg=25, factor=1, distil=True, embed='timeF', activation='gelu', output_attention=False, do_predict=False, num_workers=0, batch_size=32, train_epochs=100, patience=3, learning_rate=1e-05, lradj='type1', itr=1, save_pred=False, use_gpu=True, gpu=1, use_multi_gpu=False, devices='0,1')
Use GPU: cuda:1
>>>>>>>start training : iformer_m1999m_il360_ol600_sl12,8,6,4,3_dm256_nh4_el3_itr0>>>>>>>>>>>>>>>>>>>>>>>>>>
train 7104
val 554
test 1705
	iters: 100, epoch: 1 | loss: 0.6738781
	speed: 0.5564s/iter; left time: 12297.8165s
	iters: 200, epoch: 1 | loss: 0.8206758
	speed: 0.5203s/iter; left time: 11447.6471s
Epoch: 1 cost time: 120.01812076568604
Epoch: 1, Steps: 222 | Train Loss: 0.8125388 Vali Loss: 0.3700365 Test Loss: 0.6781138
Validation loss decreased (inf --> 0.370037).  Saving model ...
	iters: 100, epoch: 2 | loss: 0.6595446
	speed: 0.5346s/iter; left time: 11696.3081s
	iters: 200, epoch: 2 | loss: 0.7424118
	speed: 0.5154s/iter; left time: 11225.8760s
Epoch: 2 cost time: 117.42006468772888
Epoch: 2, Steps: 222 | Train Loss: 0.7565399 Vali Loss: 0.3813113 Test Loss: 0.6532749
EarlyStopping counter: 1 out of 3
Updating learning rate to 5e-06
	iters: 100, epoch: 3 | loss: 0.7174377
	speed: 0.5150s/iter; left time: 11152.4576s
	iters: 200, epoch: 3 | loss: 0.7319668
	speed: 0.5302s/iter; left time: 11428.5249s
Epoch: 3 cost time: 116.48655581474304
Epoch: 3, Steps: 222 | Train Loss: 0.7101851 Vali Loss: 0.3628499 Test Loss: 0.6293532
Validation loss decreased (0.370037 --> 0.362850).  Saving model ...
	iters: 100, epoch: 4 | loss: 0.6721421
	speed: 0.5223s/iter; left time: 11196.1240s
	iters: 200, epoch: 4 | loss: 0.6355082
	speed: 0.5325s/iter; left time: 11361.4827s
Epoch: 4 cost time: 117.3123939037323
Epoch: 4, Steps: 222 | Train Loss: 0.6823853 Vali Loss: 0.3721625 Test Loss: 0.6369100
EarlyStopping counter: 1 out of 3
Updating learning rate to 2.5e-06
	iters: 100, epoch: 5 | loss: 0.5879637
	speed: 0.5330s/iter; left time: 11307.3845s
	iters: 200, epoch: 5 | loss: 0.6773000
	speed: 0.5387s/iter; left time: 11374.1071s
Epoch: 5 cost time: 119.43559241294861
Epoch: 5, Steps: 222 | Train Loss: 0.6595500 Vali Loss: 0.3830981 Test Loss: 0.6252935
EarlyStopping counter: 2 out of 3
	iters: 100, epoch: 6 | loss: 0.6362402
	speed: 0.5141s/iter; left time: 10792.0848s
	iters: 200, epoch: 6 | loss: 0.6783732
	speed: 0.5222s/iter; left time: 10910.0491s
Epoch: 6 cost time: 115.14433789253235
Epoch: 6, Steps: 222 | Train Loss: 0.6504519 Vali Loss: 0.3904189 Test Loss: 0.6376586
EarlyStopping counter: 3 out of 3
Early stopping
>>>>>>>testing : iformer_m1999m_il360_ol600_sl12,8,6,4,3_dm256_nh4_el3_itr0<<<<<<<<<<<<<<<<<<<<<<<<<<<<<<<<<
test 1705
mse:0.6303570866584778, mae:0.490785151720047
