Args in experiment:
Namespace(model='iformer', data='m1999m', root_path='./datasets/', data_path='m1999m.csv', data_split=[0.7, 0.1, 0.2], checkpoints='./checkpoints/', in_len=360, out_len=30, seg_lens='120,60,36,24,12', data_dim=5, d_model=256, d_ff=512, n_heads=4, a_layers=3, dropout=0.4, baseline=False, fc_dropout=0.05, head_dropout=0.0, patch_len=64, stride=8, padding_patch='end', revin=1, affine=0, subtract_last=0, decomposition=0, kernel_size=25, individual=0, freq='m', embed_type=0, enc_in=7, dec_in=7, c_out=7, e_layers=2, d_layers=1, moving_avg=25, factor=1, distil=True, embed='timeF', activation='gelu', output_attention=False, do_predict=False, num_workers=0, batch_size=32, train_epochs=100, patience=3, learning_rate=0.0001, lradj='type1', itr=1, save_pred=False, use_gpu=True, gpu=1, use_multi_gpu=False, devices='0,1')
Use GPU: cuda:1
>>>>>>>start training : iformer_m1999m_il360_ol30_sl120,60,36,24,12_dm256_nh4_el3_itr0>>>>>>>>>>>>>>>>>>>>>>>>>>
train 7674
val 1124
test 2275
	iters: 100, epoch: 1 | loss: 0.3519211
	speed: 0.1788s/iter; left time: 4274.1722s
	iters: 200, epoch: 1 | loss: 0.3757073
	speed: 0.1359s/iter; left time: 3235.5996s
Epoch: 1 cost time: 37.2819242477417
Epoch: 1, Steps: 240 | Train Loss: 0.4001003 Vali Loss: 0.2762071 Test Loss: 0.3581844
Validation loss decreased (inf --> 0.276207).  Saving model ...
	iters: 100, epoch: 2 | loss: 0.3208968
	speed: 0.1372s/iter; left time: 3246.8670s
	iters: 200, epoch: 2 | loss: 0.3239805
	speed: 0.1352s/iter; left time: 3184.9656s
Epoch: 2 cost time: 32.02984619140625
Epoch: 2, Steps: 240 | Train Loss: 0.3459398 Vali Loss: 0.2511083 Test Loss: 0.3248163
Validation loss decreased (0.276207 --> 0.251108).  Saving model ...
Updating learning rate to 5e-05
	iters: 100, epoch: 3 | loss: 0.3167009
	speed: 0.1370s/iter; left time: 3208.4484s
	iters: 200, epoch: 3 | loss: 0.2294409
	speed: 0.1334s/iter; left time: 3110.6611s
Epoch: 3 cost time: 32.038047313690186
Epoch: 3, Steps: 240 | Train Loss: 0.3085745 Vali Loss: 0.2607177 Test Loss: 0.3415416
EarlyStopping counter: 1 out of 3
	iters: 100, epoch: 4 | loss: 0.2640559
	speed: 0.1326s/iter; left time: 3074.3236s
	iters: 200, epoch: 4 | loss: 0.1850388
	speed: 0.1340s/iter; left time: 3092.9381s
Epoch: 4 cost time: 32.340601444244385
Epoch: 4, Steps: 240 | Train Loss: 0.2781896 Vali Loss: 0.2725643 Test Loss: 0.3621494
EarlyStopping counter: 2 out of 3
Updating learning rate to 2.5e-05
	iters: 100, epoch: 5 | loss: 0.2887295
	speed: 0.1341s/iter; left time: 3075.6025s
	iters: 200, epoch: 5 | loss: 0.2245657
	speed: 0.1353s/iter; left time: 3090.2399s
Epoch: 5 cost time: 32.745243310928345
Epoch: 5, Steps: 240 | Train Loss: 0.2488086 Vali Loss: 0.2744224 Test Loss: 0.3636290
EarlyStopping counter: 3 out of 3
Early stopping
>>>>>>>testing : iformer_m1999m_il360_ol30_sl120,60,36,24,12_dm256_nh4_el3_itr0<<<<<<<<<<<<<<<<<<<<<<<<<<<<<<<<<
test 2275
mse:0.32500535249710083, mae:0.2810554504394531
