Args in experiment:
Namespace(model='iformer', data='m1999m', root_path='./datasets/', data_path='m1999m.csv', data_split=[0.7, 0.1, 0.2], checkpoints='./checkpoints/', in_len=360, out_len=60, seg_lens='60,36,24,18,12,6', data_dim=5, d_model=256, d_ff=512, n_heads=4, a_layers=3, dropout=0.4, baseline=False, fc_dropout=0.05, head_dropout=0.0, patch_len=64, stride=8, padding_patch='end', revin=1, affine=0, subtract_last=0, decomposition=0, kernel_size=25, individual=0, freq='m', embed_type=0, enc_in=7, dec_in=7, c_out=7, e_layers=2, d_layers=1, moving_avg=25, factor=1, distil=True, embed='timeF', activation='gelu', output_attention=False, do_predict=False, num_workers=0, batch_size=32, train_epochs=100, patience=3, learning_rate=0.0001, lradj='type1', itr=1, save_pred=False, use_gpu=True, gpu=1, use_multi_gpu=False, devices='0,1')
Use GPU: cuda:1
>>>>>>>start training : iformer_m1999m_il360_ol60_sl60,36,24,18,12,6_dm256_nh4_el3_itr0>>>>>>>>>>>>>>>>>>>>>>>>>>
train 7644
val 1094
test 2245
	iters: 100, epoch: 1 | loss: 0.4987860
	speed: 0.2344s/iter; left time: 5579.7642s
	iters: 200, epoch: 1 | loss: 0.4228224
	speed: 0.2006s/iter; left time: 4754.5630s
Epoch: 1 cost time: 51.15323495864868
Epoch: 1, Steps: 239 | Train Loss: 0.4646632 Vali Loss: 0.3260222 Test Loss: 0.4264743
Validation loss decreased (inf --> 0.326022).  Saving model ...
	iters: 100, epoch: 2 | loss: 0.4274227
	speed: 0.1914s/iter; left time: 4508.6612s
	iters: 200, epoch: 2 | loss: 0.4542267
	speed: 0.1844s/iter; left time: 4325.6369s
Epoch: 2 cost time: 45.53484559059143
Epoch: 2, Steps: 239 | Train Loss: 0.3930079 Vali Loss: 0.2976007 Test Loss: 0.4098356
Validation loss decreased (0.326022 --> 0.297601).  Saving model ...
Updating learning rate to 5e-05
	iters: 100, epoch: 3 | loss: 0.3976266
	speed: 0.2050s/iter; left time: 4780.4440s
	iters: 200, epoch: 3 | loss: 0.3607175
	speed: 0.2076s/iter; left time: 4820.1488s
Epoch: 3 cost time: 49.29349207878113
Epoch: 3, Steps: 239 | Train Loss: 0.3411223 Vali Loss: 0.2987134 Test Loss: 0.4160141
EarlyStopping counter: 1 out of 3
	iters: 100, epoch: 4 | loss: 0.3240100
	speed: 0.2033s/iter; left time: 4692.9350s
	iters: 200, epoch: 4 | loss: 0.2434787
	speed: 0.2207s/iter; left time: 5073.2832s
Epoch: 4 cost time: 50.515905141830444
Epoch: 4, Steps: 239 | Train Loss: 0.3071084 Vali Loss: 0.3072618 Test Loss: 0.4424632
EarlyStopping counter: 2 out of 3
Updating learning rate to 2.5e-05
	iters: 100, epoch: 5 | loss: 0.3252335
	speed: 0.2081s/iter; left time: 4754.2491s
	iters: 200, epoch: 5 | loss: 0.2114948
	speed: 0.2026s/iter; left time: 4607.7651s
Epoch: 5 cost time: 48.90364193916321
Epoch: 5, Steps: 239 | Train Loss: 0.2787540 Vali Loss: 0.3051596 Test Loss: 0.4499273
EarlyStopping counter: 3 out of 3
Early stopping
>>>>>>>testing : iformer_m1999m_il360_ol60_sl60,36,24,18,12,6_dm256_nh4_el3_itr0<<<<<<<<<<<<<<<<<<<<<<<<<<<<<<<<<
test 2245
mse:0.377610445022583, mae:0.3177263140678406
