Args in experiment:
Namespace(model='iformer', data='m1999m', root_path='./datasets/', data_path='m1999m.csv', data_split=[0.7, 0.1, 0.2], checkpoints='./checkpoints/', in_len=360, out_len=90, seg_lens='60,36,24,12,8,4', data_dim=5, d_model=256, d_ff=512, n_heads=4, a_layers=3, dropout=0.4, baseline=False, fc_dropout=0.05, head_dropout=0.0, patch_len=64, stride=8, padding_patch='end', revin=1, affine=0, subtract_last=0, decomposition=0, kernel_size=25, individual=0, freq='m', embed_type=0, enc_in=7, dec_in=7, c_out=7, e_layers=2, d_layers=1, moving_avg=25, factor=1, distil=True, embed='timeF', activation='gelu', output_attention=False, do_predict=False, num_workers=0, batch_size=32, train_epochs=100, patience=3, learning_rate=0.0001, lradj='type1', itr=1, save_pred=False, use_gpu=True, gpu=1, use_multi_gpu=False, devices='0,1')
Use GPU: cuda:1
>>>>>>>start training : iformer_m1999m_il360_ol90_sl60,36,24,12,8,4_dm256_nh4_el3_itr0>>>>>>>>>>>>>>>>>>>>>>>>>>
train 7614
val 1064
test 2215
	iters: 100, epoch: 1 | loss: 0.4314308
	speed: 0.2884s/iter; left time: 6834.3870s
	iters: 200, epoch: 1 | loss: 0.4500646
	speed: 0.2400s/iter; left time: 5663.5123s
Epoch: 1 cost time: 61.36417889595032
Epoch: 1, Steps: 238 | Train Loss: 0.5165587 Vali Loss: 0.3136594 Test Loss: 0.4097092
Validation loss decreased (inf --> 0.313659).  Saving model ...
	iters: 100, epoch: 2 | loss: 0.3379961
	speed: 0.2594s/iter; left time: 6087.3020s
	iters: 200, epoch: 2 | loss: 0.4384519
	speed: 0.2666s/iter; left time: 6229.3988s
Epoch: 2 cost time: 62.949893951416016
Epoch: 2, Steps: 238 | Train Loss: 0.4222020 Vali Loss: 0.3253726 Test Loss: 0.4324917
EarlyStopping counter: 1 out of 3
Updating learning rate to 5e-05
	iters: 100, epoch: 3 | loss: 0.4215584
	speed: 0.2665s/iter; left time: 6189.2561s
	iters: 200, epoch: 3 | loss: 0.3425941
	speed: 0.2656s/iter; left time: 6142.8290s
Epoch: 3 cost time: 63.65187168121338
Epoch: 3, Steps: 238 | Train Loss: 0.3522395 Vali Loss: 0.3121420 Test Loss: 0.4302837
Validation loss decreased (0.313659 --> 0.312142).  Saving model ...
	iters: 100, epoch: 4 | loss: 0.2716684
	speed: 0.2568s/iter; left time: 5903.0345s
	iters: 200, epoch: 4 | loss: 0.3748576
	speed: 0.2536s/iter; left time: 5804.2790s
Epoch: 4 cost time: 61.04071092605591
Epoch: 4, Steps: 238 | Train Loss: 0.3175170 Vali Loss: 0.3384236 Test Loss: 0.4446740
EarlyStopping counter: 1 out of 3
Updating learning rate to 2.5e-05
	iters: 100, epoch: 5 | loss: 0.3473446
	speed: 0.2491s/iter; left time: 5665.9988s
	iters: 200, epoch: 5 | loss: 0.2330382
	speed: 0.2454s/iter; left time: 5558.2664s
Epoch: 5 cost time: 59.4747269153595
Epoch: 5, Steps: 238 | Train Loss: 0.2874442 Vali Loss: 0.3558423 Test Loss: 0.4757001
EarlyStopping counter: 2 out of 3
	iters: 100, epoch: 6 | loss: 0.3174815
	speed: 0.2613s/iter; left time: 5881.8592s
	iters: 200, epoch: 6 | loss: 0.3053150
	speed: 0.2580s/iter; left time: 5781.5814s
Epoch: 6 cost time: 61.809086084365845
Epoch: 6, Steps: 238 | Train Loss: 0.2749910 Vali Loss: 0.3733643 Test Loss: 0.5009457
EarlyStopping counter: 3 out of 3
Early stopping
>>>>>>>testing : iformer_m1999m_il360_ol90_sl60,36,24,12,8,4_dm256_nh4_el3_itr0<<<<<<<<<<<<<<<<<<<<<<<<<<<<<<<<<
test 2215
mse:0.4120522737503052, mae:0.3451104462146759
