Args in experiment:
Namespace(model='iformer', data='m1999m', root_path='./datasets/', data_path='m1999m.csv', data_split=[0.7, 0.1, 0.2], checkpoints='./checkpoints/', in_len=360, out_len=720, seg_lens='12,8,6,4,3', data_dim=5, d_model=256, d_ff=512, n_heads=4, a_layers=3, dropout=0.4, baseline=False, fc_dropout=0.05, head_dropout=0.0, patch_len=64, stride=8, padding_patch='end', revin=1, affine=0, subtract_last=0, decomposition=0, kernel_size=25, individual=0, freq='m', embed_type=0, enc_in=7, dec_in=7, c_out=7, e_layers=2, d_layers=1, moving_avg=25, factor=1, distil=True, embed='timeF', activation='gelu', output_attention=False, do_predict=False, num_workers=0, batch_size=32, train_epochs=100, patience=3, learning_rate=1e-05, lradj='type1', itr=1, save_pred=False, use_gpu=True, gpu=1, use_multi_gpu=False, devices='0,1')
Use GPU: cuda:1
>>>>>>>start training : iformer_m1999m_il360_ol720_sl12,8,6,4,3_dm256_nh4_el3_itr0>>>>>>>>>>>>>>>>>>>>>>>>>>
train 6984
val 434
test 1585
	iters: 100, epoch: 1 | loss: 0.7517072
	speed: 0.7881s/iter; left time: 17181.6147s
	iters: 200, epoch: 1 | loss: 0.8604582
	speed: 0.7837s/iter; left time: 17007.9781s
Epoch: 1 cost time: 171.0942258834839
Epoch: 1, Steps: 219 | Train Loss: 0.8303451 Vali Loss: 0.3683441 Test Loss: 0.6799978
Validation loss decreased (inf --> 0.368344).  Saving model ...
	iters: 100, epoch: 2 | loss: 0.7398109
	speed: 0.6555s/iter; left time: 14146.1162s
	iters: 200, epoch: 2 | loss: 0.8167768
	speed: 0.6085s/iter; left time: 13070.9401s
Epoch: 2 cost time: 139.1373941898346
Epoch: 2, Steps: 219 | Train Loss: 0.7927293 Vali Loss: 0.3682926 Test Loss: 0.6692411
Validation loss decreased (0.368344 --> 0.368293).  Saving model ...
Updating learning rate to 5e-06
	iters: 100, epoch: 3 | loss: 0.6998889
	speed: 0.6436s/iter; left time: 13748.8436s
	iters: 200, epoch: 3 | loss: 0.7559928
	speed: 0.6542s/iter; left time: 13910.5885s
Epoch: 3 cost time: 142.3472056388855
Epoch: 3, Steps: 219 | Train Loss: 0.7717409 Vali Loss: 0.3516809 Test Loss: 0.6684643
Validation loss decreased (0.368293 --> 0.351681).  Saving model ...
	iters: 100, epoch: 4 | loss: 0.7616191
	speed: 0.6246s/iter; left time: 13206.8041s
	iters: 200, epoch: 4 | loss: 0.7951540
	speed: 0.6321s/iter; left time: 13301.2491s
Epoch: 4 cost time: 136.67500233650208
Epoch: 4, Steps: 219 | Train Loss: 0.7617875 Vali Loss: 0.3512888 Test Loss: 0.6608571
Validation loss decreased (0.351681 --> 0.351289).  Saving model ...
Updating learning rate to 2.5e-06
	iters: 100, epoch: 5 | loss: 0.6563635
	speed: 0.6124s/iter; left time: 12815.1387s
	iters: 200, epoch: 5 | loss: 0.7620080
	speed: 0.6100s/iter; left time: 12702.3263s
Epoch: 5 cost time: 133.6121425628662
Epoch: 5, Steps: 219 | Train Loss: 0.7509507 Vali Loss: 0.3531680 Test Loss: 0.6528105
EarlyStopping counter: 1 out of 3
	iters: 100, epoch: 6 | loss: 0.7888101
	speed: 0.6038s/iter; left time: 12502.9241s
	iters: 200, epoch: 6 | loss: 0.6939873
	speed: 0.5981s/iter; left time: 12324.0880s
Epoch: 6 cost time: 130.10345697402954
Epoch: 6, Steps: 219 | Train Loss: 0.7462679 Vali Loss: 0.3443392 Test Loss: 0.6518638
Validation loss decreased (0.351289 --> 0.344339).  Saving model ...
Updating learning rate to 1.25e-06
	iters: 100, epoch: 7 | loss: 0.8002055
	speed: 0.6000s/iter; left time: 12293.0865s
	iters: 200, epoch: 7 | loss: 0.7513903
	speed: 0.5905s/iter; left time: 12039.3374s
Epoch: 7 cost time: 130.0302746295929
Epoch: 7, Steps: 219 | Train Loss: 0.7397920 Vali Loss: 0.3464014 Test Loss: 0.6501320
EarlyStopping counter: 1 out of 3
	iters: 100, epoch: 8 | loss: 0.7118565
	speed: 0.6133s/iter; left time: 12431.0843s
	iters: 200, epoch: 8 | loss: 0.8457582
	speed: 0.6048s/iter; left time: 12197.7093s
Epoch: 8 cost time: 133.49887108802795
Epoch: 8, Steps: 219 | Train Loss: 0.7368417 Vali Loss: 0.3472882 Test Loss: 0.6498120
EarlyStopping counter: 2 out of 3
Updating learning rate to 6.25e-07
	iters: 100, epoch: 9 | loss: 0.7156169
	speed: 0.4570s/iter; left time: 9163.1179s
	iters: 200, epoch: 9 | loss: 0.7022651
	speed: 0.4501s/iter; left time: 8978.3276s
Epoch: 9 cost time: 100.4435966014862
Epoch: 9, Steps: 219 | Train Loss: 0.7340349 Vali Loss: 0.3501629 Test Loss: 0.6455465
EarlyStopping counter: 3 out of 3
Early stopping
>>>>>>>testing : iformer_m1999m_il360_ol720_sl12,8,6,4,3_dm256_nh4_el3_itr0<<<<<<<<<<<<<<<<<<<<<<<<<<<<<<<<<
test 1585
mse:0.6501966714859009, mae:0.4800267219543457
