Args in experiment:
Namespace(model='patchtst', data='m1999m', root_path='./datasets/', data_path='m1999m.csv', data_split=[0.7, 0.1, 0.2], checkpoints='./checkpoints/', in_len=360, out_len=600, seg_lens='64', data_dim=5, d_model=256, d_ff=512, n_heads=4, a_layers=3, dropout=0.2, baseline='True', fc_dropout=0.05, head_dropout=0.0, patch_len=12, stride=8, padding_patch='end', revin=1, affine=0, subtract_last=0, decomposition=0, kernel_size=25, individual=0, freq='m', embed_type=0, enc_in=7, dec_in=7, c_out=7, e_layers=2, d_layers=1, moving_avg=25, factor=1, distil=True, embed='timeF', activation='gelu', output_attention=False, do_predict=False, num_workers=0, batch_size=32, train_epochs=100, patience=3, learning_rate=1e-05, lradj='type1', itr=1, save_pred=False, use_gpu=True, gpu=1, use_multi_gpu=False, devices='0,1')
Use GPU: cuda:1
>>>>>>>start training : patchtst_m1999m_il360_ol600_sl64_dm256_nh4_el3_itr0>>>>>>>>>>>>>>>>>>>>>>>>>>
train 7104
val 554
test 1705
	iters: 100, epoch: 1 | loss: 0.8553705
	speed: 0.1865s/iter; left time: 4122.2916s
	iters: 200, epoch: 1 | loss: 0.8683270
	speed: 0.1330s/iter; left time: 2926.8314s
Epoch: 1 cost time: 34.48977756500244
Epoch: 1, Steps: 222 | Train Loss: 0.8600948 Vali Loss: 0.3817003 Test Loss: 0.6917444
Validation loss decreased (inf --> 0.381700).  Saving model ...
	iters: 100, epoch: 2 | loss: 0.7917452
	speed: 0.1012s/iter; left time: 2213.5241s
	iters: 200, epoch: 2 | loss: 0.8066038
	speed: 0.1131s/iter; left time: 2462.8744s
Epoch: 2 cost time: 23.7770094871521
Epoch: 2, Steps: 222 | Train Loss: 0.7756984 Vali Loss: 0.3727062 Test Loss: 0.6772349
Validation loss decreased (0.381700 --> 0.372706).  Saving model ...
Updating learning rate to 5e-06
	iters: 100, epoch: 3 | loss: 0.7405018
	speed: 0.1133s/iter; left time: 2453.0243s
	iters: 200, epoch: 3 | loss: 0.8188602
	speed: 0.1332s/iter; left time: 2872.2837s
Epoch: 3 cost time: 27.33807349205017
Epoch: 3, Steps: 222 | Train Loss: 0.7594868 Vali Loss: 0.3760752 Test Loss: 0.6687826
EarlyStopping counter: 1 out of 3
	iters: 100, epoch: 4 | loss: 0.6668325
	speed: 0.1171s/iter; left time: 2510.0439s
	iters: 200, epoch: 4 | loss: 0.7362558
	speed: 0.1231s/iter; left time: 2627.2692s
Epoch: 4 cost time: 26.228836059570312
Epoch: 4, Steps: 222 | Train Loss: 0.7521384 Vali Loss: 0.3749551 Test Loss: 0.6628339
EarlyStopping counter: 2 out of 3
Updating learning rate to 2.5e-06
	iters: 100, epoch: 5 | loss: 0.6696380
	speed: 0.0921s/iter; left time: 1953.3796s
	iters: 200, epoch: 5 | loss: 0.6377239
	speed: 0.1000s/iter; left time: 2110.9725s
Epoch: 5 cost time: 21.64978289604187
Epoch: 5, Steps: 222 | Train Loss: 0.7470074 Vali Loss: 0.3716273 Test Loss: 0.6607667
Validation loss decreased (0.372706 --> 0.371627).  Saving model ...
	iters: 100, epoch: 6 | loss: 0.8005688
	speed: 0.1503s/iter; left time: 3154.5587s
	iters: 200, epoch: 6 | loss: 0.8806974
	speed: 0.1091s/iter; left time: 2279.7254s
Epoch: 6 cost time: 28.327714920043945
Epoch: 6, Steps: 222 | Train Loss: 0.7440189 Vali Loss: 0.3715292 Test Loss: 0.6578727
Validation loss decreased (0.371627 --> 0.371529).  Saving model ...
Updating learning rate to 1.25e-06
	iters: 100, epoch: 7 | loss: 0.7612900
	speed: 0.1094s/iter; left time: 2272.7100s
	iters: 200, epoch: 7 | loss: 0.7078398
	speed: 0.0981s/iter; left time: 2026.8943s
Epoch: 7 cost time: 23.22867178916931
Epoch: 7, Steps: 222 | Train Loss: 0.7409225 Vali Loss: 0.3689031 Test Loss: 0.6557661
Validation loss decreased (0.371529 --> 0.368903).  Saving model ...
	iters: 100, epoch: 8 | loss: 0.7618011
	speed: 0.1290s/iter; left time: 2649.7609s
	iters: 200, epoch: 8 | loss: 0.7475625
	speed: 0.1462s/iter; left time: 2988.4813s
Epoch: 8 cost time: 30.53448486328125
Epoch: 8, Steps: 222 | Train Loss: 0.7387086 Vali Loss: 0.3654905 Test Loss: 0.6536872
Validation loss decreased (0.368903 --> 0.365491).  Saving model ...
Updating learning rate to 6.25e-07
	iters: 100, epoch: 9 | loss: 0.8642088
	speed: 0.0818s/iter; left time: 1662.9310s
	iters: 200, epoch: 9 | loss: 0.7780635
	speed: 0.0956s/iter; left time: 1932.6087s
Epoch: 9 cost time: 19.702719926834106
Epoch: 9, Steps: 222 | Train Loss: 0.7366848 Vali Loss: 0.3665405 Test Loss: 0.6529541
EarlyStopping counter: 1 out of 3
	iters: 100, epoch: 10 | loss: 0.6617824
	speed: 0.1222s/iter; left time: 2457.1527s
	iters: 200, epoch: 10 | loss: 0.7224343
	speed: 0.1471s/iter; left time: 2942.2926s
Epoch: 10 cost time: 30.27639389038086
Epoch: 10, Steps: 222 | Train Loss: 0.7358341 Vali Loss: 0.3674144 Test Loss: 0.6519707
EarlyStopping counter: 2 out of 3
Updating learning rate to 3.125e-07
	iters: 100, epoch: 11 | loss: 0.7411296
	speed: 0.0963s/iter; left time: 1914.1960s
	iters: 200, epoch: 11 | loss: 0.7150307
	speed: 0.1123s/iter; left time: 2222.3551s
Epoch: 11 cost time: 22.792901039123535
Epoch: 11, Steps: 222 | Train Loss: 0.7344427 Vali Loss: 0.3674592 Test Loss: 0.6515708
EarlyStopping counter: 3 out of 3
Early stopping
>>>>>>>testing : patchtst_m1999m_il360_ol600_sl64_dm256_nh4_el3_itr0<<<<<<<<<<<<<<<<<<<<<<<<<<<<<<<<<
test 1705
mse:0.6549190282821655, mae:0.5313655138015747
