Args in experiment:
Namespace(model='patchtst', data='m1999m', root_path='./datasets/', data_path='m1999m.csv', data_split=[0.7, 0.1, 0.2], checkpoints='./checkpoints/', in_len=360, out_len=90, seg_lens='64', data_dim=5, d_model=256, d_ff=512, n_heads=4, a_layers=3, dropout=0.2, baseline='True', fc_dropout=0.05, head_dropout=0.0, patch_len=12, stride=8, padding_patch='end', revin=1, affine=0, subtract_last=0, decomposition=0, kernel_size=25, individual=0, freq='m', embed_type=0, enc_in=7, dec_in=7, c_out=7, e_layers=2, d_layers=1, moving_avg=25, factor=1, distil=True, embed='timeF', activation='gelu', output_attention=False, do_predict=False, num_workers=0, batch_size=32, train_epochs=100, patience=3, learning_rate=0.0001, lradj='type1', itr=1, save_pred=False, use_gpu=True, gpu=1, use_multi_gpu=False, devices='0,1')
Use GPU: cuda:1
>>>>>>>start training : patchtst_m1999m_il360_ol90_sl64_dm256_nh4_el3_itr0>>>>>>>>>>>>>>>>>>>>>>>>>>
train 7614
val 1064
test 2215
	iters: 100, epoch: 1 | loss: 0.3812574
	speed: 0.1388s/iter; left time: 3289.7670s
	iters: 200, epoch: 1 | loss: 0.4424228
	speed: 0.0798s/iter; left time: 1882.1988s
Epoch: 1 cost time: 24.969161987304688
Epoch: 1, Steps: 238 | Train Loss: 0.4737885 Vali Loss: 0.3051290 Test Loss: 0.4093075
Validation loss decreased (inf --> 0.305129).  Saving model ...
	iters: 100, epoch: 2 | loss: 0.4395925
	speed: 0.0737s/iter; left time: 1729.6543s
	iters: 200, epoch: 2 | loss: 0.5691096
	speed: 0.0756s/iter; left time: 1765.1104s
Epoch: 2 cost time: 17.855677843093872
Epoch: 2, Steps: 238 | Train Loss: 0.4257841 Vali Loss: 0.3031615 Test Loss: 0.4076047
Validation loss decreased (0.305129 --> 0.303162).  Saving model ...
Updating learning rate to 5e-05
	iters: 100, epoch: 3 | loss: 0.4196750
	speed: 0.0757s/iter; left time: 1758.1098s
	iters: 200, epoch: 3 | loss: 0.3310069
	speed: 0.0684s/iter; left time: 1580.6065s
Epoch: 3 cost time: 17.241300106048584
Epoch: 3, Steps: 238 | Train Loss: 0.4056678 Vali Loss: 0.3075195 Test Loss: 0.4082976
EarlyStopping counter: 1 out of 3
	iters: 100, epoch: 4 | loss: 0.4222109
	speed: 0.0663s/iter; left time: 1524.1705s
	iters: 200, epoch: 4 | loss: 0.3657979
	speed: 0.0493s/iter; left time: 1128.2876s
Epoch: 4 cost time: 13.372894525527954
Epoch: 4, Steps: 238 | Train Loss: 0.3956061 Vali Loss: 0.3169601 Test Loss: 0.4148642
EarlyStopping counter: 2 out of 3
Updating learning rate to 2.5e-05
	iters: 100, epoch: 5 | loss: 0.3608164
	speed: 0.0675s/iter; left time: 1535.7298s
	iters: 200, epoch: 5 | loss: 0.4050905
	speed: 0.0739s/iter; left time: 1673.5331s
Epoch: 5 cost time: 16.69175910949707
Epoch: 5, Steps: 238 | Train Loss: 0.3841626 Vali Loss: 0.3260692 Test Loss: 0.4237730
EarlyStopping counter: 3 out of 3
Early stopping
>>>>>>>testing : patchtst_m1999m_il360_ol90_sl64_dm256_nh4_el3_itr0<<<<<<<<<<<<<<<<<<<<<<<<<<<<<<<<<
test 2215
mse:0.3887344300746918, mae:0.3319675028324127
