Args in experiment:
Namespace(model='patchtst', data='m1999m', root_path='./datasets/', data_path='m1999m.csv', data_split=[0.7, 0.1, 0.2], checkpoints='./checkpoints/', in_len=360, out_len=180, seg_lens='12', data_dim=5, d_model=256, d_ff=512, n_heads=4, a_layers=3, dropout=0.2, baseline='True', fc_dropout=0.05, head_dropout=0.0, patch_len=64, stride=8, padding_patch='end', revin=1, affine=0, subtract_last=0, decomposition=0, kernel_size=25, individual=0, freq='m', embed_type=0, enc_in=7, dec_in=7, c_out=7, e_layers=2, d_layers=1, moving_avg=25, factor=1, distil=True, embed='timeF', activation='gelu', output_attention=False, do_predict=False, num_workers=0, batch_size=32, train_epochs=100, patience=3, learning_rate=0.0001, lradj='type1', itr=1, save_pred=False, use_gpu=True, gpu=1, use_multi_gpu=False, devices='0,1')
Use GPU: cuda:1
>>>>>>>start training : patchtst_m1999m_il360_ol180_sl12_dm256_nh4_el3_itr0>>>>>>>>>>>>>>>>>>>>>>>>>>
train 7524
val 974
test 2125
	iters: 100, epoch: 1 | loss: 0.5295869
	speed: 0.1322s/iter; left time: 3105.6858s
	iters: 200, epoch: 1 | loss: 0.4865788
	speed: 0.0736s/iter; left time: 1721.8501s
Epoch: 1 cost time: 22.93039321899414
Epoch: 1, Steps: 236 | Train Loss: 0.5443951 Vali Loss: 0.3759812 Test Loss: 0.4349801
Validation loss decreased (inf --> 0.375981).  Saving model ...
	iters: 100, epoch: 2 | loss: 0.3977301
	speed: 0.0778s/iter; left time: 1810.3938s
	iters: 200, epoch: 2 | loss: 0.3857383
	speed: 0.0756s/iter; left time: 1750.8176s
Epoch: 2 cost time: 17.841909170150757
Epoch: 2, Steps: 236 | Train Loss: 0.4684996 Vali Loss: 0.4115154 Test Loss: 0.4382766
EarlyStopping counter: 1 out of 3
Updating learning rate to 5e-05
	iters: 100, epoch: 3 | loss: 0.4810650
	speed: 0.0645s/iter; left time: 1485.1426s
	iters: 200, epoch: 3 | loss: 0.4633902
	speed: 0.0741s/iter; left time: 1698.9635s
Epoch: 3 cost time: 16.973768711090088
Epoch: 3, Steps: 236 | Train Loss: 0.4239116 Vali Loss: 0.4196364 Test Loss: 0.4320767
EarlyStopping counter: 2 out of 3
	iters: 100, epoch: 4 | loss: 0.4478249
	speed: 0.0811s/iter; left time: 1849.5309s
	iters: 200, epoch: 4 | loss: 0.4883065
	speed: 0.0805s/iter; left time: 1827.6272s
Epoch: 4 cost time: 19.23797583580017
Epoch: 4, Steps: 236 | Train Loss: 0.4046214 Vali Loss: 0.4621384 Test Loss: 0.4401044
EarlyStopping counter: 3 out of 3
Early stopping
>>>>>>>testing : patchtst_m1999m_il360_ol180_sl12_dm256_nh4_el3_itr0<<<<<<<<<<<<<<<<<<<<<<<<<<<<<<<<<
test 2125
mse:0.42737439274787903, mae:0.35878098011016846
