Args in experiment:
Namespace(model='patchtst', data='m1999m', root_path='./datasets/', data_path='m1999m.csv', data_split=[0.7, 0.1, 0.2], checkpoints='./checkpoints/', in_len=360, out_len=180, seg_lens='64', data_dim=5, d_model=256, d_ff=512, n_heads=4, a_layers=3, dropout=0.2, baseline='True', fc_dropout=0.05, head_dropout=0.0, patch_len=12, stride=8, padding_patch='end', revin=1, affine=0, subtract_last=0, decomposition=0, kernel_size=25, individual=0, freq='m', embed_type=0, enc_in=7, dec_in=7, c_out=7, e_layers=2, d_layers=1, moving_avg=25, factor=1, distil=True, embed='timeF', activation='gelu', output_attention=False, do_predict=False, num_workers=0, batch_size=32, train_epochs=100, patience=3, learning_rate=0.0001, lradj='type1', itr=1, save_pred=False, use_gpu=True, gpu=1, use_multi_gpu=False, devices='0,1')
Use GPU: cuda:1
>>>>>>>start training : patchtst_m1999m_il360_ol180_sl64_dm256_nh4_el3_itr0>>>>>>>>>>>>>>>>>>>>>>>>>>
train 7524
val 974
test 2125
	iters: 100, epoch: 1 | loss: 0.5965603
	speed: 0.1044s/iter; left time: 2453.6237s
	iters: 200, epoch: 1 | loss: 0.4914838
	speed: 0.0610s/iter; left time: 1427.0867s
Epoch: 1 cost time: 18.92133927345276
Epoch: 1, Steps: 236 | Train Loss: 0.5567903 Vali Loss: 0.3423160 Test Loss: 0.4487594
Validation loss decreased (inf --> 0.342316).  Saving model ...
	iters: 100, epoch: 2 | loss: 0.5895158
	speed: 0.0648s/iter; left time: 1507.2075s
	iters: 200, epoch: 2 | loss: 0.5917428
	speed: 0.0644s/iter; left time: 1491.3862s
Epoch: 2 cost time: 15.620553970336914
Epoch: 2, Steps: 236 | Train Loss: 0.4967917 Vali Loss: 0.3484175 Test Loss: 0.4533657
EarlyStopping counter: 1 out of 3
Updating learning rate to 5e-05
	iters: 100, epoch: 3 | loss: 0.5630301
	speed: 0.0595s/iter; left time: 1371.0043s
	iters: 200, epoch: 3 | loss: 0.3298192
	speed: 0.0625s/iter; left time: 1432.4736s
Epoch: 3 cost time: 14.376578569412231
Epoch: 3, Steps: 236 | Train Loss: 0.4655245 Vali Loss: 0.3495415 Test Loss: 0.4516677
EarlyStopping counter: 2 out of 3
	iters: 100, epoch: 4 | loss: 0.5159442
	speed: 0.0625s/iter; left time: 1425.6349s
	iters: 200, epoch: 4 | loss: 0.4890247
	speed: 0.0726s/iter; left time: 1646.9547s
Epoch: 4 cost time: 15.928779125213623
Epoch: 4, Steps: 236 | Train Loss: 0.4469357 Vali Loss: 0.3688910 Test Loss: 0.4831738
EarlyStopping counter: 3 out of 3
Early stopping
>>>>>>>testing : patchtst_m1999m_il360_ol180_sl64_dm256_nh4_el3_itr0<<<<<<<<<<<<<<<<<<<<<<<<<<<<<<<<<
test 2125
mse:0.44100871682167053, mae:0.3714649975299835
