Args in experiment:
Namespace(model='former', data='m1999m', root_path='./datasets/', data_path='m1999m.csv', data_split=[0.7, 0.1, 0.2], checkpoints='./checkpoints/', in_len=360, out_len=180, seg_lens='30,45,60,90,120', data_dim=5, d_model=256, d_ff=512, n_heads=4, a_layers=4, dropout=0.4, baseline=False, num_workers=0, batch_size=32, train_epochs=20, patience=3, learning_rate=0.0001, lradj='type1', itr=1, save_pred=False, use_gpu=True, gpu=0, use_multi_gpu=False, devices='0,1')
Use GPU: cuda:0
>>>>>>>start training : former_m1999m_il360_ol180_sl30,45,60,90,120_dm256_nh4_el4_itr0>>>>>>>>>>>>>>>>>>>>>>>>>>
train 7524
val 974
test 2125
	iters: 100, epoch: 1 | loss: 0.5345601
	speed: 0.1960s/iter; left time: 905.7771s
	iters: 200, epoch: 1 | loss: 0.4496824
	speed: 0.1798s/iter; left time: 812.7720s
Epoch: 1 cost time: 43.141815185546875
Epoch: 1, Steps: 236 | Train Loss: 0.5597987 Vali Loss: 0.3496334 Test Loss: 0.8766111
Validation loss decreased (inf --> 0.349633).  Saving model ...
	iters: 100, epoch: 2 | loss: 0.5273525
	speed: 0.1498s/iter; left time: 656.7639s
	iters: 200, epoch: 2 | loss: 0.3627312
	speed: 0.1577s/iter; left time: 675.6597s
Epoch: 2 cost time: 36.302868604660034
Epoch: 2, Steps: 236 | Train Loss: 0.4368767 Vali Loss: 0.5435752 Test Loss: 1.1756536
EarlyStopping counter: 1 out of 3
Updating learning rate to 5e-05
	iters: 100, epoch: 3 | loss: 0.3485321
	speed: 0.1745s/iter; left time: 724.1168s
	iters: 200, epoch: 3 | loss: 0.3558177
	speed: 0.1744s/iter; left time: 706.2485s
Epoch: 3 cost time: 40.84473967552185
Epoch: 3, Steps: 236 | Train Loss: 0.3739513 Vali Loss: 0.5325185 Test Loss: 1.1315363
EarlyStopping counter: 2 out of 3
	iters: 100, epoch: 4 | loss: 0.3124343
	speed: 0.1956s/iter; left time: 765.2114s
	iters: 200, epoch: 4 | loss: 0.3394050
	speed: 0.1743s/iter; left time: 664.6511s
Epoch: 4 cost time: 43.22964286804199
Epoch: 4, Steps: 236 | Train Loss: 0.3523970 Vali Loss: 0.4452032 Test Loss: 1.1462091
EarlyStopping counter: 3 out of 3
Early stopping
>>>>>>>testing : former_m1999m_il360_ol180_sl30,45,60,90,120_dm256_nh4_el4_itr0<<<<<<<<<<<<<<<<<<<<<<<<<<<<<<<<<
test 2125
mse:0.8653112053871155, mae:0.7386435270309448
