Args in experiment:
Namespace(model='former', data='m1999m', root_path='./datasets/', data_path='m1999m.csv', data_split=[0.7, 0.1, 0.2], checkpoints='./checkpoints/', in_len=360, out_len=720, seg_lens='30,45,60,90,120', data_dim=5, d_model=256, d_ff=512, n_heads=4, a_layers=4, dropout=0.4, baseline=False, num_workers=0, batch_size=32, train_epochs=20, patience=3, learning_rate=1e-05, lradj='type1', itr=1, save_pred=False, use_gpu=True, gpu=0, use_multi_gpu=False, devices='0,1')
Use GPU: cuda:0
>>>>>>>start training : former_m1999m_il360_ol720_sl30,45,60,90,120_dm256_nh4_el4_itr0>>>>>>>>>>>>>>>>>>>>>>>>>>
train 6984
val 434
test 1585
	iters: 100, epoch: 1 | loss: 0.6986403
	speed: 0.2026s/iter; left time: 867.2793s
	iters: 200, epoch: 1 | loss: 0.7519541
	speed: 0.2257s/iter; left time: 943.4526s
Epoch: 1 cost time: 46.69100475311279
Epoch: 1, Steps: 219 | Train Loss: 0.7952682 Vali Loss: 0.4341215 Test Loss: 1.1652559
Validation loss decreased (inf --> 0.434121).  Saving model ...
	iters: 100, epoch: 2 | loss: 0.5844867
	speed: 0.1987s/iter; left time: 806.9706s
	iters: 200, epoch: 2 | loss: 0.6641293
	speed: 0.1923s/iter; left time: 761.7304s
Epoch: 2 cost time: 43.39668393135071
Epoch: 2, Steps: 219 | Train Loss: 0.6582693 Vali Loss: 0.4297749 Test Loss: 1.0646364
Validation loss decreased (0.434121 --> 0.429775).  Saving model ...
Updating learning rate to 5e-06
	iters: 100, epoch: 3 | loss: 0.6087630
	speed: 0.2218s/iter; left time: 852.1855s
	iters: 200, epoch: 3 | loss: 0.6148937
	speed: 0.1984s/iter; left time: 742.4502s
Epoch: 3 cost time: 45.8337619304657
Epoch: 3, Steps: 219 | Train Loss: 0.6418655 Vali Loss: 0.4247908 Test Loss: 1.0974479
Validation loss decreased (0.429775 --> 0.424791).  Saving model ...
	iters: 100, epoch: 4 | loss: 0.5611040
	speed: 0.1948s/iter; left time: 705.9631s
	iters: 200, epoch: 4 | loss: 0.6316785
	speed: 0.2155s/iter; left time: 759.4542s
Epoch: 4 cost time: 44.50438451766968
Epoch: 4, Steps: 219 | Train Loss: 0.6310620 Vali Loss: 0.4388161 Test Loss: 1.0881126
EarlyStopping counter: 1 out of 3
Updating learning rate to 2.5e-06
	iters: 100, epoch: 5 | loss: 0.6098758
	speed: 0.1678s/iter; left time: 571.2964s
	iters: 200, epoch: 5 | loss: 0.6302473
	speed: 0.1067s/iter; left time: 352.4998s
Epoch: 5 cost time: 29.532949686050415
Epoch: 5, Steps: 219 | Train Loss: 0.6155741 Vali Loss: 0.4313325 Test Loss: 1.0726345
EarlyStopping counter: 2 out of 3
	iters: 100, epoch: 6 | loss: 0.6135746
	speed: 0.1225s/iter; left time: 390.3369s
	iters: 200, epoch: 6 | loss: 0.6701604
	speed: 0.1673s/iter; left time: 516.2798s
Epoch: 6 cost time: 31.96947193145752
Epoch: 6, Steps: 219 | Train Loss: 0.6035283 Vali Loss: 0.4350729 Test Loss: 1.1108359
EarlyStopping counter: 3 out of 3
Early stopping
>>>>>>>testing : former_m1999m_il360_ol720_sl30,45,60,90,120_dm256_nh4_el4_itr0<<<<<<<<<<<<<<<<<<<<<<<<<<<<<<<<<
test 1585
mse:1.0939799547195435, mae:0.8944374322891235
