Args in experiment:
Namespace(model='former', data='m1999m', root_path='./datasets/', data_path='m1999m.csv', data_split=[0.7, 0.1, 0.2], checkpoints='./checkpoints/', in_len=360, out_len=180, seg_lens='30,45,60,90,120', dim_factor=10, patch_factor=10, data_dim=5, d_model=256, d_ff=512, n_heads=4, a_layers=4, dropout=0.4, baseline=False, num_workers=0, batch_size=32, train_epochs=20, patience=3, learning_rate=0.0001, lradj='type1', itr=1, save_pred=False, use_gpu=True, gpu=1, use_multi_gpu=False, devices='0,1')
Use GPU: cuda:1
>>>>>>>start training : former_m1999m_il360_ol180_sl30,45,60,90,120_dm256_nh4_el4_itr0>>>>>>>>>>>>>>>>>>>>>>>>>>
train 7524
val 974
test 2125
	iters: 100, epoch: 1 | loss: 0.5381876
	speed: 0.0761s/iter; left time: 351.7869s
	iters: 200, epoch: 1 | loss: 0.4517625
	speed: 0.0744s/iter; left time: 336.5451s
Epoch: 1 cost time: 17.564377784729004
Epoch: 1, Steps: 236 | Train Loss: 0.5619560 Vali Loss: 0.3431250 Test Loss: 0.8482656
Validation loss decreased (inf --> 0.343125).  Saving model ...
	iters: 100, epoch: 2 | loss: 0.5735369
	speed: 0.0680s/iter; left time: 298.0029s
	iters: 200, epoch: 2 | loss: 0.4040337
	speed: 0.0675s/iter; left time: 289.2743s
Epoch: 2 cost time: 15.588887214660645
Epoch: 2, Steps: 236 | Train Loss: 0.4625135 Vali Loss: 0.4356574 Test Loss: 1.1489448
EarlyStopping counter: 1 out of 3
Updating learning rate to 5e-05
	iters: 100, epoch: 3 | loss: 0.3788377
	speed: 0.0687s/iter; left time: 285.0246s
	iters: 200, epoch: 3 | loss: 0.3790374
	speed: 0.0629s/iter; left time: 254.6755s
Epoch: 3 cost time: 15.22319221496582
Epoch: 3, Steps: 236 | Train Loss: 0.4080354 Vali Loss: 0.5075408 Test Loss: 1.0938602
EarlyStopping counter: 2 out of 3
	iters: 100, epoch: 4 | loss: 0.3419688
	speed: 0.0696s/iter; left time: 272.3354s
	iters: 200, epoch: 4 | loss: 0.3655894
	speed: 0.0614s/iter; left time: 233.9446s
Epoch: 4 cost time: 16.318162202835083
Epoch: 4, Steps: 236 | Train Loss: 0.3787513 Vali Loss: 0.4371505 Test Loss: 1.1710780
EarlyStopping counter: 3 out of 3
Early stopping
>>>>>>>testing : former_m1999m_il360_ol180_sl30,45,60,90,120_dm256_nh4_el4_itr0<<<<<<<<<<<<<<<<<<<<<<<<<<<<<<<<<
test 2125
mse:0.8368483781814575, mae:0.7269065380096436
