Args in experiment:
Namespace(model='former', data='m1999m', root_path='./datasets/', data_path='m1999m.csv', data_split=[0.7, 0.1, 0.2], checkpoints='./checkpoints/', in_len=360, out_len=60, seg_lens='6,10,15,20,30,60', data_dim=5, d_model=256, d_ff=512, n_heads=4, a_layers=4, dropout=0.4, baseline=False, num_workers=0, batch_size=32, train_epochs=20, patience=3, learning_rate=0.0001, lradj='type1', itr=1, save_pred=False, use_gpu=True, gpu=0, use_multi_gpu=False, devices='0,1')
Use GPU: cuda:0
>>>>>>>start training : former_m1999m_il360_ol60_sl6,10,15,20,30,60_dm256_nh4_el4_itr0>>>>>>>>>>>>>>>>>>>>>>>>>>
train 7644
val 1094
test 2245
	iters: 100, epoch: 1 | loss: 0.4572645
	speed: 0.5903s/iter; left time: 2763.1433s
	iters: 200, epoch: 1 | loss: 0.5514091
	speed: 0.6208s/iter; left time: 2843.9952s
Epoch: 1 cost time: 151.0228352546692
Epoch: 1, Steps: 239 | Train Loss: 0.5231645 Vali Loss: 0.2940763 Test Loss: 0.6334630
Validation loss decreased (inf --> 0.294076).  Saving model ...
	iters: 100, epoch: 2 | loss: 0.3522869
	speed: 0.7202s/iter; left time: 3198.9966s
	iters: 200, epoch: 2 | loss: 0.4455387
	speed: 0.7363s/iter; left time: 3197.1856s
Epoch: 2 cost time: 173.3534574508667
Epoch: 2, Steps: 239 | Train Loss: 0.4086106 Vali Loss: 0.3249887 Test Loss: 0.5234340
EarlyStopping counter: 1 out of 3
Updating learning rate to 5e-05
	iters: 100, epoch: 3 | loss: 0.4446869
	speed: 0.7501s/iter; left time: 3152.8719s
	iters: 200, epoch: 3 | loss: 0.2966366
	speed: 0.7360s/iter; left time: 3019.7529s
Epoch: 3 cost time: 176.31241297721863
Epoch: 3, Steps: 239 | Train Loss: 0.3770961 Vali Loss: 0.3361348 Test Loss: 0.5531228
EarlyStopping counter: 2 out of 3
	iters: 100, epoch: 4 | loss: 0.3322367
	speed: 0.5925s/iter; left time: 2348.8610s
	iters: 200, epoch: 4 | loss: 0.4863217
	speed: 0.6399s/iter; left time: 2472.7174s
Epoch: 4 cost time: 147.70911407470703
Epoch: 4, Steps: 239 | Train Loss: 0.3629616 Vali Loss: 0.3288255 Test Loss: 0.6433196
EarlyStopping counter: 3 out of 3
Early stopping
>>>>>>>testing : former_m1999m_il360_ol60_sl6,10,15,20,30,60_dm256_nh4_el4_itr0<<<<<<<<<<<<<<<<<<<<<<<<<<<<<<<<<
test 2245
mse:0.5963196754455566, mae:0.5792110562324524
