Args in experiment:
Namespace(model='former', data='m1999m', root_path='./datasets/', data_path='m1999m.csv', data_split=[0.7, 0.1, 0.2], checkpoints='./checkpoints/', in_len=360, out_len=90, seg_lens='6,10,15,30,45,90', data_dim=5, d_model=256, d_ff=512, n_heads=4, a_layers=4, dropout=0.4, baseline=False, num_workers=0, batch_size=32, train_epochs=20, patience=3, learning_rate=0.0001, lradj='type1', itr=1, save_pred=False, use_gpu=True, gpu=0, use_multi_gpu=False, devices='0,1')
Use GPU: cuda:0
>>>>>>>start training : former_m1999m_il360_ol90_sl6,10,15,30,45,90_dm256_nh4_el4_itr0>>>>>>>>>>>>>>>>>>>>>>>>>>
train 7614
val 1064
test 2215
	iters: 100, epoch: 1 | loss: 0.4583572
	speed: 0.5956s/iter; left time: 2776.1231s
	iters: 200, epoch: 1 | loss: 0.6058995
	speed: 0.5490s/iter; left time: 2503.7875s
Epoch: 1 cost time: 136.70460629463196
Epoch: 1, Steps: 238 | Train Loss: 0.5565865 Vali Loss: 0.3543228 Test Loss: 0.5456427
Validation loss decreased (inf --> 0.354323).  Saving model ...
	iters: 100, epoch: 2 | loss: 0.3852753
	speed: 0.5561s/iter; left time: 2459.4093s
	iters: 200, epoch: 2 | loss: 0.4510510
	speed: 0.5317s/iter; left time: 2298.3879s
Epoch: 2 cost time: 129.02281045913696
Epoch: 2, Steps: 238 | Train Loss: 0.4326620 Vali Loss: 0.3695803 Test Loss: 0.6007775
EarlyStopping counter: 1 out of 3
Updating learning rate to 5e-05
	iters: 100, epoch: 3 | loss: 0.5044748
	speed: 0.5593s/iter; left time: 2340.7512s
	iters: 200, epoch: 3 | loss: 0.3140291
	speed: 0.4971s/iter; left time: 2030.5004s
Epoch: 3 cost time: 124.90502500534058
Epoch: 3, Steps: 238 | Train Loss: 0.3958850 Vali Loss: 0.4062535 Test Loss: 0.6509663
EarlyStopping counter: 2 out of 3
	iters: 100, epoch: 4 | loss: 0.3051705
	speed: 0.4886s/iter; left time: 1928.4375s
	iters: 200, epoch: 4 | loss: 0.4707623
	speed: 0.4899s/iter; left time: 1884.4554s
Epoch: 4 cost time: 117.96570563316345
Epoch: 4, Steps: 238 | Train Loss: 0.3762574 Vali Loss: 0.4878483 Test Loss: 0.8744046
EarlyStopping counter: 3 out of 3
Early stopping
>>>>>>>testing : former_m1999m_il360_ol90_sl6,10,15,30,45,90_dm256_nh4_el4_itr0<<<<<<<<<<<<<<<<<<<<<<<<<<<<<<<<<
test 2215
mse:0.5233628749847412, mae:0.5182750225067139
