Args in experiment:
Namespace(model='former', data='m1999m', root_path='./datasets/', data_path='m1999m.csv', data_split=[0.7, 0.1, 0.2], checkpoints='./checkpoints/', in_len=360, out_len=360, seg_lens='30,45,60,90,120', data_dim=5, d_model=256, d_ff=512, n_heads=4, a_layers=4, dropout=0.4, baseline=False, num_workers=0, batch_size=32, train_epochs=20, patience=3, learning_rate=1e-05, lradj='type1', itr=1, save_pred=False, use_gpu=True, gpu=0, use_multi_gpu=False, devices='0,1')
Use GPU: cuda:0
>>>>>>>start training : former_m1999m_il360_ol360_sl30,45,60,90,120_dm256_nh4_el4_itr0>>>>>>>>>>>>>>>>>>>>>>>>>>
train 7344
val 794
test 1945
	iters: 100, epoch: 1 | loss: 0.7281625
	speed: 0.2604s/iter; left time: 1172.0963s
	iters: 200, epoch: 1 | loss: 0.6921639
	speed: 0.2046s/iter; left time: 900.6559s
Epoch: 1 cost time: 52.3900249004364
Epoch: 1, Steps: 230 | Train Loss: 0.7675010 Vali Loss: 0.4134695 Test Loss: 1.4972726
Validation loss decreased (inf --> 0.413469).  Saving model ...
	iters: 100, epoch: 2 | loss: 0.5084528
	speed: 0.2019s/iter; left time: 862.5002s
	iters: 200, epoch: 2 | loss: 0.6273974
	speed: 0.2235s/iter; left time: 932.3966s
Epoch: 2 cost time: 50.06921029090881
Epoch: 2, Steps: 230 | Train Loss: 0.6291509 Vali Loss: 0.3546357 Test Loss: 1.0408429
Validation loss decreased (0.413469 --> 0.354636).  Saving model ...
Updating learning rate to 5e-06
	iters: 100, epoch: 3 | loss: 0.5826765
	speed: 0.2149s/iter; left time: 868.4663s
	iters: 200, epoch: 3 | loss: 0.5123452
	speed: 0.1886s/iter; left time: 743.3861s
Epoch: 3 cost time: 45.56182932853699
Epoch: 3, Steps: 230 | Train Loss: 0.5943211 Vali Loss: 0.3476523 Test Loss: 0.9394378
Validation loss decreased (0.354636 --> 0.347652).  Saving model ...
	iters: 100, epoch: 4 | loss: 0.6640977
	speed: 0.2494s/iter; left time: 950.5917s
	iters: 200, epoch: 4 | loss: 0.5539429
	speed: 0.2014s/iter; left time: 747.3190s
Epoch: 4 cost time: 51.58181619644165
Epoch: 4, Steps: 230 | Train Loss: 0.5712650 Vali Loss: 0.3403197 Test Loss: 0.8775251
Validation loss decreased (0.347652 --> 0.340320).  Saving model ...
Updating learning rate to 2.5e-06
	iters: 100, epoch: 5 | loss: 0.5180097
	speed: 0.1951s/iter; left time: 698.7288s
	iters: 200, epoch: 5 | loss: 0.5794582
	speed: 0.2420s/iter; left time: 842.4563s
Epoch: 5 cost time: 51.44916820526123
Epoch: 5, Steps: 230 | Train Loss: 0.5529237 Vali Loss: 0.3436484 Test Loss: 0.9094067
EarlyStopping counter: 1 out of 3
	iters: 100, epoch: 6 | loss: 0.4857234
	speed: 0.2221s/iter; left time: 744.3263s
	iters: 200, epoch: 6 | loss: 0.6070406
	speed: 0.2180s/iter; left time: 708.6251s
Epoch: 6 cost time: 50.847822427749634
Epoch: 6, Steps: 230 | Train Loss: 0.5424663 Vali Loss: 0.3404720 Test Loss: 0.9364920
EarlyStopping counter: 2 out of 3
Updating learning rate to 1.25e-06
	iters: 100, epoch: 7 | loss: 0.4490627
	speed: 0.2254s/iter; left time: 703.5025s
	iters: 200, epoch: 7 | loss: 0.5962111
	speed: 0.2265s/iter; left time: 684.2311s
Epoch: 7 cost time: 51.00102663040161
Epoch: 7, Steps: 230 | Train Loss: 0.5349248 Vali Loss: 0.3369644 Test Loss: 0.9622439
Validation loss decreased (0.340320 --> 0.336964).  Saving model ...
	iters: 100, epoch: 8 | loss: 0.5498283
	speed: 0.2109s/iter; left time: 609.7394s
	iters: 200, epoch: 8 | loss: 0.6015258
	speed: 0.1938s/iter; left time: 540.9755s
Epoch: 8 cost time: 46.06715130805969
Epoch: 8, Steps: 230 | Train Loss: 0.5300934 Vali Loss: 0.3430943 Test Loss: 0.9840617
EarlyStopping counter: 1 out of 3
Updating learning rate to 6.25e-07
	iters: 100, epoch: 9 | loss: 0.5744351
	speed: 0.1714s/iter; left time: 456.1704s
	iters: 200, epoch: 9 | loss: 0.5219988
	speed: 0.2224s/iter; left time: 569.6707s
Epoch: 9 cost time: 46.75708603858948
Epoch: 9, Steps: 230 | Train Loss: 0.5266609 Vali Loss: 0.3455148 Test Loss: 1.0058807
EarlyStopping counter: 2 out of 3
	iters: 100, epoch: 10 | loss: 0.4734682
	speed: 0.2094s/iter; left time: 509.0549s
	iters: 200, epoch: 10 | loss: 0.5279556
	speed: 0.2561s/iter; left time: 596.9838s
Epoch: 10 cost time: 53.54383993148804
Epoch: 10, Steps: 230 | Train Loss: 0.5254937 Vali Loss: 0.3503195 Test Loss: 1.0225280
EarlyStopping counter: 3 out of 3
Early stopping
>>>>>>>testing : former_m1999m_il360_ol360_sl30,45,60,90,120_dm256_nh4_el4_itr0<<<<<<<<<<<<<<<<<<<<<<<<<<<<<<<<<
test 1945
mse:0.9604417681694031, mae:0.8050508499145508
