Args in experiment:
Namespace(model='former', data='m1999m', root_path='./datasets/', data_path='m1999m.csv', data_split=[0.7, 0.1, 0.2], checkpoints='./checkpoints/', in_len=360, out_len=180, seg_lens='30,45,60,90,120', data_dim=5, d_model=256, d_ff=512, n_heads=4, a_layers=4, dropout=0.4, baseline=False, num_workers=0, batch_size=32, train_epochs=20, patience=3, learning_rate=0.0001, lradj='type1', itr=1, save_pred=False, use_gpu=True, gpu=0, use_multi_gpu=False, devices='0,1')
Use GPU: cuda:0
>>>>>>>start training : former_m1999m_il360_ol180_sl30,45,60,90,120_dm256_nh4_el4_itr0>>>>>>>>>>>>>>>>>>>>>>>>>>
train 7524
val 974
test 2125
	iters: 100, epoch: 1 | loss: 0.6235883
	speed: 0.3267s/iter; left time: 1509.8172s
	iters: 200, epoch: 1 | loss: 0.4128558
	speed: 0.2648s/iter; left time: 1197.0702s
Epoch: 1 cost time: 68.88888382911682
Epoch: 1, Steps: 236 | Train Loss: 0.5640863 Vali Loss: 0.3369107 Test Loss: 0.9156450
Validation loss decreased (inf --> 0.336911).  Saving model ...
	iters: 100, epoch: 2 | loss: 0.4074350
	speed: 0.3299s/iter; left time: 1446.7265s
	iters: 200, epoch: 2 | loss: 0.5146425
	speed: 0.3149s/iter; left time: 1349.2378s
Epoch: 2 cost time: 77.18770623207092
Epoch: 2, Steps: 236 | Train Loss: 0.4440701 Vali Loss: 0.5867256 Test Loss: 0.8954058
EarlyStopping counter: 1 out of 3
Updating learning rate to 5e-05
	iters: 100, epoch: 3 | loss: 0.3655915
	speed: 0.3066s/iter; left time: 1272.0390s
	iters: 200, epoch: 3 | loss: 0.3705082
	speed: 0.3129s/iter; left time: 1266.7570s
Epoch: 3 cost time: 77.33523988723755
Epoch: 3, Steps: 236 | Train Loss: 0.3838890 Vali Loss: 0.6086220 Test Loss: 0.8920042
EarlyStopping counter: 2 out of 3
	iters: 100, epoch: 4 | loss: 0.2679782
	speed: 0.2996s/iter; left time: 1172.4651s
	iters: 200, epoch: 4 | loss: 0.3581791
	speed: 0.3410s/iter; left time: 1300.0892s
Epoch: 4 cost time: 77.71045756340027
Epoch: 4, Steps: 236 | Train Loss: 0.3608760 Vali Loss: 0.5807185 Test Loss: 0.9880558
EarlyStopping counter: 3 out of 3
Early stopping
>>>>>>>testing : former_m1999m_il360_ol180_sl30,45,60,90,120_dm256_nh4_el4_itr0<<<<<<<<<<<<<<<<<<<<<<<<<<<<<<<<<
test 2125
mse:0.9053210616111755, mae:0.7656422853469849
