Args in experiment:
Namespace(model='former', data='m1999m', root_path='./datasets/', data_path='m1999m.csv', data_split=[0.7, 0.1, 0.2], checkpoints='./checkpoints/', in_len=360, out_len=30, seg_lens='3,6,10,15,30', data_dim=5, d_model=256, d_ff=512, n_heads=4, a_layers=4, dropout=0.4, baseline=False, num_workers=0, batch_size=32, train_epochs=20, patience=3, learning_rate=0.0001, lradj='type1', itr=1, save_pred=False, use_gpu=True, gpu=0, use_multi_gpu=False, devices='0,1')
Use GPU: cuda:0
>>>>>>>start training : former_m1999m_il360_ol30_sl3,6,10,15,30_dm256_nh4_el4_itr0>>>>>>>>>>>>>>>>>>>>>>>>>>
train 7674
val 1124
test 2275
	iters: 100, epoch: 1 | loss: 0.5083809
	speed: 0.7725s/iter; left time: 3631.5751s
	iters: 200, epoch: 1 | loss: 0.3212119
	speed: 0.7740s/iter; left time: 3561.0259s
Epoch: 1 cost time: 185.7051441669464
Epoch: 1, Steps: 240 | Train Loss: 0.5705244 Vali Loss: 0.3388708 Test Loss: 0.4825163
Validation loss decreased (inf --> 0.338871).  Saving model ...
	iters: 100, epoch: 2 | loss: 0.3465868
	speed: 0.7748s/iter; left time: 3456.3352s
	iters: 200, epoch: 2 | loss: 0.4046420
	speed: 0.8012s/iter; left time: 3493.9565s
Epoch: 2 cost time: 189.92521619796753
Epoch: 2, Steps: 240 | Train Loss: 0.3848682 Vali Loss: 0.3020123 Test Loss: 0.3818318
Validation loss decreased (0.338871 --> 0.302012).  Saving model ...
Updating learning rate to 5e-05
	iters: 100, epoch: 3 | loss: 0.4604661
	speed: 0.8432s/iter; left time: 3559.0979s
	iters: 200, epoch: 3 | loss: 0.3304995
	speed: 0.7819s/iter; left time: 3222.0039s
Epoch: 3 cost time: 192.16204595565796
Epoch: 3, Steps: 240 | Train Loss: 0.3497919 Vali Loss: 0.2531638 Test Loss: 0.4153815
Validation loss decreased (0.302012 --> 0.253164).  Saving model ...
	iters: 100, epoch: 4 | loss: 0.4254043
	speed: 0.7920s/iter; left time: 3152.7977s
	iters: 200, epoch: 4 | loss: 0.3751114
	speed: 0.7935s/iter; left time: 3079.4488s
Epoch: 4 cost time: 193.80360651016235
Epoch: 4, Steps: 240 | Train Loss: 0.3421091 Vali Loss: 0.3120701 Test Loss: 0.3467840
EarlyStopping counter: 1 out of 3
Updating learning rate to 2.5e-05
	iters: 100, epoch: 5 | loss: 0.3581675
	speed: 0.8328s/iter; left time: 3115.6688s
	iters: 200, epoch: 5 | loss: 0.5317927
	speed: 0.8369s/iter; left time: 3047.1642s
Epoch: 5 cost time: 202.76475191116333
Epoch: 5, Steps: 240 | Train Loss: 0.3305024 Vali Loss: 0.2451355 Test Loss: 0.3928513
Validation loss decreased (0.253164 --> 0.245135).  Saving model ...
	iters: 100, epoch: 6 | loss: 0.3702510
	speed: 0.8723s/iter; left time: 3053.8809s
	iters: 200, epoch: 6 | loss: 0.2721266
	speed: 0.8379s/iter; left time: 2849.7546s
Epoch: 6 cost time: 206.38539147377014
Epoch: 6, Steps: 240 | Train Loss: 0.3273797 Vali Loss: 0.2721143 Test Loss: 0.3833283
EarlyStopping counter: 1 out of 3
Updating learning rate to 1.25e-05
	iters: 100, epoch: 7 | loss: 0.2501996
	speed: 0.9315s/iter; left time: 3037.5061s
	iters: 200, epoch: 7 | loss: 0.2529700
	speed: 0.8278s/iter; left time: 2616.5925s
Epoch: 7 cost time: 206.9698338508606
Epoch: 7, Steps: 240 | Train Loss: 0.3222174 Vali Loss: 0.2515463 Test Loss: 0.3950366
EarlyStopping counter: 2 out of 3
	iters: 100, epoch: 8 | loss: 0.3336272
	speed: 0.7498s/iter; left time: 2265.0721s
	iters: 200, epoch: 8 | loss: 0.3862024
	speed: 0.8457s/iter; left time: 2470.3298s
Epoch: 8 cost time: 196.73902916908264
Epoch: 8, Steps: 240 | Train Loss: 0.3196541 Vali Loss: 0.2981952 Test Loss: 0.3794537
EarlyStopping counter: 3 out of 3
Early stopping
>>>>>>>testing : former_m1999m_il360_ol30_sl3,6,10,15,30_dm256_nh4_el4_itr0<<<<<<<<<<<<<<<<<<<<<<<<<<<<<<<<<
test 2275
mse:0.3919595181941986, mae:0.41846415400505066
