Args in experiment:
Namespace(model='former', data='m1999m', root_path='./datasets/', data_path='m1999m.csv', data_split=[0.7, 0.1, 0.2], checkpoints='./checkpoints/', in_len=360, out_len=90, seg_lens='6,10,15,30,45,90', data_dim=5, d_model=256, d_ff=512, n_heads=4, a_layers=4, dropout=0.4, baseline=False, num_workers=0, batch_size=32, train_epochs=20, patience=3, learning_rate=0.0001, lradj='type1', itr=1, save_pred=False, use_gpu=True, gpu=0, use_multi_gpu=False, devices='0,1')
Use GPU: cuda:0
>>>>>>>start training : former_m1999m_il360_ol90_sl6,10,15,30,45,90_dm256_nh4_el4_itr0>>>>>>>>>>>>>>>>>>>>>>>>>>
train 7614
val 1064
test 2215
	iters: 100, epoch: 1 | loss: 0.6547439
	speed: 0.4013s/iter; left time: 1870.5014s
	iters: 200, epoch: 1 | loss: 0.5036904
	speed: 0.3371s/iter; left time: 1537.6361s
Epoch: 1 cost time: 86.62668919563293
Epoch: 1, Steps: 238 | Train Loss: 0.5527647 Vali Loss: 0.3252190 Test Loss: 0.5989752
Validation loss decreased (inf --> 0.325219).  Saving model ...
	iters: 100, epoch: 2 | loss: 0.3208800
	speed: 0.3887s/iter; left time: 1719.0269s
	iters: 200, epoch: 2 | loss: 0.3205126
	speed: 0.3763s/iter; left time: 1626.7971s
Epoch: 2 cost time: 91.22709465026855
Epoch: 2, Steps: 238 | Train Loss: 0.4298098 Vali Loss: 0.3415464 Test Loss: 0.5314851
EarlyStopping counter: 1 out of 3
Updating learning rate to 5e-05
	iters: 100, epoch: 3 | loss: 0.3542921
	speed: 0.3950s/iter; left time: 1652.8915s
	iters: 200, epoch: 3 | loss: 0.3889874
	speed: 0.4087s/iter; left time: 1669.4488s
Epoch: 3 cost time: 96.83350658416748
Epoch: 3, Steps: 238 | Train Loss: 0.3760818 Vali Loss: 0.4321831 Test Loss: 0.5058420
EarlyStopping counter: 2 out of 3
	iters: 100, epoch: 4 | loss: 0.3693428
	speed: 0.3707s/iter; left time: 1463.3307s
	iters: 200, epoch: 4 | loss: 0.3234115
	speed: 0.3914s/iter; left time: 1505.7331s
Epoch: 4 cost time: 92.88824415206909
Epoch: 4, Steps: 238 | Train Loss: 0.3511288 Vali Loss: 0.4144462 Test Loss: 0.6205994
EarlyStopping counter: 3 out of 3
Early stopping
>>>>>>>testing : former_m1999m_il360_ol90_sl6,10,15,30,45,90_dm256_nh4_el4_itr0<<<<<<<<<<<<<<<<<<<<<<<<<<<<<<<<<
test 2215
mse:0.5759154558181763, mae:0.5663384199142456
