Args in experiment:
Namespace(model='former', data='m1999m', root_path='./datasets/', data_path='m1999m.csv', data_split=[0.7, 0.1, 0.2], checkpoints='./checkpoints/', in_len=360, out_len=720, seg_lens='30,45,60,90,120', data_dim=5, d_model=256, d_ff=512, n_heads=4, a_layers=4, dropout=0.4, baseline=False, num_workers=0, batch_size=32, train_epochs=20, patience=3, learning_rate=1e-05, lradj='type1', itr=1, save_pred=False, use_gpu=True, gpu=0, use_multi_gpu=False, devices='0,1')
Use GPU: cuda:0
>>>>>>>start training : former_m1999m_il360_ol720_sl30,45,60,90,120_dm256_nh4_el4_itr0>>>>>>>>>>>>>>>>>>>>>>>>>>
train 6984
val 434
test 1585
	iters: 100, epoch: 1 | loss: 0.7264326
	speed: 0.2311s/iter; left time: 989.4007s
	iters: 200, epoch: 1 | loss: 0.6439418
	speed: 0.1985s/iter; left time: 829.7729s
Epoch: 1 cost time: 46.39135265350342
Epoch: 1, Steps: 219 | Train Loss: 0.8023365 Vali Loss: 0.4268399 Test Loss: 1.5708413
Validation loss decreased (inf --> 0.426840).  Saving model ...
	iters: 100, epoch: 2 | loss: 0.6888408
	speed: 0.2029s/iter; left time: 824.0000s
	iters: 200, epoch: 2 | loss: 0.7093857
	speed: 0.1772s/iter; left time: 701.9846s
Epoch: 2 cost time: 41.661489725112915
Epoch: 2, Steps: 219 | Train Loss: 0.6570643 Vali Loss: 0.4063186 Test Loss: 1.1674362
Validation loss decreased (0.426840 --> 0.406319).  Saving model ...
Updating learning rate to 5e-06
	iters: 100, epoch: 3 | loss: 0.6156418
	speed: 0.2419s/iter; left time: 929.7703s
	iters: 200, epoch: 3 | loss: 0.5658360
	speed: 0.2154s/iter; left time: 806.2205s
Epoch: 3 cost time: 49.67857122421265
Epoch: 3, Steps: 219 | Train Loss: 0.6218341 Vali Loss: 0.4292266 Test Loss: 1.3136073
EarlyStopping counter: 1 out of 3
	iters: 100, epoch: 4 | loss: 0.6081775
	speed: 0.2196s/iter; left time: 795.8456s
	iters: 200, epoch: 4 | loss: 0.4960553
	speed: 0.2263s/iter; left time: 797.3834s
Epoch: 4 cost time: 48.56562113761902
Epoch: 4, Steps: 219 | Train Loss: 0.5918579 Vali Loss: 0.4446693 Test Loss: 1.3686034
EarlyStopping counter: 2 out of 3
Updating learning rate to 2.5e-06
	iters: 100, epoch: 5 | loss: 0.5922182
	speed: 0.2275s/iter; left time: 774.7076s
	iters: 200, epoch: 5 | loss: 0.6076062
	speed: 0.2322s/iter; left time: 767.4223s
Epoch: 5 cost time: 49.60407900810242
Epoch: 5, Steps: 219 | Train Loss: 0.5788447 Vali Loss: 0.4330496 Test Loss: 1.3655555
EarlyStopping counter: 3 out of 3
Early stopping
>>>>>>>testing : former_m1999m_il360_ol720_sl30,45,60,90,120_dm256_nh4_el4_itr0<<<<<<<<<<<<<<<<<<<<<<<<<<<<<<<<<
test 1585
mse:1.1633293628692627, mae:0.9254087209701538
