Args in experiment:
Namespace(model='former', data='m1999m', root_path='./datasets/', data_path='m1999m.csv', data_split=[0.7, 0.1, 0.2], checkpoints='./checkpoints/', in_len=360, out_len=720, seg_lens='30,45,60,90,120', dim_factor=10, patch_factor=10, data_dim=5, d_model=256, d_ff=512, n_heads=4, a_layers=4, dropout=0.4, baseline=False, num_workers=0, batch_size=32, train_epochs=20, patience=3, learning_rate=1e-05, lradj='type1', itr=1, save_pred=False, use_gpu=True, gpu=0, use_multi_gpu=False, devices='0,1')
Use GPU: cuda:0
>>>>>>>start training : former_m1999m_il360_ol720_sl30,45,60,90,120_dm256_nh4_el4_itr0>>>>>>>>>>>>>>>>>>>>>>>>>>
train 6984
val 434
test 1585
	iters: 100, epoch: 1 | loss: 0.7294513
	speed: 0.1851s/iter; left time: 792.3432s
	iters: 200, epoch: 1 | loss: 0.6645307
	speed: 0.1538s/iter; left time: 642.8568s
Epoch: 1 cost time: 37.04179406166077
Epoch: 1, Steps: 219 | Train Loss: 0.8072495 Vali Loss: 0.5433173 Test Loss: 2.0032068
Validation loss decreased (inf --> 0.543317).  Saving model ...
	iters: 100, epoch: 2 | loss: 0.7005748
	speed: 0.1997s/iter; left time: 811.2356s
	iters: 200, epoch: 2 | loss: 0.7099884
	speed: 0.1818s/iter; left time: 720.4472s
Epoch: 2 cost time: 41.30485415458679
Epoch: 2, Steps: 219 | Train Loss: 0.6688493 Vali Loss: 0.4103758 Test Loss: 1.5004555
Validation loss decreased (0.543317 --> 0.410376).  Saving model ...
Updating learning rate to 5e-06
	iters: 100, epoch: 3 | loss: 0.6131966
	speed: 0.2033s/iter; left time: 781.1614s
	iters: 200, epoch: 3 | loss: 0.5773020
	speed: 0.1727s/iter; left time: 646.3643s
Epoch: 3 cost time: 40.90096092224121
Epoch: 3, Steps: 219 | Train Loss: 0.6287841 Vali Loss: 0.4207938 Test Loss: 1.3574738
EarlyStopping counter: 1 out of 3
	iters: 100, epoch: 4 | loss: 0.6196402
	speed: 0.1694s/iter; left time: 613.9069s
	iters: 200, epoch: 4 | loss: 0.5059429
	speed: 0.1687s/iter; left time: 594.3737s
Epoch: 4 cost time: 36.807557106018066
Epoch: 4, Steps: 219 | Train Loss: 0.6031811 Vali Loss: 0.4638242 Test Loss: 1.2914156
EarlyStopping counter: 2 out of 3
Updating learning rate to 2.5e-06
	iters: 100, epoch: 5 | loss: 0.6014594
	speed: 0.1429s/iter; left time: 486.4162s
	iters: 200, epoch: 5 | loss: 0.6166434
	speed: 0.1687s/iter; left time: 557.5007s
Epoch: 5 cost time: 34.86528515815735
Epoch: 5, Steps: 219 | Train Loss: 0.5895142 Vali Loss: 0.4380184 Test Loss: 1.3181915
EarlyStopping counter: 3 out of 3
Early stopping
>>>>>>>testing : former_m1999m_il360_ol720_sl30,45,60,90,120_dm256_nh4_el4_itr0<<<<<<<<<<<<<<<<<<<<<<<<<<<<<<<<<
test 1585
mse:1.4953598976135254, mae:1.0471259355545044
