Args in experiment:
Namespace(model='iformer', data='m1999m', root_path='./datasets/', data_path='m1999m.csv', data_split=[0.7, 0.1, 0.2], checkpoints='./checkpoints/', in_len=360, out_len=60, seg_lens='60,36,24,18,12,6', data_dim=5, d_model=256, d_ff=512, n_heads=4, a_layers=4, dropout=0.4, baseline=False, num_workers=0, batch_size=32, train_epochs=20, patience=3, learning_rate=0.0001, lradj='type1', itr=1, save_pred=False, use_gpu=True, gpu=1, use_multi_gpu=False, devices='0,1')
Use GPU: cuda:1
>>>>>>>start training : iformer_m1999m_il360_ol60_sl60,36,24,18,12,6_dm256_nh4_el4_itr0>>>>>>>>>>>>>>>>>>>>>>>>>>
train 7644
val 1094
test 2245
	iters: 100, epoch: 1 | loss: 0.4752809
	speed: 0.5833s/iter; left time: 2730.5549s
	iters: 200, epoch: 1 | loss: 0.5633794
	speed: 0.5363s/iter; left time: 2456.9246s
Epoch: 1 cost time: 134.4773347377777
Epoch: 1, Steps: 239 | Train Loss: 0.5310508 Vali Loss: 0.3727893 Test Loss: 0.4859026
Validation loss decreased (inf --> 0.372789).  Saving model ...
	iters: 100, epoch: 2 | loss: 0.3855408
	speed: 0.5476s/iter; left time: 2432.5010s
	iters: 200, epoch: 2 | loss: 0.4448577
	speed: 0.5350s/iter; left time: 2322.7683s
Epoch: 2 cost time: 130.07255005836487
Epoch: 2, Steps: 239 | Train Loss: 0.4149297 Vali Loss: 0.3220211 Test Loss: 0.5307983
Validation loss decreased (0.372789 --> 0.322021).  Saving model ...
Updating learning rate to 5e-05
	iters: 100, epoch: 3 | loss: 0.4521318
	speed: 0.5098s/iter; left time: 2142.7827s
	iters: 200, epoch: 3 | loss: 0.2969585
	speed: 0.5378s/iter; left time: 2206.7227s
Epoch: 3 cost time: 126.87081551551819
Epoch: 3, Steps: 239 | Train Loss: 0.3798374 Vali Loss: 0.3447423 Test Loss: 0.5249497
EarlyStopping counter: 1 out of 3
	iters: 100, epoch: 4 | loss: 0.3369519
	speed: 0.5205s/iter; left time: 2063.2326s
	iters: 200, epoch: 4 | loss: 0.5007765
	speed: 0.5090s/iter; left time: 1966.8223s
Epoch: 4 cost time: 123.96116375923157
Epoch: 4, Steps: 239 | Train Loss: 0.3641480 Vali Loss: 0.3369717 Test Loss: 0.5447524
EarlyStopping counter: 2 out of 3
Updating learning rate to 2.5e-05
	iters: 100, epoch: 5 | loss: 0.3942854
	speed: 0.5338s/iter; left time: 1988.5268s
	iters: 200, epoch: 5 | loss: 0.3153504
	speed: 0.5253s/iter; left time: 1904.2118s
Epoch: 5 cost time: 126.60715556144714
Epoch: 5, Steps: 239 | Train Loss: 0.3505177 Vali Loss: 0.3417916 Test Loss: 0.6176653
EarlyStopping counter: 3 out of 3
Early stopping
>>>>>>>testing : iformer_m1999m_il360_ol60_sl60,36,24,18,12,6_dm256_nh4_el4_itr0<<<<<<<<<<<<<<<<<<<<<<<<<<<<<<<<<
test 2245
mse:0.4946467876434326, mae:0.5000876784324646
