Args in experiment:
Namespace(model='iformer', data='m1999m', root_path='./datasets/', data_path='m1999m.csv', data_split=[0.7, 0.1, 0.2], checkpoints='./checkpoints/', in_len=360, out_len=180, seg_lens='12,8,6,4,3', data_dim=5, d_model=256, d_ff=512, n_heads=4, a_layers=4, dropout=0.4, baseline=False, fc_dropout=0.05, head_dropout=0.0, patch_len=12, stride=8, padding_patch='end', revin=1, affine=0, subtract_last=0, decomposition=0, kernel_size=25, individual=0, freq='m', embed_type=0, enc_in=7, dec_in=7, c_out=7, e_layers=2, d_layers=1, moving_avg=25, factor=1, distil=True, embed='timeF', activation='gelu', output_attention=False, do_predict=False, num_workers=0, batch_size=32, train_epochs=20, patience=3, learning_rate=0.0001, lradj='type1', itr=1, save_pred=False, use_gpu=True, gpu=1, use_multi_gpu=False, devices='0,1')
Use GPU: cuda:1
>>>>>>>start training : iformer_m1999m_il360_ol180_sl12,8,6,4,3_dm256_nh4_el4_itr0>>>>>>>>>>>>>>>>>>>>>>>>>>
train 7524
val 974
test 2125
	iters: 100, epoch: 1 | loss: 0.4093809
	speed: 0.2330s/iter; left time: 1076.8343s
	iters: 200, epoch: 1 | loss: 0.4993595
	speed: 0.1852s/iter; left time: 837.3488s
Epoch: 1 cost time: 49.89435911178589
Epoch: 1, Steps: 236 | Train Loss: 0.5503029 Vali Loss: 0.3574909 Test Loss: 0.8105483
Validation loss decreased (inf --> 0.357491).  Saving model ...
	iters: 100, epoch: 2 | loss: 0.3916485
	speed: 0.1914s/iter; left time: 839.2607s
	iters: 200, epoch: 2 | loss: 0.3995934
	speed: 0.2042s/iter; left time: 874.9562s
Epoch: 2 cost time: 45.48570942878723
Epoch: 2, Steps: 236 | Train Loss: 0.4461775 Vali Loss: 0.4930641 Test Loss: 1.0537381
EarlyStopping counter: 1 out of 3
Updating learning rate to 5e-05
	iters: 100, epoch: 3 | loss: 0.3303149
	speed: 0.1903s/iter; left time: 789.3949s
	iters: 200, epoch: 3 | loss: 0.3386247
	speed: 0.1949s/iter; left time: 789.2386s
Epoch: 3 cost time: 45.69531035423279
Epoch: 3, Steps: 236 | Train Loss: 0.3679194 Vali Loss: 0.4327553 Test Loss: 1.0603316
EarlyStopping counter: 2 out of 3
	iters: 100, epoch: 4 | loss: 0.3920565
	speed: 0.1920s/iter; left time: 751.3230s
	iters: 200, epoch: 4 | loss: 0.3252134
	speed: 0.2009s/iter; left time: 766.1018s
Epoch: 4 cost time: 45.7881498336792
Epoch: 4, Steps: 236 | Train Loss: 0.3421884 Vali Loss: 0.4572603 Test Loss: 1.0665565
EarlyStopping counter: 3 out of 3
Early stopping
>>>>>>>testing : iformer_m1999m_il360_ol180_sl12,8,6,4,3_dm256_nh4_el4_itr0<<<<<<<<<<<<<<<<<<<<<<<<<<<<<<<<<
test 2125
mse:0.8006777763366699, mae:0.7137274742126465
