Args in experiment:
Namespace(model='iformer', data='m1999m', root_path='./datasets/', data_path='m1999m.csv', data_split=[0.7, 0.1, 0.2], checkpoints='./checkpoints/', in_len=360, out_len=720, seg_lens='12,8,6,4,3', data_dim=5, d_model=256, d_ff=512, n_heads=4, a_layers=4, dropout=0.4, baseline=False, fc_dropout=0.05, head_dropout=0.0, patch_len=12, stride=8, padding_patch='end', revin=1, affine=0, subtract_last=0, decomposition=0, kernel_size=25, individual=0, freq='m', embed_type=0, enc_in=7, dec_in=7, c_out=7, e_layers=2, d_layers=1, moving_avg=25, factor=1, distil=True, embed='timeF', activation='gelu', output_attention=False, do_predict=False, num_workers=0, batch_size=32, train_epochs=20, patience=3, learning_rate=1e-05, lradj='type1', itr=1, save_pred=False, use_gpu=True, gpu=1, use_multi_gpu=False, devices='0,1')
Use GPU: cuda:1
>>>>>>>start training : iformer_m1999m_il360_ol720_sl12,8,6,4,3_dm256_nh4_el4_itr0>>>>>>>>>>>>>>>>>>>>>>>>>>
train 6984
val 434
test 1585
	iters: 100, epoch: 1 | loss: 0.8700094
	speed: 0.2961s/iter; left time: 1267.7759s
	iters: 200, epoch: 1 | loss: 0.6667361
	speed: 0.2395s/iter; left time: 1001.1848s
Epoch: 1 cost time: 56.93851447105408
Epoch: 1, Steps: 219 | Train Loss: 0.8050355 Vali Loss: 0.5490109 Test Loss: 1.9412503
Validation loss decreased (inf --> 0.549011).  Saving model ...
	iters: 100, epoch: 2 | loss: 0.7364895
	speed: 0.2324s/iter; left time: 943.8603s
	iters: 200, epoch: 2 | loss: 0.6344607
	speed: 0.2192s/iter; left time: 868.4905s
Epoch: 2 cost time: 49.34906816482544
Epoch: 2, Steps: 219 | Train Loss: 0.6614746 Vali Loss: 0.4149031 Test Loss: 1.2489678
Validation loss decreased (0.549011 --> 0.414903).  Saving model ...
Updating learning rate to 5e-06
	iters: 100, epoch: 3 | loss: 0.5440078
	speed: 0.2420s/iter; left time: 930.1090s
	iters: 200, epoch: 3 | loss: 0.6571909
	speed: 0.2247s/iter; left time: 840.9762s
Epoch: 3 cost time: 51.055217266082764
Epoch: 3, Steps: 219 | Train Loss: 0.6230366 Vali Loss: 0.4156108 Test Loss: 1.1356008
EarlyStopping counter: 1 out of 3
	iters: 100, epoch: 4 | loss: 0.5606701
	speed: 0.2192s/iter; left time: 794.4891s
	iters: 200, epoch: 4 | loss: 0.7228172
	speed: 0.2436s/iter; left time: 858.4625s
Epoch: 4 cost time: 51.182047605514526
Epoch: 4, Steps: 219 | Train Loss: 0.6042028 Vali Loss: 0.4342630 Test Loss: 1.0959804
EarlyStopping counter: 2 out of 3
Updating learning rate to 2.5e-06
	iters: 100, epoch: 5 | loss: 0.5642673
	speed: 0.2351s/iter; left time: 800.6437s
	iters: 200, epoch: 5 | loss: 0.6950658
	speed: 0.2220s/iter; left time: 733.8630s
Epoch: 5 cost time: 50.2260377407074
Epoch: 5, Steps: 219 | Train Loss: 0.5892516 Vali Loss: 0.4413317 Test Loss: 1.0523173
EarlyStopping counter: 3 out of 3
Early stopping
>>>>>>>testing : iformer_m1999m_il360_ol720_sl12,8,6,4,3_dm256_nh4_el4_itr0<<<<<<<<<<<<<<<<<<<<<<<<<<<<<<<<<
test 1585
mse:1.2451622486114502, mae:0.9515414834022522
