Args in experiment:
Namespace(model='iformer', data='m1999m', root_path='./datasets/', data_path='m1999m.csv', data_split=[0.7, 0.1, 0.2], checkpoints='./checkpoints/', in_len=360, out_len=720, seg_lens='12,8,6,4,3', data_dim=5, d_model=256, d_ff=512, n_heads=4, a_layers=4, dropout=0.4, baseline=False, num_workers=0, batch_size=32, train_epochs=20, patience=3, learning_rate=1e-05, lradj='type1', itr=1, save_pred=False, use_gpu=True, gpu=1, use_multi_gpu=False, devices='0,1')
Use GPU: cuda:1
>>>>>>>start training : iformer_m1999m_il360_ol720_sl12,8,6,4,3_dm256_nh4_el4_itr0>>>>>>>>>>>>>>>>>>>>>>>>>>
train 6984
val 434
test 1585
	iters: 100, epoch: 1 | loss: 0.7140429
	speed: 0.3201s/iter; left time: 1370.5307s
	iters: 200, epoch: 1 | loss: 0.7391608
	speed: 0.3115s/iter; left time: 1302.1865s
Epoch: 1 cost time: 68.95469260215759
Epoch: 1, Steps: 219 | Train Loss: 0.7972121 Vali Loss: 0.4106831 Test Loss: 1.0704803
Validation loss decreased (inf --> 0.410683).  Saving model ...
	iters: 100, epoch: 2 | loss: 0.5630910
	speed: 0.2796s/iter; left time: 1135.7799s
	iters: 200, epoch: 2 | loss: 0.6298311
	speed: 0.2899s/iter; left time: 1148.5303s
Epoch: 2 cost time: 63.14671444892883
Epoch: 2, Steps: 219 | Train Loss: 0.6399753 Vali Loss: 0.4601407 Test Loss: 0.8559810
EarlyStopping counter: 1 out of 3
Updating learning rate to 5e-06
	iters: 100, epoch: 3 | loss: 0.5673356
	speed: 0.2532s/iter; left time: 973.0339s
	iters: 200, epoch: 3 | loss: 0.5850924
	speed: 0.2055s/iter; left time: 769.0739s
Epoch: 3 cost time: 50.35500979423523
Epoch: 3, Steps: 219 | Train Loss: 0.6150525 Vali Loss: 0.4189700 Test Loss: 0.9860343
EarlyStopping counter: 2 out of 3
	iters: 100, epoch: 4 | loss: 0.5457804
	speed: 0.2106s/iter; left time: 763.0898s
	iters: 200, epoch: 4 | loss: 0.5858710
	speed: 0.2361s/iter; left time: 831.9868s
Epoch: 4 cost time: 50.67722940444946
Epoch: 4, Steps: 219 | Train Loss: 0.5985497 Vali Loss: 0.3878329 Test Loss: 1.2467032
Validation loss decreased (0.410683 --> 0.387833).  Saving model ...
Updating learning rate to 2.5e-06
	iters: 100, epoch: 5 | loss: 0.5735936
	speed: 0.2829s/iter; left time: 963.4046s
	iters: 200, epoch: 5 | loss: 0.6003773
	speed: 0.2754s/iter; left time: 910.3001s
Epoch: 5 cost time: 61.39823937416077
Epoch: 5, Steps: 219 | Train Loss: 0.5843545 Vali Loss: 0.3823151 Test Loss: 1.3400918
Validation loss decreased (0.387833 --> 0.382315).  Saving model ...
	iters: 100, epoch: 6 | loss: 0.5857258
	speed: 0.2997s/iter; left time: 954.9413s
	iters: 200, epoch: 6 | loss: 0.6465665
	speed: 0.2457s/iter; left time: 758.0999s
Epoch: 6 cost time: 58.25580286979675
Epoch: 6, Steps: 219 | Train Loss: 0.5749777 Vali Loss: 0.3846765 Test Loss: 1.3899683
EarlyStopping counter: 1 out of 3
Updating learning rate to 1.25e-06
	iters: 100, epoch: 7 | loss: 0.5137555
	speed: 0.2535s/iter; left time: 752.0857s
	iters: 200, epoch: 7 | loss: 0.5842192
	speed: 0.2420s/iter; left time: 693.8529s
Epoch: 7 cost time: 54.69300818443298
Epoch: 7, Steps: 219 | Train Loss: 0.5692018 Vali Loss: 0.3910127 Test Loss: 1.4264530
EarlyStopping counter: 2 out of 3
	iters: 100, epoch: 8 | loss: 0.5495363
	speed: 0.3062s/iter; left time: 841.3737s
	iters: 200, epoch: 8 | loss: 0.6623467
	speed: 0.3458s/iter; left time: 915.7101s
Epoch: 8 cost time: 71.67814636230469
Epoch: 8, Steps: 219 | Train Loss: 0.5668826 Vali Loss: 0.3879147 Test Loss: 1.4154513
EarlyStopping counter: 3 out of 3
Early stopping
>>>>>>>testing : iformer_m1999m_il360_ol720_sl12,8,6,4,3_dm256_nh4_el4_itr0<<<<<<<<<<<<<<<<<<<<<<<<<<<<<<<<<
test 1585
mse:1.3347971439361572, mae:0.95200115442276
