Args in experiment:
Namespace(model='iformer', data='m1999m', root_path='./datasets/', data_path='m1999m.csv', data_split=[0.7, 0.1, 0.2], checkpoints='./checkpoints/', in_len=360, out_len=30, seg_lens='120,60,36,24,12', data_dim=5, d_model=256, d_ff=512, n_heads=4, a_layers=4, dropout=0.4, baseline=False, num_workers=0, batch_size=32, train_epochs=20, patience=3, learning_rate=0.0001, lradj='type1', itr=1, save_pred=False, use_gpu=True, gpu=1, use_multi_gpu=False, devices='0,1')
Use GPU: cuda:1
>>>>>>>start training : iformer_m1999m_il360_ol30_sl120,60,36,24,12_dm256_nh4_el4_itr0>>>>>>>>>>>>>>>>>>>>>>>>>>
train 7674
val 1124
test 2275
	iters: 100, epoch: 1 | loss: 0.4769677
	speed: 0.4934s/iter; left time: 2319.5924s
	iters: 200, epoch: 1 | loss: 0.3531770
	speed: 0.4705s/iter; left time: 2164.7662s
Epoch: 1 cost time: 115.72368240356445
Epoch: 1, Steps: 240 | Train Loss: 0.5559678 Vali Loss: 0.3264927 Test Loss: 0.5625365
Validation loss decreased (inf --> 0.326493).  Saving model ...
	iters: 100, epoch: 2 | loss: 0.3239258
	speed: 0.5795s/iter; left time: 2585.1090s
	iters: 200, epoch: 2 | loss: 0.4086418
	speed: 0.5974s/iter; left time: 2605.2122s
Epoch: 2 cost time: 141.6514401435852
Epoch: 2, Steps: 240 | Train Loss: 0.3913913 Vali Loss: 0.2877320 Test Loss: 0.3805814
Validation loss decreased (0.326493 --> 0.287732).  Saving model ...
Updating learning rate to 5e-05
	iters: 100, epoch: 3 | loss: 0.4619999
	speed: 0.5820s/iter; left time: 2456.4898s
	iters: 200, epoch: 3 | loss: 0.3360975
	speed: 0.6018s/iter; left time: 2479.9889s
Epoch: 3 cost time: 146.04294562339783
Epoch: 3, Steps: 240 | Train Loss: 0.3534264 Vali Loss: 0.2993768 Test Loss: 0.3964575
EarlyStopping counter: 1 out of 3
	iters: 100, epoch: 4 | loss: 0.4290597
	speed: 0.6381s/iter; left time: 2540.1441s
	iters: 200, epoch: 4 | loss: 0.3664432
	speed: 0.6472s/iter; left time: 2511.6944s
Epoch: 4 cost time: 154.80746746063232
Epoch: 4, Steps: 240 | Train Loss: 0.3458112 Vali Loss: 0.2501032 Test Loss: 0.3607184
Validation loss decreased (0.287732 --> 0.250103).  Saving model ...
Updating learning rate to 2.5e-05
	iters: 100, epoch: 5 | loss: 0.3753976
	speed: 0.6437s/iter; left time: 2408.2108s
	iters: 200, epoch: 5 | loss: 0.5449067
	speed: 0.6657s/iter; left time: 2423.8831s
Epoch: 5 cost time: 158.23619532585144
Epoch: 5, Steps: 240 | Train Loss: 0.3329250 Vali Loss: 0.2534123 Test Loss: 0.3643050
EarlyStopping counter: 1 out of 3
	iters: 100, epoch: 6 | loss: 0.3611018
	speed: 0.6702s/iter; left time: 2346.5238s
	iters: 200, epoch: 6 | loss: 0.2587642
	speed: 0.6516s/iter; left time: 2216.2349s
Epoch: 6 cost time: 159.03008675575256
Epoch: 6, Steps: 240 | Train Loss: 0.3284000 Vali Loss: 0.3208779 Test Loss: 0.5386810
EarlyStopping counter: 2 out of 3
Updating learning rate to 1.25e-05
	iters: 100, epoch: 7 | loss: 0.2517878
	speed: 0.6320s/iter; left time: 2060.7904s
	iters: 200, epoch: 7 | loss: 0.2546320
	speed: 0.6541s/iter; left time: 2067.6486s
Epoch: 7 cost time: 155.1770269870758
Epoch: 7, Steps: 240 | Train Loss: 0.3209051 Vali Loss: 0.2677895 Test Loss: 0.4002819
EarlyStopping counter: 3 out of 3
Early stopping
>>>>>>>testing : iformer_m1999m_il360_ol30_sl120,60,36,24,12_dm256_nh4_el4_itr0<<<<<<<<<<<<<<<<<<<<<<<<<<<<<<<<<
test 2275
mse:0.3625396490097046, mae:0.36265894770622253
