Args in experiment:
Namespace(model='former', data='m1999m', root_path='./datasets/', data_path='m1999m.csv', data_split=[0.7, 0.1, 0.2], checkpoints='./checkpoints/', in_len=360, out_len=600, seg_lens='12,8,6,4,3', data_dim=5, d_model=256, d_ff=512, n_heads=4, a_layers=4, dropout=0.4, baseline=False, fc_dropout=0.05, head_dropout=0.0, patch_len=12, stride=8, padding_patch='end', revin=1, affine=0, subtract_last=0, decomposition=0, kernel_size=25, individual=0, num_workers=0, batch_size=32, train_epochs=20, patience=3, learning_rate=1e-05, lradj='type1', itr=1, save_pred=False, use_gpu=True, gpu=1, use_multi_gpu=False, devices='0,1')
Use GPU: cuda:1
>>>>>>>start training : former_m1999m_il360_ol600_sl12,8,6,4,3_dm256_nh4_el4_itr0>>>>>>>>>>>>>>>>>>>>>>>>>>
train 7104
val 554
test 1705
	iters: 100, epoch: 1 | loss: 0.6528148
	speed: 0.9510s/iter; left time: 4128.3263s
	iters: 200, epoch: 1 | loss: 0.6581753
	speed: 0.8871s/iter; left time: 3762.2640s
Epoch: 1 cost time: 203.7252857685089
Epoch: 1, Steps: 222 | Train Loss: 0.7281241 Vali Loss: 0.3857730 Test Loss: 1.1984502
Validation loss decreased (inf --> 0.385773).  Saving model ...
	iters: 100, epoch: 2 | loss: 0.6466891
	speed: 0.8725s/iter; left time: 3593.7243s
	iters: 200, epoch: 2 | loss: 0.5982174
	speed: 0.8468s/iter; left time: 3403.1952s
Epoch: 2 cost time: 191.00775861740112
Epoch: 2, Steps: 222 | Train Loss: 0.6029896 Vali Loss: 0.3702360 Test Loss: 1.4056758
Validation loss decreased (0.385773 --> 0.370236).  Saving model ...
Updating learning rate to 5e-06
	iters: 100, epoch: 3 | loss: 0.4777706
	speed: 0.8666s/iter; left time: 3376.9925s
	iters: 200, epoch: 3 | loss: 0.5630865
	speed: 0.8395s/iter; left time: 3187.5128s
Epoch: 3 cost time: 189.86831617355347
Epoch: 3, Steps: 222 | Train Loss: 0.5632267 Vali Loss: 0.3789423 Test Loss: 1.4285406
EarlyStopping counter: 1 out of 3
	iters: 100, epoch: 4 | loss: 0.5381378
	speed: 0.8116s/iter; left time: 2982.5128s
	iters: 200, epoch: 4 | loss: 0.6216600
	speed: 0.8694s/iter; left time: 3108.1634s
Epoch: 4 cost time: 186.49551701545715
Epoch: 4, Steps: 222 | Train Loss: 0.5499904 Vali Loss: 0.4076369 Test Loss: 1.5378013
EarlyStopping counter: 2 out of 3
Updating learning rate to 2.5e-06
	iters: 100, epoch: 5 | loss: 0.4887379
	speed: 0.8563s/iter; left time: 2956.7134s
	iters: 200, epoch: 5 | loss: 0.6308892
	speed: 0.8604s/iter; left time: 2884.9685s
Epoch: 5 cost time: 191.18150091171265
Epoch: 5, Steps: 222 | Train Loss: 0.5384177 Vali Loss: 0.3978616 Test Loss: 1.5767388
EarlyStopping counter: 3 out of 3
Early stopping
>>>>>>>testing : former_m1999m_il360_ol600_sl12,8,6,4,3_dm256_nh4_el4_itr0<<<<<<<<<<<<<<<<<<<<<<<<<<<<<<<<<
test 1705
mse:1.3970410823822021, mae:0.975171685218811
