Args in experiment:
Namespace(model='iformer', data='m1999m', root_path='./datasets/', data_path='m1999m.csv', data_split=[0.7, 0.1, 0.2], checkpoints='./checkpoints/', in_len=360, out_len=720, seg_lens='12,8,6,4,3', data_dim=5, d_model=256, d_ff=512, n_heads=4, a_layers=4, dropout=0.4, baseline=False, fc_dropout=0.05, head_dropout=0.0, patch_len=12, stride=8, padding_patch='end', revin=1, affine=0, subtract_last=0, decomposition=0, kernel_size=25, individual=0, num_workers=0, batch_size=32, train_epochs=20, patience=3, learning_rate=1e-05, lradj='type1', itr=1, save_pred=False, use_gpu=True, gpu=1, use_multi_gpu=False, devices='0,1')
Use GPU: cuda:1
>>>>>>>start training : iformer_m1999m_il360_ol720_sl12,8,6,4,3_dm256_nh4_el4_itr0>>>>>>>>>>>>>>>>>>>>>>>>>>
train 6984
val 434
test 1585
	iters: 100, epoch: 1 | loss: 0.7013939
	speed: 0.3507s/iter; left time: 1501.1654s
	iters: 200, epoch: 1 | loss: 0.7426487
	speed: 0.3204s/iter; left time: 1339.4685s
Epoch: 1 cost time: 72.69431972503662
Epoch: 1, Steps: 219 | Train Loss: 0.7898061 Vali Loss: 0.4235951 Test Loss: 1.1832033
Validation loss decreased (inf --> 0.423595).  Saving model ...
	iters: 100, epoch: 2 | loss: 0.5640100
	speed: 0.3183s/iter; left time: 1293.0714s
	iters: 200, epoch: 2 | loss: 0.6347252
	speed: 0.3176s/iter; left time: 1258.2894s
Epoch: 2 cost time: 70.07740068435669
Epoch: 2, Steps: 219 | Train Loss: 0.6422017 Vali Loss: 0.4247960 Test Loss: 1.0704495
EarlyStopping counter: 1 out of 3
Updating learning rate to 5e-06
	iters: 100, epoch: 3 | loss: 0.5688644
	speed: 0.2957s/iter; left time: 1136.2142s
	iters: 200, epoch: 3 | loss: 0.5888680
	speed: 0.3033s/iter; left time: 1135.3022s
Epoch: 3 cost time: 66.05249071121216
Epoch: 3, Steps: 219 | Train Loss: 0.6179342 Vali Loss: 0.4238314 Test Loss: 1.0916294
EarlyStopping counter: 2 out of 3
	iters: 100, epoch: 4 | loss: 0.5500565
	speed: 0.3012s/iter; left time: 1091.5053s
	iters: 200, epoch: 4 | loss: 0.5911586
	speed: 0.3196s/iter; left time: 1126.1126s
Epoch: 4 cost time: 67.74486827850342
Epoch: 4, Steps: 219 | Train Loss: 0.6029709 Vali Loss: 0.4200562 Test Loss: 1.1666753
Validation loss decreased (0.423595 --> 0.420056).  Saving model ...
Updating learning rate to 2.5e-06
	iters: 100, epoch: 5 | loss: 0.5793520
	speed: 0.2604s/iter; left time: 886.8152s
	iters: 200, epoch: 5 | loss: 0.6097511
	speed: 0.2895s/iter; left time: 956.8683s
Epoch: 5 cost time: 60.996642112731934
Epoch: 5, Steps: 219 | Train Loss: 0.5904127 Vali Loss: 0.4089673 Test Loss: 1.1789570
Validation loss decreased (0.420056 --> 0.408967).  Saving model ...
	iters: 100, epoch: 6 | loss: 0.5994519
	speed: 0.2933s/iter; left time: 934.5139s
	iters: 200, epoch: 6 | loss: 0.6603097
	speed: 0.2774s/iter; left time: 856.0608s
Epoch: 6 cost time: 62.430962324142456
Epoch: 6, Steps: 219 | Train Loss: 0.5814255 Vali Loss: 0.4002579 Test Loss: 1.2386759
Validation loss decreased (0.408967 --> 0.400258).  Saving model ...
Updating learning rate to 1.25e-06
	iters: 100, epoch: 7 | loss: 0.5229688
	speed: 0.2678s/iter; left time: 794.6782s
	iters: 200, epoch: 7 | loss: 0.5832844
	speed: 0.2834s/iter; left time: 812.5609s
Epoch: 7 cost time: 60.88562083244324
Epoch: 7, Steps: 219 | Train Loss: 0.5759217 Vali Loss: 0.4138847 Test Loss: 1.2590021
EarlyStopping counter: 1 out of 3
	iters: 100, epoch: 8 | loss: 0.5577861
	speed: 0.2669s/iter; left time: 733.4830s
	iters: 200, epoch: 8 | loss: 0.6650791
	speed: 0.2484s/iter; left time: 657.7703s
Epoch: 8 cost time: 56.65551972389221
Epoch: 8, Steps: 219 | Train Loss: 0.5735236 Vali Loss: 0.4065604 Test Loss: 1.2738851
EarlyStopping counter: 2 out of 3
Updating learning rate to 6.25e-07
	iters: 100, epoch: 9 | loss: 0.5687389
	speed: 0.2347s/iter; left time: 593.4732s
	iters: 200, epoch: 9 | loss: 0.5998629
	speed: 0.2638s/iter; left time: 640.8014s
Epoch: 9 cost time: 53.60814619064331
Epoch: 9, Steps: 219 | Train Loss: 0.5707967 Vali Loss: 0.4044542 Test Loss: 1.2752874
EarlyStopping counter: 3 out of 3
Early stopping
>>>>>>>testing : iformer_m1999m_il360_ol720_sl12,8,6,4,3_dm256_nh4_el4_itr0<<<<<<<<<<<<<<<<<<<<<<<<<<<<<<<<<
test 1585
mse:1.2350496053695679, mae:0.9232082962989807
