Args in experiment:
Namespace(model='iformer', data='m1999m', root_path='./datasets/', data_path='m1999m.csv', data_split=[0.7, 0.1, 0.2], checkpoints='./checkpoints/', in_len=360, out_len=180, seg_lens='12,8,6,4,3', data_dim=5, d_model=256, d_ff=512, n_heads=4, a_layers=4, dropout=0.4, baseline=False, fc_dropout=0.05, head_dropout=0.0, patch_len=12, stride=8, padding_patch='end', revin=1, affine=0, subtract_last=0, decomposition=0, kernel_size=25, individual=0, freq='m', embed_type=0, enc_in=7, dec_in=7, c_out=7, e_layers=2, d_layers=1, moving_avg=25, factor=1, distil=True, embed='timeF', activation='gelu', output_attention=False, do_predict=False, num_workers=0, batch_size=32, train_epochs=20, patience=3, learning_rate=0.0001, lradj='type1', itr=1, save_pred=False, use_gpu=True, gpu=1, use_multi_gpu=False, devices='0,1')
Use GPU: cuda:1
>>>>>>>start training : iformer_m1999m_il360_ol180_sl12,8,6,4,3_dm256_nh4_el4_itr0>>>>>>>>>>>>>>>>>>>>>>>>>>
train 7524
val 974
test 2125
	iters: 100, epoch: 1 | loss: 0.4142274
	speed: 0.2605s/iter; left time: 1203.7113s
	iters: 200, epoch: 1 | loss: 0.5041645
	speed: 0.1485s/iter; left time: 671.2511s
Epoch: 1 cost time: 45.81021547317505
Epoch: 1, Steps: 236 | Train Loss: 0.5543156 Vali Loss: 0.3368799 Test Loss: 0.7563539
Validation loss decreased (inf --> 0.336880).  Saving model ...
	iters: 100, epoch: 2 | loss: 0.4082728
	speed: 0.1632s/iter; left time: 715.6875s
	iters: 200, epoch: 2 | loss: 0.4429027
	speed: 0.1414s/iter; left time: 606.0237s
Epoch: 2 cost time: 32.94330072402954
Epoch: 2, Steps: 236 | Train Loss: 0.4645246 Vali Loss: 0.4218697 Test Loss: 0.8504691
EarlyStopping counter: 1 out of 3
Updating learning rate to 5e-05
	iters: 100, epoch: 3 | loss: 0.3571683
	speed: 0.1238s/iter; left time: 513.6947s
	iters: 200, epoch: 3 | loss: 0.3711663
	speed: 0.1328s/iter; left time: 537.9042s
Epoch: 3 cost time: 31.920244932174683
Epoch: 3, Steps: 236 | Train Loss: 0.3996318 Vali Loss: 0.4979089 Test Loss: 1.0647560
EarlyStopping counter: 2 out of 3
	iters: 100, epoch: 4 | loss: 0.4193342
	speed: 0.1466s/iter; left time: 573.8335s
	iters: 200, epoch: 4 | loss: 0.3427059
	speed: 0.1631s/iter; left time: 621.7830s
Epoch: 4 cost time: 36.60827136039734
Epoch: 4, Steps: 236 | Train Loss: 0.3667797 Vali Loss: 0.5287262 Test Loss: 1.0701497
EarlyStopping counter: 3 out of 3
Early stopping
>>>>>>>testing : iformer_m1999m_il360_ol180_sl12,8,6,4,3_dm256_nh4_el4_itr0<<<<<<<<<<<<<<<<<<<<<<<<<<<<<<<<<
test 2125
mse:0.7464005351066589, mae:0.6977230906486511
