Args in experiment:
Namespace(model='iformer', data='m1999m', root_path='./datasets/', data_path='m1999m.csv', data_split=[0.7, 0.1, 0.2], checkpoints='./checkpoints/', in_len=360, out_len=90, seg_lens='60,36,24,12,8,4', data_dim=5, d_model=256, d_ff=512, n_heads=4, a_layers=4, dropout=0.4, baseline=False, num_workers=0, batch_size=32, train_epochs=20, patience=3, learning_rate=0.0001, lradj='type1', itr=1, save_pred=False, use_gpu=True, gpu=1, use_multi_gpu=False, devices='0,1')
Use GPU: cuda:1
>>>>>>>start training : iformer_m1999m_il360_ol90_sl60,36,24,12,8,4_dm256_nh4_el4_itr0>>>>>>>>>>>>>>>>>>>>>>>>>>
train 7614
val 1064
test 2215
	iters: 100, epoch: 1 | loss: 0.4607733
	speed: 0.6468s/iter; left time: 3014.7585s
	iters: 200, epoch: 1 | loss: 0.6122845
	speed: 0.6056s/iter; left time: 2761.9851s
Epoch: 1 cost time: 148.02397441864014
Epoch: 1, Steps: 238 | Train Loss: 0.5401000 Vali Loss: 0.4560637 Test Loss: 0.4693207
Validation loss decreased (inf --> 0.456064).  Saving model ...
	iters: 100, epoch: 2 | loss: 0.3839500
	speed: 0.5940s/iter; left time: 2627.1642s
	iters: 200, epoch: 2 | loss: 0.4480701
	speed: 0.6069s/iter; left time: 2623.8340s
Epoch: 2 cost time: 142.4646532535553
Epoch: 2, Steps: 238 | Train Loss: 0.4287469 Vali Loss: 0.4022946 Test Loss: 0.6602156
Validation loss decreased (0.456064 --> 0.402295).  Saving model ...
Updating learning rate to 5e-05
	iters: 100, epoch: 3 | loss: 0.4931862
	speed: 0.5830s/iter; left time: 2439.6549s
	iters: 200, epoch: 3 | loss: 0.3006182
	speed: 0.5799s/iter; left time: 2368.8556s
Epoch: 3 cost time: 138.93104767799377
Epoch: 3, Steps: 238 | Train Loss: 0.3820087 Vali Loss: 0.4903937 Test Loss: 0.8480844
EarlyStopping counter: 1 out of 3
	iters: 100, epoch: 4 | loss: 0.3019774
	speed: 0.5830s/iter; left time: 2301.2103s
	iters: 200, epoch: 4 | loss: 0.4126457
	speed: 0.5710s/iter; left time: 2196.6725s
Epoch: 4 cost time: 137.1736011505127
Epoch: 4, Steps: 238 | Train Loss: 0.3489059 Vali Loss: 0.8311866 Test Loss: 1.2503278
EarlyStopping counter: 2 out of 3
Updating learning rate to 2.5e-05
	iters: 100, epoch: 5 | loss: 0.2881263
	speed: 0.5685s/iter; left time: 2108.6379s
	iters: 200, epoch: 5 | loss: 0.3025101
	speed: 0.5858s/iter; left time: 2114.3176s
Epoch: 5 cost time: 138.28835463523865
Epoch: 5, Steps: 238 | Train Loss: 0.3204313 Vali Loss: 1.0031346 Test Loss: 1.3860202
EarlyStopping counter: 3 out of 3
Early stopping
>>>>>>>testing : iformer_m1999m_il360_ol90_sl60,36,24,12,8,4_dm256_nh4_el4_itr0<<<<<<<<<<<<<<<<<<<<<<<<<<<<<<<<<
test 2215
mse:0.6416014432907104, mae:0.6001747846603394
