Args in experiment:
Namespace(model='iformer', data='m1999m', root_path='./datasets/', data_path='m1999m.csv', data_split=[0.7, 0.1, 0.2], checkpoints='./checkpoints/', in_len=360, out_len=60, seg_lens='60,36,24,18,12,6', data_dim=5, d_model=256, d_ff=512, n_heads=4, a_layers=4, dropout=0.4, baseline=False, num_workers=0, batch_size=32, train_epochs=20, patience=3, learning_rate=0.0001, lradj='type1', itr=1, save_pred=False, use_gpu=True, gpu=1, use_multi_gpu=False, devices='0,1')
Use GPU: cuda:1
>>>>>>>start training : iformer_m1999m_il360_ol60_sl60,36,24,18,12,6_dm256_nh4_el4_itr0>>>>>>>>>>>>>>>>>>>>>>>>>>
train 7644
val 1094
test 2245
	iters: 100, epoch: 1 | loss: 0.4538730
	speed: 0.6895s/iter; left time: 3227.4358s
	iters: 200, epoch: 1 | loss: 0.5702143
	speed: 0.6459s/iter; left time: 2958.6857s
Epoch: 1 cost time: 159.60385918617249
Epoch: 1, Steps: 239 | Train Loss: 0.5202708 Vali Loss: 0.3266092 Test Loss: 0.4645538
Validation loss decreased (inf --> 0.326609).  Saving model ...
	iters: 100, epoch: 2 | loss: 0.3983722
	speed: 0.6233s/iter; left time: 2768.5618s
	iters: 200, epoch: 2 | loss: 0.4405206
	speed: 0.6266s/iter; left time: 2720.8935s
Epoch: 2 cost time: 149.88868594169617
Epoch: 2, Steps: 239 | Train Loss: 0.4143441 Vali Loss: 0.3255632 Test Loss: 0.4400842
Validation loss decreased (0.326609 --> 0.325563).  Saving model ...
Updating learning rate to 5e-05
	iters: 100, epoch: 3 | loss: 0.4589491
	speed: 0.6148s/iter; left time: 2584.1397s
	iters: 200, epoch: 3 | loss: 0.2878873
	speed: 0.6202s/iter; left time: 2544.8118s
Epoch: 3 cost time: 147.67256593704224
Epoch: 3, Steps: 239 | Train Loss: 0.3788370 Vali Loss: 0.3467379 Test Loss: 0.4574724
EarlyStopping counter: 1 out of 3
	iters: 100, epoch: 4 | loss: 0.3347863
	speed: 0.6105s/iter; left time: 2420.0056s
	iters: 200, epoch: 4 | loss: 0.4777144
	speed: 0.6490s/iter; left time: 2507.8531s
Epoch: 4 cost time: 152.44823098182678
Epoch: 4, Steps: 239 | Train Loss: 0.3594359 Vali Loss: 0.3728091 Test Loss: 0.5569721
EarlyStopping counter: 2 out of 3
Updating learning rate to 2.5e-05
	iters: 100, epoch: 5 | loss: 0.3483779
	speed: 0.6226s/iter; left time: 2319.1524s
	iters: 200, epoch: 5 | loss: 0.3064433
	speed: 0.6272s/iter; left time: 2273.4779s
Epoch: 5 cost time: 150.43297505378723
Epoch: 5, Steps: 239 | Train Loss: 0.3351173 Vali Loss: 0.4792245 Test Loss: 0.7063090
EarlyStopping counter: 3 out of 3
Early stopping
>>>>>>>testing : iformer_m1999m_il360_ol60_sl60,36,24,18,12,6_dm256_nh4_el4_itr0<<<<<<<<<<<<<<<<<<<<<<<<<<<<<<<<<
test 2245
mse:0.407968133687973, mae:0.4171920120716095
