Args in experiment:
Namespace(model='iformer', data='m1999m', root_path='./datasets/', data_path='m1999m.csv', data_split=[0.7, 0.1, 0.2], checkpoints='./checkpoints/', in_len=360, out_len=60, seg_lens='60,36,24,18,12,6', data_dim=5, d_model=256, d_ff=512, n_heads=4, a_layers=4, dropout=0.4, baseline=False, fc_dropout=0.05, head_dropout=0.0, patch_len=12, stride=8, padding_patch='end', revin=1, affine=0, subtract_last=0, decomposition=0, kernel_size=25, individual=0, freq='m', embed_type=0, enc_in=7, dec_in=7, c_out=7, e_layers=2, d_layers=1, moving_avg=25, factor=1, distil=True, embed='timeF', activation='gelu', output_attention=False, do_predict=False, num_workers=0, batch_size=32, train_epochs=20, patience=3, learning_rate=0.0001, lradj='type1', itr=1, save_pred=False, use_gpu=True, gpu=1, use_multi_gpu=False, devices='0,1')
Use GPU: cuda:1
>>>>>>>start training : iformer_m1999m_il360_ol60_sl60,36,24,18,12,6_dm256_nh4_el4_itr0>>>>>>>>>>>>>>>>>>>>>>>>>>
train 7644
val 1094
test 2245
	iters: 100, epoch: 1 | loss: 0.5049330
	speed: 0.4147s/iter; left time: 1941.1215s
	iters: 200, epoch: 1 | loss: 0.3827471
	speed: 0.3875s/iter; left time: 1775.1706s
Epoch: 1 cost time: 94.58001184463501
Epoch: 1, Steps: 239 | Train Loss: 0.5236536 Vali Loss: 0.3043113 Test Loss: 0.6733195
Validation loss decreased (inf --> 0.304311).  Saving model ...
	iters: 100, epoch: 2 | loss: 0.4278869
	speed: 0.3667s/iter; left time: 1628.7637s
	iters: 200, epoch: 2 | loss: 0.3942531
	speed: 0.3773s/iter; left time: 1638.1205s
Epoch: 2 cost time: 88.87539410591125
Epoch: 2, Steps: 239 | Train Loss: 0.4084317 Vali Loss: 0.3071814 Test Loss: 0.4568604
EarlyStopping counter: 1 out of 3
Updating learning rate to 5e-05
	iters: 100, epoch: 3 | loss: 0.4071937
	speed: 0.3772s/iter; left time: 1585.1630s
	iters: 200, epoch: 3 | loss: 0.4356324
	speed: 0.3774s/iter; left time: 1548.5860s
Epoch: 3 cost time: 90.52777171134949
Epoch: 3, Steps: 239 | Train Loss: 0.3750458 Vali Loss: 0.3047718 Test Loss: 0.5603320
EarlyStopping counter: 2 out of 3
	iters: 100, epoch: 4 | loss: 0.3244427
	speed: 0.3617s/iter; left time: 1433.9723s
	iters: 200, epoch: 4 | loss: 0.3090413
	speed: 0.3911s/iter; left time: 1511.2355s
Epoch: 4 cost time: 90.07559633255005
Epoch: 4, Steps: 239 | Train Loss: 0.3561079 Vali Loss: 0.3617976 Test Loss: 0.5470368
EarlyStopping counter: 3 out of 3
Early stopping
>>>>>>>testing : iformer_m1999m_il360_ol60_sl60,36,24,18,12,6_dm256_nh4_el4_itr0<<<<<<<<<<<<<<<<<<<<<<<<<<<<<<<<<
test 2245
mse:0.6368033289909363, mae:0.6147154569625854
