Args in experiment:
Namespace(model='iformer', data='m1999m', root_path='./datasets/', data_path='m1999m.csv', data_split=[0.7, 0.1, 0.2], checkpoints='./checkpoints/', in_len=360, out_len=480, seg_lens='12,8,6,4,3', data_dim=5, d_model=256, d_ff=512, n_heads=4, a_layers=4, dropout=0.4, baseline=False, fc_dropout=0.05, head_dropout=0.0, patch_len=12, stride=8, padding_patch='end', revin=1, affine=0, subtract_last=0, decomposition=0, kernel_size=25, individual=0, freq='m', embed_type=0, enc_in=7, dec_in=7, c_out=7, e_layers=2, d_layers=1, moving_avg=25, factor=1, distil=True, embed='timeF', activation='gelu', output_attention=False, do_predict=False, num_workers=0, batch_size=32, train_epochs=20, patience=3, learning_rate=1e-05, lradj='type1', itr=1, save_pred=False, use_gpu=True, gpu=1, use_multi_gpu=False, devices='0,1')
Use GPU: cuda:1
>>>>>>>start training : iformer_m1999m_il360_ol480_sl12,8,6,4,3_dm256_nh4_el4_itr0>>>>>>>>>>>>>>>>>>>>>>>>>>
train 7224
val 674
test 1825
	iters: 100, epoch: 1 | loss: 0.9103889
	speed: 0.3106s/iter; left time: 1373.1070s
	iters: 200, epoch: 1 | loss: 0.7291422
	speed: 0.2543s/iter; left time: 1098.9810s
Epoch: 1 cost time: 62.23180341720581
Epoch: 1, Steps: 226 | Train Loss: 0.7754839 Vali Loss: 0.4666473 Test Loss: 1.5964349
Validation loss decreased (inf --> 0.466647).  Saving model ...
	iters: 100, epoch: 2 | loss: 0.5917542
	speed: 0.2337s/iter; left time: 980.5684s
	iters: 200, epoch: 2 | loss: 0.5814574
	speed: 0.2413s/iter; left time: 987.9471s
Epoch: 2 cost time: 52.19068932533264
Epoch: 2, Steps: 226 | Train Loss: 0.6427443 Vali Loss: 0.3743038 Test Loss: 1.1214021
Validation loss decreased (0.466647 --> 0.374304).  Saving model ...
Updating learning rate to 5e-06
	iters: 100, epoch: 3 | loss: 0.6274993
	speed: 0.2439s/iter; left time: 967.9695s
	iters: 200, epoch: 3 | loss: 0.5486134
	speed: 0.2540s/iter; left time: 982.7016s
Epoch: 3 cost time: 56.617756843566895
Epoch: 3, Steps: 226 | Train Loss: 0.6096295 Vali Loss: 0.3972528 Test Loss: 0.9813299
EarlyStopping counter: 1 out of 3
	iters: 100, epoch: 4 | loss: 0.5770286
	speed: 0.2079s/iter; left time: 778.2028s
	iters: 200, epoch: 4 | loss: 0.5625640
	speed: 0.2376s/iter; left time: 865.5935s
Epoch: 4 cost time: 49.385154485702515
Epoch: 4, Steps: 226 | Train Loss: 0.5959756 Vali Loss: 0.4098231 Test Loss: 0.9104788
EarlyStopping counter: 2 out of 3
Updating learning rate to 2.5e-06
	iters: 100, epoch: 5 | loss: 0.5732328
	speed: 0.2486s/iter; left time: 874.4972s
	iters: 200, epoch: 5 | loss: 0.5636677
	speed: 0.2264s/iter; left time: 773.5347s
Epoch: 5 cost time: 53.34215426445007
Epoch: 5, Steps: 226 | Train Loss: 0.5856466 Vali Loss: 0.3998624 Test Loss: 0.8871805
EarlyStopping counter: 3 out of 3
Early stopping
>>>>>>>testing : iformer_m1999m_il360_ol480_sl12,8,6,4,3_dm256_nh4_el4_itr0<<<<<<<<<<<<<<<<<<<<<<<<<<<<<<<<<
test 1825
mse:1.1104907989501953, mae:0.8920592069625854
