Args in experiment:
Namespace(model='patchtst', data='m1999m', root_path='./datasets/', data_path='m1999m.csv', data_split=[0.7, 0.1, 0.2], checkpoints='./checkpoints/', in_len=360, out_len=60, seg_lens='64', data_dim=5, d_model=256, d_ff=512, n_heads=4, a_layers=4, dropout=0.4, baseline='True', fc_dropout=0.05, head_dropout=0.0, patch_len=12, stride=8, padding_patch='end', revin=1, affine=0, subtract_last=0, decomposition=0, kernel_size=25, individual=0, num_workers=0, batch_size=32, train_epochs=20, patience=3, learning_rate=0.0001, lradj='type1', itr=1, save_pred=False, use_gpu=True, gpu=0, use_multi_gpu=False, devices='0,1')
Use GPU: cuda:0
>>>>>>>start training : patchtst_m1999m_il360_ol60_sl64_dm256_nh4_el4_itr0>>>>>>>>>>>>>>>>>>>>>>>>>>
train 7644
val 1094
test 2245
	iters: 100, epoch: 1 | loss: 0.4901033
	speed: 0.1012s/iter; left time: 473.8596s
	iters: 200, epoch: 1 | loss: 0.3687954
	speed: 0.0852s/iter; left time: 390.3596s
Epoch: 1 cost time: 21.44723653793335
Epoch: 1, Steps: 239 | Train Loss: 0.4535188 Vali Loss: 0.2781441 Test Loss: 0.3922154
Validation loss decreased (inf --> 0.278144).  Saving model ...
	iters: 100, epoch: 2 | loss: 0.3806747
	speed: 0.0885s/iter; left time: 392.8958s
	iters: 200, epoch: 2 | loss: 0.4546727
	speed: 0.0801s/iter; left time: 347.6317s
Epoch: 2 cost time: 19.812554836273193
Epoch: 2, Steps: 239 | Train Loss: 0.4009936 Vali Loss: 0.2721772 Test Loss: 0.3922382
Validation loss decreased (0.278144 --> 0.272177).  Saving model ...
Updating learning rate to 5e-05
	iters: 100, epoch: 3 | loss: 0.3761084
	speed: 0.0826s/iter; left time: 347.2705s
	iters: 200, epoch: 3 | loss: 0.3982092
	speed: 0.0841s/iter; left time: 345.1381s
Epoch: 3 cost time: 20.1983323097229
Epoch: 3, Steps: 239 | Train Loss: 0.3866253 Vali Loss: 0.2786892 Test Loss: 0.3911442
EarlyStopping counter: 1 out of 3
	iters: 100, epoch: 4 | loss: 0.3281654
	speed: 0.0774s/iter; left time: 306.7740s
	iters: 200, epoch: 4 | loss: 0.4005959
	speed: 0.0829s/iter; left time: 320.1419s
Epoch: 4 cost time: 18.49624490737915
Epoch: 4, Steps: 239 | Train Loss: 0.3833100 Vali Loss: 0.2738049 Test Loss: 0.3899539
EarlyStopping counter: 2 out of 3
Updating learning rate to 2.5e-05
	iters: 100, epoch: 5 | loss: 0.3233484
	speed: 0.0832s/iter; left time: 309.8693s
	iters: 200, epoch: 5 | loss: 0.3515934
	speed: 0.0815s/iter; left time: 295.4506s
Epoch: 5 cost time: 19.615415334701538
Epoch: 5, Steps: 239 | Train Loss: 0.3775556 Vali Loss: 0.2738265 Test Loss: 0.3896734
EarlyStopping counter: 3 out of 3
Early stopping
>>>>>>>testing : patchtst_m1999m_il360_ol60_sl64_dm256_nh4_el4_itr0<<<<<<<<<<<<<<<<<<<<<<<<<<<<<<<<<
test 2245
mse:0.35747629404067993, mae:0.3025047481060028
