Args in experiment:
Namespace(model='patchtst', data='m1999m', root_path='./datasets/', data_path='m1999m.csv', data_split=[0.7, 0.1, 0.2], checkpoints='./checkpoints/', in_len=360, out_len=600, seg_lens='64', data_dim=5, d_model=256, d_ff=512, n_heads=4, a_layers=4, dropout=0.4, baseline='True', fc_dropout=0.05, head_dropout=0.0, patch_len=12, stride=8, padding_patch='end', revin=1, affine=0, subtract_last=0, decomposition=0, kernel_size=25, individual=0, num_workers=0, batch_size=32, train_epochs=20, patience=3, learning_rate=1e-05, lradj='type1', itr=1, save_pred=False, use_gpu=True, gpu=0, use_multi_gpu=False, devices='0,1')
Use GPU: cuda:0
>>>>>>>start training : patchtst_m1999m_il360_ol600_sl64_dm256_nh4_el4_itr0>>>>>>>>>>>>>>>>>>>>>>>>>>
train 7104
val 554
test 1705
	iters: 100, epoch: 1 | loss: 0.8584774
	speed: 0.1736s/iter; left time: 753.6905s
	iters: 200, epoch: 1 | loss: 1.0071412
	speed: 0.1357s/iter; left time: 575.6862s
Epoch: 1 cost time: 33.91382598876953
Epoch: 1, Steps: 222 | Train Loss: 0.8995654 Vali Loss: 0.3825666 Test Loss: 0.6938421
Validation loss decreased (inf --> 0.382567).  Saving model ...
	iters: 100, epoch: 2 | loss: 0.7337949
	speed: 0.1502s/iter; left time: 618.7295s
	iters: 200, epoch: 2 | loss: 0.7729452
	speed: 0.1412s/iter; left time: 567.4639s
Epoch: 2 cost time: 31.075008630752563
Epoch: 2, Steps: 222 | Train Loss: 0.8042812 Vali Loss: 0.3713851 Test Loss: 0.6757980
Validation loss decreased (0.382567 --> 0.371385).  Saving model ...
Updating learning rate to 5e-06
	iters: 100, epoch: 3 | loss: 0.8017033
	speed: 0.1707s/iter; left time: 665.3004s
	iters: 200, epoch: 3 | loss: 0.7830029
	speed: 0.1595s/iter; left time: 605.7646s
Epoch: 3 cost time: 36.7594792842865
Epoch: 3, Steps: 222 | Train Loss: 0.7791238 Vali Loss: 0.3703905 Test Loss: 0.6712029
Validation loss decreased (0.371385 --> 0.370391).  Saving model ...
	iters: 100, epoch: 4 | loss: 0.8976893
	speed: 0.1613s/iter; left time: 592.6911s
	iters: 200, epoch: 4 | loss: 0.7438036
	speed: 0.1492s/iter; left time: 533.2705s
Epoch: 4 cost time: 34.19483757019043
Epoch: 4, Steps: 222 | Train Loss: 0.7703549 Vali Loss: 0.3755313 Test Loss: 0.6671068
EarlyStopping counter: 1 out of 3
Updating learning rate to 2.5e-06
	iters: 100, epoch: 5 | loss: 0.8099613
	speed: 0.1640s/iter; left time: 566.1977s
	iters: 200, epoch: 5 | loss: 0.7486719
	speed: 0.1634s/iter; left time: 547.8560s
Epoch: 5 cost time: 36.68544578552246
Epoch: 5, Steps: 222 | Train Loss: 0.7646176 Vali Loss: 0.3736674 Test Loss: 0.6663127
EarlyStopping counter: 2 out of 3
	iters: 100, epoch: 6 | loss: 0.7885123
	speed: 0.1560s/iter; left time: 504.1429s
	iters: 200, epoch: 6 | loss: 0.9529522
	speed: 0.1563s/iter; left time: 489.3521s
Epoch: 6 cost time: 35.178942918777466
Epoch: 6, Steps: 222 | Train Loss: 0.7620239 Vali Loss: 0.3741282 Test Loss: 0.6645576
EarlyStopping counter: 3 out of 3
Early stopping
>>>>>>>testing : patchtst_m1999m_il360_ol600_sl64_dm256_nh4_el4_itr0<<<<<<<<<<<<<<<<<<<<<<<<<<<<<<<<<
test 1705
mse:0.6723597049713135, mae:0.553762674331665
