Args in experiment:
Namespace(model='patchtst', data='m1999m', root_path='./datasets/', data_path='m1999m.csv', data_split=[0.7, 0.1, 0.2], checkpoints='./checkpoints/', in_len=360, out_len=90, seg_lens='64', data_dim=5, d_model=256, d_ff=512, n_heads=4, a_layers=4, dropout=0.4, baseline='True', fc_dropout=0.05, head_dropout=0.0, patch_len=12, stride=8, padding_patch='end', revin=1, affine=0, subtract_last=0, decomposition=0, kernel_size=25, individual=0, num_workers=0, batch_size=32, train_epochs=20, patience=3, learning_rate=0.0001, lradj='type1', itr=1, save_pred=False, use_gpu=True, gpu=0, use_multi_gpu=False, devices='0,1')
Use GPU: cuda:0
>>>>>>>start training : patchtst_m1999m_il360_ol90_sl64_dm256_nh4_el4_itr0>>>>>>>>>>>>>>>>>>>>>>>>>>
train 7614
val 1064
test 2215
	iters: 100, epoch: 1 | loss: 0.4292294
	speed: 0.1061s/iter; left time: 494.5090s
	iters: 200, epoch: 1 | loss: 0.3369388
	speed: 0.0794s/iter; left time: 362.2672s
Epoch: 1 cost time: 21.127272605895996
Epoch: 1, Steps: 238 | Train Loss: 0.4927044 Vali Loss: 0.3064034 Test Loss: 0.4099610
Validation loss decreased (inf --> 0.306403).  Saving model ...
	iters: 100, epoch: 2 | loss: 0.2503918
	speed: 0.0853s/iter; left time: 377.0707s
	iters: 200, epoch: 2 | loss: 0.5455439
	speed: 0.0986s/iter; left time: 426.3797s
Epoch: 2 cost time: 21.861478805541992
Epoch: 2, Steps: 238 | Train Loss: 0.4379000 Vali Loss: 0.2987782 Test Loss: 0.4041948
Validation loss decreased (0.306403 --> 0.298778).  Saving model ...
Updating learning rate to 5e-05
	iters: 100, epoch: 3 | loss: 0.4689687
	speed: 0.0759s/iter; left time: 317.5000s
	iters: 200, epoch: 3 | loss: 0.4116830
	speed: 0.0708s/iter; left time: 289.1281s
Epoch: 3 cost time: 17.677273511886597
Epoch: 3, Steps: 238 | Train Loss: 0.4218165 Vali Loss: 0.2999047 Test Loss: 0.4012589
EarlyStopping counter: 1 out of 3
	iters: 100, epoch: 4 | loss: 0.4079787
	speed: 0.0823s/iter; left time: 324.6911s
	iters: 200, epoch: 4 | loss: 0.5441358
	speed: 0.0764s/iter; left time: 293.9683s
Epoch: 4 cost time: 19.571499347686768
Epoch: 4, Steps: 238 | Train Loss: 0.4176904 Vali Loss: 0.3014476 Test Loss: 0.4034641
EarlyStopping counter: 2 out of 3
Updating learning rate to 2.5e-05
	iters: 100, epoch: 5 | loss: 0.3902699
	speed: 0.0922s/iter; left time: 341.9491s
	iters: 200, epoch: 5 | loss: 0.2995779
	speed: 0.0831s/iter; left time: 299.8962s
Epoch: 5 cost time: 20.71263837814331
Epoch: 5, Steps: 238 | Train Loss: 0.4096965 Vali Loss: 0.3060876 Test Loss: 0.4050993
EarlyStopping counter: 3 out of 3
Early stopping
>>>>>>>testing : patchtst_m1999m_il360_ol90_sl64_dm256_nh4_el4_itr0<<<<<<<<<<<<<<<<<<<<<<<<<<<<<<<<<
test 2215
mse:0.3842805027961731, mae:0.32710543274879456
