Args in experiment:
Namespace(model='iformer', data='m1999m', root_path='./datasets/', data_path='m1999m.csv', data_split=[0.7, 0.1, 0.2], checkpoints='./checkpoints/', in_len=360, out_len=60, seg_lens='60,36,24,18,12,6', data_dim=5, d_model=256, d_ff=512, n_heads=4, a_layers=3, dropout=0.4, baseline=False, fc_dropout=0.05, head_dropout=0.0, patch_len=64, stride=8, padding_patch='end', revin=1, affine=0, subtract_last=0, decomposition=0, kernel_size=25, individual=0, freq='m', embed_type=0, enc_in=7, dec_in=7, c_out=7, e_layers=2, d_layers=1, moving_avg=25, factor=1, distil=True, embed='timeF', activation='gelu', output_attention=False, do_predict=False, num_workers=0, batch_size=32, train_epochs=100, patience=3, learning_rate=0.0001, lradj='type1', itr=1, save_pred=False, use_gpu=True, gpu=1, use_multi_gpu=False, devices='0,1')
Use GPU: cuda:1
>>>>>>>start training : iformer_m1999m_il360_ol60_sl60,36,24,18,12,6_dm256_nh4_el3_itr0>>>>>>>>>>>>>>>>>>>>>>>>>>
train 7644
val 1094
test 2245
	iters: 100, epoch: 1 | loss: 0.6713000
	speed: 0.2706s/iter; left time: 6439.8934s
	iters: 200, epoch: 1 | loss: 0.6474164
	speed: 0.2715s/iter; left time: 6435.7163s
Epoch: 1 cost time: 64.55585360527039
Epoch: 1, Steps: 239 | Train Loss: 0.8952033 Vali Loss: 0.4278895 Test Loss: 0.5711881
Validation loss decreased (inf --> 0.427889).  Saving model ...
	iters: 100, epoch: 2 | loss: 0.4524765
	speed: 0.2699s/iter; left time: 6358.3666s
	iters: 200, epoch: 2 | loss: 0.5383961
	speed: 0.2721s/iter; left time: 6383.6914s
Epoch: 2 cost time: 65.21431970596313
Epoch: 2, Steps: 239 | Train Loss: 0.5098336 Vali Loss: 0.3002132 Test Loss: 0.4153633
Validation loss decreased (0.427889 --> 0.300213).  Saving model ...
Updating learning rate to 5e-05
	iters: 100, epoch: 3 | loss: 0.3781517
	speed: 0.2813s/iter; left time: 6560.0192s
	iters: 200, epoch: 3 | loss: 0.3634909
	speed: 0.2791s/iter; left time: 6482.0343s
Epoch: 3 cost time: 66.6247205734253
Epoch: 3, Steps: 239 | Train Loss: 0.4133440 Vali Loss: 0.3000397 Test Loss: 0.4088824
Validation loss decreased (0.300213 --> 0.300040).  Saving model ...
	iters: 100, epoch: 4 | loss: 0.2438727
	speed: 0.2773s/iter; left time: 6401.7368s
	iters: 200, epoch: 4 | loss: 0.3530490
	speed: 0.2804s/iter; left time: 6445.5431s
Epoch: 4 cost time: 66.48327398300171
Epoch: 4, Steps: 239 | Train Loss: 0.4060134 Vali Loss: 0.2916757 Test Loss: 0.3956349
Validation loss decreased (0.300040 --> 0.291676).  Saving model ...
Updating learning rate to 2.5e-05
	iters: 100, epoch: 5 | loss: 0.3980172
	speed: 0.2814s/iter; left time: 6428.3642s
	iters: 200, epoch: 5 | loss: 0.3782091
	speed: 0.2847s/iter; left time: 6475.1670s
Epoch: 5 cost time: 67.52456712722778
Epoch: 5, Steps: 239 | Train Loss: 0.3935705 Vali Loss: 0.2917236 Test Loss: 0.3918890
EarlyStopping counter: 1 out of 3
	iters: 100, epoch: 6 | loss: 0.4124305
	speed: 0.2767s/iter; left time: 6255.0163s
	iters: 200, epoch: 6 | loss: 0.4294919
	speed: 0.2823s/iter; left time: 6353.1667s
Epoch: 6 cost time: 67.22624063491821
Epoch: 6, Steps: 239 | Train Loss: 0.3922260 Vali Loss: 0.2827147 Test Loss: 0.3916378
Validation loss decreased (0.291676 --> 0.282715).  Saving model ...
Updating learning rate to 1.25e-05
	iters: 100, epoch: 7 | loss: 0.3271146
	speed: 0.2909s/iter; left time: 6506.0153s
	iters: 200, epoch: 7 | loss: 0.4051464
	speed: 0.2832s/iter; left time: 6305.2963s
Epoch: 7 cost time: 68.64135146141052
Epoch: 7, Steps: 239 | Train Loss: 0.3857262 Vali Loss: 0.2852209 Test Loss: 0.3879434
EarlyStopping counter: 1 out of 3
	iters: 100, epoch: 8 | loss: 0.3653305
	speed: 0.2838s/iter; left time: 6279.7362s
	iters: 200, epoch: 8 | loss: 0.4157170
	speed: 0.2799s/iter; left time: 6165.0329s
Epoch: 8 cost time: 67.0899395942688
Epoch: 8, Steps: 239 | Train Loss: 0.3860392 Vali Loss: 0.2824471 Test Loss: 0.3889671
Validation loss decreased (0.282715 --> 0.282447).  Saving model ...
Updating learning rate to 6.25e-06
	iters: 100, epoch: 9 | loss: 0.4882355
	speed: 0.2720s/iter; left time: 5953.9029s
	iters: 200, epoch: 9 | loss: 0.3080777
	speed: 0.2828s/iter; left time: 6161.3393s
Epoch: 9 cost time: 67.10321736335754
Epoch: 9, Steps: 239 | Train Loss: 0.3824692 Vali Loss: 0.2846448 Test Loss: 0.3866843
EarlyStopping counter: 1 out of 3
	iters: 100, epoch: 10 | loss: 0.4272113
	speed: 0.2815s/iter; left time: 6095.4098s
	iters: 200, epoch: 10 | loss: 0.3519689
	speed: 0.2779s/iter; left time: 5988.8322s
Epoch: 10 cost time: 66.41952896118164
Epoch: 10, Steps: 239 | Train Loss: 0.3817177 Vali Loss: 0.2840067 Test Loss: 0.3873010
EarlyStopping counter: 2 out of 3
Updating learning rate to 3.125e-06
	iters: 100, epoch: 11 | loss: 0.3905554
	speed: 0.2745s/iter; left time: 5878.1790s
	iters: 200, epoch: 11 | loss: 0.3468494
	speed: 0.2743s/iter; left time: 5845.6324s
Epoch: 11 cost time: 65.40867280960083
Epoch: 11, Steps: 239 | Train Loss: 0.3796559 Vali Loss: 0.2836480 Test Loss: 0.3874736
EarlyStopping counter: 3 out of 3
Early stopping
>>>>>>>testing : iformer_m1999m_il360_ol60_sl60,36,24,18,12,6_dm256_nh4_el3_itr0<<<<<<<<<<<<<<<<<<<<<<<<<<<<<<<<<
test 2245
mse:0.35547319054603577, mae:0.3030626177787781
