Args in experiment:
Namespace(model='iformer', data='m1999m', root_path='./datasets/', data_path='m1999m.csv', data_split=[0.7, 0.1, 0.2], checkpoints='./checkpoints/', in_len=360, out_len=360, seg_lens='12,8,6,4,3', data_dim=5, d_model=256, d_ff=512, n_heads=4, a_layers=3, dropout=0.4, baseline=False, fc_dropout=0.05, head_dropout=0.0, patch_len=64, stride=8, padding_patch='end', revin=1, affine=0, subtract_last=0, decomposition=0, kernel_size=25, individual=0, freq='m', embed_type=0, enc_in=7, dec_in=7, c_out=7, e_layers=2, d_layers=1, moving_avg=25, factor=1, distil=True, embed='timeF', activation='gelu', output_attention=False, do_predict=False, num_workers=0, batch_size=32, train_epochs=100, patience=3, learning_rate=1e-05, lradj='type1', itr=1, save_pred=False, use_gpu=True, gpu=0, use_multi_gpu=False, devices='0,1')
Use GPU: cuda:0
>>>>>>>start training : iformer_m1999m_il360_ol360_sl12,8,6,4,3_dm256_nh4_el3_itr0>>>>>>>>>>>>>>>>>>>>>>>>>>
train 7344
val 794
test 1945
	iters: 100, epoch: 1 | loss: 0.8995346
	speed: 0.8156s/iter; left time: 18677.9055s
	iters: 200, epoch: 1 | loss: 0.8943087
	speed: 0.7920s/iter; left time: 18058.3936s
Epoch: 1 cost time: 182.82227683067322
Epoch: 1, Steps: 230 | Train Loss: 0.8590045 Vali Loss: 0.3834712 Test Loss: 0.6116985
Validation loss decreased (inf --> 0.383471).  Saving model ...
	iters: 100, epoch: 2 | loss: 1.0578550
	speed: 0.7450s/iter; left time: 16890.7826s
	iters: 200, epoch: 2 | loss: 0.7747266
	speed: 0.7409s/iter; left time: 16721.9401s
Epoch: 2 cost time: 170.489159822464
Epoch: 2, Steps: 230 | Train Loss: 0.7839492 Vali Loss: 0.3801166 Test Loss: 0.5825227
Validation loss decreased (0.383471 --> 0.380117).  Saving model ...
Updating learning rate to 5e-06
	iters: 100, epoch: 3 | loss: 0.8416720
	speed: 0.7323s/iter; left time: 16433.0443s
	iters: 200, epoch: 3 | loss: 0.7523743
	speed: 0.7798s/iter; left time: 17421.5981s
Epoch: 3 cost time: 173.29912328720093
Epoch: 3, Steps: 230 | Train Loss: 0.7409169 Vali Loss: 0.3607338 Test Loss: 0.5552727
Validation loss decreased (0.380117 --> 0.360734).  Saving model ...
	iters: 100, epoch: 4 | loss: 0.7614729
	speed: 0.7220s/iter; left time: 16036.1632s
	iters: 200, epoch: 4 | loss: 0.7297309
	speed: 0.7496s/iter; left time: 16573.7277s
Epoch: 4 cost time: 172.8577847480774
Epoch: 4, Steps: 230 | Train Loss: 0.7292908 Vali Loss: 0.3672524 Test Loss: 0.5594501
EarlyStopping counter: 1 out of 3
Updating learning rate to 2.5e-06
	iters: 100, epoch: 5 | loss: 0.7124764
	speed: 0.9157s/iter; left time: 20128.4325s
	iters: 200, epoch: 5 | loss: 0.7001423
	speed: 0.9182s/iter; left time: 20090.7113s
Epoch: 5 cost time: 211.72157502174377
Epoch: 5, Steps: 230 | Train Loss: 0.7132382 Vali Loss: 0.3496367 Test Loss: 0.5408522
Validation loss decreased (0.360734 --> 0.349637).  Saving model ...
	iters: 100, epoch: 6 | loss: 0.7067083
	speed: 0.9223s/iter; left time: 20060.6278s
	iters: 200, epoch: 6 | loss: 0.6287915
	speed: 0.9117s/iter; left time: 19740.0110s
Epoch: 6 cost time: 212.16451787948608
Epoch: 6, Steps: 230 | Train Loss: 0.7071910 Vali Loss: 0.3585914 Test Loss: 0.5391179
EarlyStopping counter: 1 out of 3
Updating learning rate to 1.25e-06
	iters: 100, epoch: 7 | loss: 0.7838033
	speed: 0.8975s/iter; left time: 19315.9022s
	iters: 200, epoch: 7 | loss: 0.7657343
	speed: 0.8888s/iter; left time: 19038.1479s
Epoch: 7 cost time: 205.38315892219543
Epoch: 7, Steps: 230 | Train Loss: 0.6984730 Vali Loss: 0.3598096 Test Loss: 0.5332798
EarlyStopping counter: 2 out of 3
	iters: 100, epoch: 8 | loss: 0.5173528
	speed: 0.9096s/iter; left time: 19367.1191s
	iters: 200, epoch: 8 | loss: 0.7608608
	speed: 0.9152s/iter; left time: 19394.7977s
Epoch: 8 cost time: 209.9505546092987
Epoch: 8, Steps: 230 | Train Loss: 0.6956128 Vali Loss: 0.3489279 Test Loss: 0.5312408
Validation loss decreased (0.349637 --> 0.348928).  Saving model ...
Updating learning rate to 6.25e-07
	iters: 100, epoch: 9 | loss: 0.6574671
	speed: 0.9101s/iter; left time: 19167.1230s
	iters: 200, epoch: 9 | loss: 0.7614542
	speed: 0.9042s/iter; left time: 18953.4206s
Epoch: 9 cost time: 209.69668340682983
Epoch: 9, Steps: 230 | Train Loss: 0.6914141 Vali Loss: 0.3528774 Test Loss: 0.5302521
EarlyStopping counter: 1 out of 3
	iters: 100, epoch: 10 | loss: 0.7002060
	speed: 0.8924s/iter; left time: 18589.9947s
	iters: 200, epoch: 10 | loss: 0.6018454
	speed: 0.8786s/iter; left time: 18214.6147s
Epoch: 10 cost time: 203.78314089775085
Epoch: 10, Steps: 230 | Train Loss: 0.6901053 Vali Loss: 0.3519556 Test Loss: 0.5286371
EarlyStopping counter: 2 out of 3
Updating learning rate to 3.125e-07
	iters: 100, epoch: 11 | loss: 0.6731698
	speed: 0.9121s/iter; left time: 18790.6178s
	iters: 200, epoch: 11 | loss: 0.6299810
	speed: 0.9327s/iter; left time: 19120.3571s
Epoch: 11 cost time: 211.73082733154297
Epoch: 11, Steps: 230 | Train Loss: 0.6871859 Vali Loss: 0.3577433 Test Loss: 0.5283937
EarlyStopping counter: 3 out of 3
Early stopping
>>>>>>>testing : iformer_m1999m_il360_ol360_sl12,8,6,4,3_dm256_nh4_el3_itr0<<<<<<<<<<<<<<<<<<<<<<<<<<<<<<<<<
test 1945
mse:0.5310133695602417, mae:0.42657142877578735
