Args in experiment:
Namespace(model='iformer', data='m1999m', root_path='./datasets/', data_path='m1999m.csv', data_split=[0.7, 0.1, 0.2], checkpoints='./checkpoints/', in_len=360, out_len=600, seg_lens='12,8,6,4,3', data_dim=5, d_model=256, d_ff=512, n_heads=4, a_layers=3, dropout=0.4, baseline=False, fc_dropout=0.05, head_dropout=0.0, patch_len=64, stride=8, padding_patch='end', revin=1, affine=0, subtract_last=0, decomposition=0, kernel_size=25, individual=0, freq='m', embed_type=0, enc_in=7, dec_in=7, c_out=7, e_layers=2, d_layers=1, moving_avg=25, factor=1, distil=True, embed='timeF', activation='gelu', output_attention=False, do_predict=False, num_workers=0, batch_size=32, train_epochs=100, patience=3, learning_rate=1e-05, lradj='type1', itr=1, save_pred=False, use_gpu=True, gpu=1, use_multi_gpu=False, devices='0,1')
Use GPU: cuda:1
>>>>>>>start training : iformer_m1999m_il360_ol600_sl12,8,6,4,3_dm256_nh4_el3_itr0>>>>>>>>>>>>>>>>>>>>>>>>>>
train 7104
val 554
test 1705
	iters: 100, epoch: 1 | loss: 0.9849383
	speed: 0.9092s/iter; left time: 20094.3884s
	iters: 200, epoch: 1 | loss: 0.9358395
	speed: 0.9105s/iter; left time: 20031.3819s
Epoch: 1 cost time: 202.85445189476013
Epoch: 1, Steps: 222 | Train Loss: 0.9531931 Vali Loss: 0.4108923 Test Loss: 0.7066411
Validation loss decreased (inf --> 0.410892).  Saving model ...
	iters: 100, epoch: 2 | loss: 0.9152150
	speed: 0.9185s/iter; left time: 20096.6549s
	iters: 200, epoch: 2 | loss: 0.8505441
	speed: 0.9077s/iter; left time: 19768.8411s
Epoch: 2 cost time: 202.82742857933044
Epoch: 2, Steps: 222 | Train Loss: 0.8729728 Vali Loss: 0.3734755 Test Loss: 0.7117002
Validation loss decreased (0.410892 --> 0.373476).  Saving model ...
Updating learning rate to 5e-06
	iters: 100, epoch: 3 | loss: 0.7793769
	speed: 0.9227s/iter; left time: 19982.4339s
	iters: 200, epoch: 3 | loss: 0.7643208
	speed: 0.9080s/iter; left time: 19573.2983s
Epoch: 3 cost time: 203.8322238922119
Epoch: 3, Steps: 222 | Train Loss: 0.8245097 Vali Loss: 0.3649073 Test Loss: 0.6543790
Validation loss decreased (0.373476 --> 0.364907).  Saving model ...
	iters: 100, epoch: 4 | loss: 0.7931768
	speed: 0.9491s/iter; left time: 20343.6516s
	iters: 200, epoch: 4 | loss: 0.8835937
	speed: 0.8553s/iter; left time: 18248.3870s
Epoch: 4 cost time: 198.95206952095032
Epoch: 4, Steps: 222 | Train Loss: 0.8085694 Vali Loss: 0.3964829 Test Loss: 0.6518190
EarlyStopping counter: 1 out of 3
Updating learning rate to 2.5e-06
	iters: 100, epoch: 5 | loss: 0.7586372
	speed: 0.9421s/iter; left time: 19983.8094s
	iters: 200, epoch: 5 | loss: 0.7348459
	speed: 0.9883s/iter; left time: 20865.2315s
Epoch: 5 cost time: 214.04930138587952
Epoch: 5, Steps: 222 | Train Loss: 0.7884012 Vali Loss: 0.3534104 Test Loss: 0.6338288
Validation loss decreased (0.364907 --> 0.353410).  Saving model ...
	iters: 100, epoch: 6 | loss: 0.8809522
	speed: 0.9444s/iter; left time: 19824.4969s
	iters: 200, epoch: 6 | loss: 0.7269588
	speed: 0.9951s/iter; left time: 20788.0523s
Epoch: 6 cost time: 216.31279397010803
Epoch: 6, Steps: 222 | Train Loss: 0.7813814 Vali Loss: 0.3643122 Test Loss: 0.6311260
EarlyStopping counter: 1 out of 3
Updating learning rate to 1.25e-06
	iters: 100, epoch: 7 | loss: 0.7687465
	speed: 1.0017s/iter; left time: 20804.6341s
	iters: 200, epoch: 7 | loss: 0.6443620
	speed: 1.0173s/iter; left time: 21026.3381s
Epoch: 7 cost time: 224.6516830921173
Epoch: 7, Steps: 222 | Train Loss: 0.7694734 Vali Loss: 0.3553011 Test Loss: 0.6248341
EarlyStopping counter: 2 out of 3
	iters: 100, epoch: 8 | loss: 0.7805421
	speed: 0.8998s/iter; left time: 18487.6579s
	iters: 200, epoch: 8 | loss: 0.7808475
	speed: 0.8940s/iter; left time: 18280.4830s
Epoch: 8 cost time: 199.74628400802612
Epoch: 8, Steps: 222 | Train Loss: 0.7679044 Vali Loss: 0.3554015 Test Loss: 0.6249407
EarlyStopping counter: 3 out of 3
Early stopping
>>>>>>>testing : iformer_m1999m_il360_ol600_sl12,8,6,4,3_dm256_nh4_el3_itr0<<<<<<<<<<<<<<<<<<<<<<<<<<<<<<<<<
test 1705
mse:0.6337710022926331, mae:0.4933343827724457
