Args in experiment:
Namespace(model='iformer', data='m1999m', root_path='./datasets/', data_path='m1999m.csv', data_split=[0.7, 0.1, 0.2], checkpoints='./checkpoints/', in_len=360, out_len=90, seg_lens='60,36,24,12,8,4', data_dim=5, d_model=256, d_ff=512, n_heads=4, a_layers=3, dropout=0.4, baseline=False, fc_dropout=0.05, head_dropout=0.0, patch_len=64, stride=8, padding_patch='end', revin=1, affine=0, subtract_last=0, decomposition=0, kernel_size=25, individual=0, freq='m', embed_type=0, enc_in=7, dec_in=7, c_out=7, e_layers=2, d_layers=1, moving_avg=25, factor=1, distil=True, embed='timeF', activation='gelu', output_attention=False, do_predict=False, num_workers=0, batch_size=32, train_epochs=100, patience=3, learning_rate=0.0001, lradj='type1', itr=1, save_pred=False, use_gpu=True, gpu=0, use_multi_gpu=False, devices='0,1')
Use GPU: cuda:0
>>>>>>>start training : iformer_m1999m_il360_ol90_sl60,36,24,12,8,4_dm256_nh4_el3_itr0>>>>>>>>>>>>>>>>>>>>>>>>>>
train 7614
val 1064
test 2215
	iters: 100, epoch: 1 | loss: 0.6264224
	speed: 0.2668s/iter; left time: 6322.2677s
	iters: 200, epoch: 1 | loss: 0.4626125
	speed: 0.2728s/iter; left time: 6438.6932s
Epoch: 1 cost time: 63.63630223274231
Epoch: 1, Steps: 238 | Train Loss: 0.5278662 Vali Loss: 0.3038324 Test Loss: 0.4047639
Validation loss decreased (inf --> 0.303832).  Saving model ...
	iters: 100, epoch: 2 | loss: 0.4223002
	speed: 0.2628s/iter; left time: 6166.0974s
	iters: 200, epoch: 2 | loss: 0.4245031
	speed: 0.2579s/iter; left time: 6025.2398s
Epoch: 2 cost time: 63.35683584213257
Epoch: 2, Steps: 238 | Train Loss: 0.4293566 Vali Loss: 0.2971788 Test Loss: 0.3969210
Validation loss decreased (0.303832 --> 0.297179).  Saving model ...
Updating learning rate to 5e-05
	iters: 100, epoch: 3 | loss: 0.4463067
	speed: 0.2580s/iter; left time: 5991.6743s
	iters: 200, epoch: 3 | loss: 0.3878614
	speed: 0.2664s/iter; left time: 6160.3209s
Epoch: 3 cost time: 63.315109729766846
Epoch: 3, Steps: 238 | Train Loss: 0.4112818 Vali Loss: 0.3061264 Test Loss: 0.3908693
EarlyStopping counter: 1 out of 3
	iters: 100, epoch: 4 | loss: 0.4405191
	speed: 0.2620s/iter; left time: 6023.4467s
	iters: 200, epoch: 4 | loss: 0.3999287
	speed: 0.2682s/iter; left time: 6137.3496s
Epoch: 4 cost time: 63.24365997314453
Epoch: 4, Steps: 238 | Train Loss: 0.4018029 Vali Loss: 0.3015066 Test Loss: 0.3942401
EarlyStopping counter: 2 out of 3
Updating learning rate to 2.5e-05
	iters: 100, epoch: 5 | loss: 0.3541125
	speed: 0.2633s/iter; left time: 5989.1743s
	iters: 200, epoch: 5 | loss: 0.3307820
	speed: 0.2648s/iter; left time: 5997.0174s
Epoch: 5 cost time: 62.97810983657837
Epoch: 5, Steps: 238 | Train Loss: 0.3887843 Vali Loss: 0.3102927 Test Loss: 0.3931878
EarlyStopping counter: 3 out of 3
Early stopping
>>>>>>>testing : iformer_m1999m_il360_ol90_sl60,36,24,12,8,4_dm256_nh4_el3_itr0<<<<<<<<<<<<<<<<<<<<<<<<<<<<<<<<<
test 2215
mse:0.3760623335838318, mae:0.3195347189903259
