Args in experiment:
Namespace(model='iformer', data='m1999m', root_path='./datasets/', data_path='m1999m.csv', data_split=[0.7, 0.1, 0.2], checkpoints='./checkpoints/', in_len=360, out_len=720, seg_lens='12,8,6,4,3', data_dim=5, d_model=256, d_ff=512, n_heads=4, a_layers=3, dropout=0.4, baseline=False, fc_dropout=0.05, head_dropout=0.0, patch_len=64, stride=8, padding_patch='end', revin=1, affine=0, subtract_last=0, decomposition=0, kernel_size=25, individual=0, freq='m', embed_type=0, enc_in=7, dec_in=7, c_out=7, e_layers=2, d_layers=1, moving_avg=25, factor=1, distil=True, embed='timeF', activation='gelu', output_attention=False, do_predict=False, num_workers=0, batch_size=32, train_epochs=100, patience=3, learning_rate=1e-05, lradj='type1', itr=1, save_pred=False, use_gpu=True, gpu=1, use_multi_gpu=False, devices='0,1')
Use GPU: cuda:1
>>>>>>>start training : iformer_m1999m_il360_ol720_sl12,8,6,4,3_dm256_nh4_el3_itr0>>>>>>>>>>>>>>>>>>>>>>>>>>
train 6984
val 434
test 1585
	iters: 100, epoch: 1 | loss: 0.7745122
	speed: 0.5696s/iter; left time: 12418.2861s
	iters: 200, epoch: 1 | loss: 0.8775395
	speed: 0.5446s/iter; left time: 11818.4703s
Epoch: 1 cost time: 122.38233661651611
Epoch: 1, Steps: 219 | Train Loss: 0.8519368 Vali Loss: 0.3598452 Test Loss: 0.6825918
Validation loss decreased (inf --> 0.359845).  Saving model ...
	iters: 100, epoch: 2 | loss: 0.7613813
	speed: 0.5623s/iter; left time: 12136.2613s
	iters: 200, epoch: 2 | loss: 0.8349406
	speed: 0.5521s/iter; left time: 11859.5399s
Epoch: 2 cost time: 121.76171493530273
Epoch: 2, Steps: 219 | Train Loss: 0.8150323 Vali Loss: 0.3622284 Test Loss: 0.6600265
EarlyStopping counter: 1 out of 3
Updating learning rate to 5e-06
	iters: 100, epoch: 3 | loss: 0.7253392
	speed: 0.5627s/iter; left time: 12021.0983s
	iters: 200, epoch: 3 | loss: 0.7806879
	speed: 0.5708s/iter; left time: 12136.8538s
Epoch: 3 cost time: 123.92255306243896
Epoch: 3, Steps: 219 | Train Loss: 0.7948308 Vali Loss: 0.3443828 Test Loss: 0.6609629
Validation loss decreased (0.359845 --> 0.344383).  Saving model ...
	iters: 100, epoch: 4 | loss: 0.7646385
	speed: 0.5505s/iter; left time: 11639.7497s
	iters: 200, epoch: 4 | loss: 0.8207459
	speed: 0.5652s/iter; left time: 11894.0867s
Epoch: 4 cost time: 122.6715157032013
Epoch: 4, Steps: 219 | Train Loss: 0.7836011 Vali Loss: 0.3482657 Test Loss: 0.6507545
EarlyStopping counter: 1 out of 3
Updating learning rate to 2.5e-06
	iters: 100, epoch: 5 | loss: 0.6783009
	speed: 0.5699s/iter; left time: 11924.2698s
	iters: 200, epoch: 5 | loss: 0.7836824
	speed: 0.6169s/iter; left time: 12847.5148s
Epoch: 5 cost time: 130.3667459487915
Epoch: 5, Steps: 219 | Train Loss: 0.7729142 Vali Loss: 0.3467004 Test Loss: 0.6461311
EarlyStopping counter: 2 out of 3
	iters: 100, epoch: 6 | loss: 0.8162407
	speed: 0.5734s/iter; left time: 11873.2896s
	iters: 200, epoch: 6 | loss: 0.7082769
	speed: 0.5653s/iter; left time: 11648.1335s
Epoch: 6 cost time: 124.78769040107727
Epoch: 6, Steps: 219 | Train Loss: 0.7673089 Vali Loss: 0.3437470 Test Loss: 0.6453443
Validation loss decreased (0.344383 --> 0.343747).  Saving model ...
Updating learning rate to 1.25e-06
	iters: 100, epoch: 7 | loss: 0.8217860
	speed: 0.5578s/iter; left time: 11428.3352s
	iters: 200, epoch: 7 | loss: 0.7599516
	speed: 0.5762s/iter; left time: 11747.2033s
Epoch: 7 cost time: 125.39969825744629
Epoch: 7, Steps: 219 | Train Loss: 0.7610984 Vali Loss: 0.3435541 Test Loss: 0.6430616
Validation loss decreased (0.343747 --> 0.343554).  Saving model ...
	iters: 100, epoch: 8 | loss: 0.7292074
	speed: 0.5740s/iter; left time: 11633.5829s
	iters: 200, epoch: 8 | loss: 0.8586263
	speed: 0.5591s/iter; left time: 11275.2195s
Epoch: 8 cost time: 124.3825831413269
Epoch: 8, Steps: 219 | Train Loss: 0.7584499 Vali Loss: 0.3436024 Test Loss: 0.6426433
EarlyStopping counter: 1 out of 3
Updating learning rate to 6.25e-07
	iters: 100, epoch: 9 | loss: 0.7395627
	speed: 0.5744s/iter; left time: 11516.2591s
	iters: 200, epoch: 9 | loss: 0.7312871
	speed: 0.5552s/iter; left time: 11075.8656s
Epoch: 9 cost time: 124.39196825027466
Epoch: 9, Steps: 219 | Train Loss: 0.7559596 Vali Loss: 0.3457206 Test Loss: 0.6417081
EarlyStopping counter: 2 out of 3
	iters: 100, epoch: 10 | loss: 0.8476107
	speed: 0.5748s/iter; left time: 11398.7984s
	iters: 200, epoch: 10 | loss: 0.7165256
	speed: 0.5618s/iter; left time: 11083.6049s
Epoch: 10 cost time: 124.07930779457092
Epoch: 10, Steps: 219 | Train Loss: 0.7546989 Vali Loss: 0.3439861 Test Loss: 0.6409477
EarlyStopping counter: 3 out of 3
Early stopping
>>>>>>>testing : iformer_m1999m_il360_ol720_sl12,8,6,4,3_dm256_nh4_el3_itr0<<<<<<<<<<<<<<<<<<<<<<<<<<<<<<<<<
test 1585
mse:0.6415826678276062, mae:0.4666280150413513
