Args in experiment:
Namespace(model='iformer', data='m1999m', root_path='./datasets/', data_path='m1999m.csv', data_split=[0.7, 0.1, 0.2], checkpoints='./checkpoints/', in_len=360, out_len=360, seg_lens='12,8,6,4,3', data_dim=5, d_model=256, d_ff=512, n_heads=4, a_layers=3, dropout=0.4, baseline=False, fc_dropout=0.05, head_dropout=0.0, patch_len=64, stride=8, padding_patch='end', revin=1, affine=0, subtract_last=0, decomposition=0, kernel_size=25, individual=0, freq='m', embed_type=0, enc_in=7, dec_in=7, c_out=7, e_layers=2, d_layers=1, moving_avg=25, factor=1, distil=True, embed='timeF', activation='gelu', output_attention=False, do_predict=False, num_workers=0, batch_size=32, train_epochs=100, patience=3, learning_rate=1e-05, lradj='type1', itr=1, save_pred=False, use_gpu=True, gpu=0, use_multi_gpu=False, devices='0,1')
Use GPU: cuda:0
>>>>>>>start training : iformer_m1999m_il360_ol360_sl12,8,6,4,3_dm256_nh4_el3_itr0>>>>>>>>>>>>>>>>>>>>>>>>>>
train 7344
val 794
test 1945
	iters: 100, epoch: 1 | loss: 0.7577683
	speed: 0.4929s/iter; left time: 11288.7921s
	iters: 200, epoch: 1 | loss: 0.8130786
	speed: 0.5047s/iter; left time: 11506.5926s
Epoch: 1 cost time: 114.30036211013794
Epoch: 1, Steps: 230 | Train Loss: 0.7280683 Vali Loss: 0.3634635 Test Loss: 0.5410440
Validation loss decreased (inf --> 0.363464).  Saving model ...
	iters: 100, epoch: 2 | loss: 0.9855310
	speed: 0.5132s/iter; left time: 11633.7449s
	iters: 200, epoch: 2 | loss: 0.7389331
	speed: 0.4991s/iter; left time: 11265.5918s
Epoch: 2 cost time: 115.6281590461731
Epoch: 2, Steps: 230 | Train Loss: 0.7027726 Vali Loss: 0.3523775 Test Loss: 0.5366327
Validation loss decreased (0.363464 --> 0.352378).  Saving model ...
Updating learning rate to 5e-06
	iters: 100, epoch: 3 | loss: 0.7610570
	speed: 0.4836s/iter; left time: 10853.2686s
	iters: 200, epoch: 3 | loss: 0.6699033
	speed: 0.4947s/iter; left time: 11052.2038s
Epoch: 3 cost time: 112.83666706085205
Epoch: 3, Steps: 230 | Train Loss: 0.6830600 Vali Loss: 0.3583386 Test Loss: 0.5225460
EarlyStopping counter: 1 out of 3
	iters: 100, epoch: 4 | loss: 0.6882305
	speed: 0.4897s/iter; left time: 10877.4929s
	iters: 200, epoch: 4 | loss: 0.6530175
	speed: 0.4887s/iter; left time: 10804.7556s
Epoch: 4 cost time: 112.7598032951355
Epoch: 4, Steps: 230 | Train Loss: 0.6775568 Vali Loss: 0.3543577 Test Loss: 0.5240304
EarlyStopping counter: 2 out of 3
Updating learning rate to 2.5e-06
	iters: 100, epoch: 5 | loss: 0.6588082
	speed: 0.5148s/iter; left time: 11316.8673s
	iters: 200, epoch: 5 | loss: 0.6508504
	speed: 0.5124s/iter; left time: 11212.6876s
Epoch: 5 cost time: 117.18055200576782
Epoch: 5, Steps: 230 | Train Loss: 0.6697561 Vali Loss: 0.3573032 Test Loss: 0.5190697
EarlyStopping counter: 3 out of 3
Early stopping
>>>>>>>testing : iformer_m1999m_il360_ol360_sl12,8,6,4,3_dm256_nh4_el3_itr0<<<<<<<<<<<<<<<<<<<<<<<<<<<<<<<<<
test 1945
mse:0.5363622307777405, mae:0.41729721426963806
