Args in experiment:
Namespace(model='iformer', data='m1999m', root_path='./datasets/', data_path='m1999m.csv', data_split=[0.7, 0.1, 0.2], checkpoints='./checkpoints/', in_len=360, out_len=480, seg_lens='12,8,6,4,3', data_dim=5, d_model=256, d_ff=512, n_heads=4, a_layers=3, dropout=0.4, baseline=False, fc_dropout=0.05, head_dropout=0.0, patch_len=64, stride=8, padding_patch='end', revin=1, affine=0, subtract_last=0, decomposition=0, kernel_size=25, individual=0, freq='m', embed_type=0, enc_in=7, dec_in=7, c_out=7, e_layers=2, d_layers=1, moving_avg=25, factor=1, distil=True, embed='timeF', activation='gelu', output_attention=False, do_predict=False, num_workers=0, batch_size=32, train_epochs=100, patience=3, learning_rate=1e-05, lradj='type1', itr=1, save_pred=False, use_gpu=True, gpu=1, use_multi_gpu=False, devices='0,1')
Use GPU: cuda:1
>>>>>>>start training : iformer_m1999m_il360_ol480_sl12,8,6,4,3_dm256_nh4_el3_itr0>>>>>>>>>>>>>>>>>>>>>>>>>>
train 7224
val 674
test 1825
	iters: 100, epoch: 1 | loss: 0.7801580
	speed: 0.5036s/iter; left time: 11331.8431s
	iters: 200, epoch: 1 | loss: 0.7580068
	speed: 0.5114s/iter; left time: 11455.8481s
Epoch: 1 cost time: 115.31715440750122
Epoch: 1, Steps: 226 | Train Loss: 0.7854965 Vali Loss: 0.3697906 Test Loss: 0.5909846
Validation loss decreased (inf --> 0.369791).  Saving model ...
	iters: 100, epoch: 2 | loss: 0.8142637
	speed: 0.5128s/iter; left time: 11423.6465s
	iters: 200, epoch: 2 | loss: 0.7250444
	speed: 0.5162s/iter; left time: 11446.8843s
Epoch: 2 cost time: 115.72904300689697
Epoch: 2, Steps: 226 | Train Loss: 0.7541517 Vali Loss: 0.3498849 Test Loss: 0.5833996
Validation loss decreased (0.369791 --> 0.349885).  Saving model ...
Updating learning rate to 5e-06
	iters: 100, epoch: 3 | loss: 0.6512956
	speed: 0.5076s/iter; left time: 11192.9683s
	iters: 200, epoch: 3 | loss: 0.8063834
	speed: 0.5113s/iter; left time: 11223.4395s
Epoch: 3 cost time: 115.63629484176636
Epoch: 3, Steps: 226 | Train Loss: 0.7362231 Vali Loss: 0.3435374 Test Loss: 0.5830653
Validation loss decreased (0.349885 --> 0.343537).  Saving model ...
	iters: 100, epoch: 4 | loss: 0.7257702
	speed: 0.5057s/iter; left time: 11034.8293s
	iters: 200, epoch: 4 | loss: 0.6646562
	speed: 0.5078s/iter; left time: 11030.7197s
Epoch: 4 cost time: 114.89981126785278
Epoch: 4, Steps: 226 | Train Loss: 0.7282392 Vali Loss: 0.3710257 Test Loss: 0.5830169
EarlyStopping counter: 1 out of 3
Updating learning rate to 2.5e-06
	iters: 100, epoch: 5 | loss: 0.8230131
	speed: 0.5070s/iter; left time: 10950.0382s
	iters: 200, epoch: 5 | loss: 0.7174991
	speed: 0.4915s/iter; left time: 10566.8310s
Epoch: 5 cost time: 113.26783323287964
Epoch: 5, Steps: 226 | Train Loss: 0.7187347 Vali Loss: 0.3860896 Test Loss: 0.5719041
EarlyStopping counter: 2 out of 3
	iters: 100, epoch: 6 | loss: 0.7533961
	speed: 0.4974s/iter; left time: 10629.5175s
	iters: 200, epoch: 6 | loss: 0.6540927
	speed: 0.4917s/iter; left time: 10458.8943s
Epoch: 6 cost time: 112.73202276229858
Epoch: 6, Steps: 226 | Train Loss: 0.7151562 Vali Loss: 0.3615433 Test Loss: 0.5685131
EarlyStopping counter: 3 out of 3
Early stopping
>>>>>>>testing : iformer_m1999m_il360_ol480_sl12,8,6,4,3_dm256_nh4_el3_itr0<<<<<<<<<<<<<<<<<<<<<<<<<<<<<<<<<
test 1825
mse:0.5818690061569214, mae:0.4434351623058319
