Args in experiment:
Namespace(model='iformer', data='m1999m', root_path='./datasets/', data_path='m1999m.csv', data_split=[0.7, 0.1, 0.2], checkpoints='./checkpoints/', in_len=360, out_len=90, seg_lens='60,36,24,12,8,4', data_dim=5, d_model=256, d_ff=512, n_heads=4, a_layers=3, dropout=0.4, baseline=False, fc_dropout=0.05, head_dropout=0.0, patch_len=64, stride=8, padding_patch='end', revin=1, affine=0, subtract_last=0, decomposition=0, kernel_size=25, individual=0, freq='m', embed_type=0, enc_in=7, dec_in=7, c_out=7, e_layers=2, d_layers=1, moving_avg=25, factor=1, distil=True, embed='timeF', activation='gelu', output_attention=False, do_predict=False, num_workers=0, batch_size=32, train_epochs=100, patience=3, learning_rate=0.0001, lradj='type1', itr=1, save_pred=False, use_gpu=True, gpu=0, use_multi_gpu=False, devices='0,1')
Use GPU: cuda:0
>>>>>>>start training : iformer_m1999m_il360_ol90_sl60,36,24,12,8,4_dm256_nh4_el3_itr0>>>>>>>>>>>>>>>>>>>>>>>>>>
train 7614
val 1064
test 2215
	iters: 100, epoch: 1 | loss: 0.7443419
	speed: 0.6089s/iter; left time: 14432.0962s
	iters: 200, epoch: 1 | loss: 0.6716760
	speed: 0.5681s/iter; left time: 13407.6678s
Epoch: 1 cost time: 139.3867290019989
Epoch: 1, Steps: 238 | Train Loss: 0.9731091 Vali Loss: 0.4084077 Test Loss: 0.5511773
Validation loss decreased (inf --> 0.408408).  Saving model ...
	iters: 100, epoch: 2 | loss: 0.5593384
	speed: 0.4252s/iter; left time: 9977.4036s
	iters: 200, epoch: 2 | loss: 0.5218597
	speed: 0.3716s/iter; left time: 8681.4783s
Epoch: 2 cost time: 95.81014943122864
Epoch: 2, Steps: 238 | Train Loss: 0.5552161 Vali Loss: 0.3431820 Test Loss: 0.4473041
Validation loss decreased (0.408408 --> 0.343182).  Saving model ...
Updating learning rate to 5e-05
	iters: 100, epoch: 3 | loss: 0.5143839
	speed: 0.3744s/iter; left time: 8694.8428s
	iters: 200, epoch: 3 | loss: 0.4059717
	speed: 0.3816s/iter; left time: 8824.6002s
Epoch: 3 cost time: 92.16245603561401
Epoch: 3, Steps: 238 | Train Loss: 0.4573502 Vali Loss: 0.3045639 Test Loss: 0.4107058
Validation loss decreased (0.343182 --> 0.304564).  Saving model ...
	iters: 100, epoch: 4 | loss: 0.4976771
	speed: 0.4057s/iter; left time: 9324.8738s
	iters: 200, epoch: 4 | loss: 0.4293043
	speed: 0.4183s/iter; left time: 9573.6040s
Epoch: 4 cost time: 97.82223391532898
Epoch: 4, Steps: 238 | Train Loss: 0.4454404 Vali Loss: 0.3275729 Test Loss: 0.4231040
EarlyStopping counter: 1 out of 3
Updating learning rate to 2.5e-05
	iters: 100, epoch: 5 | loss: 0.3868425
	speed: 0.4272s/iter; left time: 9718.5216s
	iters: 200, epoch: 5 | loss: 0.3468029
	speed: 0.4082s/iter; left time: 9245.0632s
Epoch: 5 cost time: 99.74838662147522
Epoch: 5, Steps: 238 | Train Loss: 0.4245734 Vali Loss: 0.3088513 Test Loss: 0.4029686
EarlyStopping counter: 2 out of 3
	iters: 100, epoch: 6 | loss: 0.4303194
	speed: 0.4159s/iter; left time: 9363.1387s
	iters: 200, epoch: 6 | loss: 0.4682215
	speed: 0.4269s/iter; left time: 9567.1349s
Epoch: 6 cost time: 100.64124870300293
Epoch: 6, Steps: 238 | Train Loss: 0.4206193 Vali Loss: 0.3114523 Test Loss: 0.4007843
EarlyStopping counter: 3 out of 3
Early stopping
>>>>>>>testing : iformer_m1999m_il360_ol90_sl60,36,24,12,8,4_dm256_nh4_el3_itr0<<<<<<<<<<<<<<<<<<<<<<<<<<<<<<<<<
test 2215
mse:0.39128780364990234, mae:0.3427327573299408
