Args in experiment:
Namespace(model='iformer', data='m1999m', root_path='./datasets/', data_path='m1999m.csv', data_split=[0.7, 0.1, 0.2], checkpoints='./checkpoints/', in_len=360, out_len=60, seg_lens='60,36,24,18,12,6', data_dim=5, d_model=256, d_ff=512, n_heads=4, a_layers=3, dropout=0.4, baseline=False, fc_dropout=0.05, head_dropout=0.0, patch_len=64, stride=8, padding_patch='end', revin=1, affine=0, subtract_last=0, decomposition=0, kernel_size=25, individual=0, freq='m', embed_type=0, enc_in=7, dec_in=7, c_out=7, e_layers=2, d_layers=1, moving_avg=25, factor=1, distil=True, embed='timeF', activation='gelu', output_attention=False, do_predict=False, num_workers=0, batch_size=32, train_epochs=100, patience=3, learning_rate=0.0001, lradj='type1', itr=1, save_pred=False, use_gpu=True, gpu=0, use_multi_gpu=False, devices='0,1')
Use GPU: cuda:0
>>>>>>>start training : iformer_m1999m_il360_ol60_sl60,36,24,18,12,6_dm256_nh4_el3_itr0>>>>>>>>>>>>>>>>>>>>>>>>>>
train 7644
val 1094
test 2245
	iters: 100, epoch: 1 | loss: 0.4035908
	speed: 0.1750s/iter; left time: 4164.5320s
	iters: 200, epoch: 1 | loss: 0.4497691
	speed: 0.1818s/iter; left time: 4308.1130s
Epoch: 1 cost time: 43.393696546554565
Epoch: 1, Steps: 239 | Train Loss: 0.4922448 Vali Loss: 0.3027259 Test Loss: 0.4116419
Validation loss decreased (inf --> 0.302726).  Saving model ...
	iters: 100, epoch: 2 | loss: 0.3558401
	speed: 0.1767s/iter; left time: 4162.9077s
	iters: 200, epoch: 2 | loss: 0.5157449
	speed: 0.1824s/iter; left time: 4278.7822s
Epoch: 2 cost time: 42.98789191246033
Epoch: 2, Steps: 239 | Train Loss: 0.4114368 Vali Loss: 0.2736276 Test Loss: 0.3830022
Validation loss decreased (0.302726 --> 0.273628).  Saving model ...
Updating learning rate to 5e-05
	iters: 100, epoch: 3 | loss: 0.3305244
	speed: 0.1852s/iter; left time: 4320.4462s
	iters: 200, epoch: 3 | loss: 0.3337707
	speed: 0.1885s/iter; left time: 4378.0250s
Epoch: 3 cost time: 45.35002541542053
Epoch: 3, Steps: 239 | Train Loss: 0.3808768 Vali Loss: 0.2740660 Test Loss: 0.3795735
EarlyStopping counter: 1 out of 3
	iters: 100, epoch: 4 | loss: 0.2179618
	speed: 0.1895s/iter; left time: 4374.9629s
	iters: 200, epoch: 4 | loss: 0.3165591
	speed: 0.1967s/iter; left time: 4520.8824s
Epoch: 4 cost time: 45.63497877120972
Epoch: 4, Steps: 239 | Train Loss: 0.3729746 Vali Loss: 0.2717025 Test Loss: 0.3794977
Validation loss decreased (0.273628 --> 0.271702).  Saving model ...
Updating learning rate to 2.5e-05
	iters: 100, epoch: 5 | loss: 0.3681378
	speed: 0.1937s/iter; left time: 4424.5501s
	iters: 200, epoch: 5 | loss: 0.2835477
	speed: 0.1875s/iter; left time: 4264.4770s
Epoch: 5 cost time: 45.962382793426514
Epoch: 5, Steps: 239 | Train Loss: 0.3643135 Vali Loss: 0.2752041 Test Loss: 0.3789517
EarlyStopping counter: 1 out of 3
	iters: 100, epoch: 6 | loss: 0.3859354
	speed: 0.1931s/iter; left time: 4364.8237s
	iters: 200, epoch: 6 | loss: 0.3624418
	speed: 0.1976s/iter; left time: 4447.4612s
Epoch: 6 cost time: 45.91394853591919
Epoch: 6, Steps: 239 | Train Loss: 0.3590574 Vali Loss: 0.2725146 Test Loss: 0.3794182
EarlyStopping counter: 2 out of 3
Updating learning rate to 1.25e-05
	iters: 100, epoch: 7 | loss: 0.3087987
	speed: 0.2018s/iter; left time: 4514.3924s
	iters: 200, epoch: 7 | loss: 0.3584906
	speed: 0.1858s/iter; left time: 4137.0292s
Epoch: 7 cost time: 46.60741424560547
Epoch: 7, Steps: 239 | Train Loss: 0.3510931 Vali Loss: 0.2755594 Test Loss: 0.3814601
EarlyStopping counter: 3 out of 3
Early stopping
>>>>>>>testing : iformer_m1999m_il360_ol60_sl60,36,24,18,12,6_dm256_nh4_el3_itr0<<<<<<<<<<<<<<<<<<<<<<<<<<<<<<<<<
test 2245
mse:0.3472226560115814, mae:0.2974349558353424
