Args in experiment:
Namespace(model='iformer', data='m1999m', root_path='./datasets/', data_path='m1999m.csv', data_split=[0.7, 0.1, 0.2], checkpoints='./checkpoints/', in_len=360, out_len=600, seg_lens='12,8,6,4,3', data_dim=5, d_model=256, d_ff=512, n_heads=4, a_layers=3, dropout=0.4, baseline=False, fc_dropout=0.05, head_dropout=0.0, patch_len=64, stride=8, padding_patch='end', revin=1, affine=0, subtract_last=0, decomposition=0, kernel_size=25, individual=0, freq='m', embed_type=0, enc_in=7, dec_in=7, c_out=7, e_layers=2, d_layers=1, moving_avg=25, factor=1, distil=True, embed='timeF', activation='gelu', output_attention=False, do_predict=False, num_workers=0, batch_size=32, train_epochs=100, patience=3, learning_rate=1e-05, lradj='type1', itr=1, save_pred=False, use_gpu=True, gpu=1, use_multi_gpu=False, devices='0,1')
Use GPU: cuda:1
>>>>>>>start training : iformer_m1999m_il360_ol600_sl12,8,6,4,3_dm256_nh4_el3_itr0>>>>>>>>>>>>>>>>>>>>>>>>>>
train 7104
val 554
test 1705
	iters: 100, epoch: 1 | loss: 0.8604805
	speed: 0.5352s/iter; left time: 11827.6146s
	iters: 200, epoch: 1 | loss: 0.8421695
	speed: 0.5197s/iter; left time: 11433.1162s
Epoch: 1 cost time: 117.77282524108887
Epoch: 1, Steps: 222 | Train Loss: 0.8214643 Vali Loss: 0.3506440 Test Loss: 0.6580066
Validation loss decreased (inf --> 0.350644).  Saving model ...
	iters: 100, epoch: 2 | loss: 0.8283887
	speed: 0.5134s/iter; left time: 11232.9757s
	iters: 200, epoch: 2 | loss: 0.7496790
	speed: 0.5154s/iter; left time: 11224.9436s
Epoch: 2 cost time: 114.53525614738464
Epoch: 2, Steps: 222 | Train Loss: 0.7914114 Vali Loss: 0.3495320 Test Loss: 0.6276750
Validation loss decreased (0.350644 --> 0.349532).  Saving model ...
Updating learning rate to 5e-06
	iters: 100, epoch: 3 | loss: 0.7012162
	speed: 0.5114s/iter; left time: 11075.0139s
	iters: 200, epoch: 3 | loss: 0.7217119
	speed: 0.5223s/iter; left time: 11259.3631s
Epoch: 3 cost time: 113.83062767982483
Epoch: 3, Steps: 222 | Train Loss: 0.7687465 Vali Loss: 0.3465582 Test Loss: 0.6203212
Validation loss decreased (0.349532 --> 0.346558).  Saving model ...
	iters: 100, epoch: 4 | loss: 0.7695758
	speed: 0.5132s/iter; left time: 10999.8604s
	iters: 200, epoch: 4 | loss: 0.8499988
	speed: 0.5255s/iter; left time: 11211.1492s
Epoch: 4 cost time: 116.14669179916382
Epoch: 4, Steps: 222 | Train Loss: 0.7596559 Vali Loss: 0.3608766 Test Loss: 0.6192739
EarlyStopping counter: 1 out of 3
Updating learning rate to 2.5e-06
	iters: 100, epoch: 5 | loss: 0.7190732
	speed: 0.4944s/iter; left time: 10487.4100s
	iters: 200, epoch: 5 | loss: 0.6914286
	speed: 0.5113s/iter; left time: 10794.6243s
Epoch: 5 cost time: 112.41631531715393
Epoch: 5, Steps: 222 | Train Loss: 0.7504438 Vali Loss: 0.3394943 Test Loss: 0.6159209
Validation loss decreased (0.346558 --> 0.339494).  Saving model ...
	iters: 100, epoch: 6 | loss: 0.8439648
	speed: 0.5086s/iter; left time: 10676.3824s
	iters: 200, epoch: 6 | loss: 0.6724467
	speed: 0.5224s/iter; left time: 10913.2446s
Epoch: 6 cost time: 114.36106443405151
Epoch: 6, Steps: 222 | Train Loss: 0.7449085 Vali Loss: 0.3471563 Test Loss: 0.6166176
EarlyStopping counter: 1 out of 3
Updating learning rate to 1.25e-06
	iters: 100, epoch: 7 | loss: 0.7398707
	speed: 0.5018s/iter; left time: 10421.3406s
	iters: 200, epoch: 7 | loss: 0.6374360
	speed: 0.5108s/iter; left time: 10557.4586s
Epoch: 7 cost time: 112.40319085121155
Epoch: 7, Steps: 222 | Train Loss: 0.7401463 Vali Loss: 0.3427528 Test Loss: 0.6120940
EarlyStopping counter: 2 out of 3
	iters: 100, epoch: 8 | loss: 0.7502419
	speed: 0.5359s/iter; left time: 11010.4253s
	iters: 200, epoch: 8 | loss: 0.7499533
	speed: 0.5435s/iter; left time: 11112.1818s
Epoch: 8 cost time: 120.02499151229858
Epoch: 8, Steps: 222 | Train Loss: 0.7382827 Vali Loss: 0.3422426 Test Loss: 0.6119039
EarlyStopping counter: 3 out of 3
Early stopping
>>>>>>>testing : iformer_m1999m_il360_ol600_sl12,8,6,4,3_dm256_nh4_el3_itr0<<<<<<<<<<<<<<<<<<<<<<<<<<<<<<<<<
test 1705
mse:0.6160136461257935, mae:0.45593759417533875
