Args in experiment:
Namespace(model='iformer', data='m1999m', root_path='./datasets/', data_path='m1999m.csv', data_split=[0.7, 0.1, 0.2], checkpoints='./checkpoints/', in_len=360, out_len=480, seg_lens='12,8,6,4,3', data_dim=5, d_model=256, d_ff=512, n_heads=4, a_layers=3, dropout=0.4, baseline=False, fc_dropout=0.05, head_dropout=0.0, patch_len=64, stride=8, padding_patch='end', revin=1, affine=0, subtract_last=0, decomposition=0, kernel_size=25, individual=0, freq='m', embed_type=0, enc_in=7, dec_in=7, c_out=7, e_layers=2, d_layers=1, moving_avg=25, factor=1, distil=True, embed='timeF', activation='gelu', output_attention=False, do_predict=False, num_workers=0, batch_size=32, train_epochs=100, patience=3, learning_rate=1e-05, lradj='type1', itr=1, save_pred=False, use_gpu=True, gpu=1, use_multi_gpu=False, devices='0,1')
Use GPU: cuda:1
>>>>>>>start training : iformer_m1999m_il360_ol480_sl12,8,6,4,3_dm256_nh4_el3_itr0>>>>>>>>>>>>>>>>>>>>>>>>>>
train 7224
val 674
test 1825
	iters: 100, epoch: 1 | loss: 1.0379901
	speed: 0.8955s/iter; left time: 20150.5377s
	iters: 200, epoch: 1 | loss: 1.0612491
	speed: 0.9059s/iter; left time: 20293.5663s
Epoch: 1 cost time: 204.36980557441711
Epoch: 1, Steps: 226 | Train Loss: 1.0545001 Vali Loss: 0.3950151 Test Loss: 0.6506155
Validation loss decreased (inf --> 0.395015).  Saving model ...
	iters: 100, epoch: 2 | loss: 0.9776844
	speed: 0.8586s/iter; left time: 19125.3830s
	iters: 200, epoch: 2 | loss: 0.8959447
	speed: 0.8648s/iter; left time: 19177.4742s
Epoch: 2 cost time: 194.76903867721558
Epoch: 2, Steps: 226 | Train Loss: 0.9300100 Vali Loss: 0.3806238 Test Loss: 0.6566403
Validation loss decreased (0.395015 --> 0.380624).  Saving model ...
Updating learning rate to 5e-06
	iters: 100, epoch: 3 | loss: 0.7534763
	speed: 0.8800s/iter; left time: 19403.7303s
	iters: 200, epoch: 3 | loss: 0.9843688
	speed: 0.9359s/iter; left time: 20541.5573s
Epoch: 3 cost time: 206.80411052703857
Epoch: 3, Steps: 226 | Train Loss: 0.8660960 Vali Loss: 0.3669701 Test Loss: 0.6111035
Validation loss decreased (0.380624 --> 0.366970).  Saving model ...
	iters: 100, epoch: 4 | loss: 0.8280952
	speed: 0.9289s/iter; left time: 20271.8286s
	iters: 200, epoch: 4 | loss: 0.7529098
	speed: 0.9427s/iter; left time: 20478.5851s
Epoch: 4 cost time: 212.64194226264954
Epoch: 4, Steps: 226 | Train Loss: 0.8443807 Vali Loss: 0.3715595 Test Loss: 0.6075550
EarlyStopping counter: 1 out of 3
Updating learning rate to 2.5e-06
	iters: 100, epoch: 5 | loss: 0.9261267
	speed: 0.9440s/iter; left time: 20388.2919s
	iters: 200, epoch: 5 | loss: 0.8469973
	speed: 0.8711s/iter; left time: 18726.8364s
Epoch: 5 cost time: 204.60614919662476
Epoch: 5, Steps: 226 | Train Loss: 0.8113429 Vali Loss: 0.3954984 Test Loss: 0.5835159
EarlyStopping counter: 2 out of 3
	iters: 100, epoch: 6 | loss: 0.8388903
	speed: 0.8357s/iter; left time: 17859.9307s
	iters: 200, epoch: 6 | loss: 0.7195222
	speed: 0.8643s/iter; left time: 18385.1567s
Epoch: 6 cost time: 191.76774835586548
Epoch: 6, Steps: 226 | Train Loss: 0.8020048 Vali Loss: 0.3569740 Test Loss: 0.5882330
Validation loss decreased (0.366970 --> 0.356974).  Saving model ...
Updating learning rate to 1.25e-06
	iters: 100, epoch: 7 | loss: 0.6216806
	speed: 0.8406s/iter; left time: 17773.7120s
	iters: 200, epoch: 7 | loss: 0.9152548
	speed: 0.8729s/iter; left time: 18370.3898s
Epoch: 7 cost time: 194.1853964328766
Epoch: 7, Steps: 226 | Train Loss: 0.7852934 Vali Loss: 0.3746937 Test Loss: 0.5742455
EarlyStopping counter: 1 out of 3
	iters: 100, epoch: 8 | loss: 0.6761564
	speed: 0.8571s/iter; left time: 17928.6688s
	iters: 200, epoch: 8 | loss: 0.8526541
	speed: 0.8762s/iter; left time: 18240.7022s
Epoch: 8 cost time: 196.2922797203064
Epoch: 8, Steps: 226 | Train Loss: 0.7801733 Vali Loss: 0.3583521 Test Loss: 0.5763768
EarlyStopping counter: 2 out of 3
Updating learning rate to 6.25e-07
	iters: 100, epoch: 9 | loss: 0.9033547
	speed: 0.8819s/iter; left time: 18248.8500s
	iters: 200, epoch: 9 | loss: 0.8029983
	speed: 0.9374s/iter; left time: 19304.7100s
Epoch: 9 cost time: 205.72447395324707
Epoch: 9, Steps: 226 | Train Loss: 0.7716073 Vali Loss: 0.3616320 Test Loss: 0.5714579
EarlyStopping counter: 3 out of 3
Early stopping
>>>>>>>testing : iformer_m1999m_il360_ol480_sl12,8,6,4,3_dm256_nh4_el3_itr0<<<<<<<<<<<<<<<<<<<<<<<<<<<<<<<<<
test 1825
mse:0.5865840315818787, mae:0.4390890598297119
