Args in experiment:
Namespace(model='iformer', data='ETTh1', root_path='./datasets/', data_path='ETTh1.csv', data_split=[8640, 2880, 2880], checkpoints='./checkpoints/', in_len=360, out_len=192, seg_lens='12,8,6,4,3', data_dim=7, d_model=256, d_ff=512, n_heads=4, a_layers=3, dropout=0.4, baseline=False, fc_dropout=0.05, head_dropout=0.0, patch_len=64, stride=8, padding_patch='end', revin=1, affine=0, subtract_last=0, decomposition=0, kernel_size=25, individual=0, freq='m', embed_type=0, enc_in=7, dec_in=7, c_out=7, e_layers=2, d_layers=1, moving_avg=25, factor=1, distil=True, embed='timeF', activation='gelu', output_attention=False, do_predict=False, num_workers=0, batch_size=32, train_epochs=100, patience=3, learning_rate=0.0001, lradj='type1', itr=1, save_pred=False, use_gpu=True, gpu=0, use_multi_gpu=False, devices='0,1')
Use GPU: cuda:0
>>>>>>>start training : iformer_ETTh1_il360_ol192_sl12,8,6,4,3_dm256_nh4_el3_itr0>>>>>>>>>>>>>>>>>>>>>>>>>>
train 8089
val 2689
test 2689
	iters: 100, epoch: 1 | loss: 0.4892856
	speed: 0.9339s/iter; left time: 23534.8966s
	iters: 200, epoch: 1 | loss: 0.4676897
	speed: 0.6191s/iter; left time: 15540.4650s
Epoch: 1 cost time: 183.9547462463379
Epoch: 1, Steps: 253 | Train Loss: 0.5337216 Vali Loss: 1.1066760 Test Loss: 0.4858348
Validation loss decreased (inf --> 1.106676).  Saving model ...
	iters: 100, epoch: 2 | loss: 0.5220058
	speed: 0.5358s/iter; left time: 13368.0566s
	iters: 200, epoch: 2 | loss: 0.4690659
	speed: 0.5505s/iter; left time: 13679.3838s
Epoch: 2 cost time: 148.79614210128784
Epoch: 2, Steps: 253 | Train Loss: 0.4783664 Vali Loss: 1.1828641 Test Loss: 0.4857211
EarlyStopping counter: 1 out of 3
Updating learning rate to 5e-05
	iters: 100, epoch: 3 | loss: 0.3635787
	speed: 1.1503s/iter; left time: 28407.6832s
	iters: 200, epoch: 3 | loss: 0.4086297
	speed: 0.7555s/iter; left time: 18582.0128s
Epoch: 3 cost time: 228.1451027393341
Epoch: 3, Steps: 253 | Train Loss: 0.4075704 Vali Loss: 1.1206345 Test Loss: 0.4779566
EarlyStopping counter: 2 out of 3
	iters: 100, epoch: 4 | loss: 0.3823207
	speed: 0.8564s/iter; left time: 20932.7879s
	iters: 200, epoch: 4 | loss: 0.3893119
	speed: 0.8118s/iter; left time: 19760.2923s
Epoch: 4 cost time: 195.03748440742493
Epoch: 4, Steps: 253 | Train Loss: 0.3810258 Vali Loss: 1.1482852 Test Loss: 0.4990988
EarlyStopping counter: 3 out of 3
Early stopping
>>>>>>>testing : iformer_ETTh1_il360_ol192_sl12,8,6,4,3_dm256_nh4_el3_itr0<<<<<<<<<<<<<<<<<<<<<<<<<<<<<<<<<
test 2689
mse:0.48426830768585205, mae:0.467773973941803
