Args in experiment:
Namespace(model='iformer', data='ETTh1', root_path='./datasets/', data_path='ETTh1.csv', data_split=[8640, 2880, 2880], checkpoints='./checkpoints/', in_len=336, out_len=336, seg_lens='64,32,24,12,8,6,4,3', data_dim=7, d_model=16, d_ff=128, n_heads=4, a_layers=3, dropout=0.4, baseline=False, fc_dropout=0.05, head_dropout=0.0, patch_len=64, stride=8, padding_patch='end', revin=1, affine=0, subtract_last=0, decomposition=0, kernel_size=25, individual=0, freq='m', embed_type=0, enc_in=7, dec_in=7, c_out=7, e_layers=2, d_layers=1, moving_avg=25, factor=1, distil=True, embed='timeF', activation='gelu', output_attention=False, do_predict=False, num_workers=0, batch_size=32, train_epochs=100, patience=3, learning_rate=5e-05, lradj='type1', itr=1, save_pred=False, use_gpu=True, gpu=0, use_multi_gpu=False, devices='0,1')
Use GPU: cuda:0
>>>>>>>start training : iformer_ETTh1_il336_ol336_sl64,32,24,12,8,6,4,3_dm16_nh4_el3_itr0>>>>>>>>>>>>>>>>>>>>>>>>>>
train 7969
val 2545
test 2545
	iters: 100, epoch: 1 | loss: 0.5389779
	speed: 0.1641s/iter; left time: 4085.6127s
	iters: 200, epoch: 1 | loss: 0.5403547
	speed: 0.1508s/iter; left time: 3740.2876s
Epoch: 1 cost time: 38.904439210891724
Epoch: 1, Steps: 250 | Train Loss: 0.5594737 Vali Loss: 1.1920094 Test Loss: 0.4480785
Validation loss decreased (inf --> 1.192009).  Saving model ...
	iters: 100, epoch: 2 | loss: 0.5221347
	speed: 0.1578s/iter; left time: 3890.0569s
	iters: 200, epoch: 2 | loss: 0.4659553
	speed: 0.1439s/iter; left time: 3533.5500s
Epoch: 2 cost time: 36.60098433494568
Epoch: 2, Steps: 250 | Train Loss: 0.5026980 Vali Loss: 1.1892701 Test Loss: 0.4371515
Validation loss decreased (1.192009 --> 1.189270).  Saving model ...
Updating learning rate to 2.5e-05
	iters: 100, epoch: 3 | loss: 0.5480047
	speed: 0.1483s/iter; left time: 3617.8094s
	iters: 200, epoch: 3 | loss: 0.4283492
	speed: 0.1531s/iter; left time: 3721.2586s
Epoch: 3 cost time: 37.67932748794556
Epoch: 3, Steps: 250 | Train Loss: 0.4847229 Vali Loss: 1.1838941 Test Loss: 0.4384115
Validation loss decreased (1.189270 --> 1.183894).  Saving model ...
	iters: 100, epoch: 4 | loss: 0.5288978
	speed: 0.1430s/iter; left time: 3453.9833s
	iters: 200, epoch: 4 | loss: 0.4340378
	speed: 0.1591s/iter; left time: 3826.9570s
Epoch: 4 cost time: 36.793251037597656
Epoch: 4, Steps: 250 | Train Loss: 0.4775960 Vali Loss: 1.1864401 Test Loss: 0.4381499
EarlyStopping counter: 1 out of 3
Updating learning rate to 1.25e-05
	iters: 100, epoch: 5 | loss: 0.5511759
	speed: 0.1465s/iter; left time: 3501.6304s
	iters: 200, epoch: 5 | loss: 0.4668942
	speed: 0.1579s/iter; left time: 3759.0828s
Epoch: 5 cost time: 36.8286030292511
Epoch: 5, Steps: 250 | Train Loss: 0.4733024 Vali Loss: 1.1891846 Test Loss: 0.4372651
EarlyStopping counter: 2 out of 3
	iters: 100, epoch: 6 | loss: 0.4069258
	speed: 0.1455s/iter; left time: 3442.3134s
	iters: 200, epoch: 6 | loss: 0.3915265
	speed: 0.1567s/iter; left time: 3691.5232s
Epoch: 6 cost time: 37.80199146270752
Epoch: 6, Steps: 250 | Train Loss: 0.4697135 Vali Loss: 1.1867181 Test Loss: 0.4359571
EarlyStopping counter: 3 out of 3
Early stopping
>>>>>>>testing : iformer_ETTh1_il336_ol336_sl64,32,24,12,8,6,4,3_dm16_nh4_el3_itr0<<<<<<<<<<<<<<<<<<<<<<<<<<<<<<<<<
test 2545
mse:0.43771952390670776, mae:0.43392130732536316
