Args in experiment:
Namespace(model='iformer', data='ETTh1', root_path='./datasets/', data_path='ETTh1.csv', data_split=[8640, 2880, 2880], checkpoints='./checkpoints/', in_len=336, out_len=192, seg_lens='64,32,24,12,8,6,4,3', data_dim=7, d_model=16, d_ff=128, n_heads=4, a_layers=3, dropout=0.4, baseline=False, fc_dropout=0.05, head_dropout=0.0, patch_len=64, stride=8, padding_patch='end', revin=1, affine=0, subtract_last=0, decomposition=0, kernel_size=25, individual=0, freq='m', embed_type=0, enc_in=7, dec_in=7, c_out=7, e_layers=2, d_layers=1, moving_avg=25, factor=1, distil=True, embed='timeF', activation='gelu', output_attention=False, do_predict=False, num_workers=0, batch_size=32, train_epochs=100, patience=3, learning_rate=5e-05, lradj='type1', itr=1, save_pred=False, use_gpu=True, gpu=0, use_multi_gpu=False, devices='0,1')
Use GPU: cuda:0
>>>>>>>start training : iformer_ETTh1_il336_ol192_sl64,32,24,12,8,6,4,3_dm16_nh4_el3_itr0>>>>>>>>>>>>>>>>>>>>>>>>>>
train 8113
val 2689
test 2689
	iters: 100, epoch: 1 | loss: 0.4436654
	speed: 0.1542s/iter; left time: 3901.5525s
	iters: 200, epoch: 1 | loss: 0.5528491
	speed: 0.1567s/iter; left time: 3950.2420s
Epoch: 1 cost time: 39.07886338233948
Epoch: 1, Steps: 254 | Train Loss: 0.5053849 Vali Loss: 0.9701349 Test Loss: 0.4291989
Validation loss decreased (inf --> 0.970135).  Saving model ...
	iters: 100, epoch: 2 | loss: 0.4767484
	speed: 0.1469s/iter; left time: 3680.4133s
	iters: 200, epoch: 2 | loss: 0.3865022
	speed: 0.1565s/iter; left time: 3904.1802s
Epoch: 2 cost time: 37.8540518283844
Epoch: 2, Steps: 254 | Train Loss: 0.4453597 Vali Loss: 0.9566752 Test Loss: 0.4188501
Validation loss decreased (0.970135 --> 0.956675).  Saving model ...
Updating learning rate to 2.5e-05
	iters: 100, epoch: 3 | loss: 0.4260485
	speed: 0.1591s/iter; left time: 3945.3787s
	iters: 200, epoch: 3 | loss: 0.3977005
	speed: 0.1413s/iter; left time: 3487.9551s
Epoch: 3 cost time: 38.39879059791565
Epoch: 3, Steps: 254 | Train Loss: 0.4274566 Vali Loss: 0.9396913 Test Loss: 0.4178584
Validation loss decreased (0.956675 --> 0.939691).  Saving model ...
	iters: 100, epoch: 4 | loss: 0.3954763
	speed: 0.1505s/iter; left time: 3692.0959s
	iters: 200, epoch: 4 | loss: 0.4571769
	speed: 0.1464s/iter; left time: 3578.2035s
Epoch: 4 cost time: 37.903950214385986
Epoch: 4, Steps: 254 | Train Loss: 0.4202072 Vali Loss: 0.9430819 Test Loss: 0.4171926
EarlyStopping counter: 1 out of 3
Updating learning rate to 1.25e-05
	iters: 100, epoch: 5 | loss: 0.4118270
	speed: 0.1581s/iter; left time: 3839.6985s
	iters: 200, epoch: 5 | loss: 0.3968211
	speed: 0.1468s/iter; left time: 3551.4176s
Epoch: 5 cost time: 38.51362872123718
Epoch: 5, Steps: 254 | Train Loss: 0.4145113 Vali Loss: 0.9535264 Test Loss: 0.4133743
EarlyStopping counter: 2 out of 3
	iters: 100, epoch: 6 | loss: 0.3777526
	speed: 0.1650s/iter; left time: 3964.1790s
	iters: 200, epoch: 6 | loss: 0.3591371
	speed: 0.1502s/iter; left time: 3594.7980s
Epoch: 6 cost time: 40.00596642494202
Epoch: 6, Steps: 254 | Train Loss: 0.4118735 Vali Loss: 0.9464645 Test Loss: 0.4139584
EarlyStopping counter: 3 out of 3
Early stopping
>>>>>>>testing : iformer_ETTh1_il336_ol192_sl64,32,24,12,8,6,4,3_dm16_nh4_el3_itr0<<<<<<<<<<<<<<<<<<<<<<<<<<<<<<<<<
test 2689
mse:0.416655033826828, mae:0.42077746987342834
