Args in experiment:
Namespace(model='lstm', data='m1999m', root_path='./datasets/', data_path='m1999m.csv', data_split=[0.7, 0.1, 0.2], checkpoints='./checkpoints/', in_len=360, out_len=360, seg_lens='30', dim_factor=10, patch_factor=10, data_dim=5, d_model=512, d_ff=1024, n_heads=4, a_layers=4, dropout=0.2, baseline=False, num_workers=0, batch_size=32, train_epochs=20, patience=3, learning_rate=0.001, lradj='type1', itr=1, save_pred=False, use_gpu=True, gpu=0, use_multi_gpu=False, devices='0,1')
Use GPU: cuda:0
>>>>>>>start training : lstm_m1999m_il360_ol360_sl30_dm512_nh4_el4_itr0>>>>>>>>>>>>>>>>>>>>>>>>>>
train 7344
val 794
test 1945
	iters: 100, epoch: 1 | loss: 0.7586822
	speed: 0.2290s/iter; left time: 1030.5993s
	iters: 200, epoch: 1 | loss: 0.4943717
	speed: 0.1920s/iter; left time: 845.1692s
Epoch: 1 cost time: 49.103602170944214
Epoch: 1, Steps: 230 | Train Loss: 0.5713369 Vali Loss: 0.4081505 Test Loss: 1.6622208
Validation loss decreased (inf --> 0.408150).  Saving model ...
	iters: 100, epoch: 2 | loss: 0.4498606
	speed: 0.1945s/iter; left time: 830.5109s
	iters: 200, epoch: 2 | loss: 0.4766147
	speed: 0.2141s/iter; left time: 893.1897s
Epoch: 2 cost time: 46.74067759513855
Epoch: 2, Steps: 230 | Train Loss: 0.4989379 Vali Loss: 0.4486043 Test Loss: 1.6650860
EarlyStopping counter: 1 out of 3
Updating learning rate to 0.0005
	iters: 100, epoch: 3 | loss: 0.4560488
	speed: 0.2187s/iter; left time: 883.6806s
	iters: 200, epoch: 3 | loss: 0.3617274
	speed: 0.2068s/iter; left time: 814.8348s
Epoch: 3 cost time: 49.254557371139526
Epoch: 3, Steps: 230 | Train Loss: 0.4369904 Vali Loss: 0.6190924 Test Loss: 1.6457535
EarlyStopping counter: 2 out of 3
	iters: 100, epoch: 4 | loss: 0.3530993
	speed: 0.2044s/iter; left time: 778.8663s
	iters: 200, epoch: 4 | loss: 0.3937645
	speed: 0.2152s/iter; left time: 798.5739s
Epoch: 4 cost time: 48.41491413116455
Epoch: 4, Steps: 230 | Train Loss: 0.3613210 Vali Loss: 0.5901051 Test Loss: 1.6044492
EarlyStopping counter: 3 out of 3
Early stopping
>>>>>>>testing : lstm_m1999m_il360_ol360_sl30_dm512_nh4_el4_itr0<<<<<<<<<<<<<<<<<<<<<<<<<<<<<<<<<
test 1945
mse:1.6595847606658936, mae:1.0501564741134644
