Args in experiment:
Namespace(model='former', data='ETTh1', root_path='./datasets/', data_path='ETTh1.csv', data_split=[8640, 2880, 2880], checkpoints='./checkpoints/', in_len=720, out_len=720, seg_lens='6,12,24,36,48,72', data_dim=7, d_model=256, d_ff=512, n_heads=4, a_layers=4, dropout=0.2, baseline=False, num_workers=0, batch_size=32, train_epochs=20, patience=3, learning_rate=1e-05, lradj='type1', itr=1, save_pred=False, use_gpu=True, gpu=0, use_multi_gpu=False, devices='0,1')
Use GPU: cuda:0
>>>>>>>start training : former_ETTh1_il720_ol720_sl6,12,24,36,48,72_dm256_nh4_el4_itr0>>>>>>>>>>>>>>>>>>>>>>>>>>
train 7201
val 2161
test 2161
	iters: 100, epoch: 1 | loss: 0.6166650
	speed: 0.7507s/iter; left time: 3319.0457s
	iters: 200, epoch: 1 | loss: 0.5692694
	speed: 0.7316s/iter; left time: 3161.4159s
Epoch: 1 cost time: 166.60835433006287
Epoch: 1, Steps: 226 | Train Loss: 0.5703065 Vali Loss: 1.1889018 Test Loss: 0.5077908
Validation loss decreased (inf --> 1.188902).  Saving model ...
	iters: 100, epoch: 2 | loss: 0.4650849
	speed: 0.6652s/iter; left time: 2790.3364s
	iters: 200, epoch: 2 | loss: 0.4496876
	speed: 0.7482s/iter; left time: 3063.9658s
Epoch: 2 cost time: 163.27176666259766
Epoch: 2, Steps: 226 | Train Loss: 0.4859411 Vali Loss: 1.1910992 Test Loss: 0.4978575
EarlyStopping counter: 1 out of 3
Updating learning rate to 5e-06
	iters: 100, epoch: 3 | loss: 0.4679462
	speed: 0.7051s/iter; left time: 2798.6094s
	iters: 200, epoch: 3 | loss: 0.4600840
	speed: 0.7247s/iter; left time: 2803.7479s
Epoch: 3 cost time: 160.29489302635193
Epoch: 3, Steps: 226 | Train Loss: 0.4429333 Vali Loss: 1.1964596 Test Loss: 0.5724833
EarlyStopping counter: 2 out of 3
	iters: 100, epoch: 4 | loss: 0.4221819
	speed: 0.7262s/iter; left time: 2718.0149s
	iters: 200, epoch: 4 | loss: 0.3742641
	speed: 0.8030s/iter; left time: 2925.4637s
Epoch: 4 cost time: 173.44761991500854
Epoch: 4, Steps: 226 | Train Loss: 0.4145509 Vali Loss: 1.2216837 Test Loss: 0.6339893
EarlyStopping counter: 3 out of 3
Early stopping
>>>>>>>testing : former_ETTh1_il720_ol720_sl6,12,24,36,48,72_dm256_nh4_el4_itr0<<<<<<<<<<<<<<<<<<<<<<<<<<<<<<<<<
test 2161
mse:0.5068566203117371, mae:0.5094679594039917
