Args in experiment:
Namespace(model='former', data='m1999m', root_path='./datasets/', data_path='m1999m.csv', data_split=[0.7, 0.1, 0.2], checkpoints='./checkpoints/', in_len=360, out_len=60, seg_lens='6,10,15,20,30,60', data_dim=5, d_model=256, d_ff=512, n_heads=4, a_layers=4, dropout=0.4, baseline=False, fc_dropout=0.05, head_dropout=0.0, patch_len=12, stride=8, padding_patch='end', revin=1, affine=0, subtract_last=0, decomposition=0, kernel_size=25, individual=0, freq='m', embed_type=0, enc_in=7, dec_in=7, c_out=7, e_layers=2, d_layers=1, moving_avg=25, factor=1, distil=True, embed='timeF', activation='gelu', output_attention=False, do_predict=False, num_workers=0, batch_size=32, train_epochs=100, patience=5, learning_rate=0.0001, lradj='type1', itr=1, save_pred=False, use_gpu=True, gpu=1, use_multi_gpu=False, devices='0,1')
Use GPU: cuda:1
>>>>>>>start training : former_m1999m_il360_ol60_sl6,10,15,20,30,60_dm256_nh4_el4_itr0>>>>>>>>>>>>>>>>>>>>>>>>>>
train 7644
val 1094
test 2245
	iters: 100, epoch: 1 | loss: 0.4769257
	speed: 0.9312s/iter; left time: 22163.9329s
	iters: 200, epoch: 1 | loss: 0.4871366
	speed: 0.8690s/iter; left time: 20595.3625s
Epoch: 1 cost time: 213.73200178146362
Epoch: 1, Steps: 239 | Train Loss: 0.5286017 Vali Loss: 0.3021910 Test Loss: 0.5917408
Validation loss decreased (inf --> 0.302191).  Saving model ...
	iters: 100, epoch: 2 | loss: 0.5717710
	speed: 0.8466s/iter; left time: 19948.0301s
	iters: 200, epoch: 2 | loss: 0.4745426
	speed: 0.8522s/iter; left time: 19993.5287s
Epoch: 2 cost time: 202.68253564834595
Epoch: 2, Steps: 239 | Train Loss: 0.4065560 Vali Loss: 0.2989376 Test Loss: 0.5905795
Validation loss decreased (0.302191 --> 0.298938).  Saving model ...
Updating learning rate to 5e-05
	iters: 100, epoch: 3 | loss: 0.3516377
	speed: 0.8521s/iter; left time: 19872.7906s
	iters: 200, epoch: 3 | loss: 0.4051609
	speed: 0.8574s/iter; left time: 19910.9034s
Epoch: 3 cost time: 205.43417763710022
Epoch: 3, Steps: 239 | Train Loss: 0.3783156 Vali Loss: 0.3020493 Test Loss: 0.5353945
EarlyStopping counter: 1 out of 5
	iters: 100, epoch: 4 | loss: 0.3747292
	speed: 0.8652s/iter; left time: 19971.2482s
	iters: 200, epoch: 4 | loss: 0.3796930
	speed: 0.8116s/iter; left time: 18653.2528s
Epoch: 4 cost time: 200.08567833900452
Epoch: 4, Steps: 239 | Train Loss: 0.3675313 Vali Loss: 0.2900816 Test Loss: 0.6674247
Validation loss decreased (0.298938 --> 0.290082).  Saving model ...
Updating learning rate to 2.5e-05
	iters: 100, epoch: 5 | loss: 0.3807245
	speed: 0.8023s/iter; left time: 18329.2069s
	iters: 200, epoch: 5 | loss: 0.4389693
	speed: 0.8160s/iter; left time: 18559.3956s
Epoch: 5 cost time: 194.76350092887878
Epoch: 5, Steps: 239 | Train Loss: 0.3551935 Vali Loss: 0.3209398 Test Loss: 0.5569096
EarlyStopping counter: 1 out of 5
	iters: 100, epoch: 6 | loss: 0.3140694
	speed: 0.8180s/iter; left time: 18491.1031s
	iters: 200, epoch: 6 | loss: 0.4732198
	speed: 0.8158s/iter; left time: 18360.0468s
Epoch: 6 cost time: 195.1462278366089
Epoch: 6, Steps: 239 | Train Loss: 0.3495943 Vali Loss: 0.3346232 Test Loss: 0.5817677
EarlyStopping counter: 2 out of 5
Updating learning rate to 1.25e-05
