Args in experiment:
Namespace(model='former', data='m1999m', root_path='./datasets/', data_path='m1999m.csv', data_split=[0.7, 0.1, 0.2], checkpoints='./checkpoints/', in_len=360, out_len=600, seg_lens='30,45,60,90,120', data_dim=5, d_model=256, d_ff=512, n_heads=4, a_layers=4, dropout=0.4, baseline=False, fc_dropout=0.05, head_dropout=0.0, patch_len=12, stride=8, padding_patch='end', revin=1, affine=0, subtract_last=0, decomposition=0, kernel_size=25, individual=0, freq='m', embed_type=0, enc_in=7, dec_in=7, c_out=7, e_layers=2, d_layers=1, moving_avg=25, factor=1, distil=True, embed='timeF', activation='gelu', output_attention=False, do_predict=False, num_workers=0, batch_size=32, train_epochs=100, patience=5, learning_rate=1e-05, lradj='type1', itr=1, save_pred=False, use_gpu=True, gpu=1, use_multi_gpu=False, devices='0,1')
Use GPU: cuda:1
>>>>>>>start training : former_m1999m_il360_ol600_sl30,45,60,90,120_dm256_nh4_el4_itr0>>>>>>>>>>>>>>>>>>>>>>>>>>
train 7104
val 554
test 1705
	iters: 100, epoch: 1 | loss: 0.6658365
	speed: 0.3897s/iter; left time: 8612.7303s
	iters: 200, epoch: 1 | loss: 0.7325549
	speed: 0.3716s/iter; left time: 8176.4693s
Epoch: 1 cost time: 83.58788752555847
Epoch: 1, Steps: 222 | Train Loss: 0.7850872 Vali Loss: 0.3962930 Test Loss: 1.1924245
Validation loss decreased (inf --> 0.396293).  Saving model ...
	iters: 100, epoch: 2 | loss: 0.6119860
	speed: 0.3278s/iter; left time: 7171.9394s
	iters: 200, epoch: 2 | loss: 0.6507312
	speed: 0.3397s/iter; left time: 7399.3116s
Epoch: 2 cost time: 72.93825554847717
Epoch: 2, Steps: 222 | Train Loss: 0.6512034 Vali Loss: 0.4044274 Test Loss: 1.0671931
EarlyStopping counter: 1 out of 5
Updating learning rate to 5e-06
	iters: 100, epoch: 3 | loss: 0.6263970
	speed: 0.3475s/iter; left time: 7526.7476s
	iters: 200, epoch: 3 | loss: 0.7193148
	speed: 0.3673s/iter; left time: 7918.6215s
Epoch: 3 cost time: 79.92833304405212
Epoch: 3, Steps: 222 | Train Loss: 0.6320914 Vali Loss: 0.4032358 Test Loss: 1.0553983
EarlyStopping counter: 2 out of 5
	iters: 100, epoch: 4 | loss: 0.6121956
	speed: 0.3664s/iter; left time: 7854.7767s
	iters: 200, epoch: 4 | loss: 0.6680477
	speed: 0.3928s/iter; left time: 8379.8802s
Epoch: 4 cost time: 84.06563019752502
Epoch: 4, Steps: 222 | Train Loss: 0.6123566 Vali Loss: 0.3961587 Test Loss: 1.0392001
Validation loss decreased (0.396293 --> 0.396159).  Saving model ...
Updating learning rate to 2.5e-06
	iters: 100, epoch: 5 | loss: 0.6126966
	speed: 0.3591s/iter; left time: 7618.2426s
	iters: 200, epoch: 5 | loss: 0.5487247
	speed: 0.3870s/iter; left time: 8170.1900s
Epoch: 5 cost time: 84.44245767593384
Epoch: 5, Steps: 222 | Train Loss: 0.5923177 Vali Loss: 0.4069874 Test Loss: 1.1236490
EarlyStopping counter: 1 out of 5
	iters: 100, epoch: 6 | loss: 0.5693324
	speed: 0.3604s/iter; left time: 7564.3811s
	iters: 200, epoch: 6 | loss: 0.4886802
	speed: 0.3559s/iter; left time: 7435.8560s
Epoch: 6 cost time: 80.4096941947937
Epoch: 6, Steps: 222 | Train Loss: 0.5818192 Vali Loss: 0.4254142 Test Loss: 1.1722261
EarlyStopping counter: 2 out of 5
Updating learning rate to 1.25e-06
	iters: 100, epoch: 7 | loss: 0.6297501
	speed: 0.3851s/iter; left time: 7998.4961s
	iters: 200, epoch: 7 | loss: 0.6197889
	speed: 0.3744s/iter; left time: 7738.2524s
Epoch: 7 cost time: 83.71211671829224
Epoch: 7, Steps: 222 | Train Loss: 0.5748733 Vali Loss: 0.4374116 Test Loss: 1.2112433
EarlyStopping counter: 3 out of 5
	iters: 100, epoch: 8 | loss: 0.5065323
	speed: 0.3815s/iter; left time: 7839.3270s
	iters: 200, epoch: 8 | loss: 0.5749366
	speed: 0.3820s/iter; left time: 7810.6217s
Epoch: 8 cost time: 84.1856472492218
Epoch: 8, Steps: 222 | Train Loss: 0.5712735 Vali Loss: 0.4526146 Test Loss: 1.2668273
EarlyStopping counter: 4 out of 5
Updating learning rate to 6.25e-07
	iters: 100, epoch: 9 | loss: 0.5686148
	speed: 0.3577s/iter; left time: 7270.1423s
	iters: 200, epoch: 9 | loss: 0.5593287
	speed: 0.3942s/iter; left time: 7972.5408s
Epoch: 9 cost time: 84.14680242538452
Epoch: 9, Steps: 222 | Train Loss: 0.5686669 Vali Loss: 0.4554516 Test Loss: 1.2274633
EarlyStopping counter: 5 out of 5
Early stopping
>>>>>>>testing : former_m1999m_il360_ol600_sl30,45,60,90,120_dm256_nh4_el4_itr0<<<<<<<<<<<<<<<<<<<<<<<<<<<<<<<<<
test 1705
mse:1.0336135625839233, mae:0.8473578691482544
