Args in experiment:
Namespace(model='former', data='m1999m', root_path='./datasets/', data_path='m1999m.csv', data_split=[0.7, 0.1, 0.2], checkpoints='./checkpoints/', in_len=360, out_len=180, seg_lens='30,45,60,90,120', data_dim=5, d_model=256, d_ff=512, n_heads=4, a_layers=4, dropout=0.4, baseline=False, fc_dropout=0.05, head_dropout=0.0, patch_len=12, stride=8, padding_patch='end', revin=1, affine=0, subtract_last=0, decomposition=0, kernel_size=25, individual=0, freq='m', embed_type=0, enc_in=7, dec_in=7, c_out=7, e_layers=2, d_layers=1, moving_avg=25, factor=1, distil=True, embed='timeF', activation='gelu', output_attention=False, do_predict=False, num_workers=0, batch_size=32, train_epochs=100, patience=5, learning_rate=0.0001, lradj='type1', itr=1, save_pred=False, use_gpu=True, gpu=1, use_multi_gpu=False, devices='0,1')
Use GPU: cuda:1
>>>>>>>start training : former_m1999m_il360_ol180_sl30,45,60,90,120_dm256_nh4_el4_itr0>>>>>>>>>>>>>>>>>>>>>>>>>>
train 7524
val 974
test 2125
	iters: 100, epoch: 1 | loss: 0.5403253
	speed: 0.1192s/iter; left time: 2800.8414s
	iters: 200, epoch: 1 | loss: 0.4696016
	speed: 0.0903s/iter; left time: 2113.3696s
Epoch: 1 cost time: 24.086793661117554
Epoch: 1, Steps: 236 | Train Loss: 0.5449720 Vali Loss: 0.3558727 Test Loss: 1.0126662
Validation loss decreased (inf --> 0.355873).  Saving model ...
	iters: 100, epoch: 2 | loss: 0.5307543
	speed: 0.0883s/iter; left time: 2053.5151s
	iters: 200, epoch: 2 | loss: 0.3877583
	speed: 0.0819s/iter; left time: 1898.1196s
Epoch: 2 cost time: 20.0437912940979
Epoch: 2, Steps: 236 | Train Loss: 0.4573287 Vali Loss: 0.4334300 Test Loss: 1.0575095
EarlyStopping counter: 1 out of 5
Updating learning rate to 5e-05
	iters: 100, epoch: 3 | loss: 0.3742174
	speed: 0.0880s/iter; left time: 2027.2855s
	iters: 200, epoch: 3 | loss: 0.3658382
	speed: 0.1084s/iter; left time: 2485.9440s
Epoch: 3 cost time: 22.7505304813385
Epoch: 3, Steps: 236 | Train Loss: 0.4029293 Vali Loss: 0.3921277 Test Loss: 0.9284671
EarlyStopping counter: 2 out of 5
	iters: 100, epoch: 4 | loss: 0.3332392
	speed: 0.0761s/iter; left time: 1735.5107s
	iters: 200, epoch: 4 | loss: 0.4012358
	speed: 0.0791s/iter; left time: 1794.7328s
Epoch: 4 cost time: 18.928404092788696
Epoch: 4, Steps: 236 | Train Loss: 0.3809352 Vali Loss: 0.4306611 Test Loss: 1.0697070
EarlyStopping counter: 3 out of 5
Updating learning rate to 2.5e-05
	iters: 100, epoch: 5 | loss: 0.3760541
	speed: 0.0847s/iter; left time: 1911.4837s
	iters: 200, epoch: 5 | loss: 0.3595859
	speed: 0.0812s/iter; left time: 1823.6064s
Epoch: 5 cost time: 19.894567728042603
Epoch: 5, Steps: 236 | Train Loss: 0.3628778 Vali Loss: 0.4189123 Test Loss: 0.9750654
EarlyStopping counter: 4 out of 5
	iters: 100, epoch: 6 | loss: 0.3439343
	speed: 0.0847s/iter; left time: 1890.0955s
	iters: 200, epoch: 6 | loss: 0.3527159
	speed: 0.0981s/iter; left time: 2178.8782s
Epoch: 6 cost time: 21.013630151748657
Epoch: 6, Steps: 236 | Train Loss: 0.3552607 Vali Loss: 0.4220904 Test Loss: 1.0135111
EarlyStopping counter: 5 out of 5
Early stopping
>>>>>>>testing : former_m1999m_il360_ol180_sl30,45,60,90,120_dm256_nh4_el4_itr0<<<<<<<<<<<<<<<<<<<<<<<<<<<<<<<<<
test 2125
mse:1.0022177696228027, mae:0.8176288604736328
