Args in experiment:
Namespace(model='former', data='m1999m', root_path='./datasets/', data_path='m1999m.csv', data_split=[0.7, 0.1, 0.2], checkpoints='./checkpoints/', in_len=360, out_len=600, seg_lens='30,45,60,90,120', data_dim=5, d_model=256, d_ff=512, n_heads=4, a_layers=4, dropout=0.4, baseline=False, fc_dropout=0.05, head_dropout=0.0, patch_len=12, stride=8, padding_patch='end', revin=1, affine=0, subtract_last=0, decomposition=0, kernel_size=25, individual=0, freq='m', embed_type=0, enc_in=7, dec_in=7, c_out=7, e_layers=2, d_layers=1, moving_avg=25, factor=1, distil=True, embed='timeF', activation='gelu', output_attention=False, do_predict=False, num_workers=0, batch_size=32, train_epochs=100, patience=3, learning_rate=1e-05, lradj='type1', itr=1, save_pred=False, use_gpu=True, gpu=1, use_multi_gpu=False, devices='0,1')
Use GPU: cuda:1
>>>>>>>start training : former_m1999m_il360_ol600_sl30,45,60,90,120_dm256_nh4_el4_itr0>>>>>>>>>>>>>>>>>>>>>>>>>>
train 7104
val 554
test 1705
	iters: 100, epoch: 1 | loss: 0.6791981
	speed: 0.2802s/iter; left time: 6192.0039s
	iters: 200, epoch: 1 | loss: 0.7408024
	speed: 0.2400s/iter; left time: 5279.8171s
Epoch: 1 cost time: 56.6992564201355
Epoch: 1, Steps: 222 | Train Loss: 0.7661460 Vali Loss: 0.3850515 Test Loss: 1.4613503
Validation loss decreased (inf --> 0.385052).  Saving model ...
	iters: 100, epoch: 2 | loss: 0.6143683
	speed: 0.2577s/iter; left time: 5637.3085s
	iters: 200, epoch: 2 | loss: 0.6407343
	speed: 0.2657s/iter; left time: 5787.1275s
Epoch: 2 cost time: 58.316022872924805
Epoch: 2, Steps: 222 | Train Loss: 0.6462966 Vali Loss: 0.3638566 Test Loss: 1.2267221
Validation loss decreased (0.385052 --> 0.363857).  Saving model ...
Updating learning rate to 5e-06
	iters: 100, epoch: 3 | loss: 0.6205425
	speed: 0.2517s/iter; left time: 5450.7501s
	iters: 200, epoch: 3 | loss: 0.7101935
	speed: 0.2713s/iter; left time: 5849.2626s
Epoch: 3 cost time: 58.33960795402527
Epoch: 3, Steps: 222 | Train Loss: 0.6090299 Vali Loss: 0.3777537 Test Loss: 1.1043059
EarlyStopping counter: 1 out of 3
	iters: 100, epoch: 4 | loss: 0.5761304
	speed: 0.2748s/iter; left time: 5890.7294s
	iters: 200, epoch: 4 | loss: 0.6603737
	speed: 0.2771s/iter; left time: 5912.7095s
Epoch: 4 cost time: 60.83922243118286
Epoch: 4, Steps: 222 | Train Loss: 0.5963660 Vali Loss: 0.3743974 Test Loss: 1.0612611
EarlyStopping counter: 2 out of 3
Updating learning rate to 2.5e-06
	iters: 100, epoch: 5 | loss: 0.6058117
	speed: 0.2565s/iter; left time: 5440.9217s
	iters: 200, epoch: 5 | loss: 0.5488040
	speed: 0.2606s/iter; left time: 5502.4088s
Epoch: 5 cost time: 57.493775367736816
Epoch: 5, Steps: 222 | Train Loss: 0.5893644 Vali Loss: 0.3722423 Test Loss: 1.0578632
EarlyStopping counter: 3 out of 3
Early stopping
>>>>>>>testing : former_m1999m_il360_ol600_sl30,45,60,90,120_dm256_nh4_el4_itr0<<<<<<<<<<<<<<<<<<<<<<<<<<<<<<<<<
test 1705
mse:1.2193920612335205, mae:0.9276760816574097
