Args in experiment:
Namespace(model='former', data='m1999m', root_path='./datasets/', data_path='m1999m.csv', data_split=[0.7, 0.1, 0.2], checkpoints='./checkpoints/', in_len=360, out_len=720, seg_lens='30,45,60,90,120', data_dim=5, d_model=256, d_ff=512, n_heads=4, a_layers=4, dropout=0.4, baseline=False, fc_dropout=0.05, head_dropout=0.0, patch_len=12, stride=8, padding_patch='end', revin=1, affine=0, subtract_last=0, decomposition=0, kernel_size=25, individual=0, freq='m', embed_type=0, enc_in=7, dec_in=7, c_out=7, e_layers=2, d_layers=1, moving_avg=25, factor=1, distil=True, embed='timeF', activation='gelu', output_attention=False, do_predict=False, num_workers=0, batch_size=32, train_epochs=100, patience=3, learning_rate=1e-05, lradj='type1', itr=1, save_pred=False, use_gpu=True, gpu=1, use_multi_gpu=False, devices='0,1')
Use GPU: cuda:1
>>>>>>>start training : former_m1999m_il360_ol720_sl30,45,60,90,120_dm256_nh4_el4_itr0>>>>>>>>>>>>>>>>>>>>>>>>>>
train 6984
val 434
test 1585
	iters: 100, epoch: 1 | loss: 0.7070667
	speed: 0.2952s/iter; left time: 6434.9023s
	iters: 200, epoch: 1 | loss: 0.7398704
	speed: 0.2437s/iter; left time: 5288.6126s
Epoch: 1 cost time: 58.57501482963562
Epoch: 1, Steps: 219 | Train Loss: 0.7758238 Vali Loss: 0.4232404 Test Loss: 1.6240648
Validation loss decreased (inf --> 0.423240).  Saving model ...
	iters: 100, epoch: 2 | loss: 0.6372251
	speed: 0.2581s/iter; left time: 5569.8463s
	iters: 200, epoch: 2 | loss: 0.5861197
	speed: 0.2502s/iter; left time: 5374.5888s
Epoch: 2 cost time: 55.12706923484802
Epoch: 2, Steps: 219 | Train Loss: 0.6521586 Vali Loss: 0.3704536 Test Loss: 1.2348428
Validation loss decreased (0.423240 --> 0.370454).  Saving model ...
Updating learning rate to 5e-06
	iters: 100, epoch: 3 | loss: 0.6468185
	speed: 0.2566s/iter; left time: 5481.1746s
	iters: 200, epoch: 3 | loss: 0.6993545
	speed: 0.2728s/iter; left time: 5799.8723s
Epoch: 3 cost time: 57.655781984329224
Epoch: 3, Steps: 219 | Train Loss: 0.6151100 Vali Loss: 0.3803322 Test Loss: 1.1251977
EarlyStopping counter: 1 out of 3
	iters: 100, epoch: 4 | loss: 0.6065805
	speed: 0.2469s/iter; left time: 5219.4091s
	iters: 200, epoch: 4 | loss: 0.5633326
	speed: 0.2492s/iter; left time: 5243.6543s
Epoch: 4 cost time: 54.577885150909424
Epoch: 4, Steps: 219 | Train Loss: 0.6028070 Vali Loss: 0.3823297 Test Loss: 1.0931595
EarlyStopping counter: 2 out of 3
Updating learning rate to 2.5e-06
	iters: 100, epoch: 5 | loss: 0.6798941
	speed: 0.2405s/iter; left time: 5031.7096s
	iters: 200, epoch: 5 | loss: 0.5420774
	speed: 0.2432s/iter; left time: 5064.7604s
Epoch: 5 cost time: 53.50437617301941
Epoch: 5, Steps: 219 | Train Loss: 0.5958182 Vali Loss: 0.3941362 Test Loss: 1.0793270
EarlyStopping counter: 3 out of 3
Early stopping
>>>>>>>testing : former_m1999m_il360_ol720_sl30,45,60,90,120_dm256_nh4_el4_itr0<<<<<<<<<<<<<<<<<<<<<<<<<<<<<<<<<
test 1585
mse:1.2302331924438477, mae:0.9354575276374817
