Args in experiment:
Namespace(model='former', data='m1999m', root_path='./datasets/', data_path='m1999m.csv', data_split=[0.7, 0.1, 0.2], checkpoints='./checkpoints/', in_len=360, out_len=60, seg_lens='6,10,15,20,30,60', data_dim=5, d_model=256, d_ff=512, n_heads=4, a_layers=4, dropout=0.4, baseline=False, fc_dropout=0.05, head_dropout=0.0, patch_len=12, stride=8, padding_patch='end', revin=1, affine=0, subtract_last=0, decomposition=0, kernel_size=25, individual=0, freq='m', embed_type=0, enc_in=7, dec_in=7, c_out=7, e_layers=2, d_layers=1, moving_avg=25, factor=1, distil=True, embed='timeF', activation='gelu', output_attention=False, do_predict=False, num_workers=0, batch_size=32, train_epochs=100, patience=3, learning_rate=0.0001, lradj='type1', itr=1, save_pred=False, use_gpu=True, gpu=1, use_multi_gpu=False, devices='0,1')
Use GPU: cuda:1
>>>>>>>start training : former_m1999m_il360_ol60_sl6,10,15,20,30,60_dm256_nh4_el4_itr0>>>>>>>>>>>>>>>>>>>>>>>>>>
train 7644
val 1094
test 2245
	iters: 100, epoch: 1 | loss: 0.4708954
	speed: 0.5238s/iter; left time: 12467.2495s
	iters: 200, epoch: 1 | loss: 0.5193871
	speed: 0.4755s/iter; left time: 11270.7614s
Epoch: 1 cost time: 118.46435952186584
Epoch: 1, Steps: 239 | Train Loss: 0.5025150 Vali Loss: 0.2944244 Test Loss: 0.7026177
Validation loss decreased (inf --> 0.294424).  Saving model ...
	iters: 100, epoch: 2 | loss: 0.5644572
	speed: 0.4667s/iter; left time: 10996.5475s
	iters: 200, epoch: 2 | loss: 0.4920999
	speed: 0.4614s/iter; left time: 10825.4473s
Epoch: 2 cost time: 110.84288334846497
Epoch: 2, Steps: 239 | Train Loss: 0.4131131 Vali Loss: 0.3122745 Test Loss: 0.4909289
EarlyStopping counter: 1 out of 3
Updating learning rate to 5e-05
	iters: 100, epoch: 3 | loss: 0.3448125
	speed: 0.4629s/iter; left time: 10796.4939s
	iters: 200, epoch: 3 | loss: 0.4091478
	speed: 0.4449s/iter; left time: 10332.7803s
Epoch: 3 cost time: 109.48458623886108
Epoch: 3, Steps: 239 | Train Loss: 0.3868025 Vali Loss: 0.2733252 Test Loss: 0.5109954
Validation loss decreased (0.294424 --> 0.273325).  Saving model ...
	iters: 100, epoch: 4 | loss: 0.3747391
	speed: 0.4537s/iter; left time: 10474.3361s
	iters: 200, epoch: 4 | loss: 0.4058712
	speed: 0.4540s/iter; left time: 10434.4165s
Epoch: 4 cost time: 109.08081722259521
Epoch: 4, Steps: 239 | Train Loss: 0.3793259 Vali Loss: 0.2695982 Test Loss: 0.5236600
Validation loss decreased (0.273325 --> 0.269598).  Saving model ...
Updating learning rate to 2.5e-05
	iters: 100, epoch: 5 | loss: 0.3989559
	speed: 0.4636s/iter; left time: 10590.4201s
	iters: 200, epoch: 5 | loss: 0.4797558
	speed: 0.4669s/iter; left time: 10620.7358s
Epoch: 5 cost time: 109.17125368118286
Epoch: 5, Steps: 239 | Train Loss: 0.3710404 Vali Loss: 0.2723709 Test Loss: 0.4313511
EarlyStopping counter: 1 out of 3
	iters: 100, epoch: 6 | loss: 0.3334385
	speed: 0.4523s/iter; left time: 10224.0999s
	iters: 200, epoch: 6 | loss: 0.4973910
	speed: 0.4562s/iter; left time: 10268.1498s
Epoch: 6 cost time: 108.56665849685669
Epoch: 6, Steps: 239 | Train Loss: 0.3679819 Vali Loss: 0.2709580 Test Loss: 0.4703790
EarlyStopping counter: 2 out of 3
Updating learning rate to 1.25e-05
	iters: 100, epoch: 7 | loss: 0.4007959
	speed: 0.4644s/iter; left time: 10386.5145s
	iters: 200, epoch: 7 | loss: 0.3555331
	speed: 0.4595s/iter; left time: 10230.5977s
Epoch: 7 cost time: 110.05497550964355
Epoch: 7, Steps: 239 | Train Loss: 0.3624097 Vali Loss: 0.2742188 Test Loss: 0.4143114
EarlyStopping counter: 3 out of 3
Early stopping
>>>>>>>testing : former_m1999m_il360_ol60_sl6,10,15,20,30,60_dm256_nh4_el4_itr0<<<<<<<<<<<<<<<<<<<<<<<<<<<<<<<<<
test 2245
mse:0.48419997096061707, mae:0.516941487789154
