Args in experiment:
Namespace(data='WTH', root_path='./datasets/', data_path='WTH.csv', data_split=[20160, 7200, 7200], checkpoints='./checkpoints/', in_len=48, out_len=24, seg_lens='6,8,12', data_dim=12, d_model=256, d_ff=512, n_heads=4, a_layers=3, dropout=0.2, baseline=False, num_workers=0, batch_size=32, train_epochs=20, patience=3, learning_rate=0.0001, lradj='type1', itr=5, save_pred=False, use_gpu=True, gpu=1, use_multi_gpu=False, devices='0,1,2,3')
Use GPU: cuda:1
>>>>>>>start training : Crossformer_WTH_il48_ol24_sl6,8,12_dm256_nh4_el3_itr0>>>>>>>>>>>>>>>>>>>>>>>>>>
train 20089
val 7177
test 7177
	iters: 100, epoch: 1 | loss: 0.6236992
	speed: 0.0674s/iter; left time: 839.2963s
	iters: 200, epoch: 1 | loss: 0.4903872
	speed: 0.0364s/iter; left time: 449.3916s
	iters: 300, epoch: 1 | loss: 0.3125650
	speed: 0.0391s/iter; left time: 479.1217s
	iters: 400, epoch: 1 | loss: 0.4576930
	speed: 0.0330s/iter; left time: 401.6795s
	iters: 500, epoch: 1 | loss: 0.3479132
	speed: 0.0408s/iter; left time: 492.1078s
	iters: 600, epoch: 1 | loss: 0.3755737
	speed: 0.0472s/iter; left time: 564.7198s
Epoch: 1 cost time: 27.974515199661255
Epoch: 1, Steps: 628 | Train Loss: 0.4833040 Vali Loss: 0.3728662 Test Loss: 0.4016136
Validation loss decreased (inf --> 0.372866).  Saving model ...
	iters: 100, epoch: 2 | loss: 0.4274047
	speed: 0.0379s/iter; left time: 448.3268s
	iters: 200, epoch: 2 | loss: 0.3179977
	speed: 0.0440s/iter; left time: 515.7101s
	iters: 300, epoch: 2 | loss: 0.4085844
	speed: 0.0316s/iter; left time: 367.7886s
	iters: 400, epoch: 2 | loss: 0.4225519
	speed: 0.0391s/iter; left time: 451.1586s
	iters: 500, epoch: 2 | loss: 0.3911759
	speed: 0.0399s/iter; left time: 456.0394s
	iters: 600, epoch: 2 | loss: 0.3603475
	speed: 0.0445s/iter; left time: 504.3692s
Epoch: 2 cost time: 24.904924631118774
Epoch: 2, Steps: 628 | Train Loss: 0.4188026 Vali Loss: 0.3312198 Test Loss: 0.3630916
Validation loss decreased (0.372866 --> 0.331220).  Saving model ...
Updating learning rate to 5e-05
	iters: 100, epoch: 3 | loss: 0.3045141
	speed: 0.0436s/iter; left time: 488.7138s
	iters: 200, epoch: 3 | loss: 0.4068592
	speed: 0.0423s/iter; left time: 469.4685s
	iters: 300, epoch: 3 | loss: 0.3546200
	speed: 0.0453s/iter; left time: 498.2588s
	iters: 400, epoch: 3 | loss: 0.3837470
	speed: 0.0392s/iter; left time: 427.7820s
	iters: 500, epoch: 3 | loss: 0.2986744
	speed: 0.0418s/iter; left time: 451.9301s
	iters: 600, epoch: 3 | loss: 0.4540426
	speed: 0.0438s/iter; left time: 468.8084s
Epoch: 3 cost time: 26.97541379928589
Epoch: 3, Steps: 628 | Train Loss: 0.3964605 Vali Loss: 0.3222525 Test Loss: 0.3546685
Validation loss decreased (0.331220 --> 0.322252).  Saving model ...
	iters: 100, epoch: 4 | loss: 0.3360222
	speed: 0.0432s/iter; left time: 456.6399s
	iters: 200, epoch: 4 | loss: 0.4244211
	speed: 0.0527s/iter; left time: 552.2251s
	iters: 300, epoch: 4 | loss: 0.3972099
	speed: 0.0515s/iter; left time: 533.9720s
	iters: 400, epoch: 4 | loss: 0.4753092
	speed: 0.0460s/iter; left time: 472.2805s
	iters: 500, epoch: 4 | loss: 0.3843867
	speed: 0.0481s/iter; left time: 489.2259s
	iters: 600, epoch: 4 | loss: 0.3877713
	speed: 0.0432s/iter; left time: 435.4678s
Epoch: 4 cost time: 29.625043153762817
Epoch: 4, Steps: 628 | Train Loss: 0.3918082 Vali Loss: 0.3300734 Test Loss: 0.3602539
EarlyStopping counter: 1 out of 3
Updating learning rate to 2.5e-05
	iters: 100, epoch: 5 | loss: 0.3654372
	speed: 0.0394s/iter; left time: 391.6063s
	iters: 200, epoch: 5 | loss: 0.2882785
	speed: 0.0360s/iter; left time: 354.2093s
	iters: 300, epoch: 5 | loss: 0.3321992
	speed: 0.0478s/iter; left time: 466.2340s
	iters: 400, epoch: 5 | loss: 0.3588468
	speed: 0.0475s/iter; left time: 458.0117s
	iters: 500, epoch: 5 | loss: 0.3870776
	speed: 0.0439s/iter; left time: 419.5877s
	iters: 600, epoch: 5 | loss: 0.3063848
	speed: 0.0363s/iter; left time: 342.7841s
Epoch: 5 cost time: 26.512890100479126
Epoch: 5, Steps: 628 | Train Loss: 0.3821202 Vali Loss: 0.3127150 Test Loss: 0.3462507
Validation loss decreased (0.322252 --> 0.312715).  Saving model ...
	iters: 100, epoch: 6 | loss: 0.3771071
	speed: 0.0414s/iter; left time: 386.1834s
	iters: 200, epoch: 6 | loss: 0.4760308
	speed: 0.0438s/iter; left time: 404.1309s
	iters: 300, epoch: 6 | loss: 0.3249926
	speed: 0.0458s/iter; left time: 417.4697s
	iters: 400, epoch: 6 | loss: 0.4182777
	speed: 0.0451s/iter; left time: 406.5824s
	iters: 500, epoch: 6 | loss: 0.3744839
	speed: 0.0532s/iter; left time: 474.2589s
	iters: 600, epoch: 6 | loss: 0.3748872
	speed: 0.0413s/iter; left time: 363.9566s
Epoch: 6 cost time: 28.101067304611206
Epoch: 6, Steps: 628 | Train Loss: 0.3797443 Vali Loss: 0.3086452 Test Loss: 0.3450744
Validation loss decreased (0.312715 --> 0.308645).  Saving model ...
Updating learning rate to 1.25e-05
	iters: 100, epoch: 7 | loss: 0.3906666
	speed: 0.0418s/iter; left time: 363.3540s
	iters: 200, epoch: 7 | loss: 0.4157033
	speed: 0.0485s/iter; left time: 416.5689s
	iters: 300, epoch: 7 | loss: 0.3802047
	speed: 0.0515s/iter; left time: 437.1160s
	iters: 400, epoch: 7 | loss: 0.3665903
	speed: 0.0434s/iter; left time: 364.2021s
	iters: 500, epoch: 7 | loss: 0.4536344
	speed: 0.0322s/iter; left time: 267.1294s
	iters: 600, epoch: 7 | loss: 0.3847099
	speed: 0.0434s/iter; left time: 355.7038s
Epoch: 7 cost time: 27.26517629623413
Epoch: 7, Steps: 628 | Train Loss: 0.3742013 Vali Loss: 0.3044570 Test Loss: 0.3411772
Validation loss decreased (0.308645 --> 0.304457).  Saving model ...
	iters: 100, epoch: 8 | loss: 0.3659873
	speed: 0.0436s/iter; left time: 351.9024s
	iters: 200, epoch: 8 | loss: 0.4376639
	speed: 0.0397s/iter; left time: 315.9306s
	iters: 300, epoch: 8 | loss: 0.3292027
	speed: 0.0442s/iter; left time: 347.2962s
	iters: 400, epoch: 8 | loss: 0.3525688
	speed: 0.0383s/iter; left time: 297.4482s
	iters: 500, epoch: 8 | loss: 0.3097257
	speed: 0.0533s/iter; left time: 408.5649s
	iters: 600, epoch: 8 | loss: 0.3244870
	speed: 0.0543s/iter; left time: 410.8951s
Epoch: 8 cost time: 28.69287109375
Epoch: 8, Steps: 628 | Train Loss: 0.3731922 Vali Loss: 0.3032903 Test Loss: 0.3402396
Validation loss decreased (0.304457 --> 0.303290).  Saving model ...
Updating learning rate to 6.25e-06
	iters: 100, epoch: 9 | loss: 0.3181562
	speed: 0.0499s/iter; left time: 370.9184s
	iters: 200, epoch: 9 | loss: 0.3078441
	speed: 0.0475s/iter; left time: 348.8669s
	iters: 300, epoch: 9 | loss: 0.3963078
	speed: 0.0465s/iter; left time: 336.4485s
	iters: 400, epoch: 9 | loss: 0.3676600
	speed: 0.0397s/iter; left time: 283.3716s
	iters: 500, epoch: 9 | loss: 0.4064782
	speed: 0.0421s/iter; left time: 295.9499s
	iters: 600, epoch: 9 | loss: 0.3562006
	speed: 0.0456s/iter; left time: 316.1509s
Epoch: 9 cost time: 28.444227695465088
Epoch: 9, Steps: 628 | Train Loss: 0.3702712 Vali Loss: 0.3017698 Test Loss: 0.3391416
Validation loss decreased (0.303290 --> 0.301770).  Saving model ...
	iters: 100, epoch: 10 | loss: 0.4057995
	speed: 0.0379s/iter; left time: 258.1340s
	iters: 200, epoch: 10 | loss: 0.3533021
	speed: 0.0397s/iter; left time: 266.2231s
	iters: 300, epoch: 10 | loss: 0.3610636
	speed: 0.0435s/iter; left time: 287.7574s
	iters: 400, epoch: 10 | loss: 0.4432946
	speed: 0.0456s/iter; left time: 296.8592s
	iters: 500, epoch: 10 | loss: 0.3210247
	speed: 0.0385s/iter; left time: 246.7585s
	iters: 600, epoch: 10 | loss: 0.3548153
	speed: 0.0476s/iter; left time: 300.1886s
Epoch: 10 cost time: 26.88412833213806
Epoch: 10, Steps: 628 | Train Loss: 0.3696452 Vali Loss: 0.3019647 Test Loss: 0.3386146
EarlyStopping counter: 1 out of 3
Updating learning rate to 3.125e-06
	iters: 100, epoch: 11 | loss: 0.2866810
	speed: 0.0397s/iter; left time: 245.2658s
	iters: 200, epoch: 11 | loss: 0.3648887
	speed: 0.0415s/iter; left time: 252.3588s
	iters: 300, epoch: 11 | loss: 0.4311180
	speed: 0.0500s/iter; left time: 299.1167s
	iters: 400, epoch: 11 | loss: 0.4253778
	speed: 0.0519s/iter; left time: 305.0046s
	iters: 500, epoch: 11 | loss: 0.3667305
	speed: 0.0362s/iter; left time: 209.1693s
	iters: 600, epoch: 11 | loss: 0.3605359
	speed: 0.0501s/iter; left time: 284.5141s
Epoch: 11 cost time: 28.171202898025513
Epoch: 11, Steps: 628 | Train Loss: 0.3681289 Vali Loss: 0.3018810 Test Loss: 0.3376857
EarlyStopping counter: 2 out of 3
	iters: 100, epoch: 12 | loss: 0.3796436
	speed: 0.0361s/iter; left time: 200.4949s
	iters: 200, epoch: 12 | loss: 0.3134975
	speed: 0.0467s/iter; left time: 254.4386s
	iters: 300, epoch: 12 | loss: 0.3255642
	speed: 0.0418s/iter; left time: 223.5147s
	iters: 400, epoch: 12 | loss: 0.3466648
	speed: 0.0387s/iter; left time: 203.3970s
	iters: 500, epoch: 12 | loss: 0.3527314
	speed: 0.0361s/iter; left time: 185.9106s
	iters: 600, epoch: 12 | loss: 0.5026317
	speed: 0.0444s/iter; left time: 224.2851s
Epoch: 12 cost time: 25.643413066864014
Epoch: 12, Steps: 628 | Train Loss: 0.3678218 Vali Loss: 0.3012996 Test Loss: 0.3377472
Validation loss decreased (0.301770 --> 0.301300).  Saving model ...
	iters: 100, epoch: 13 | loss: 0.4040100
	speed: 0.0386s/iter; left time: 190.1787s
	iters: 200, epoch: 13 | loss: 0.3788578
	speed: 0.0417s/iter; left time: 201.4324s
	iters: 300, epoch: 13 | loss: 0.3384306
	speed: 0.0379s/iter; left time: 179.2419s
	iters: 400, epoch: 13 | loss: 0.3947261
	speed: 0.0433s/iter; left time: 200.2397s
	iters: 500, epoch: 13 | loss: 0.4002267
	speed: 0.0449s/iter; left time: 203.1354s
	iters: 600, epoch: 13 | loss: 0.3418447
	speed: 0.0396s/iter; left time: 175.2953s
Epoch: 13 cost time: 26.08076286315918
Epoch: 13, Steps: 628 | Train Loss: 0.3674404 Vali Loss: 0.3020513 Test Loss: 0.3372431
EarlyStopping counter: 1 out of 3
	iters: 100, epoch: 14 | loss: 0.3767851
	speed: 0.0347s/iter; left time: 149.3064s
	iters: 200, epoch: 14 | loss: 0.3951479
	speed: 0.0468s/iter; left time: 196.3910s
	iters: 300, epoch: 14 | loss: 0.3171091
	speed: 0.0441s/iter; left time: 180.8348s
	iters: 400, epoch: 14 | loss: 0.3438883
	speed: 0.0409s/iter; left time: 163.4812s
	iters: 500, epoch: 14 | loss: 0.3448586
	speed: 0.0392s/iter; left time: 152.6699s
	iters: 600, epoch: 14 | loss: 0.3919641
	speed: 0.0380s/iter; left time: 144.2223s
Epoch: 14 cost time: 25.583203315734863
Epoch: 14, Steps: 628 | Train Loss: 0.3671375 Vali Loss: 0.3016504 Test Loss: 0.3374375
EarlyStopping counter: 2 out of 3
	iters: 100, epoch: 15 | loss: 0.3605498
	speed: 0.0449s/iter; left time: 164.5953s
	iters: 200, epoch: 15 | loss: 0.3641292
	speed: 0.0592s/iter; left time: 211.2273s
	iters: 300, epoch: 15 | loss: 0.4455002
	speed: 0.0512s/iter; left time: 177.5655s
	iters: 400, epoch: 15 | loss: 0.2828065
	speed: 0.0424s/iter; left time: 142.9401s
	iters: 500, epoch: 15 | loss: 0.4599749
	speed: 0.0503s/iter; left time: 164.3064s
	iters: 600, epoch: 15 | loss: 0.3566345
	speed: 0.0510s/iter; left time: 161.7546s
Epoch: 15 cost time: 31.614798069000244
Epoch: 15, Steps: 628 | Train Loss: 0.3668865 Vali Loss: 0.3020520 Test Loss: 0.3368576
EarlyStopping counter: 3 out of 3
Early stopping
>>>>>>>testing : Crossformer_WTH_il48_ol24_sl6,8,12_dm256_nh4_el3_itr0<<<<<<<<<<<<<<<<<<<<<<<<<<<<<<<<<
test 7177
mse:0.3383181095123291, mae:0.37799790501594543
Use GPU: cuda:1
>>>>>>>start training : Crossformer_WTH_il48_ol24_sl6,8,12_dm256_nh4_el3_itr1>>>>>>>>>>>>>>>>>>>>>>>>>>
train 20089
val 7177
test 7177
	iters: 100, epoch: 1 | loss: 0.5484750
	speed: 0.0488s/iter; left time: 607.5057s
	iters: 200, epoch: 1 | loss: 0.4233038
	speed: 0.0498s/iter; left time: 615.6196s
	iters: 300, epoch: 1 | loss: 0.3730368
	speed: 0.0339s/iter; left time: 415.4590s
	iters: 400, epoch: 1 | loss: 0.4002009
	speed: 0.0364s/iter; left time: 442.6901s
	iters: 500, epoch: 1 | loss: 0.4273692
	speed: 0.0447s/iter; left time: 539.6171s
	iters: 600, epoch: 1 | loss: 0.3987231
	speed: 0.0435s/iter; left time: 520.2522s
Epoch: 1 cost time: 27.10130286216736
Epoch: 1, Steps: 628 | Train Loss: 0.4884879 Vali Loss: 0.3398571 Test Loss: 0.3785368
Validation loss decreased (inf --> 0.339857).  Saving model ...
	iters: 100, epoch: 2 | loss: 0.4299056
	speed: 0.0459s/iter; left time: 543.3148s
	iters: 200, epoch: 2 | loss: 0.4212742
	speed: 0.0429s/iter; left time: 503.6307s
	iters: 300, epoch: 2 | loss: 0.4087781
	speed: 0.0347s/iter; left time: 403.2539s
	iters: 400, epoch: 2 | loss: 0.4114678
	speed: 0.0396s/iter; left time: 456.8194s
	iters: 500, epoch: 2 | loss: 0.4572893
	speed: 0.0370s/iter; left time: 422.6698s
	iters: 600, epoch: 2 | loss: 0.3472237
	speed: 0.0489s/iter; left time: 554.6681s
Epoch: 2 cost time: 25.923847198486328
Epoch: 2, Steps: 628 | Train Loss: 0.4192995 Vali Loss: 0.3410285 Test Loss: 0.3872270
EarlyStopping counter: 1 out of 3
Updating learning rate to 5e-05
	iters: 100, epoch: 3 | loss: 0.4757302
	speed: 0.0419s/iter; left time: 469.3110s
	iters: 200, epoch: 3 | loss: 0.3805625
	speed: 0.0317s/iter; left time: 352.2192s
	iters: 300, epoch: 3 | loss: 0.4252301
	speed: 0.0360s/iter; left time: 396.5556s
	iters: 400, epoch: 3 | loss: 0.5271882
	speed: 0.0470s/iter; left time: 512.9933s
	iters: 500, epoch: 3 | loss: 0.3764573
	speed: 0.0368s/iter; left time: 397.4043s
	iters: 600, epoch: 3 | loss: 0.3686291
	speed: 0.0463s/iter; left time: 496.0489s
Epoch: 3 cost time: 25.284482717514038
Epoch: 3, Steps: 628 | Train Loss: 0.3974382 Vali Loss: 0.3206015 Test Loss: 0.3566042
Validation loss decreased (0.339857 --> 0.320601).  Saving model ...
	iters: 100, epoch: 4 | loss: 0.3595861
	speed: 0.0406s/iter; left time: 429.8682s
	iters: 200, epoch: 4 | loss: 0.4777524
	speed: 0.0435s/iter; left time: 455.7044s
	iters: 300, epoch: 4 | loss: 0.3885105
	speed: 0.0403s/iter; left time: 418.3958s
	iters: 400, epoch: 4 | loss: 0.4030156
	speed: 0.0369s/iter; left time: 379.2710s
	iters: 500, epoch: 4 | loss: 0.4111128
	speed: 0.0492s/iter; left time: 500.7996s
	iters: 600, epoch: 4 | loss: 0.3560817
	speed: 0.0412s/iter; left time: 415.2432s
Epoch: 4 cost time: 26.21832299232483
Epoch: 4, Steps: 628 | Train Loss: 0.3929695 Vali Loss: 0.3173083 Test Loss: 0.3576952
Validation loss decreased (0.320601 --> 0.317308).  Saving model ...
Updating learning rate to 2.5e-05
	iters: 100, epoch: 5 | loss: 0.4536892
	speed: 0.0483s/iter; left time: 480.9545s
	iters: 200, epoch: 5 | loss: 0.3641049
	speed: 0.0335s/iter; left time: 329.5966s
	iters: 300, epoch: 5 | loss: 0.3803402
	speed: 0.0427s/iter; left time: 416.5671s
	iters: 400, epoch: 5 | loss: 0.4118297
	speed: 0.0399s/iter; left time: 385.3038s
	iters: 500, epoch: 5 | loss: 0.3073655
	speed: 0.0473s/iter; left time: 451.9013s
	iters: 600, epoch: 5 | loss: 0.3540160
	speed: 0.0499s/iter; left time: 471.1506s
Epoch: 5 cost time: 27.690982341766357
Epoch: 5, Steps: 628 | Train Loss: 0.3821172 Vali Loss: 0.3142690 Test Loss: 0.3459462
Validation loss decreased (0.317308 --> 0.314269).  Saving model ...
	iters: 100, epoch: 6 | loss: 0.3910482
	speed: 0.0504s/iter; left time: 469.8364s
	iters: 200, epoch: 6 | loss: 0.4214153
	speed: 0.0445s/iter; left time: 409.8788s
	iters: 300, epoch: 6 | loss: 0.4041831
	speed: 0.0378s/iter; left time: 344.9973s
	iters: 400, epoch: 6 | loss: 0.3580648
	speed: 0.0355s/iter; left time: 319.8728s
	iters: 500, epoch: 6 | loss: 0.3949823
	speed: 0.0450s/iter; left time: 401.4287s
	iters: 600, epoch: 6 | loss: 0.3656230
	speed: 0.0510s/iter; left time: 450.2126s
Epoch: 6 cost time: 27.610848903656006
Epoch: 6, Steps: 628 | Train Loss: 0.3794702 Vali Loss: 0.3106781 Test Loss: 0.3452931
Validation loss decreased (0.314269 --> 0.310678).  Saving model ...
Updating learning rate to 1.25e-05
	iters: 100, epoch: 7 | loss: 0.3376416
	speed: 0.0423s/iter; left time: 367.7634s
	iters: 200, epoch: 7 | loss: 0.3681415
	speed: 0.0422s/iter; left time: 362.5264s
	iters: 300, epoch: 7 | loss: 0.4665193
	speed: 0.0451s/iter; left time: 382.6283s
	iters: 400, epoch: 7 | loss: 0.4278699
	speed: 0.0420s/iter; left time: 352.8227s
	iters: 500, epoch: 7 | loss: 0.4297518
	speed: 0.0513s/iter; left time: 425.1167s
	iters: 600, epoch: 7 | loss: 0.4051272
	speed: 0.0417s/iter; left time: 341.5040s
Epoch: 7 cost time: 28.076761960983276
Epoch: 7, Steps: 628 | Train Loss: 0.3745403 Vali Loss: 0.3080819 Test Loss: 0.3427551
Validation loss decreased (0.310678 --> 0.308082).  Saving model ...
	iters: 100, epoch: 8 | loss: 0.4132952
	speed: 0.0362s/iter; left time: 291.9025s
	iters: 200, epoch: 8 | loss: 0.3613185
	speed: 0.0365s/iter; left time: 290.5508s
	iters: 300, epoch: 8 | loss: 0.3974339
	speed: 0.0389s/iter; left time: 305.8830s
	iters: 400, epoch: 8 | loss: 0.4063218
	speed: 0.0322s/iter; left time: 249.9605s
	iters: 500, epoch: 8 | loss: 0.4243042
	speed: 0.0384s/iter; left time: 294.3093s
	iters: 600, epoch: 8 | loss: 0.3385063
	speed: 0.0496s/iter; left time: 374.9535s
Epoch: 8 cost time: 24.403554439544678
Epoch: 8, Steps: 628 | Train Loss: 0.3733810 Vali Loss: 0.3070325 Test Loss: 0.3426342
Validation loss decreased (0.308082 --> 0.307033).  Saving model ...
Updating learning rate to 6.25e-06
	iters: 100, epoch: 9 | loss: 0.3742849
	speed: 0.0449s/iter; left time: 333.7564s
	iters: 200, epoch: 9 | loss: 0.3800075
	speed: 0.0454s/iter; left time: 332.7741s
	iters: 300, epoch: 9 | loss: 0.4019249
	speed: 0.0515s/iter; left time: 372.4006s
	iters: 400, epoch: 9 | loss: 0.3847657
	speed: 0.0436s/iter; left time: 311.2223s
	iters: 500, epoch: 9 | loss: 0.3818521
	speed: 0.0311s/iter; left time: 218.8180s
	iters: 600, epoch: 9 | loss: 0.3960204
	speed: 0.0303s/iter; left time: 210.5336s
Epoch: 9 cost time: 25.90470838546753
Epoch: 9, Steps: 628 | Train Loss: 0.3703269 Vali Loss: 0.3025304 Test Loss: 0.3383846
Validation loss decreased (0.307033 --> 0.302530).  Saving model ...
	iters: 100, epoch: 10 | loss: 0.3363560
	speed: 0.0472s/iter; left time: 321.5157s
	iters: 200, epoch: 10 | loss: 0.4208099
	speed: 0.0454s/iter; left time: 304.7792s
	iters: 300, epoch: 10 | loss: 0.4068005
	speed: 0.0520s/iter; left time: 343.6847s
	iters: 400, epoch: 10 | loss: 0.3940515
	speed: 0.0400s/iter; left time: 260.1131s
	iters: 500, epoch: 10 | loss: 0.2885397
	speed: 0.0496s/iter; left time: 318.1701s
	iters: 600, epoch: 10 | loss: 0.3276764
	speed: 0.0416s/iter; left time: 262.3860s
Epoch: 10 cost time: 28.998398065567017
Epoch: 10, Steps: 628 | Train Loss: 0.3697358 Vali Loss: 0.3035856 Test Loss: 0.3383517
EarlyStopping counter: 1 out of 3
Updating learning rate to 3.125e-06
	iters: 100, epoch: 11 | loss: 0.3327543
	speed: 0.0434s/iter; left time: 268.4498s
	iters: 200, epoch: 11 | loss: 0.3389743
	speed: 0.0521s/iter; left time: 316.7113s
	iters: 300, epoch: 11 | loss: 0.3517578
	speed: 0.0376s/iter; left time: 224.9552s
	iters: 400, epoch: 11 | loss: 0.3876969
	speed: 0.0421s/iter; left time: 247.6205s
	iters: 500, epoch: 11 | loss: 0.4114291
	speed: 0.0483s/iter; left time: 278.9440s
	iters: 600, epoch: 11 | loss: 0.3382370
	speed: 0.0456s/iter; left time: 259.0144s
Epoch: 11 cost time: 29.412203311920166
Epoch: 11, Steps: 628 | Train Loss: 0.3682566 Vali Loss: 0.3035123 Test Loss: 0.3380841
EarlyStopping counter: 2 out of 3
	iters: 100, epoch: 12 | loss: 0.3270275
	speed: 0.0485s/iter; left time: 269.5510s
	iters: 200, epoch: 12 | loss: 0.3545637
	speed: 0.0536s/iter; left time: 292.1179s
	iters: 300, epoch: 12 | loss: 0.3002612
	speed: 0.0570s/iter; left time: 305.0851s
	iters: 400, epoch: 12 | loss: 0.3486328
	speed: 0.0381s/iter; left time: 200.0297s
	iters: 500, epoch: 12 | loss: 0.4025602
	speed: 0.0414s/iter; left time: 213.4407s
	iters: 600, epoch: 12 | loss: 0.4104529
	speed: 0.0371s/iter; left time: 187.6924s
Epoch: 12 cost time: 28.635430812835693
Epoch: 12, Steps: 628 | Train Loss: 0.3679800 Vali Loss: 0.3035698 Test Loss: 0.3377741
EarlyStopping counter: 3 out of 3
Early stopping
>>>>>>>testing : Crossformer_WTH_il48_ol24_sl6,8,12_dm256_nh4_el3_itr1<<<<<<<<<<<<<<<<<<<<<<<<<<<<<<<<<
test 7177
mse:0.3388921618461609, mae:0.37734881043434143
Use GPU: cuda:1
>>>>>>>start training : Crossformer_WTH_il48_ol24_sl6,8,12_dm256_nh4_el3_itr2>>>>>>>>>>>>>>>>>>>>>>>>>>
train 20089
val 7177
test 7177
	iters: 100, epoch: 1 | loss: 0.5381514
	speed: 0.0423s/iter; left time: 527.5411s
	iters: 200, epoch: 1 | loss: 0.4208325
	speed: 0.0414s/iter; left time: 511.4578s
	iters: 300, epoch: 1 | loss: 0.5009176
	speed: 0.0464s/iter; left time: 569.1123s
	iters: 400, epoch: 1 | loss: 0.5094395
	speed: 0.0520s/iter; left time: 631.7686s
	iters: 500, epoch: 1 | loss: 0.4650739
	speed: 0.0415s/iter; left time: 500.7859s
	iters: 600, epoch: 1 | loss: 0.5022759
	speed: 0.0412s/iter; left time: 492.6880s
Epoch: 1 cost time: 27.54456114768982
Epoch: 1, Steps: 628 | Train Loss: 0.4872804 Vali Loss: 0.3322350 Test Loss: 0.3701132
Validation loss decreased (inf --> 0.332235).  Saving model ...
	iters: 100, epoch: 2 | loss: 0.4346345
	speed: 0.0509s/iter; left time: 602.6496s
	iters: 200, epoch: 2 | loss: 0.3941198
	speed: 0.0443s/iter; left time: 520.2225s
	iters: 300, epoch: 2 | loss: 0.4023235
	speed: 0.0432s/iter; left time: 502.6164s
	iters: 400, epoch: 2 | loss: 0.4149062
	speed: 0.0452s/iter; left time: 521.6209s
	iters: 500, epoch: 2 | loss: 0.3102366
	speed: 0.0417s/iter; left time: 476.2684s
	iters: 600, epoch: 2 | loss: 0.4909227
	speed: 0.0406s/iter; left time: 460.5962s
Epoch: 2 cost time: 27.80329728126526
Epoch: 2, Steps: 628 | Train Loss: 0.4200844 Vali Loss: 0.3245436 Test Loss: 0.3593212
Validation loss decreased (0.332235 --> 0.324544).  Saving model ...
Updating learning rate to 5e-05
	iters: 100, epoch: 3 | loss: 0.4547566
	speed: 0.0435s/iter; left time: 486.9115s
	iters: 200, epoch: 3 | loss: 0.4361754
	speed: 0.0468s/iter; left time: 519.2797s
	iters: 300, epoch: 3 | loss: 0.4047059
	speed: 0.0425s/iter; left time: 467.5893s
	iters: 400, epoch: 3 | loss: 0.3693619
	speed: 0.0464s/iter; left time: 505.6756s
	iters: 500, epoch: 3 | loss: 0.3801709
	speed: 0.0552s/iter; left time: 596.1518s
	iters: 600, epoch: 3 | loss: 0.3321515
	speed: 0.0567s/iter; left time: 606.5418s
Epoch: 3 cost time: 30.40536642074585
Epoch: 3, Steps: 628 | Train Loss: 0.3973293 Vali Loss: 0.3208881 Test Loss: 0.3539035
Validation loss decreased (0.324544 --> 0.320888).  Saving model ...
	iters: 100, epoch: 4 | loss: 0.4597121
	speed: 0.0475s/iter; left time: 502.1591s
	iters: 200, epoch: 4 | loss: 0.4004642
	speed: 0.0440s/iter; left time: 461.4674s
	iters: 300, epoch: 4 | loss: 0.4018445
	speed: 0.0460s/iter; left time: 476.9784s
	iters: 400, epoch: 4 | loss: 0.3961849
	speed: 0.0460s/iter; left time: 472.6504s
	iters: 500, epoch: 4 | loss: 0.3559594
	speed: 0.0478s/iter; left time: 486.6904s
	iters: 600, epoch: 4 | loss: 0.4281271
	speed: 0.0381s/iter; left time: 383.4748s
Epoch: 4 cost time: 28.240482330322266
Epoch: 4, Steps: 628 | Train Loss: 0.3920411 Vali Loss: 0.3165180 Test Loss: 0.3508651
Validation loss decreased (0.320888 --> 0.316518).  Saving model ...
Updating learning rate to 2.5e-05
	iters: 100, epoch: 5 | loss: 0.4085060
	speed: 0.0509s/iter; left time: 505.9372s
	iters: 200, epoch: 5 | loss: 0.4147273
	speed: 0.0439s/iter; left time: 432.1965s
	iters: 300, epoch: 5 | loss: 0.4413820
	speed: 0.0447s/iter; left time: 436.1015s
	iters: 400, epoch: 5 | loss: 0.3186162
	speed: 0.0484s/iter; left time: 466.7126s
	iters: 500, epoch: 5 | loss: 0.4132929
	speed: 0.0570s/iter; left time: 544.7066s
	iters: 600, epoch: 5 | loss: 0.3722447
	speed: 0.0481s/iter; left time: 454.0798s
Epoch: 5 cost time: 30.43920350074768
Epoch: 5, Steps: 628 | Train Loss: 0.3829580 Vali Loss: 0.3104939 Test Loss: 0.3453412
Validation loss decreased (0.316518 --> 0.310494).  Saving model ...
	iters: 100, epoch: 6 | loss: 0.3603396
	speed: 0.0518s/iter; left time: 482.6713s
	iters: 200, epoch: 6 | loss: 0.4026582
	speed: 0.0511s/iter; left time: 471.3946s
	iters: 300, epoch: 6 | loss: 0.3633882
	speed: 0.0568s/iter; left time: 517.9748s
	iters: 400, epoch: 6 | loss: 0.4078430
	speed: 0.0534s/iter; left time: 481.3423s
	iters: 500, epoch: 6 | loss: 0.4173016
	speed: 0.0273s/iter; left time: 243.5015s
	iters: 600, epoch: 6 | loss: 0.3573705
	speed: 0.0419s/iter; left time: 369.1784s
Epoch: 6 cost time: 29.968017578125
Epoch: 6, Steps: 628 | Train Loss: 0.3803850 Vali Loss: 0.3085616 Test Loss: 0.3461152
Validation loss decreased (0.310494 --> 0.308562).  Saving model ...
Updating learning rate to 1.25e-05
	iters: 100, epoch: 7 | loss: 0.4325028
	speed: 0.0426s/iter; left time: 370.3284s
	iters: 200, epoch: 7 | loss: 0.4266963
	speed: 0.0504s/iter; left time: 433.0269s
	iters: 300, epoch: 7 | loss: 0.3661014
	speed: 0.0403s/iter; left time: 342.6049s
	iters: 400, epoch: 7 | loss: 0.4142905
	speed: 0.0444s/iter; left time: 372.9059s
	iters: 500, epoch: 7 | loss: 0.4379984
	speed: 0.0456s/iter; left time: 377.8159s
	iters: 600, epoch: 7 | loss: 0.4134803
	speed: 0.0491s/iter; left time: 402.0995s
Epoch: 7 cost time: 28.240757703781128
Epoch: 7, Steps: 628 | Train Loss: 0.3753059 Vali Loss: 0.3058199 Test Loss: 0.3406451
Validation loss decreased (0.308562 --> 0.305820).  Saving model ...
	iters: 100, epoch: 8 | loss: 0.4113305
	speed: 0.0441s/iter; left time: 355.7825s
	iters: 200, epoch: 8 | loss: 0.3950339
	speed: 0.0503s/iter; left time: 400.9743s
	iters: 300, epoch: 8 | loss: 0.4150352
	speed: 0.0431s/iter; left time: 339.3742s
	iters: 400, epoch: 8 | loss: 0.3327170
	speed: 0.0472s/iter; left time: 366.3692s
	iters: 500, epoch: 8 | loss: 0.3096415
	speed: 0.0494s/iter; left time: 378.3573s
	iters: 600, epoch: 8 | loss: 0.3532197
	speed: 0.0508s/iter; left time: 384.1771s
Epoch: 8 cost time: 29.65642762184143
Epoch: 8, Steps: 628 | Train Loss: 0.3740129 Vali Loss: 0.3059106 Test Loss: 0.3402388
EarlyStopping counter: 1 out of 3
Updating learning rate to 6.25e-06
	iters: 100, epoch: 9 | loss: 0.3450326
	speed: 0.0430s/iter; left time: 319.4906s
	iters: 200, epoch: 9 | loss: 0.3722509
	speed: 0.0408s/iter; left time: 299.0825s
	iters: 300, epoch: 9 | loss: 0.4008955
	speed: 0.0493s/iter; left time: 356.9912s
	iters: 400, epoch: 9 | loss: 0.3922925
	speed: 0.0513s/iter; left time: 366.1232s
	iters: 500, epoch: 9 | loss: 0.4630907
	speed: 0.0536s/iter; left time: 377.0838s
	iters: 600, epoch: 9 | loss: 0.3413668
	speed: 0.0485s/iter; left time: 336.6676s
Epoch: 9 cost time: 29.822110414505005
Epoch: 9, Steps: 628 | Train Loss: 0.3713316 Vali Loss: 0.3046747 Test Loss: 0.3391998
Validation loss decreased (0.305820 --> 0.304675).  Saving model ...
	iters: 100, epoch: 10 | loss: 0.3475898
	speed: 0.0419s/iter; left time: 285.1257s
	iters: 200, epoch: 10 | loss: 0.3137780
	speed: 0.0360s/iter; left time: 241.3090s
	iters: 300, epoch: 10 | loss: 0.2887139
	speed: 0.0501s/iter; left time: 331.3069s
	iters: 400, epoch: 10 | loss: 0.4109377
	speed: 0.0419s/iter; left time: 273.0302s
	iters: 500, epoch: 10 | loss: 0.3824446
	speed: 0.0407s/iter; left time: 261.0315s
	iters: 600, epoch: 10 | loss: 0.4045127
	speed: 0.0449s/iter; left time: 283.5528s
Epoch: 10 cost time: 27.020806789398193
Epoch: 10, Steps: 628 | Train Loss: 0.3705658 Vali Loss: 0.3036508 Test Loss: 0.3375116
Validation loss decreased (0.304675 --> 0.303651).  Saving model ...
Updating learning rate to 3.125e-06
	iters: 100, epoch: 11 | loss: 0.3176719
	speed: 0.0451s/iter; left time: 278.6763s
	iters: 200, epoch: 11 | loss: 0.4001751
	speed: 0.0547s/iter; left time: 332.8752s
	iters: 300, epoch: 11 | loss: 0.4233648
	speed: 0.0479s/iter; left time: 286.7158s
	iters: 400, epoch: 11 | loss: 0.3631279
	speed: 0.0516s/iter; left time: 303.6669s
	iters: 500, epoch: 11 | loss: 0.2782617
	speed: 0.0409s/iter; left time: 236.3963s
	iters: 600, epoch: 11 | loss: 0.3751611
	speed: 0.0466s/iter; left time: 264.6619s
Epoch: 11 cost time: 30.01690697669983
Epoch: 11, Steps: 628 | Train Loss: 0.3692611 Vali Loss: 0.3052166 Test Loss: 0.3387064
EarlyStopping counter: 1 out of 3
	iters: 100, epoch: 12 | loss: 0.3330028
	speed: 0.0398s/iter; left time: 220.8304s
	iters: 200, epoch: 12 | loss: 0.4117329
	speed: 0.0508s/iter; left time: 276.7699s
	iters: 300, epoch: 12 | loss: 0.3438396
	speed: 0.0371s/iter; left time: 198.5437s
	iters: 400, epoch: 12 | loss: 0.4246483
	speed: 0.0485s/iter; left time: 254.6343s
	iters: 500, epoch: 12 | loss: 0.3452627
	speed: 0.0490s/iter; left time: 252.7046s
	iters: 600, epoch: 12 | loss: 0.3884451
	speed: 0.0507s/iter; left time: 256.2644s
Epoch: 12 cost time: 28.860769510269165
Epoch: 12, Steps: 628 | Train Loss: 0.3687944 Vali Loss: 0.3026280 Test Loss: 0.3376344
Validation loss decreased (0.303651 --> 0.302628).  Saving model ...
	iters: 100, epoch: 13 | loss: 0.3539185
	speed: 0.0542s/iter; left time: 266.8841s
	iters: 200, epoch: 13 | loss: 0.3062644
	speed: 0.0447s/iter; left time: 215.7964s
	iters: 300, epoch: 13 | loss: 0.3898959
	speed: 0.0461s/iter; left time: 217.8233s
	iters: 400, epoch: 13 | loss: 0.3597999
	speed: 0.0445s/iter; left time: 205.6038s
	iters: 500, epoch: 13 | loss: 0.3564704
	speed: 0.0511s/iter; left time: 231.2466s
	iters: 600, epoch: 13 | loss: 0.3278004
	speed: 0.0448s/iter; left time: 198.3516s
Epoch: 13 cost time: 29.583568572998047
Epoch: 13, Steps: 628 | Train Loss: 0.3687206 Vali Loss: 0.3042779 Test Loss: 0.3381063
EarlyStopping counter: 1 out of 3
	iters: 100, epoch: 14 | loss: 0.2756331
	speed: 0.0469s/iter; left time: 201.4562s
	iters: 200, epoch: 14 | loss: 0.4056372
	speed: 0.0472s/iter; left time: 198.2884s
	iters: 300, epoch: 14 | loss: 0.4079351
	speed: 0.0497s/iter; left time: 203.7325s
	iters: 400, epoch: 14 | loss: 0.3791473
	speed: 0.0503s/iter; left time: 201.0906s
	iters: 500, epoch: 14 | loss: 0.3410080
	speed: 0.0559s/iter; left time: 217.8172s
	iters: 600, epoch: 14 | loss: 0.2990682
	speed: 0.0486s/iter; left time: 184.6757s
Epoch: 14 cost time: 31.45435357093811
Epoch: 14, Steps: 628 | Train Loss: 0.3679890 Vali Loss: 0.3031887 Test Loss: 0.3373918
EarlyStopping counter: 2 out of 3
	iters: 100, epoch: 15 | loss: 0.3828942
	speed: 0.0461s/iter; left time: 169.1869s
	iters: 200, epoch: 15 | loss: 0.4345701
	speed: 0.0364s/iter; left time: 129.7774s
	iters: 300, epoch: 15 | loss: 0.3619727
	speed: 0.0409s/iter; left time: 141.7751s
	iters: 400, epoch: 15 | loss: 0.3635084
	speed: 0.0463s/iter; left time: 156.0464s
	iters: 500, epoch: 15 | loss: 0.3906602
	speed: 0.0367s/iter; left time: 120.0760s
	iters: 600, epoch: 15 | loss: 0.3364997
	speed: 0.0410s/iter; left time: 130.0355s
Epoch: 15 cost time: 26.272127866744995
Epoch: 15, Steps: 628 | Train Loss: 0.3678842 Vali Loss: 0.3024804 Test Loss: 0.3373379
Validation loss decreased (0.302628 --> 0.302480).  Saving model ...
	iters: 100, epoch: 16 | loss: 0.3190783
	speed: 0.0427s/iter; left time: 129.7147s
	iters: 200, epoch: 16 | loss: 0.3791575
	speed: 0.0502s/iter; left time: 147.6215s
	iters: 300, epoch: 16 | loss: 0.3027776
	speed: 0.0381s/iter; left time: 108.3749s
	iters: 400, epoch: 16 | loss: 0.3525475
	speed: 0.0487s/iter; left time: 133.5461s
	iters: 500, epoch: 16 | loss: 0.3857591
	speed: 0.0527s/iter; left time: 139.1159s
	iters: 600, epoch: 16 | loss: 0.3711329
	speed: 0.0498s/iter; left time: 126.6383s
Epoch: 16 cost time: 29.7617928981781
Epoch: 16, Steps: 628 | Train Loss: 0.3674431 Vali Loss: 0.3032440 Test Loss: 0.3369973
EarlyStopping counter: 1 out of 3
	iters: 100, epoch: 17 | loss: 0.3966876
	speed: 0.0427s/iter; left time: 102.9371s
	iters: 200, epoch: 17 | loss: 0.3523792
	speed: 0.0605s/iter; left time: 139.8956s
	iters: 300, epoch: 17 | loss: 0.3292485
	speed: 0.0458s/iter; left time: 101.4463s
	iters: 400, epoch: 17 | loss: 0.4385162
	speed: 0.0458s/iter; left time: 96.8805s
	iters: 500, epoch: 17 | loss: 0.3920768
	speed: 0.0513s/iter; left time: 103.3483s
	iters: 600, epoch: 17 | loss: 0.3558492
	speed: 0.0486s/iter; left time: 92.9316s
Epoch: 17 cost time: 30.81159520149231
Epoch: 17, Steps: 628 | Train Loss: 0.3673609 Vali Loss: 0.3017961 Test Loss: 0.3363713
Validation loss decreased (0.302480 --> 0.301796).  Saving model ...
	iters: 100, epoch: 18 | loss: 0.3884020
	speed: 0.0355s/iter; left time: 63.3173s
	iters: 200, epoch: 18 | loss: 0.3190112
	speed: 0.0470s/iter; left time: 79.1734s
	iters: 300, epoch: 18 | loss: 0.3534606
	speed: 0.0494s/iter; left time: 78.2997s
	iters: 400, epoch: 18 | loss: 0.4239289
	speed: 0.0506s/iter; left time: 75.1434s
	iters: 500, epoch: 18 | loss: 0.3270853
	speed: 0.0457s/iter; left time: 63.2780s
	iters: 600, epoch: 18 | loss: 0.3393880
	speed: 0.0485s/iter; left time: 62.3811s
Epoch: 18 cost time: 28.82321286201477
Epoch: 18, Steps: 628 | Train Loss: 0.3670706 Vali Loss: 0.3024276 Test Loss: 0.3370237
EarlyStopping counter: 1 out of 3
	iters: 100, epoch: 19 | loss: 0.3601751
	speed: 0.0603s/iter; left time: 69.7710s
	iters: 200, epoch: 19 | loss: 0.3705948
	speed: 0.0507s/iter; left time: 53.5493s
	iters: 300, epoch: 19 | loss: 0.3801574
	speed: 0.0485s/iter; left time: 46.4346s
	iters: 400, epoch: 19 | loss: 0.3219162
	speed: 0.0461s/iter; left time: 39.4663s
	iters: 500, epoch: 19 | loss: 0.4073628
	speed: 0.0431s/iter; left time: 32.6490s
	iters: 600, epoch: 19 | loss: 0.3491909
	speed: 0.0459s/iter; left time: 30.1513s
Epoch: 19 cost time: 30.872915744781494
Epoch: 19, Steps: 628 | Train Loss: 0.3669750 Vali Loss: 0.3024899 Test Loss: 0.3366536
EarlyStopping counter: 2 out of 3
	iters: 100, epoch: 20 | loss: 0.3862919
	speed: 0.0443s/iter; left time: 23.4199s
	iters: 200, epoch: 20 | loss: 0.4665630
	speed: 0.0487s/iter; left time: 20.9005s
	iters: 300, epoch: 20 | loss: 0.4169639
	speed: 0.0491s/iter; left time: 16.1681s
	iters: 400, epoch: 20 | loss: 0.4367074
	speed: 0.0627s/iter; left time: 14.3484s
	iters: 500, epoch: 20 | loss: 0.3669433
	speed: 0.0320s/iter; left time: 4.1319s
	iters: 600, epoch: 20 | loss: 0.3271349
	speed: 0.0344s/iter; left time: 0.9975s
Epoch: 20 cost time: 28.12192940711975
Epoch: 20, Steps: 628 | Train Loss: 0.3664248 Vali Loss: 0.3034617 Test Loss: 0.3371299
EarlyStopping counter: 3 out of 3
Early stopping
>>>>>>>testing : Crossformer_WTH_il48_ol24_sl6,8,12_dm256_nh4_el3_itr2<<<<<<<<<<<<<<<<<<<<<<<<<<<<<<<<<
test 7177
mse:0.33693408966064453, mae:0.37620681524276733
Use GPU: cuda:1
>>>>>>>start training : Crossformer_WTH_il48_ol24_sl6,8,12_dm256_nh4_el3_itr3>>>>>>>>>>>>>>>>>>>>>>>>>>
train 20089
val 7177
test 7177
	iters: 100, epoch: 1 | loss: 0.5203542
	speed: 0.0476s/iter; left time: 593.0995s
	iters: 200, epoch: 1 | loss: 0.5420805
	speed: 0.0542s/iter; left time: 669.5273s
	iters: 300, epoch: 1 | loss: 0.4092328
	speed: 0.0472s/iter; left time: 578.9188s
	iters: 400, epoch: 1 | loss: 0.4827514
	speed: 0.0475s/iter; left time: 577.8916s
	iters: 500, epoch: 1 | loss: 0.4757871
	speed: 0.0618s/iter; left time: 745.0080s
	iters: 600, epoch: 1 | loss: 0.4533974
	speed: 0.0447s/iter; left time: 534.9071s
Epoch: 1 cost time: 31.68542170524597
Epoch: 1, Steps: 628 | Train Loss: 0.4899700 Vali Loss: 0.3483362 Test Loss: 0.3822981
Validation loss decreased (inf --> 0.348336).  Saving model ...
	iters: 100, epoch: 2 | loss: 0.4418727
	speed: 0.0490s/iter; left time: 579.8075s
	iters: 200, epoch: 2 | loss: 0.5182598
	speed: 0.0528s/iter; left time: 619.1591s
	iters: 300, epoch: 2 | loss: 0.3906504
	speed: 0.0398s/iter; left time: 463.3254s
	iters: 400, epoch: 2 | loss: 0.3919153
	speed: 0.0452s/iter; left time: 521.7945s
	iters: 500, epoch: 2 | loss: 0.4650107
	speed: 0.0407s/iter; left time: 465.0014s
	iters: 600, epoch: 2 | loss: 0.4469122
	speed: 0.0412s/iter; left time: 467.3779s
Epoch: 2 cost time: 28.451924800872803
Epoch: 2, Steps: 628 | Train Loss: 0.4187897 Vali Loss: 0.3259807 Test Loss: 0.3660361
Validation loss decreased (0.348336 --> 0.325981).  Saving model ...
Updating learning rate to 5e-05
	iters: 100, epoch: 3 | loss: 0.4408044
	speed: 0.0555s/iter; left time: 621.4513s
	iters: 200, epoch: 3 | loss: 0.4192267
	speed: 0.0515s/iter; left time: 571.4584s
	iters: 300, epoch: 3 | loss: 0.4026870
	speed: 0.0556s/iter; left time: 611.5683s
	iters: 400, epoch: 3 | loss: 0.4362403
	speed: 0.0428s/iter; left time: 466.8218s
	iters: 500, epoch: 3 | loss: 0.4430218
	speed: 0.0525s/iter; left time: 566.8068s
	iters: 600, epoch: 3 | loss: 0.3434999
	speed: 0.0460s/iter; left time: 492.6984s
Epoch: 3 cost time: 31.83249306678772
Epoch: 3, Steps: 628 | Train Loss: 0.3967830 Vali Loss: 0.3128174 Test Loss: 0.3506108
Validation loss decreased (0.325981 --> 0.312817).  Saving model ...
	iters: 100, epoch: 4 | loss: 0.3923392
	speed: 0.0502s/iter; left time: 531.2939s
	iters: 200, epoch: 4 | loss: 0.3415442
	speed: 0.0435s/iter; left time: 456.1760s
	iters: 300, epoch: 4 | loss: 0.3711502
	speed: 0.0433s/iter; left time: 449.7702s
	iters: 400, epoch: 4 | loss: 0.4114483
	speed: 0.0521s/iter; left time: 535.3148s
	iters: 500, epoch: 4 | loss: 0.3862076
	speed: 0.0437s/iter; left time: 444.9145s
	iters: 600, epoch: 4 | loss: 0.3907024
	speed: 0.0437s/iter; left time: 439.9668s
Epoch: 4 cost time: 28.6937313079834
Epoch: 4, Steps: 628 | Train Loss: 0.3922110 Vali Loss: 0.3183446 Test Loss: 0.3505933
EarlyStopping counter: 1 out of 3
Updating learning rate to 2.5e-05
	iters: 100, epoch: 5 | loss: 0.3757463
	speed: 0.0404s/iter; left time: 401.6064s
	iters: 200, epoch: 5 | loss: 0.3669755
	speed: 0.0542s/iter; left time: 534.0335s
	iters: 300, epoch: 5 | loss: 0.3984120
	speed: 0.0510s/iter; left time: 496.7143s
	iters: 400, epoch: 5 | loss: 0.3808574
	speed: 0.0490s/iter; left time: 472.6308s
	iters: 500, epoch: 5 | loss: 0.3934053
	speed: 0.0407s/iter; left time: 389.0776s
	iters: 600, epoch: 5 | loss: 0.3258759
	speed: 0.0375s/iter; left time: 354.4040s
Epoch: 5 cost time: 28.634032011032104
Epoch: 5, Steps: 628 | Train Loss: 0.3822053 Vali Loss: 0.3071827 Test Loss: 0.3451460
Validation loss decreased (0.312817 --> 0.307183).  Saving model ...
	iters: 100, epoch: 6 | loss: 0.3602365
	speed: 0.0501s/iter; left time: 467.0812s
	iters: 200, epoch: 6 | loss: 0.3371946
	speed: 0.0390s/iter; left time: 360.0345s
	iters: 300, epoch: 6 | loss: 0.3471986
	speed: 0.0491s/iter; left time: 447.5593s
	iters: 400, epoch: 6 | loss: 0.3515631
	speed: 0.0531s/iter; left time: 478.9180s
	iters: 500, epoch: 6 | loss: 0.3283440
	speed: 0.0592s/iter; left time: 527.9154s
	iters: 600, epoch: 6 | loss: 0.3862805
	speed: 0.0424s/iter; left time: 373.8708s
Epoch: 6 cost time: 30.515211820602417
Epoch: 6, Steps: 628 | Train Loss: 0.3799261 Vali Loss: 0.3096117 Test Loss: 0.3495758
EarlyStopping counter: 1 out of 3
Updating learning rate to 1.25e-05
	iters: 100, epoch: 7 | loss: 0.2948151
	speed: 0.0407s/iter; left time: 353.5705s
	iters: 200, epoch: 7 | loss: 0.3014622
	speed: 0.0548s/iter; left time: 471.2197s
	iters: 300, epoch: 7 | loss: 0.3593217
	speed: 0.0414s/iter; left time: 351.4022s
	iters: 400, epoch: 7 | loss: 0.3656977
	speed: 0.0571s/iter; left time: 479.3536s
	iters: 500, epoch: 7 | loss: 0.3629477
	speed: 0.0445s/iter; left time: 369.2539s
	iters: 600, epoch: 7 | loss: 0.2991410
	speed: 0.0450s/iter; left time: 368.6898s
Epoch: 7 cost time: 29.810715436935425
Epoch: 7, Steps: 628 | Train Loss: 0.3746245 Vali Loss: 0.3048285 Test Loss: 0.3409629
Validation loss decreased (0.307183 --> 0.304828).  Saving model ...
	iters: 100, epoch: 8 | loss: 0.3715834
	speed: 0.0488s/iter; left time: 393.2989s
	iters: 200, epoch: 8 | loss: 0.3569754
	speed: 0.0612s/iter; left time: 487.6792s
	iters: 300, epoch: 8 | loss: 0.3678287
	speed: 0.0526s/iter; left time: 413.5462s
	iters: 400, epoch: 8 | loss: 0.3751753
	speed: 0.0538s/iter; left time: 417.5954s
	iters: 500, epoch: 8 | loss: 0.3421312
	speed: 0.0439s/iter; left time: 336.6652s
	iters: 600, epoch: 8 | loss: 0.3791871
	speed: 0.0467s/iter; left time: 353.1692s
Epoch: 8 cost time: 32.3336341381073
Epoch: 8, Steps: 628 | Train Loss: 0.3735459 Vali Loss: 0.3050313 Test Loss: 0.3399833
EarlyStopping counter: 1 out of 3
Updating learning rate to 6.25e-06
	iters: 100, epoch: 9 | loss: 0.3487202
	speed: 0.0428s/iter; left time: 318.1042s
	iters: 200, epoch: 9 | loss: 0.4023162
	speed: 0.0493s/iter; left time: 361.9882s
	iters: 300, epoch: 9 | loss: 0.3937708
	speed: 0.0466s/iter; left time: 337.3373s
	iters: 400, epoch: 9 | loss: 0.4355443
	speed: 0.0451s/iter; left time: 322.0206s
	iters: 500, epoch: 9 | loss: 0.4027675
	speed: 0.0553s/iter; left time: 389.0534s
	iters: 600, epoch: 9 | loss: 0.3783437
	speed: 0.0441s/iter; left time: 305.6246s
Epoch: 9 cost time: 29.597820043563843
Epoch: 9, Steps: 628 | Train Loss: 0.3704778 Vali Loss: 0.3042185 Test Loss: 0.3384993
Validation loss decreased (0.304828 --> 0.304218).  Saving model ...
	iters: 100, epoch: 10 | loss: 0.4143688
	speed: 0.0550s/iter; left time: 374.3357s
	iters: 200, epoch: 10 | loss: 0.4401479
	speed: 0.0450s/iter; left time: 302.0333s
	iters: 300, epoch: 10 | loss: 0.3166019
	speed: 0.0461s/iter; left time: 304.9099s
	iters: 400, epoch: 10 | loss: 0.3522890
	speed: 0.0517s/iter; left time: 336.6529s
	iters: 500, epoch: 10 | loss: 0.3314251
	speed: 0.0466s/iter; left time: 298.3968s
	iters: 600, epoch: 10 | loss: 0.4492083
	speed: 0.0420s/iter; left time: 265.1789s
Epoch: 10 cost time: 30.035648345947266
Epoch: 10, Steps: 628 | Train Loss: 0.3700773 Vali Loss: 0.3021644 Test Loss: 0.3387719
Validation loss decreased (0.304218 --> 0.302164).  Saving model ...
Updating learning rate to 3.125e-06
	iters: 100, epoch: 11 | loss: 0.4542702
	speed: 0.0515s/iter; left time: 318.3364s
	iters: 200, epoch: 11 | loss: 0.4475887
	speed: 0.0486s/iter; left time: 295.5245s
	iters: 300, epoch: 11 | loss: 0.3861327
	speed: 0.0502s/iter; left time: 300.4275s
	iters: 400, epoch: 11 | loss: 0.3369235
	speed: 0.0533s/iter; left time: 313.6379s
	iters: 500, epoch: 11 | loss: 0.3865871
	speed: 0.0527s/iter; left time: 304.6997s
	iters: 600, epoch: 11 | loss: 0.3500129
	speed: 0.0549s/iter; left time: 311.8988s
Epoch: 11 cost time: 32.45327949523926
Epoch: 11, Steps: 628 | Train Loss: 0.3683156 Vali Loss: 0.3021575 Test Loss: 0.3384836
Validation loss decreased (0.302164 --> 0.302157).  Saving model ...
	iters: 100, epoch: 12 | loss: 0.3432984
	speed: 0.0461s/iter; left time: 255.7918s
	iters: 200, epoch: 12 | loss: 0.3464094
	speed: 0.0463s/iter; left time: 252.4066s
	iters: 300, epoch: 12 | loss: 0.3178694
	speed: 0.0472s/iter; left time: 252.8883s
	iters: 400, epoch: 12 | loss: 0.3521461
	speed: 0.0407s/iter; left time: 213.9061s
	iters: 500, epoch: 12 | loss: 0.3515815
	speed: 0.0401s/iter; left time: 206.8429s
	iters: 600, epoch: 12 | loss: 0.3048248
	speed: 0.0448s/iter; left time: 226.5368s
Epoch: 12 cost time: 27.46420383453369
Epoch: 12, Steps: 628 | Train Loss: 0.3681300 Vali Loss: 0.3014660 Test Loss: 0.3376290
Validation loss decreased (0.302157 --> 0.301466).  Saving model ...
	iters: 100, epoch: 13 | loss: 0.4338478
	speed: 0.0439s/iter; left time: 216.0241s
	iters: 200, epoch: 13 | loss: 0.4108948
	speed: 0.0378s/iter; left time: 182.5043s
	iters: 300, epoch: 13 | loss: 0.4729783
	speed: 0.0512s/iter; left time: 241.7179s
	iters: 400, epoch: 13 | loss: 0.3866324
	speed: 0.0518s/iter; left time: 239.4927s
	iters: 500, epoch: 13 | loss: 0.3289585
	speed: 0.0569s/iter; left time: 257.5984s
	iters: 600, epoch: 13 | loss: 0.3603439
	speed: 0.0464s/iter; left time: 205.3629s
Epoch: 13 cost time: 30.16743779182434
Epoch: 13, Steps: 628 | Train Loss: 0.3676638 Vali Loss: 0.3012452 Test Loss: 0.3374943
Validation loss decreased (0.301466 --> 0.301245).  Saving model ...
	iters: 100, epoch: 14 | loss: 0.3201895
	speed: 0.0498s/iter; left time: 214.0677s
	iters: 200, epoch: 14 | loss: 0.3256548
	speed: 0.0509s/iter; left time: 213.7820s
	iters: 300, epoch: 14 | loss: 0.3063329
	speed: 0.0517s/iter; left time: 211.9071s
	iters: 400, epoch: 14 | loss: 0.3858057
	speed: 0.0498s/iter; left time: 198.9259s
	iters: 500, epoch: 14 | loss: 0.4050627
	speed: 0.0396s/iter; left time: 154.2847s
	iters: 600, epoch: 14 | loss: 0.4544020
	speed: 0.0467s/iter; left time: 177.4513s
Epoch: 14 cost time: 30.1085364818573
Epoch: 14, Steps: 628 | Train Loss: 0.3673244 Vali Loss: 0.3013233 Test Loss: 0.3374708
EarlyStopping counter: 1 out of 3
	iters: 100, epoch: 15 | loss: 0.4066860
	speed: 0.0619s/iter; left time: 226.9877s
	iters: 200, epoch: 15 | loss: 0.2595756
	speed: 0.0521s/iter; left time: 185.9994s
	iters: 300, epoch: 15 | loss: 0.3637897
	speed: 0.0455s/iter; left time: 157.6737s
	iters: 400, epoch: 15 | loss: 0.3398975
	speed: 0.0535s/iter; left time: 180.2447s
	iters: 500, epoch: 15 | loss: 0.3629347
	speed: 0.0410s/iter; left time: 134.0706s
	iters: 600, epoch: 15 | loss: 0.3327551
	speed: 0.0416s/iter; left time: 131.9031s
Epoch: 15 cost time: 31.192023754119873
Epoch: 15, Steps: 628 | Train Loss: 0.3671007 Vali Loss: 0.3024975 Test Loss: 0.3377954
EarlyStopping counter: 2 out of 3
	iters: 100, epoch: 16 | loss: 0.3180862
	speed: 0.0478s/iter; left time: 145.4910s
	iters: 200, epoch: 16 | loss: 0.4519679
	speed: 0.0518s/iter; left time: 152.3601s
	iters: 300, epoch: 16 | loss: 0.3503301
	speed: 0.0474s/iter; left time: 134.5607s
	iters: 400, epoch: 16 | loss: 0.3605218
	speed: 0.0330s/iter; left time: 90.3283s
	iters: 500, epoch: 16 | loss: 0.3799051
	speed: 0.0485s/iter; left time: 128.1941s
	iters: 600, epoch: 16 | loss: 0.4099518
	speed: 0.0319s/iter; left time: 81.1586s
Epoch: 16 cost time: 27.23777151107788
Epoch: 16, Steps: 628 | Train Loss: 0.3666263 Vali Loss: 0.3045110 Test Loss: 0.3390677
EarlyStopping counter: 3 out of 3
Early stopping
>>>>>>>testing : Crossformer_WTH_il48_ol24_sl6,8,12_dm256_nh4_el3_itr3<<<<<<<<<<<<<<<<<<<<<<<<<<<<<<<<<
test 7177
mse:0.3380606472492218, mae:0.377157986164093
Use GPU: cuda:1
>>>>>>>start training : Crossformer_WTH_il48_ol24_sl6,8,12_dm256_nh4_el3_itr4>>>>>>>>>>>>>>>>>>>>>>>>>>
train 20089
val 7177
test 7177
	iters: 100, epoch: 1 | loss: 0.4400808
	speed: 0.0514s/iter; left time: 639.9411s
	iters: 200, epoch: 1 | loss: 0.3849914
	speed: 0.0554s/iter; left time: 684.4337s
	iters: 300, epoch: 1 | loss: 0.4665817
	speed: 0.0455s/iter; left time: 558.2542s
	iters: 400, epoch: 1 | loss: 0.4531964
	speed: 0.0375s/iter; left time: 456.5907s
	iters: 500, epoch: 1 | loss: 0.4053739
	speed: 0.0460s/iter; left time: 554.6494s
	iters: 600, epoch: 1 | loss: 0.5911665
	speed: 0.0513s/iter; left time: 613.3360s
Epoch: 1 cost time: 29.883002519607544
Epoch: 1, Steps: 628 | Train Loss: 0.4941757 Vali Loss: 0.3475751 Test Loss: 0.3863260
Validation loss decreased (inf --> 0.347575).  Saving model ...
	iters: 100, epoch: 2 | loss: 0.3511789
	speed: 0.0483s/iter; left time: 571.0934s
	iters: 200, epoch: 2 | loss: 0.4246105
	speed: 0.0489s/iter; left time: 574.2760s
	iters: 300, epoch: 2 | loss: 0.4250177
	speed: 0.0409s/iter; left time: 475.8561s
	iters: 400, epoch: 2 | loss: 0.4205554
	speed: 0.0653s/iter; left time: 752.7186s
	iters: 500, epoch: 2 | loss: 0.3628368
	speed: 0.0532s/iter; left time: 608.0579s
	iters: 600, epoch: 2 | loss: 0.3663614
	speed: 0.0466s/iter; left time: 528.3055s
Epoch: 2 cost time: 31.31016230583191
Epoch: 2, Steps: 628 | Train Loss: 0.4186512 Vali Loss: 0.3257838 Test Loss: 0.3617307
Validation loss decreased (0.347575 --> 0.325784).  Saving model ...
Updating learning rate to 5e-05
	iters: 100, epoch: 3 | loss: 0.4672725
	speed: 0.0468s/iter; left time: 524.2833s
	iters: 200, epoch: 3 | loss: 0.4054987
	speed: 0.0432s/iter; left time: 479.1817s
	iters: 300, epoch: 3 | loss: 0.3749149
	speed: 0.0389s/iter; left time: 428.5775s
	iters: 400, epoch: 3 | loss: 0.3811806
	speed: 0.0404s/iter; left time: 440.6707s
	iters: 500, epoch: 3 | loss: 0.3771403
	speed: 0.0435s/iter; left time: 470.2407s
	iters: 600, epoch: 3 | loss: 0.3887565
	speed: 0.0439s/iter; left time: 470.2205s
Epoch: 3 cost time: 27.003470182418823
Epoch: 3, Steps: 628 | Train Loss: 0.3977286 Vali Loss: 0.3142472 Test Loss: 0.3534204
Validation loss decreased (0.325784 --> 0.314247).  Saving model ...
	iters: 100, epoch: 4 | loss: 0.4129656
	speed: 0.0481s/iter; left time: 508.3423s
	iters: 200, epoch: 4 | loss: 0.5240225
	speed: 0.0468s/iter; left time: 490.2040s
	iters: 300, epoch: 4 | loss: 0.3523509
	speed: 0.0428s/iter; left time: 443.6549s
	iters: 400, epoch: 4 | loss: 0.3271516
	speed: 0.0498s/iter; left time: 512.0719s
	iters: 500, epoch: 4 | loss: 0.4264438
	speed: 0.0487s/iter; left time: 495.2652s
	iters: 600, epoch: 4 | loss: 0.4378563
	speed: 0.0507s/iter; left time: 510.8173s
Epoch: 4 cost time: 29.95361328125
Epoch: 4, Steps: 628 | Train Loss: 0.3932047 Vali Loss: 0.3121857 Test Loss: 0.3492981
Validation loss decreased (0.314247 --> 0.312186).  Saving model ...
Updating learning rate to 2.5e-05
	iters: 100, epoch: 5 | loss: 0.3863138
	speed: 0.0449s/iter; left time: 446.9409s
	iters: 200, epoch: 5 | loss: 0.4614036
	speed: 0.0392s/iter; left time: 386.5518s
	iters: 300, epoch: 5 | loss: 0.3875278
	speed: 0.0418s/iter; left time: 407.6997s
	iters: 400, epoch: 5 | loss: 0.3733450
	speed: 0.0505s/iter; left time: 487.1729s
	iters: 500, epoch: 5 | loss: 0.3543060
	speed: 0.0485s/iter; left time: 463.1805s
	iters: 600, epoch: 5 | loss: 0.4595990
	speed: 0.0579s/iter; left time: 547.2105s
Epoch: 5 cost time: 30.186661958694458
Epoch: 5, Steps: 628 | Train Loss: 0.3828485 Vali Loss: 0.3097072 Test Loss: 0.3447407
Validation loss decreased (0.312186 --> 0.309707).  Saving model ...
	iters: 100, epoch: 6 | loss: 0.3652600
	speed: 0.0453s/iter; left time: 422.1972s
	iters: 200, epoch: 6 | loss: 0.3405245
	speed: 0.0562s/iter; left time: 518.4649s
	iters: 300, epoch: 6 | loss: 0.3721094
	speed: 0.0442s/iter; left time: 402.8897s
	iters: 400, epoch: 6 | loss: 0.3637194
	speed: 0.0477s/iter; left time: 430.2023s
	iters: 500, epoch: 6 | loss: 0.4215297
	speed: 0.0550s/iter; left time: 490.2612s
	iters: 600, epoch: 6 | loss: 0.4054981
	speed: 0.0427s/iter; left time: 376.5834s
Epoch: 6 cost time: 30.35276508331299
Epoch: 6, Steps: 628 | Train Loss: 0.3802779 Vali Loss: 0.3087380 Test Loss: 0.3457118
Validation loss decreased (0.309707 --> 0.308738).  Saving model ...
Updating learning rate to 1.25e-05
	iters: 100, epoch: 7 | loss: 0.3034263
	speed: 0.0389s/iter; left time: 337.9200s
	iters: 200, epoch: 7 | loss: 0.3875061
	speed: 0.0572s/iter; left time: 491.5803s
	iters: 300, epoch: 7 | loss: 0.3793115
	speed: 0.0541s/iter; left time: 459.8290s
	iters: 400, epoch: 7 | loss: 0.3734523
	speed: 0.0520s/iter; left time: 436.2121s
	iters: 500, epoch: 7 | loss: 0.3407811
	speed: 0.0485s/iter; left time: 402.1304s
	iters: 600, epoch: 7 | loss: 0.3340766
	speed: 0.0563s/iter; left time: 461.4256s
Epoch: 7 cost time: 32.2430100440979
Epoch: 7, Steps: 628 | Train Loss: 0.3749899 Vali Loss: 0.3062276 Test Loss: 0.3426989
Validation loss decreased (0.308738 --> 0.306228).  Saving model ...
	iters: 100, epoch: 8 | loss: 0.3564779
	speed: 0.0431s/iter; left time: 347.3697s
	iters: 200, epoch: 8 | loss: 0.4045224
	speed: 0.0510s/iter; left time: 406.2026s
	iters: 300, epoch: 8 | loss: 0.3927121
	speed: 0.0455s/iter; left time: 358.2116s
	iters: 400, epoch: 8 | loss: 0.2840295
	speed: 0.0418s/iter; left time: 324.8415s
	iters: 500, epoch: 8 | loss: 0.4186366
	speed: 0.0470s/iter; left time: 360.1838s
	iters: 600, epoch: 8 | loss: 0.3752126
	speed: 0.0457s/iter; left time: 345.8322s
Epoch: 8 cost time: 28.435415267944336
Epoch: 8, Steps: 628 | Train Loss: 0.3740985 Vali Loss: 0.3043625 Test Loss: 0.3392926
Validation loss decreased (0.306228 --> 0.304362).  Saving model ...
Updating learning rate to 6.25e-06
	iters: 100, epoch: 9 | loss: 0.3715634
	speed: 0.0391s/iter; left time: 291.0078s
	iters: 200, epoch: 9 | loss: 0.4450220
	speed: 0.0481s/iter; left time: 352.8043s
	iters: 300, epoch: 9 | loss: 0.4004501
	speed: 0.0446s/iter; left time: 322.8184s
	iters: 400, epoch: 9 | loss: 0.3456249
	speed: 0.0545s/iter; left time: 389.0987s
	iters: 500, epoch: 9 | loss: 0.3552927
	speed: 0.0381s/iter; left time: 268.1082s
	iters: 600, epoch: 9 | loss: 0.3342296
	speed: 0.0421s/iter; left time: 292.1142s
Epoch: 9 cost time: 28.250911235809326
Epoch: 9, Steps: 628 | Train Loss: 0.3709313 Vali Loss: 0.3036046 Test Loss: 0.3394164
Validation loss decreased (0.304362 --> 0.303605).  Saving model ...
	iters: 100, epoch: 10 | loss: 0.3662559
	speed: 0.0516s/iter; left time: 351.1202s
	iters: 200, epoch: 10 | loss: 0.4144424
	speed: 0.0432s/iter; left time: 289.6520s
	iters: 300, epoch: 10 | loss: 0.4193107
	speed: 0.0327s/iter; left time: 216.2498s
	iters: 400, epoch: 10 | loss: 0.2758768
	speed: 0.0432s/iter; left time: 281.0474s
	iters: 500, epoch: 10 | loss: 0.3751550
	speed: 0.0462s/iter; left time: 295.9069s
	iters: 600, epoch: 10 | loss: 0.4071001
	speed: 0.0414s/iter; left time: 261.1188s
Epoch: 10 cost time: 26.828184843063354
Epoch: 10, Steps: 628 | Train Loss: 0.3704362 Vali Loss: 0.3035732 Test Loss: 0.3385125
Validation loss decreased (0.303605 --> 0.303573).  Saving model ...
Updating learning rate to 3.125e-06
	iters: 100, epoch: 11 | loss: 0.2979007
	speed: 0.0396s/iter; left time: 245.0205s
	iters: 200, epoch: 11 | loss: 0.3710585
	speed: 0.0589s/iter; left time: 358.3439s
	iters: 300, epoch: 11 | loss: 0.4194758
	speed: 0.0430s/iter; left time: 257.4731s
	iters: 400, epoch: 11 | loss: 0.3699117
	speed: 0.0431s/iter; left time: 253.5337s
	iters: 500, epoch: 11 | loss: 0.3742440
	speed: 0.0510s/iter; left time: 294.7736s
	iters: 600, epoch: 11 | loss: 0.3760332
	speed: 0.0467s/iter; left time: 265.1316s
Epoch: 11 cost time: 29.512049674987793
Epoch: 11, Steps: 628 | Train Loss: 0.3686196 Vali Loss: 0.3021690 Test Loss: 0.3388171
Validation loss decreased (0.303573 --> 0.302169).  Saving model ...
	iters: 100, epoch: 12 | loss: 0.3249915
	speed: 0.0362s/iter; left time: 201.2690s
	iters: 200, epoch: 12 | loss: 0.4356111
	speed: 0.0492s/iter; left time: 268.0816s
	iters: 300, epoch: 12 | loss: 0.4000351
	speed: 0.0448s/iter; left time: 239.9932s
	iters: 400, epoch: 12 | loss: 0.3393506
	speed: 0.0472s/iter; left time: 247.7780s
	iters: 500, epoch: 12 | loss: 0.3472752
	speed: 0.0404s/iter; left time: 208.3183s
	iters: 600, epoch: 12 | loss: 0.3402086
	speed: 0.0520s/iter; left time: 262.8187s
Epoch: 12 cost time: 28.79342246055603
Epoch: 12, Steps: 628 | Train Loss: 0.3685115 Vali Loss: 0.3027235 Test Loss: 0.3379456
EarlyStopping counter: 1 out of 3
	iters: 100, epoch: 13 | loss: 0.2760078
	speed: 0.0407s/iter; left time: 200.6845s
	iters: 200, epoch: 13 | loss: 0.3320204
	speed: 0.0492s/iter; left time: 237.3866s
	iters: 300, epoch: 13 | loss: 0.4087646
	speed: 0.0380s/iter; left time: 179.7380s
	iters: 400, epoch: 13 | loss: 0.4253749
	speed: 0.0484s/iter; left time: 223.9073s
	iters: 500, epoch: 13 | loss: 0.3806803
	speed: 0.0501s/iter; left time: 226.6291s
	iters: 600, epoch: 13 | loss: 0.3748638
	speed: 0.0480s/iter; left time: 212.5574s
Epoch: 13 cost time: 28.579453706741333
Epoch: 13, Steps: 628 | Train Loss: 0.3682061 Vali Loss: 0.3040003 Test Loss: 0.3376968
EarlyStopping counter: 2 out of 3
	iters: 100, epoch: 14 | loss: 0.3261231
	speed: 0.0466s/iter; left time: 200.0822s
	iters: 200, epoch: 14 | loss: 0.3662531
	speed: 0.0489s/iter; left time: 205.2186s
	iters: 300, epoch: 14 | loss: 0.3307569
	speed: 0.0506s/iter; left time: 207.4923s
	iters: 400, epoch: 14 | loss: 0.3557514
	speed: 0.0390s/iter; left time: 155.7911s
	iters: 500, epoch: 14 | loss: 0.3626710
	speed: 0.0646s/iter; left time: 251.8517s
	iters: 600, epoch: 14 | loss: 0.3448766
	speed: 0.0497s/iter; left time: 188.5768s
Epoch: 14 cost time: 30.97215175628662
Epoch: 14, Steps: 628 | Train Loss: 0.3680464 Vali Loss: 0.3038440 Test Loss: 0.3380768
EarlyStopping counter: 3 out of 3
Early stopping
>>>>>>>testing : Crossformer_WTH_il48_ol24_sl6,8,12_dm256_nh4_el3_itr4<<<<<<<<<<<<<<<<<<<<<<<<<<<<<<<<<
test 7177
mse:0.33934205770492554, mae:0.38125303387641907
