Args in experiment:
Namespace(model='iformer', data='m1999m', root_path='./datasets/', data_path='m1999m.csv', data_split=[0.7, 0.1, 0.2], checkpoints='./checkpoints/', in_len=360, out_len=60, seg_lens='60,36,24,18,12,6', data_dim=5, d_model=256, d_ff=512, n_heads=4, a_layers=4, dropout=0.4, baseline=False, fc_dropout=0.05, head_dropout=0.0, patch_len=12, stride=8, padding_patch='end', revin=1, affine=0, subtract_last=0, decomposition=0, kernel_size=25, individual=0, freq='m', embed_type=0, enc_in=7, dec_in=7, c_out=7, e_layers=2, d_layers=1, moving_avg=25, factor=1, distil=True, embed='timeF', activation='gelu', output_attention=False, do_predict=False, num_workers=0, batch_size=32, train_epochs=100, patience=3, learning_rate=0.0001, lradj='type1', itr=1, save_pred=False, use_gpu=True, gpu=1, use_multi_gpu=False, devices='0,1')
Use GPU: cuda:1
>>>>>>>start training : iformer_m1999m_il360_ol60_sl60,36,24,18,12,6_dm256_nh4_el4_itr0>>>>>>>>>>>>>>>>>>>>>>>>>>
train 7644
val 1094
test 2245
	iters: 100, epoch: 1 | loss: 0.4577360
	speed: 0.3515s/iter; left time: 8365.9418s
	iters: 200, epoch: 1 | loss: 0.4780700
	speed: 0.2977s/iter; left time: 7056.3581s
Epoch: 1 cost time: 77.43995070457458
Epoch: 1, Steps: 239 | Train Loss: 0.4826556 Vali Loss: 0.3278236 Test Loss: 0.6404656
Validation loss decreased (inf --> 0.327824).  Saving model ...
	iters: 100, epoch: 2 | loss: 0.5696005
	speed: 0.3029s/iter; left time: 7137.2686s
	iters: 200, epoch: 2 | loss: 0.4998480
	speed: 0.3025s/iter; left time: 7097.1306s
Epoch: 2 cost time: 73.04596781730652
Epoch: 2, Steps: 239 | Train Loss: 0.4330666 Vali Loss: 0.3501978 Test Loss: 0.7343064
EarlyStopping counter: 1 out of 3
Updating learning rate to 5e-05
	iters: 100, epoch: 3 | loss: 0.3567384
	speed: 0.2956s/iter; left time: 6894.4132s
	iters: 200, epoch: 3 | loss: 0.4320132
	speed: 0.3015s/iter; left time: 7002.3473s
Epoch: 3 cost time: 72.14794945716858
Epoch: 3, Steps: 239 | Train Loss: 0.3997974 Vali Loss: 0.3191079 Test Loss: 0.7070866
Validation loss decreased (0.327824 --> 0.319108).  Saving model ...
	iters: 100, epoch: 4 | loss: 0.3903270
	speed: 0.2961s/iter; left time: 6835.8526s
	iters: 200, epoch: 4 | loss: 0.4178070
	speed: 0.2843s/iter; left time: 6535.4934s
Epoch: 4 cost time: 69.61535835266113
Epoch: 4, Steps: 239 | Train Loss: 0.3917476 Vali Loss: 0.3091596 Test Loss: 0.6839101
Validation loss decreased (0.319108 --> 0.309160).  Saving model ...
Updating learning rate to 2.5e-05
	iters: 100, epoch: 5 | loss: 0.4026277
	speed: 0.2947s/iter; left time: 6732.9271s
	iters: 200, epoch: 5 | loss: 0.4768044
	speed: 0.3062s/iter; left time: 6963.7115s
Epoch: 5 cost time: 71.98165845870972
Epoch: 5, Steps: 239 | Train Loss: 0.3721907 Vali Loss: 0.2895877 Test Loss: 0.5841045
Validation loss decreased (0.309160 --> 0.289588).  Saving model ...
	iters: 100, epoch: 6 | loss: 0.3403656
	speed: 0.2971s/iter; left time: 6715.3748s
	iters: 200, epoch: 6 | loss: 0.4826041
	speed: 0.2973s/iter; left time: 6690.8579s
Epoch: 6 cost time: 70.83189272880554
Epoch: 6, Steps: 239 | Train Loss: 0.3678477 Vali Loss: 0.2966553 Test Loss: 0.5712906
EarlyStopping counter: 1 out of 3
Updating learning rate to 1.25e-05
	iters: 100, epoch: 7 | loss: 0.3891729
	speed: 0.2980s/iter; left time: 6665.7991s
	iters: 200, epoch: 7 | loss: 0.3367835
	speed: 0.3064s/iter; left time: 6822.5747s
Epoch: 7 cost time: 73.34106659889221
Epoch: 7, Steps: 239 | Train Loss: 0.3560473 Vali Loss: 0.2957566 Test Loss: 0.5988867
EarlyStopping counter: 2 out of 3
	iters: 100, epoch: 8 | loss: 0.3089282
	speed: 0.3111s/iter; left time: 6883.1045s
	iters: 200, epoch: 8 | loss: 0.3375420
	speed: 0.3132s/iter; left time: 6898.9454s
Epoch: 8 cost time: 75.35218024253845
Epoch: 8, Steps: 239 | Train Loss: 0.3543827 Vali Loss: 0.2946716 Test Loss: 0.5755611
EarlyStopping counter: 3 out of 3
Early stopping
>>>>>>>testing : iformer_m1999m_il360_ol60_sl60,36,24,18,12,6_dm256_nh4_el4_itr0<<<<<<<<<<<<<<<<<<<<<<<<<<<<<<<<<
test 2245
mse:0.547548234462738, mae:0.5591846108436584
