Args in experiment:
Namespace(model='iformer', data='m1999m', root_path='./datasets/', data_path='m1999m.csv', data_split=[0.7, 0.1, 0.2], checkpoints='./checkpoints/', in_len=360, out_len=90, seg_lens='60,36,24,12,8,4', data_dim=5, d_model=256, d_ff=512, n_heads=4, a_layers=4, dropout=0.4, baseline=False, fc_dropout=0.05, head_dropout=0.0, patch_len=12, stride=8, padding_patch='end', revin=1, affine=0, subtract_last=0, decomposition=0, kernel_size=25, individual=0, freq='m', embed_type=0, enc_in=7, dec_in=7, c_out=7, e_layers=2, d_layers=1, moving_avg=25, factor=1, distil=True, embed='timeF', activation='gelu', output_attention=False, do_predict=False, num_workers=0, batch_size=32, train_epochs=100, patience=3, learning_rate=0.0001, lradj='type1', itr=1, save_pred=False, use_gpu=True, gpu=1, use_multi_gpu=False, devices='0,1')
Use GPU: cuda:1
>>>>>>>start training : iformer_m1999m_il360_ol90_sl60,36,24,12,8,4_dm256_nh4_el4_itr0>>>>>>>>>>>>>>>>>>>>>>>>>>
train 7614
val 1064
test 2215
	iters: 100, epoch: 1 | loss: 0.4707476
	speed: 0.3392s/iter; left time: 8038.3338s
	iters: 200, epoch: 1 | loss: 0.5027217
	speed: 0.2981s/iter; left time: 7034.7287s
Epoch: 1 cost time: 76.58505654335022
Epoch: 1, Steps: 238 | Train Loss: 0.5132571 Vali Loss: 0.3420204 Test Loss: 0.7022712
Validation loss decreased (inf --> 0.342020).  Saving model ...
	iters: 100, epoch: 2 | loss: 0.5360335
	speed: 0.3004s/iter; left time: 7049.0072s
	iters: 200, epoch: 2 | loss: 0.4433729
	speed: 0.2905s/iter; left time: 6788.1131s
Epoch: 2 cost time: 70.78235173225403
Epoch: 2, Steps: 238 | Train Loss: 0.4624973 Vali Loss: 0.3709136 Test Loss: 0.8284616
EarlyStopping counter: 1 out of 3
Updating learning rate to 5e-05
	iters: 100, epoch: 3 | loss: 0.4324961
	speed: 0.2992s/iter; left time: 6950.0315s
	iters: 200, epoch: 3 | loss: 0.3977327
	speed: 0.3108s/iter; left time: 7186.3005s
Epoch: 3 cost time: 72.54979491233826
Epoch: 3, Steps: 238 | Train Loss: 0.4239179 Vali Loss: 0.3175376 Test Loss: 0.6422152
Validation loss decreased (0.342020 --> 0.317538).  Saving model ...
	iters: 100, epoch: 4 | loss: 0.4652241
	speed: 0.2807s/iter; left time: 6451.5489s
	iters: 200, epoch: 4 | loss: 0.3762494
	speed: 0.2864s/iter; left time: 6555.7503s
Epoch: 4 cost time: 67.98981785774231
Epoch: 4, Steps: 238 | Train Loss: 0.4126616 Vali Loss: 0.3197835 Test Loss: 0.6718972
EarlyStopping counter: 1 out of 3
Updating learning rate to 2.5e-05
	iters: 100, epoch: 5 | loss: 0.3619797
	speed: 0.2719s/iter; left time: 6186.2341s
	iters: 200, epoch: 5 | loss: 0.5135231
	speed: 0.2773s/iter; left time: 6281.6074s
Epoch: 5 cost time: 65.87918305397034
Epoch: 5, Steps: 238 | Train Loss: 0.3939256 Vali Loss: 0.3084463 Test Loss: 0.6190280
Validation loss decreased (0.317538 --> 0.308446).  Saving model ...
	iters: 100, epoch: 6 | loss: 0.3508430
	speed: 0.2776s/iter; left time: 6249.6072s
	iters: 200, epoch: 6 | loss: 0.4017805
	speed: 0.2861s/iter; left time: 6411.6260s
Epoch: 6 cost time: 66.97126793861389
Epoch: 6, Steps: 238 | Train Loss: 0.3875672 Vali Loss: 0.3184192 Test Loss: 0.6691658
EarlyStopping counter: 1 out of 3
Updating learning rate to 1.25e-05
	iters: 100, epoch: 7 | loss: 0.5799540
	speed: 0.2762s/iter; left time: 6150.9627s
	iters: 200, epoch: 7 | loss: 0.4773524
	speed: 0.2841s/iter; left time: 6298.8704s
Epoch: 7 cost time: 66.28681468963623
Epoch: 7, Steps: 238 | Train Loss: 0.3752603 Vali Loss: 0.3280071 Test Loss: 0.6948027
EarlyStopping counter: 2 out of 3
	iters: 100, epoch: 8 | loss: 0.3613990
	speed: 0.2652s/iter; left time: 5843.5637s
	iters: 200, epoch: 8 | loss: 0.3079747
	speed: 0.2806s/iter; left time: 6155.7445s
Epoch: 8 cost time: 64.97503066062927
Epoch: 8, Steps: 238 | Train Loss: 0.3722695 Vali Loss: 0.3188109 Test Loss: 0.6751843
EarlyStopping counter: 3 out of 3
Early stopping
>>>>>>>testing : iformer_m1999m_il360_ol90_sl60,36,24,12,8,4_dm256_nh4_el4_itr0<<<<<<<<<<<<<<<<<<<<<<<<<<<<<<<<<
test 2215
mse:0.5954228639602661, mae:0.5924631357192993
