Args in experiment:
Namespace(model='iformer', data='m1999m', root_path='./datasets/', data_path='m1999m.csv', data_split=[0.7, 0.1, 0.2], checkpoints='./checkpoints/', in_len=360, out_len=180, seg_lens='12,8,6,4,3', data_dim=5, d_model=256, d_ff=512, n_heads=4, a_layers=4, dropout=0.4, baseline=False, fc_dropout=0.05, head_dropout=0.0, patch_len=12, stride=8, padding_patch='end', revin=1, affine=0, subtract_last=0, decomposition=0, kernel_size=25, individual=0, freq='m', embed_type=0, enc_in=7, dec_in=7, c_out=7, e_layers=2, d_layers=1, moving_avg=25, factor=1, distil=True, embed='timeF', activation='gelu', output_attention=False, do_predict=False, num_workers=0, batch_size=32, train_epochs=100, patience=3, learning_rate=0.0001, lradj='type1', itr=1, save_pred=False, use_gpu=True, gpu=1, use_multi_gpu=False, devices='0,1')
Use GPU: cuda:1
>>>>>>>start training : iformer_m1999m_il360_ol180_sl12,8,6,4,3_dm256_nh4_el4_itr0>>>>>>>>>>>>>>>>>>>>>>>>>>
train 7524
val 974
test 2125
	iters: 100, epoch: 1 | loss: 0.5511332
	speed: 0.1505s/iter; left time: 3536.4349s
	iters: 200, epoch: 1 | loss: 0.4712477
	speed: 0.0895s/iter; left time: 2095.1449s
Epoch: 1 cost time: 27.75214719772339
Epoch: 1, Steps: 236 | Train Loss: 0.5420299 Vali Loss: 0.3631243 Test Loss: 0.9233397
Validation loss decreased (inf --> 0.363124).  Saving model ...
	iters: 100, epoch: 2 | loss: 0.5347459
	speed: 0.0844s/iter; left time: 1962.9949s
	iters: 200, epoch: 2 | loss: 0.4451850
	speed: 0.0890s/iter; left time: 2061.3805s
Epoch: 2 cost time: 20.471633672714233
Epoch: 2, Steps: 236 | Train Loss: 0.4823018 Vali Loss: 0.3634966 Test Loss: 0.9920336
EarlyStopping counter: 1 out of 3
Updating learning rate to 5e-05
	iters: 100, epoch: 3 | loss: 0.4749222
	speed: 0.1060s/iter; left time: 2441.8362s
	iters: 200, epoch: 3 | loss: 0.5050778
	speed: 0.1047s/iter; left time: 2401.3640s
Epoch: 3 cost time: 23.793946027755737
Epoch: 3, Steps: 236 | Train Loss: 0.4443760 Vali Loss: 0.3454550 Test Loss: 0.8993988
Validation loss decreased (0.363124 --> 0.345455).  Saving model ...
	iters: 100, epoch: 4 | loss: 0.5317417
	speed: 0.0948s/iter; left time: 2161.1488s
	iters: 200, epoch: 4 | loss: 0.4512640
	speed: 0.1063s/iter; left time: 2411.8627s
Epoch: 4 cost time: 23.518166542053223
Epoch: 4, Steps: 236 | Train Loss: 0.4189452 Vali Loss: 0.3651541 Test Loss: 1.0227170
EarlyStopping counter: 1 out of 3
Updating learning rate to 2.5e-05
	iters: 100, epoch: 5 | loss: 0.4770499
	speed: 0.0891s/iter; left time: 2009.9151s
	iters: 200, epoch: 5 | loss: 0.4317343
	speed: 0.0846s/iter; left time: 1900.1410s
Epoch: 5 cost time: 21.220024347305298
Epoch: 5, Steps: 236 | Train Loss: 0.3972594 Vali Loss: 0.3546937 Test Loss: 0.9083541
EarlyStopping counter: 2 out of 3
	iters: 100, epoch: 6 | loss: 0.3197408
	speed: 0.0959s/iter; left time: 2140.8327s
	iters: 200, epoch: 6 | loss: 0.2950710
	speed: 0.1004s/iter; left time: 2231.2928s
Epoch: 6 cost time: 23.189849615097046
Epoch: 6, Steps: 236 | Train Loss: 0.3887704 Vali Loss: 0.3645564 Test Loss: 0.9293250
EarlyStopping counter: 3 out of 3
Early stopping
>>>>>>>testing : iformer_m1999m_il360_ol180_sl12,8,6,4,3_dm256_nh4_el4_itr0<<<<<<<<<<<<<<<<<<<<<<<<<<<<<<<<<
test 2125
mse:0.8883076906204224, mae:0.7606362700462341
