Args in experiment:
Namespace(model='iformer', data='m1999m', root_path='./datasets/', data_path='m1999m.csv', data_split=[0.7, 0.1, 0.2], checkpoints='./checkpoints/', in_len=360, out_len=180, seg_lens='12,8,6,4,3', data_dim=5, d_model=256, d_ff=512, n_heads=4, a_layers=4, dropout=0.4, baseline=False, fc_dropout=0.05, head_dropout=0.0, patch_len=12, stride=8, padding_patch='end', revin=1, affine=0, subtract_last=0, decomposition=0, kernel_size=25, individual=0, freq='m', embed_type=0, enc_in=7, dec_in=7, c_out=7, e_layers=2, d_layers=1, moving_avg=25, factor=1, distil=True, embed='timeF', activation='gelu', output_attention=False, do_predict=False, num_workers=0, batch_size=32, train_epochs=20, patience=3, learning_rate=0.0001, lradj='type1', itr=1, save_pred=False, use_gpu=True, gpu=1, use_multi_gpu=False, devices='0,1')
Use GPU: cuda:1
>>>>>>>start training : iformer_m1999m_il360_ol180_sl12,8,6,4,3_dm256_nh4_el4_itr0>>>>>>>>>>>>>>>>>>>>>>>>>>
train 7524
val 974
test 2125
	iters: 100, epoch: 1 | loss: 0.5257680
	speed: 0.2218s/iter; left time: 1024.8442s
	iters: 200, epoch: 1 | loss: 0.6468486
	speed: 0.1553s/iter; left time: 702.0195s
Epoch: 1 cost time: 43.44678449630737
Epoch: 1, Steps: 236 | Train Loss: 0.5624803 Vali Loss: 0.3742592 Test Loss: 0.6857695
Validation loss decreased (inf --> 0.374259).  Saving model ...
	iters: 100, epoch: 2 | loss: 0.4625191
	speed: 0.1388s/iter; left time: 608.5734s
	iters: 200, epoch: 2 | loss: 0.4090929
	speed: 0.1298s/iter; left time: 556.3244s
Epoch: 2 cost time: 31.930264472961426
Epoch: 2, Steps: 236 | Train Loss: 0.4414091 Vali Loss: 0.5006391 Test Loss: 0.8923170
EarlyStopping counter: 1 out of 3
Updating learning rate to 5e-05
	iters: 100, epoch: 3 | loss: 0.3192883
	speed: 0.1648s/iter; left time: 683.9057s
	iters: 200, epoch: 3 | loss: 0.3016689
	speed: 0.1592s/iter; left time: 644.6735s
Epoch: 3 cost time: 38.09188103675842
Epoch: 3, Steps: 236 | Train Loss: 0.3700321 Vali Loss: 0.5880418 Test Loss: 0.9887813
EarlyStopping counter: 2 out of 3
	iters: 100, epoch: 4 | loss: 0.3253250
	speed: 0.1557s/iter; left time: 609.3134s
	iters: 200, epoch: 4 | loss: 0.3698875
	speed: 0.1501s/iter; left time: 572.3127s
Epoch: 4 cost time: 35.89974355697632
Epoch: 4, Steps: 236 | Train Loss: 0.3429456 Vali Loss: 0.5391016 Test Loss: 1.0558685
EarlyStopping counter: 3 out of 3
Early stopping
>>>>>>>testing : iformer_m1999m_il360_ol180_sl12,8,6,4,3_dm256_nh4_el4_itr0<<<<<<<<<<<<<<<<<<<<<<<<<<<<<<<<<
test 2125
mse:0.6728385090827942, mae:0.629806399345398
