Args in experiment:
Namespace(model='iformer', data='m1999m', root_path='./datasets/', data_path='m1999m.csv', data_split=[0.7, 0.1, 0.2], checkpoints='./checkpoints/', in_len=360, out_len=480, seg_lens='12,8,6,4,3', data_dim=5, d_model=256, d_ff=512, n_heads=4, a_layers=4, dropout=0.4, baseline=False, fc_dropout=0.05, head_dropout=0.0, patch_len=12, stride=8, padding_patch='end', revin=1, affine=0, subtract_last=0, decomposition=0, kernel_size=25, individual=0, freq='m', embed_type=0, enc_in=7, dec_in=7, c_out=7, e_layers=2, d_layers=1, moving_avg=25, factor=1, distil=True, embed='timeF', activation='gelu', output_attention=False, do_predict=False, num_workers=0, batch_size=32, train_epochs=20, patience=3, learning_rate=1e-05, lradj='type1', itr=1, save_pred=False, use_gpu=True, gpu=1, use_multi_gpu=False, devices='0,1')
Use GPU: cuda:1
>>>>>>>start training : iformer_m1999m_il360_ol480_sl12,8,6,4,3_dm256_nh4_el4_itr0>>>>>>>>>>>>>>>>>>>>>>>>>>
train 7224
val 674
test 1825
	iters: 100, epoch: 1 | loss: 0.7589022
	speed: 0.3260s/iter; left time: 1441.1843s
	iters: 200, epoch: 1 | loss: 0.6459405
	speed: 0.2409s/iter; left time: 1040.9870s
Epoch: 1 cost time: 63.519511222839355
Epoch: 1, Steps: 226 | Train Loss: 0.7944447 Vali Loss: 0.6022541 Test Loss: 2.1396865
Validation loss decreased (inf --> 0.602254).  Saving model ...
	iters: 100, epoch: 2 | loss: 0.6337830
	speed: 0.2593s/iter; left time: 1087.5996s
	iters: 200, epoch: 2 | loss: 0.6075416
	speed: 0.2510s/iter; left time: 1027.7838s
Epoch: 2 cost time: 58.21979212760925
Epoch: 2, Steps: 226 | Train Loss: 0.6473813 Vali Loss: 0.4055761 Test Loss: 1.1219144
Validation loss decreased (0.602254 --> 0.405576).  Saving model ...
Updating learning rate to 5e-06
	iters: 100, epoch: 3 | loss: 0.5254567
	speed: 0.2584s/iter; left time: 1025.5338s
	iters: 200, epoch: 3 | loss: 0.6018718
	speed: 0.2845s/iter; left time: 1100.8525s
Epoch: 3 cost time: 61.3600549697876
Epoch: 3, Steps: 226 | Train Loss: 0.6067996 Vali Loss: 0.4372116 Test Loss: 1.0164876
EarlyStopping counter: 1 out of 3
	iters: 100, epoch: 4 | loss: 0.5962545
	speed: 0.2666s/iter; left time: 997.7763s
	iters: 200, epoch: 4 | loss: 0.6503854
	speed: 0.2541s/iter; left time: 925.8214s
Epoch: 4 cost time: 57.52124500274658
Epoch: 4, Steps: 226 | Train Loss: 0.5899089 Vali Loss: 0.4451459 Test Loss: 0.9951168
EarlyStopping counter: 2 out of 3
Updating learning rate to 2.5e-06
	iters: 100, epoch: 5 | loss: 0.5648256
	speed: 0.2560s/iter; left time: 900.2731s
	iters: 200, epoch: 5 | loss: 0.7265092
	speed: 0.2377s/iter; left time: 812.3899s
Epoch: 5 cost time: 55.86359763145447
Epoch: 5, Steps: 226 | Train Loss: 0.5768837 Vali Loss: 0.4513270 Test Loss: 0.9289242
EarlyStopping counter: 3 out of 3
Early stopping
>>>>>>>testing : iformer_m1999m_il360_ol480_sl12,8,6,4,3_dm256_nh4_el4_itr0<<<<<<<<<<<<<<<<<<<<<<<<<<<<<<<<<
test 1825
mse:1.110912561416626, mae:0.8865481615066528
