Args in experiment:
Namespace(model='lstm', data='m1999m', root_path='./datasets/', data_path='m1999m.csv', data_split=[0.7, 0.1, 0.2], checkpoints='./checkpoints/', in_len=360, out_len=60, seg_lens='6', data_dim=5, d_model=256, d_ff=512, n_heads=4, a_layers=4, dropout=0.4, baseline='True', fc_dropout=0.05, head_dropout=0.0, patch_len=12, stride=8, padding_patch='end', revin=1, affine=0, subtract_last=0, decomposition=0, kernel_size=25, individual=0, freq='m', embed_type=0, enc_in=7, dec_in=7, c_out=7, e_layers=2, d_layers=1, moving_avg=25, factor=1, distil=True, embed='timeF', activation='gelu', output_attention=False, do_predict=False, num_workers=0, batch_size=32, train_epochs=20, patience=3, learning_rate=0.0001, lradj='type1', itr=1, save_pred=False, use_gpu=True, gpu=1, use_multi_gpu=False, devices='0,1')
Use GPU: cuda:1
>>>>>>>start training : lstm_m1999m_il360_ol60_sl6_dm256_nh4_el4_itr0>>>>>>>>>>>>>>>>>>>>>>>>>>
train 7644
val 1094
test 2245
	iters: 100, epoch: 1 | loss: 0.7160429
	speed: 0.1432s/iter; left time: 670.5045s
	iters: 200, epoch: 1 | loss: 0.6170679
	speed: 0.1330s/iter; left time: 609.2385s
Epoch: 1 cost time: 32.33292818069458
Epoch: 1, Steps: 239 | Train Loss: 0.6603173 Vali Loss: 0.5521565 Test Loss: 1.9382410
Validation loss decreased (inf --> 0.552157).  Saving model ...
	iters: 100, epoch: 2 | loss: 0.4075850
	speed: 0.1515s/iter; left time: 673.0833s
	iters: 200, epoch: 2 | loss: 0.4403332
	speed: 0.1580s/iter; left time: 686.0236s
Epoch: 2 cost time: 36.52591156959534
Epoch: 2, Steps: 239 | Train Loss: 0.4493253 Vali Loss: 0.4203063 Test Loss: 1.6433416
Validation loss decreased (0.552157 --> 0.420306).  Saving model ...
Updating learning rate to 5e-05
	iters: 100, epoch: 3 | loss: 0.4959820
	speed: 0.1655s/iter; left time: 695.8026s
	iters: 200, epoch: 3 | loss: 0.3137072
	speed: 0.1546s/iter; left time: 634.4542s
Epoch: 3 cost time: 38.381107568740845
Epoch: 3, Steps: 239 | Train Loss: 0.3725273 Vali Loss: 0.4339949 Test Loss: 1.6184532
EarlyStopping counter: 1 out of 3
	iters: 100, epoch: 4 | loss: 0.3246431
	speed: 0.1953s/iter; left time: 774.1180s
	iters: 200, epoch: 4 | loss: 0.5076970
	speed: 0.2034s/iter; left time: 785.9675s
Epoch: 4 cost time: 48.257766246795654
Epoch: 4, Steps: 239 | Train Loss: 0.3605327 Vali Loss: 0.4257032 Test Loss: 1.5983184
EarlyStopping counter: 2 out of 3
Updating learning rate to 2.5e-05
	iters: 100, epoch: 5 | loss: 0.2896509
	speed: 0.1897s/iter; left time: 706.6184s
	iters: 200, epoch: 5 | loss: 0.2521129
	speed: 0.1544s/iter; left time: 559.7042s
Epoch: 5 cost time: 39.0569052696228
Epoch: 5, Steps: 239 | Train Loss: 0.3484005 Vali Loss: 0.4360660 Test Loss: 1.5869053
EarlyStopping counter: 3 out of 3
Early stopping
>>>>>>>testing : lstm_m1999m_il360_ol60_sl6_dm256_nh4_el4_itr0<<<<<<<<<<<<<<<<<<<<<<<<<<<<<<<<<
test 2245
mse:1.6001255512237549, mae:1.0306874513626099
