Args in experiment:
Namespace(model='former', data='m_1999', root_path='./datasets/', data_path='m_1999.csv', data_split=[0.7, 0.1, 0.2], checkpoints='./checkpoints/', in_len=300, out_len=60, seg_lens='6', data_dim=5, d_model=256, d_ff=512, n_heads=4, a_layers=3, dropout=0.2, baseline=False, num_workers=0, batch_size=32, train_epochs=20, patience=3, learning_rate=0.001, lradj='type1', itr=5, save_pred=False, use_gpu=True, gpu=1, use_multi_gpu=False, devices='0,1,2,3')
Use GPU: cuda:1
>>>>>>>start training : former_m_1999_il300_ol60_sl6_dm256_nh4_el3_itr0>>>>>>>>>>>>>>>>>>>>>>>>>>
train 41440
val 5913
test 11883
	iters: 100, epoch: 1 | loss: 0.7898303
	speed: 0.1098s/iter; left time: 2834.1911s
	iters: 200, epoch: 1 | loss: 0.7011821
	speed: 0.0694s/iter; left time: 1784.8453s
	iters: 300, epoch: 1 | loss: 0.7974362
	speed: 0.0722s/iter; left time: 1847.4553s
	iters: 400, epoch: 1 | loss: 0.4998698
	speed: 0.0670s/iter; left time: 1709.7066s
	iters: 500, epoch: 1 | loss: 0.5349794
	speed: 0.0670s/iter; left time: 1703.1144s
	iters: 600, epoch: 1 | loss: 0.6377290
	speed: 0.0776s/iter; left time: 1963.9022s
	iters: 700, epoch: 1 | loss: 0.6313681
	speed: 0.0722s/iter; left time: 1820.2540s
	iters: 800, epoch: 1 | loss: 0.4883944
	speed: 0.0781s/iter; left time: 1961.1512s
	iters: 900, epoch: 1 | loss: 0.5789946
	speed: 0.0735s/iter; left time: 1836.5683s
	iters: 1000, epoch: 1 | loss: 0.4323915
	speed: 0.0749s/iter; left time: 1866.2765s
	iters: 1100, epoch: 1 | loss: 0.2965580
	speed: 0.0801s/iter; left time: 1987.5320s
	iters: 1200, epoch: 1 | loss: 0.4583690
	speed: 0.0751s/iter; left time: 1856.0222s
Epoch: 1 cost time: 98.83340096473694
Epoch: 1, Steps: 1295 | Train Loss: 0.8994339 Vali Loss: 0.4698767 Test Loss: 0.4770620
Validation loss decreased (inf --> 0.469877).  Saving model ...
	iters: 100, epoch: 2 | loss: 0.6480159
	speed: 0.0735s/iter; left time: 1800.7247s
	iters: 200, epoch: 2 | loss: 0.5853534
	speed: 0.0731s/iter; left time: 1784.8971s
	iters: 300, epoch: 2 | loss: 0.5410666
	speed: 0.0658s/iter; left time: 1598.1707s
	iters: 400, epoch: 2 | loss: 0.3143804
	speed: 0.0682s/iter; left time: 1650.6075s
	iters: 500, epoch: 2 | loss: 0.5612943
	speed: 0.0676s/iter; left time: 1629.6512s
	iters: 600, epoch: 2 | loss: 0.6652367
	speed: 0.0708s/iter; left time: 1699.7303s
	iters: 700, epoch: 2 | loss: 0.5362225
	speed: 0.0703s/iter; left time: 1680.9103s
	iters: 800, epoch: 2 | loss: 0.4191172
	speed: 0.0660s/iter; left time: 1570.9248s
	iters: 900, epoch: 2 | loss: 0.5035834
	speed: 0.0760s/iter; left time: 1801.4935s
	iters: 1000, epoch: 2 | loss: 0.5393878
	speed: 0.0780s/iter; left time: 1841.6958s
	iters: 1100, epoch: 2 | loss: 0.4282369
	speed: 0.0752s/iter; left time: 1767.5417s
	iters: 1200, epoch: 2 | loss: 0.4296278
	speed: 0.0814s/iter; left time: 1905.7911s
Epoch: 2 cost time: 93.90827465057373
Epoch: 2, Steps: 1295 | Train Loss: 0.4601052 Vali Loss: 0.3986800 Test Loss: 0.4079521
Validation loss decreased (0.469877 --> 0.398680).  Saving model ...
Updating learning rate to 0.0005
	iters: 100, epoch: 3 | loss: 0.3944629
	speed: 0.0811s/iter; left time: 1882.2169s
	iters: 200, epoch: 3 | loss: 0.4027640
	speed: 0.0699s/iter; left time: 1614.4258s
	iters: 300, epoch: 3 | loss: 0.4000584
	speed: 0.0726s/iter; left time: 1669.9892s
	iters: 400, epoch: 3 | loss: 0.3968257
	speed: 0.0722s/iter; left time: 1654.9009s
	iters: 500, epoch: 3 | loss: 0.3904625
	speed: 0.0660s/iter; left time: 1505.5081s
	iters: 600, epoch: 3 | loss: 0.4184205
	speed: 0.0583s/iter; left time: 1324.4876s
	iters: 700, epoch: 3 | loss: 0.3410208
	speed: 0.0675s/iter; left time: 1525.1971s
	iters: 800, epoch: 3 | loss: 0.4763400
	speed: 0.0633s/iter; left time: 1425.5450s
	iters: 900, epoch: 3 | loss: 0.3093672
	speed: 0.0727s/iter; left time: 1628.5783s
	iters: 1000, epoch: 3 | loss: 0.3700914
	speed: 0.0764s/iter; left time: 1705.5157s
	iters: 1100, epoch: 3 | loss: 0.3411204
	speed: 0.0736s/iter; left time: 1634.5617s
	iters: 1200, epoch: 3 | loss: 0.4062817
	speed: 0.0715s/iter; left time: 1580.5132s
Epoch: 3 cost time: 92.54574060440063
Epoch: 3, Steps: 1295 | Train Loss: 0.3881897 Vali Loss: 0.3665160 Test Loss: 0.3775872
Validation loss decreased (0.398680 --> 0.366516).  Saving model ...
	iters: 100, epoch: 4 | loss: 0.3606836
	speed: 0.0699s/iter; left time: 1531.1141s
	iters: 200, epoch: 4 | loss: 0.3176063
	speed: 0.0735s/iter; left time: 1603.0265s
	iters: 300, epoch: 4 | loss: 0.4443080
	speed: 0.0706s/iter; left time: 1532.9019s
	iters: 400, epoch: 4 | loss: 0.3899220
	speed: 0.0685s/iter; left time: 1481.5431s
	iters: 500, epoch: 4 | loss: 0.3232733
	speed: 0.0689s/iter; left time: 1483.4751s
	iters: 600, epoch: 4 | loss: 0.3318408
	speed: 0.0729s/iter; left time: 1561.4609s
	iters: 700, epoch: 4 | loss: 0.3596660
	speed: 0.0686s/iter; left time: 1463.3369s
	iters: 800, epoch: 4 | loss: 0.3730215
	speed: 0.0666s/iter; left time: 1412.5061s
	iters: 900, epoch: 4 | loss: 0.2982828
	speed: 0.0642s/iter; left time: 1355.0169s
	iters: 1000, epoch: 4 | loss: 0.3179515
	speed: 0.0830s/iter; left time: 1743.8228s
	iters: 1100, epoch: 4 | loss: 0.3201060
	speed: 0.0761s/iter; left time: 1591.5178s
	iters: 1200, epoch: 4 | loss: 0.3713419
	speed: 0.0715s/iter; left time: 1487.8760s
Epoch: 4 cost time: 92.26155185699463
Epoch: 4, Steps: 1295 | Train Loss: 0.3649291 Vali Loss: 0.3460819 Test Loss: 0.3570956
Validation loss decreased (0.366516 --> 0.346082).  Saving model ...
Updating learning rate to 0.00025
	iters: 100, epoch: 5 | loss: 0.2894347
	speed: 0.0690s/iter; left time: 1423.4476s
	iters: 200, epoch: 5 | loss: 0.2226474
	speed: 0.0651s/iter; left time: 1334.9727s
	iters: 300, epoch: 5 | loss: 0.2835573
	speed: 0.0781s/iter; left time: 1595.1193s
	iters: 400, epoch: 5 | loss: 0.3511408
	speed: 0.0741s/iter; left time: 1505.3130s
	iters: 500, epoch: 5 | loss: 0.3284617
	speed: 0.0751s/iter; left time: 1518.1461s
	iters: 600, epoch: 5 | loss: 0.4453495
	speed: 0.0764s/iter; left time: 1537.3888s
	iters: 700, epoch: 5 | loss: 0.3051137
	speed: 0.0671s/iter; left time: 1344.1679s
	iters: 800, epoch: 5 | loss: 0.3037617
	speed: 0.0655s/iter; left time: 1304.3938s
	iters: 900, epoch: 5 | loss: 0.3363495
	speed: 0.0680s/iter; left time: 1347.1663s
	iters: 1000, epoch: 5 | loss: 0.3317374
	speed: 0.0676s/iter; left time: 1333.4153s
	iters: 1100, epoch: 5 | loss: 0.3170842
	speed: 0.0681s/iter; left time: 1335.6929s
	iters: 1200, epoch: 5 | loss: 0.2593535
	speed: 0.0644s/iter; left time: 1257.2891s
Epoch: 5 cost time: 90.63344883918762
Epoch: 5, Steps: 1295 | Train Loss: 0.3279403 Vali Loss: 0.3272005 Test Loss: 0.3402901
Validation loss decreased (0.346082 --> 0.327200).  Saving model ...
	iters: 100, epoch: 6 | loss: 0.2871183
	speed: 0.0725s/iter; left time: 1400.3163s
	iters: 200, epoch: 6 | loss: 0.3693332
	speed: 0.0844s/iter; left time: 1622.2017s
	iters: 300, epoch: 6 | loss: 0.2567141
	speed: 0.0740s/iter; left time: 1416.0024s
	iters: 400, epoch: 6 | loss: 0.2636264
	speed: 0.0722s/iter; left time: 1373.7483s
	iters: 500, epoch: 6 | loss: 0.3782875
	speed: 0.0771s/iter; left time: 1459.7609s
	iters: 600, epoch: 6 | loss: 0.2910236
	speed: 0.0742s/iter; left time: 1396.3009s
	iters: 700, epoch: 6 | loss: 0.2596733
	speed: 0.0772s/iter; left time: 1444.7741s
	iters: 800, epoch: 6 | loss: 0.2919400
	speed: 0.0695s/iter; left time: 1294.4855s
	iters: 900, epoch: 6 | loss: 0.2894959
	speed: 0.0646s/iter; left time: 1196.1082s
	iters: 1000, epoch: 6 | loss: 0.3621092
	speed: 0.0638s/iter; left time: 1176.3045s
	iters: 1100, epoch: 6 | loss: 0.2847501
	speed: 0.0678s/iter; left time: 1242.9830s
	iters: 1200, epoch: 6 | loss: 0.2533325
	speed: 0.0735s/iter; left time: 1339.2364s
Epoch: 6 cost time: 93.80312585830688
Epoch: 6, Steps: 1295 | Train Loss: 0.3191865 Vali Loss: 0.3202242 Test Loss: 0.3349258
Validation loss decreased (0.327200 --> 0.320224).  Saving model ...
Updating learning rate to 0.000125
	iters: 100, epoch: 7 | loss: 0.3005546
	speed: 0.0809s/iter; left time: 1458.9109s
	iters: 200, epoch: 7 | loss: 0.3366572
	speed: 0.0760s/iter; left time: 1363.0755s
	iters: 300, epoch: 7 | loss: 0.2358454
	speed: 0.0756s/iter; left time: 1348.3004s
	iters: 400, epoch: 7 | loss: 0.3212675
	speed: 0.0659s/iter; left time: 1169.0557s
	iters: 500, epoch: 7 | loss: 0.2224350
	speed: 0.0745s/iter; left time: 1314.2049s
	iters: 600, epoch: 7 | loss: 0.2647438
	speed: 0.0729s/iter; left time: 1277.4146s
	iters: 700, epoch: 7 | loss: 0.2591979
	speed: 0.0661s/iter; left time: 1151.7313s
	iters: 800, epoch: 7 | loss: 0.2668596
	speed: 0.0779s/iter; left time: 1350.1715s
	iters: 900, epoch: 7 | loss: 0.2760428
	speed: 0.0807s/iter; left time: 1390.4408s
	iters: 1000, epoch: 7 | loss: 0.2572986
	speed: 0.0657s/iter; left time: 1124.6722s
	iters: 1100, epoch: 7 | loss: 0.4021394
	speed: 0.0666s/iter; left time: 1133.6959s
	iters: 1200, epoch: 7 | loss: 0.3049393
	speed: 0.0674s/iter; left time: 1141.1341s
Epoch: 7 cost time: 93.7670328617096
Epoch: 7, Steps: 1295 | Train Loss: 0.2977946 Vali Loss: 0.3143781 Test Loss: 0.3311310
Validation loss decreased (0.320224 --> 0.314378).  Saving model ...
	iters: 100, epoch: 8 | loss: 0.3090938
	speed: 0.0653s/iter; left time: 1092.7787s
	iters: 200, epoch: 8 | loss: 0.3075542
	speed: 0.0829s/iter; left time: 1378.8947s
	iters: 300, epoch: 8 | loss: 0.3257307
	speed: 0.0684s/iter; left time: 1130.5484s
	iters: 400, epoch: 8 | loss: 0.2789178
	speed: 0.0717s/iter; left time: 1179.1656s
	iters: 500, epoch: 8 | loss: 0.1985057
	speed: 0.0722s/iter; left time: 1180.1417s
	iters: 600, epoch: 8 | loss: 0.3378958
	speed: 0.0736s/iter; left time: 1195.2330s
	iters: 700, epoch: 8 | loss: 0.2603609
	speed: 0.0728s/iter; left time: 1174.6960s
	iters: 800, epoch: 8 | loss: 0.2157397
	speed: 0.0724s/iter; left time: 1161.0792s
	iters: 900, epoch: 8 | loss: 0.2863513
	speed: 0.0798s/iter; left time: 1272.3662s
	iters: 1000, epoch: 8 | loss: 0.3410401
	speed: 0.0710s/iter; left time: 1123.9335s
	iters: 1100, epoch: 8 | loss: 0.2614252
	speed: 0.0664s/iter; left time: 1045.5115s
	iters: 1200, epoch: 8 | loss: 0.3127697
	speed: 0.0650s/iter; left time: 1016.2514s
Epoch: 8 cost time: 93.5239531993866
Epoch: 8, Steps: 1295 | Train Loss: 0.2906381 Vali Loss: 0.3182250 Test Loss: 0.3378251
EarlyStopping counter: 1 out of 3
Updating learning rate to 6.25e-05
	iters: 100, epoch: 9 | loss: 0.3116585
	speed: 0.0748s/iter; left time: 1155.2690s
	iters: 200, epoch: 9 | loss: 0.3459790
	speed: 0.0807s/iter; left time: 1237.6503s
	iters: 300, epoch: 9 | loss: 0.3595293
	speed: 0.0836s/iter; left time: 1273.6723s
	iters: 400, epoch: 9 | loss: 0.2682909
	speed: 0.0698s/iter; left time: 1057.5263s
	iters: 500, epoch: 9 | loss: 0.3196225
	speed: 0.0772s/iter; left time: 1161.3369s
	iters: 600, epoch: 9 | loss: 0.3287964
	speed: 0.0644s/iter; left time: 962.1557s
	iters: 700, epoch: 9 | loss: 0.2725989
	speed: 0.0697s/iter; left time: 1034.4326s
	iters: 800, epoch: 9 | loss: 0.2755042
	speed: 0.0724s/iter; left time: 1066.7125s
	iters: 900, epoch: 9 | loss: 0.2745491
	speed: 0.0743s/iter; left time: 1087.2152s
	iters: 1000, epoch: 9 | loss: 0.3220090
	speed: 0.0766s/iter; left time: 1113.6304s
	iters: 1100, epoch: 9 | loss: 0.2249248
	speed: 0.0729s/iter; left time: 1052.5038s
	iters: 1200, epoch: 9 | loss: 0.2731679
	speed: 0.0755s/iter; left time: 1082.2104s
Epoch: 9 cost time: 96.25237131118774
Epoch: 9, Steps: 1295 | Train Loss: 0.2770730 Vali Loss: 0.3108810 Test Loss: 0.3297838
Validation loss decreased (0.314378 --> 0.310881).  Saving model ...
	iters: 100, epoch: 10 | loss: 0.3727357
	speed: 0.0674s/iter; left time: 952.7780s
	iters: 200, epoch: 10 | loss: 0.2662733
	speed: 0.0719s/iter; left time: 1010.3457s
	iters: 300, epoch: 10 | loss: 0.2594049
	speed: 0.0700s/iter; left time: 976.3867s
	iters: 400, epoch: 10 | loss: 0.2697351
	speed: 0.0787s/iter; left time: 1089.3104s
	iters: 500, epoch: 10 | loss: 0.2049292
	speed: 0.0787s/iter; left time: 1082.1480s
	iters: 600, epoch: 10 | loss: 0.2558834
	speed: 0.0704s/iter; left time: 961.3510s
	iters: 700, epoch: 10 | loss: 0.2667797
	speed: 0.0704s/iter; left time: 953.7576s
	iters: 800, epoch: 10 | loss: 0.2558524
	speed: 0.0740s/iter; left time: 994.8695s
	iters: 900, epoch: 10 | loss: 0.2413855
	speed: 0.0795s/iter; left time: 1060.4499s
	iters: 1000, epoch: 10 | loss: 0.3020251
	speed: 0.0700s/iter; left time: 926.7689s
	iters: 1100, epoch: 10 | loss: 0.3051248
	speed: 0.0739s/iter; left time: 971.8209s
	iters: 1200, epoch: 10 | loss: 0.2650285
	speed: 0.0717s/iter; left time: 935.1666s
Epoch: 10 cost time: 94.602374792099
Epoch: 10, Steps: 1295 | Train Loss: 0.2717109 Vali Loss: 0.3114155 Test Loss: 0.3316199
EarlyStopping counter: 1 out of 3
Updating learning rate to 3.125e-05
	iters: 100, epoch: 11 | loss: 0.3466563
	speed: 0.0635s/iter; left time: 816.4761s
	iters: 200, epoch: 11 | loss: 0.2051148
	speed: 0.0682s/iter; left time: 869.3183s
	iters: 300, epoch: 11 | loss: 0.2682232
	speed: 0.0670s/iter; left time: 847.6014s
	iters: 400, epoch: 11 | loss: 0.2250003
	speed: 0.0631s/iter; left time: 792.0976s
	iters: 500, epoch: 11 | loss: 0.2672939
	speed: 0.0561s/iter; left time: 698.4190s
	iters: 600, epoch: 11 | loss: 0.2958970
	speed: 0.0669s/iter; left time: 825.9115s
	iters: 700, epoch: 11 | loss: 0.3248736
	speed: 0.0857s/iter; left time: 1049.8325s
	iters: 800, epoch: 11 | loss: 0.3007078
	speed: 0.0665s/iter; left time: 808.4781s
	iters: 900, epoch: 11 | loss: 0.2644856
	speed: 0.0728s/iter; left time: 876.8664s
	iters: 1000, epoch: 11 | loss: 0.3167525
	speed: 0.0666s/iter; left time: 795.8882s
	iters: 1100, epoch: 11 | loss: 0.2396132
	speed: 0.0771s/iter; left time: 914.1317s
	iters: 1200, epoch: 11 | loss: 0.2815554
	speed: 0.0701s/iter; left time: 823.7559s
Epoch: 11 cost time: 89.16953158378601
Epoch: 11, Steps: 1295 | Train Loss: 0.2639759 Vali Loss: 0.3119726 Test Loss: 0.3316721
EarlyStopping counter: 2 out of 3
	iters: 100, epoch: 12 | loss: 0.1966651
	speed: 0.0810s/iter; left time: 935.8472s
	iters: 200, epoch: 12 | loss: 0.2304242
	speed: 0.0738s/iter; left time: 845.0580s
	iters: 300, epoch: 12 | loss: 0.2664810
	speed: 0.0663s/iter; left time: 753.3680s
	iters: 400, epoch: 12 | loss: 0.1982276
	speed: 0.0663s/iter; left time: 746.1537s
	iters: 500, epoch: 12 | loss: 0.2576076
	speed: 0.0669s/iter; left time: 745.8439s
	iters: 600, epoch: 12 | loss: 0.2716934
	speed: 0.0713s/iter; left time: 788.8271s
	iters: 700, epoch: 12 | loss: 0.2515529
	speed: 0.0779s/iter; left time: 853.6959s
	iters: 800, epoch: 12 | loss: 0.2415016
	speed: 0.0699s/iter; left time: 758.4447s
	iters: 900, epoch: 12 | loss: 0.1993317
	speed: 0.0731s/iter; left time: 786.5204s
	iters: 1000, epoch: 12 | loss: 0.2070821
	speed: 0.0767s/iter; left time: 817.6496s
	iters: 1100, epoch: 12 | loss: 0.2274645
	speed: 0.0741s/iter; left time: 781.8477s
	iters: 1200, epoch: 12 | loss: 0.2861854
	speed: 0.0740s/iter; left time: 773.4583s
Epoch: 12 cost time: 93.44953274726868
Epoch: 12, Steps: 1295 | Train Loss: 0.2605731 Vali Loss: 0.3152455 Test Loss: 0.3353968
EarlyStopping counter: 3 out of 3
Early stopping
>>>>>>>testing : former_m_1999_il300_ol60_sl6_dm256_nh4_el3_itr0<<<<<<<<<<<<<<<<<<<<<<<<<<<<<<<<<
test 11883
mse:0.32948628067970276, mae:0.31708797812461853
Use GPU: cuda:1
>>>>>>>start training : former_m_1999_il300_ol60_sl6_dm256_nh4_el3_itr1>>>>>>>>>>>>>>>>>>>>>>>>>>
train 41440
val 5913
test 11883
	iters: 100, epoch: 1 | loss: 0.7361553
	speed: 0.0728s/iter; left time: 1878.6696s
	iters: 200, epoch: 1 | loss: 0.5762329
	speed: 0.0807s/iter; left time: 2073.5231s
	iters: 300, epoch: 1 | loss: 0.4754916
	speed: 0.0680s/iter; left time: 1740.7673s
	iters: 400, epoch: 1 | loss: 0.5824345
	speed: 0.0571s/iter; left time: 1457.1453s
	iters: 500, epoch: 1 | loss: 0.5945216
	speed: 0.0589s/iter; left time: 1495.8186s
	iters: 600, epoch: 1 | loss: 0.6861292
	speed: 0.0811s/iter; left time: 2050.7253s
	iters: 700, epoch: 1 | loss: 0.4345576
	speed: 0.0741s/iter; left time: 1867.1733s
	iters: 800, epoch: 1 | loss: 0.5217476
	speed: 0.0753s/iter; left time: 1889.0601s
	iters: 900, epoch: 1 | loss: 0.5851889
	speed: 0.0702s/iter; left time: 1754.8378s
	iters: 1000, epoch: 1 | loss: 0.6960953
	speed: 0.0726s/iter; left time: 1807.3198s
	iters: 1100, epoch: 1 | loss: 0.5341116
	speed: 0.0729s/iter; left time: 1807.2157s
	iters: 1200, epoch: 1 | loss: 0.4702684
	speed: 0.0752s/iter; left time: 1856.8617s
Epoch: 1 cost time: 92.43650531768799
Epoch: 1, Steps: 1295 | Train Loss: 0.9013513 Vali Loss: 0.4534765 Test Loss: 0.4597809
Validation loss decreased (inf --> 0.453476).  Saving model ...
	iters: 100, epoch: 2 | loss: 0.5119032
	speed: 0.0703s/iter; left time: 1722.6824s
	iters: 200, epoch: 2 | loss: 0.5894173
	speed: 0.0732s/iter; left time: 1785.6291s
	iters: 300, epoch: 2 | loss: 0.5735918
	speed: 0.0696s/iter; left time: 1692.8131s
	iters: 400, epoch: 2 | loss: 0.6049240
	speed: 0.0682s/iter; left time: 1651.3652s
	iters: 500, epoch: 2 | loss: 0.5602372
	speed: 0.0687s/iter; left time: 1655.4808s
	iters: 600, epoch: 2 | loss: 0.5903093
	speed: 0.0728s/iter; left time: 1747.6788s
	iters: 700, epoch: 2 | loss: 0.3771808
	speed: 0.0711s/iter; left time: 1698.8047s
	iters: 800, epoch: 2 | loss: 0.4095977
	speed: 0.0758s/iter; left time: 1805.4665s
	iters: 900, epoch: 2 | loss: 0.4871473
	speed: 0.0747s/iter; left time: 1769.6930s
	iters: 1000, epoch: 2 | loss: 0.5175436
	speed: 0.0731s/iter; left time: 1726.1992s
	iters: 1100, epoch: 2 | loss: 0.5423957
	speed: 0.0801s/iter; left time: 1882.5421s
	iters: 1200, epoch: 2 | loss: 0.4178615
	speed: 0.0733s/iter; left time: 1716.1629s
Epoch: 2 cost time: 95.36971521377563
Epoch: 2, Steps: 1295 | Train Loss: 0.4538040 Vali Loss: 0.4025046 Test Loss: 0.4153202
Validation loss decreased (0.453476 --> 0.402505).  Saving model ...
Updating learning rate to 0.0005
	iters: 100, epoch: 3 | loss: 0.5207136
	speed: 0.0725s/iter; left time: 1683.4343s
	iters: 200, epoch: 3 | loss: 0.3238943
	speed: 0.0743s/iter; left time: 1716.9019s
	iters: 300, epoch: 3 | loss: 0.3671371
	speed: 0.0707s/iter; left time: 1626.8862s
	iters: 400, epoch: 3 | loss: 0.3177900
	speed: 0.0718s/iter; left time: 1643.8977s
	iters: 500, epoch: 3 | loss: 0.4160003
	speed: 0.0719s/iter; left time: 1640.5034s
	iters: 600, epoch: 3 | loss: 0.3709921
	speed: 0.0662s/iter; left time: 1502.5933s
	iters: 700, epoch: 3 | loss: 0.4511813
	speed: 0.0644s/iter; left time: 1457.0690s
	iters: 800, epoch: 3 | loss: 0.3590895
	speed: 0.0757s/iter; left time: 1704.8736s
	iters: 900, epoch: 3 | loss: 0.3616328
	speed: 0.0648s/iter; left time: 1452.2057s
	iters: 1000, epoch: 3 | loss: 0.3878742
	speed: 0.0694s/iter; left time: 1548.6069s
	iters: 1100, epoch: 3 | loss: 0.3465321
	speed: 0.0710s/iter; left time: 1576.7826s
	iters: 1200, epoch: 3 | loss: 0.3184371
	speed: 0.0824s/iter; left time: 1820.8662s
Epoch: 3 cost time: 92.35363245010376
Epoch: 3, Steps: 1295 | Train Loss: 0.3869785 Vali Loss: 0.3587631 Test Loss: 0.3722799
Validation loss decreased (0.402505 --> 0.358763).  Saving model ...
	iters: 100, epoch: 4 | loss: 0.4296058
	speed: 0.0662s/iter; left time: 1449.9991s
	iters: 200, epoch: 4 | loss: 0.4791145
	speed: 0.0635s/iter; left time: 1384.7514s
	iters: 300, epoch: 4 | loss: 0.4033713
	speed: 0.0725s/iter; left time: 1575.4229s
	iters: 400, epoch: 4 | loss: 0.2673758
	speed: 0.0621s/iter; left time: 1342.9400s
	iters: 500, epoch: 4 | loss: 0.2699372
	speed: 0.0674s/iter; left time: 1449.2071s
	iters: 600, epoch: 4 | loss: 0.3501239
	speed: 0.0688s/iter; left time: 1473.3697s
	iters: 700, epoch: 4 | loss: 0.3156081
	speed: 0.0735s/iter; left time: 1566.9654s
	iters: 800, epoch: 4 | loss: 0.2978785
	speed: 0.0710s/iter; left time: 1506.9755s
	iters: 900, epoch: 4 | loss: 0.3457657
	speed: 0.0785s/iter; left time: 1657.7891s
	iters: 1000, epoch: 4 | loss: 0.3047480
	speed: 0.0628s/iter; left time: 1320.4350s
	iters: 1100, epoch: 4 | loss: 0.3669398
	speed: 0.0795s/iter; left time: 1662.2126s
	iters: 1200, epoch: 4 | loss: 0.4188213
	speed: 0.0731s/iter; left time: 1521.6490s
Epoch: 4 cost time: 90.73356080055237
Epoch: 4, Steps: 1295 | Train Loss: 0.3652046 Vali Loss: 0.3528036 Test Loss: 0.3598366
Validation loss decreased (0.358763 --> 0.352804).  Saving model ...
Updating learning rate to 0.00025
	iters: 100, epoch: 5 | loss: 0.2528865
	speed: 0.0725s/iter; left time: 1495.2713s
	iters: 200, epoch: 5 | loss: 0.3880592
	speed: 0.0698s/iter; left time: 1432.5653s
	iters: 300, epoch: 5 | loss: 0.2908643
	speed: 0.0752s/iter; left time: 1535.5329s
	iters: 400, epoch: 5 | loss: 0.2822779
	speed: 0.0730s/iter; left time: 1483.1456s
	iters: 500, epoch: 5 | loss: 0.4087899
	speed: 0.0689s/iter; left time: 1393.0275s
	iters: 600, epoch: 5 | loss: 0.2739264
	speed: 0.0725s/iter; left time: 1458.9049s
	iters: 700, epoch: 5 | loss: 0.2451297
	speed: 0.0746s/iter; left time: 1493.0455s
	iters: 800, epoch: 5 | loss: 0.3139210
	speed: 0.0742s/iter; left time: 1479.0946s
	iters: 900, epoch: 5 | loss: 0.2503415
	speed: 0.0692s/iter; left time: 1370.9370s
	iters: 1000, epoch: 5 | loss: 0.3344735
	speed: 0.0749s/iter; left time: 1476.4598s
	iters: 1100, epoch: 5 | loss: 0.3523103
	speed: 0.0716s/iter; left time: 1404.1956s
	iters: 1200, epoch: 5 | loss: 0.3817521
	speed: 0.0695s/iter; left time: 1356.1485s
Epoch: 5 cost time: 94.28882908821106
Epoch: 5, Steps: 1295 | Train Loss: 0.3302909 Vali Loss: 0.3201493 Test Loss: 0.3385572
Validation loss decreased (0.352804 --> 0.320149).  Saving model ...
	iters: 100, epoch: 6 | loss: 0.4066122
	speed: 0.0669s/iter; left time: 1292.8811s
	iters: 200, epoch: 6 | loss: 0.3241239
	speed: 0.0775s/iter; left time: 1489.9137s
	iters: 300, epoch: 6 | loss: 0.3396438
	speed: 0.0686s/iter; left time: 1312.3381s
	iters: 400, epoch: 6 | loss: 0.4529433
	speed: 0.0726s/iter; left time: 1381.5608s
	iters: 500, epoch: 6 | loss: 0.3755260
	speed: 0.0652s/iter; left time: 1234.7334s
	iters: 600, epoch: 6 | loss: 0.3088411
	speed: 0.0737s/iter; left time: 1387.6990s
	iters: 700, epoch: 6 | loss: 0.3633923
	speed: 0.0653s/iter; left time: 1223.5388s
	iters: 800, epoch: 6 | loss: 0.3341284
	speed: 0.0707s/iter; left time: 1316.4166s
	iters: 900, epoch: 6 | loss: 0.2811089
	speed: 0.0698s/iter; left time: 1292.8835s
	iters: 1000, epoch: 6 | loss: 0.3059684
	speed: 0.0657s/iter; left time: 1210.8777s
	iters: 1100, epoch: 6 | loss: 0.3370113
	speed: 0.0759s/iter; left time: 1390.0685s
	iters: 1200, epoch: 6 | loss: 0.3316830
	speed: 0.0770s/iter; left time: 1402.7812s
Epoch: 6 cost time: 91.03181409835815
Epoch: 6, Steps: 1295 | Train Loss: 0.3212213 Vali Loss: 0.3219240 Test Loss: 0.3372924
EarlyStopping counter: 1 out of 3
Updating learning rate to 0.000125
	iters: 100, epoch: 7 | loss: 0.3475814
	speed: 0.0705s/iter; left time: 1271.6006s
	iters: 200, epoch: 7 | loss: 0.3253413
	speed: 0.0673s/iter; left time: 1207.0976s
	iters: 300, epoch: 7 | loss: 0.2941179
	speed: 0.0703s/iter; left time: 1254.3745s
	iters: 400, epoch: 7 | loss: 0.2916256
	speed: 0.0713s/iter; left time: 1264.5066s
	iters: 500, epoch: 7 | loss: 0.2824214
	speed: 0.0755s/iter; left time: 1331.4026s
	iters: 600, epoch: 7 | loss: 0.3531814
	speed: 0.0731s/iter; left time: 1280.9083s
	iters: 700, epoch: 7 | loss: 0.2410619
	speed: 0.0740s/iter; left time: 1289.6705s
	iters: 800, epoch: 7 | loss: 0.2801558
	speed: 0.0717s/iter; left time: 1242.1554s
	iters: 900, epoch: 7 | loss: 0.3136755
	speed: 0.0733s/iter; left time: 1263.2074s
	iters: 1000, epoch: 7 | loss: 0.2485699
	speed: 0.0797s/iter; left time: 1366.0060s
	iters: 1100, epoch: 7 | loss: 0.2314262
	speed: 0.0851s/iter; left time: 1448.5212s
	iters: 1200, epoch: 7 | loss: 0.3743072
	speed: 0.0764s/iter; left time: 1293.2396s
Epoch: 7 cost time: 96.38446068763733
Epoch: 7, Steps: 1295 | Train Loss: 0.3003856 Vali Loss: 0.3128538 Test Loss: 0.3349249
Validation loss decreased (0.320149 --> 0.312854).  Saving model ...
	iters: 100, epoch: 8 | loss: 0.2589641
	speed: 0.0767s/iter; left time: 1283.5348s
	iters: 200, epoch: 8 | loss: 0.2770981
	speed: 0.0740s/iter; left time: 1231.5007s
	iters: 300, epoch: 8 | loss: 0.3070391
	speed: 0.0743s/iter; left time: 1228.6729s
	iters: 400, epoch: 8 | loss: 0.2034112
	speed: 0.0802s/iter; left time: 1318.1188s
	iters: 500, epoch: 8 | loss: 0.2747542
	speed: 0.0734s/iter; left time: 1198.5649s
	iters: 600, epoch: 8 | loss: 0.2070996
	speed: 0.0711s/iter; left time: 1153.8220s
	iters: 700, epoch: 8 | loss: 0.2608075
	speed: 0.0735s/iter; left time: 1185.2970s
	iters: 800, epoch: 8 | loss: 0.2716798
	speed: 0.0740s/iter; left time: 1186.3824s
	iters: 900, epoch: 8 | loss: 0.2889766
	speed: 0.0664s/iter; left time: 1058.8819s
	iters: 1000, epoch: 8 | loss: 0.3135839
	speed: 0.0763s/iter; left time: 1207.9526s
	iters: 1100, epoch: 8 | loss: 0.2603054
	speed: 0.0758s/iter; left time: 1193.1678s
	iters: 1200, epoch: 8 | loss: 0.2242187
	speed: 0.0793s/iter; left time: 1239.7200s
Epoch: 8 cost time: 97.1637315750122
Epoch: 8, Steps: 1295 | Train Loss: 0.2925941 Vali Loss: 0.3031360 Test Loss: 0.3273691
Validation loss decreased (0.312854 --> 0.303136).  Saving model ...
Updating learning rate to 6.25e-05
	iters: 100, epoch: 9 | loss: 0.2263757
	speed: 0.0681s/iter; left time: 1052.1207s
	iters: 200, epoch: 9 | loss: 0.2814315
	speed: 0.0730s/iter; left time: 1119.1497s
	iters: 300, epoch: 9 | loss: 0.2754170
	speed: 0.0649s/iter; left time: 989.6885s
	iters: 400, epoch: 9 | loss: 0.3309284
	speed: 0.0670s/iter; left time: 1014.1356s
	iters: 500, epoch: 9 | loss: 0.3179675
	speed: 0.0711s/iter; left time: 1069.7711s
	iters: 600, epoch: 9 | loss: 0.1987076
	speed: 0.0724s/iter; left time: 1082.4230s
	iters: 700, epoch: 9 | loss: 0.2537478
	speed: 0.0675s/iter; left time: 1002.3095s
	iters: 800, epoch: 9 | loss: 0.2441044
	speed: 0.0691s/iter; left time: 1018.7383s
	iters: 900, epoch: 9 | loss: 0.2712735
	speed: 0.0686s/iter; left time: 1004.6496s
	iters: 1000, epoch: 9 | loss: 0.2749306
	speed: 0.0722s/iter; left time: 1050.2164s
	iters: 1100, epoch: 9 | loss: 0.3156398
	speed: 0.0711s/iter; left time: 1026.0725s
	iters: 1200, epoch: 9 | loss: 0.2124974
	speed: 0.0695s/iter; left time: 996.7922s
Epoch: 9 cost time: 90.77333402633667
Epoch: 9, Steps: 1295 | Train Loss: 0.2781067 Vali Loss: 0.3054018 Test Loss: 0.3296224
EarlyStopping counter: 1 out of 3
	iters: 100, epoch: 10 | loss: 0.2970240
	speed: 0.0690s/iter; left time: 976.3244s
	iters: 200, epoch: 10 | loss: 0.3168387
	speed: 0.0663s/iter; left time: 931.1191s
	iters: 300, epoch: 10 | loss: 0.2653024
	speed: 0.0703s/iter; left time: 980.5629s
	iters: 400, epoch: 10 | loss: 0.2573110
	speed: 0.0797s/iter; left time: 1103.1573s
	iters: 500, epoch: 10 | loss: 0.2409976
	speed: 0.0637s/iter; left time: 875.4571s
	iters: 600, epoch: 10 | loss: 0.3271567
	speed: 0.0577s/iter; left time: 787.5255s
	iters: 700, epoch: 10 | loss: 0.1993517
	speed: 0.0764s/iter; left time: 1034.3004s
	iters: 800, epoch: 10 | loss: 0.2510889
	speed: 0.0754s/iter; left time: 1013.3834s
	iters: 900, epoch: 10 | loss: 0.1842520
	speed: 0.0704s/iter; left time: 940.0147s
	iters: 1000, epoch: 10 | loss: 0.2647578
	speed: 0.0796s/iter; left time: 1054.5861s
	iters: 1100, epoch: 10 | loss: 0.2902451
	speed: 0.0690s/iter; left time: 907.6411s
	iters: 1200, epoch: 10 | loss: 0.2487359
	speed: 0.0762s/iter; left time: 994.2810s
Epoch: 10 cost time: 92.59056115150452
Epoch: 10, Steps: 1295 | Train Loss: 0.2723804 Vali Loss: 0.3075428 Test Loss: 0.3319054
EarlyStopping counter: 2 out of 3
Updating learning rate to 3.125e-05
	iters: 100, epoch: 11 | loss: 0.2642835
	speed: 0.0684s/iter; left time: 878.9922s
	iters: 200, epoch: 11 | loss: 0.3137135
	speed: 0.0763s/iter; left time: 973.4558s
	iters: 300, epoch: 11 | loss: 0.2641709
	speed: 0.0701s/iter; left time: 886.9398s
	iters: 400, epoch: 11 | loss: 0.1990239
	speed: 0.0703s/iter; left time: 882.7014s
	iters: 500, epoch: 11 | loss: 0.2441702
	speed: 0.0709s/iter; left time: 883.3079s
	iters: 600, epoch: 11 | loss: 0.2998826
	speed: 0.0770s/iter; left time: 951.3975s
	iters: 700, epoch: 11 | loss: 0.2566821
	speed: 0.0837s/iter; left time: 1025.4907s
	iters: 800, epoch: 11 | loss: 0.2646486
	speed: 0.0707s/iter; left time: 859.3521s
	iters: 900, epoch: 11 | loss: 0.2944900
	speed: 0.0736s/iter; left time: 886.8698s
	iters: 1000, epoch: 11 | loss: 0.2249891
	speed: 0.0678s/iter; left time: 809.8344s
	iters: 1100, epoch: 11 | loss: 0.2745553
	speed: 0.0735s/iter; left time: 871.2625s
	iters: 1200, epoch: 11 | loss: 0.2533872
	speed: 0.0819s/iter; left time: 962.4965s
Epoch: 11 cost time: 96.22899270057678
Epoch: 11, Steps: 1295 | Train Loss: 0.2635597 Vali Loss: 0.3056915 Test Loss: 0.3310677
EarlyStopping counter: 3 out of 3
Early stopping
>>>>>>>testing : former_m_1999_il300_ol60_sl6_dm256_nh4_el3_itr1<<<<<<<<<<<<<<<<<<<<<<<<<<<<<<<<<
test 11883
mse:0.3267224431037903, mae:0.3154681622982025
Use GPU: cuda:1
>>>>>>>start training : former_m_1999_il300_ol60_sl6_dm256_nh4_el3_itr2>>>>>>>>>>>>>>>>>>>>>>>>>>
train 41440
val 5913
test 11883
	iters: 100, epoch: 1 | loss: 0.7477409
	speed: 0.0699s/iter; left time: 1804.7480s
	iters: 200, epoch: 1 | loss: 0.7174315
	speed: 0.0727s/iter; left time: 1868.8045s
	iters: 300, epoch: 1 | loss: 0.6051207
	speed: 0.0687s/iter; left time: 1758.2078s
	iters: 400, epoch: 1 | loss: 0.6917751
	speed: 0.0707s/iter; left time: 1802.6411s
	iters: 500, epoch: 1 | loss: 0.6400246
	speed: 0.0759s/iter; left time: 1928.9922s
	iters: 600, epoch: 1 | loss: 0.6093600
	speed: 0.0755s/iter; left time: 1909.4485s
	iters: 700, epoch: 1 | loss: 0.6051650
	speed: 0.0727s/iter; left time: 1833.1781s
	iters: 800, epoch: 1 | loss: 0.5556482
	speed: 0.0809s/iter; left time: 2031.3142s
	iters: 900, epoch: 1 | loss: 0.5724915
	speed: 0.0751s/iter; left time: 1876.9155s
	iters: 1000, epoch: 1 | loss: 0.5559783
	speed: 0.0753s/iter; left time: 1875.5170s
	iters: 1100, epoch: 1 | loss: 0.4920029
	speed: 0.0694s/iter; left time: 1721.0497s
	iters: 1200, epoch: 1 | loss: 0.4677231
	speed: 0.0815s/iter; left time: 2012.8278s
Epoch: 1 cost time: 95.73869681358337
Epoch: 1, Steps: 1295 | Train Loss: 0.9039219 Vali Loss: 0.4422774 Test Loss: 0.4474592
Validation loss decreased (inf --> 0.442277).  Saving model ...
	iters: 100, epoch: 2 | loss: 0.4870752
	speed: 0.0721s/iter; left time: 1767.6287s
	iters: 200, epoch: 2 | loss: 0.3738920
	speed: 0.0665s/iter; left time: 1623.8457s
	iters: 300, epoch: 2 | loss: 0.4474154
	speed: 0.0742s/iter; left time: 1804.0089s
	iters: 400, epoch: 2 | loss: 0.3792202
	speed: 0.0749s/iter; left time: 1812.7780s
	iters: 500, epoch: 2 | loss: 0.4861795
	speed: 0.0700s/iter; left time: 1686.7420s
	iters: 600, epoch: 2 | loss: 0.4281209
	speed: 0.0817s/iter; left time: 1960.6336s
	iters: 700, epoch: 2 | loss: 0.5345752
	speed: 0.0745s/iter; left time: 1780.9413s
	iters: 800, epoch: 2 | loss: 0.4762303
	speed: 0.0732s/iter; left time: 1741.7550s
	iters: 900, epoch: 2 | loss: 0.5767649
	speed: 0.0779s/iter; left time: 1846.7485s
	iters: 1000, epoch: 2 | loss: 0.3696608
	speed: 0.0693s/iter; left time: 1636.9059s
	iters: 1100, epoch: 2 | loss: 0.4011695
	speed: 0.0811s/iter; left time: 1905.1971s
	iters: 1200, epoch: 2 | loss: 0.4285061
	speed: 0.0767s/iter; left time: 1795.1971s
Epoch: 2 cost time: 96.04794263839722
Epoch: 2, Steps: 1295 | Train Loss: 0.4488749 Vali Loss: 0.3971723 Test Loss: 0.4145304
Validation loss decreased (0.442277 --> 0.397172).  Saving model ...
Updating learning rate to 0.0005
	iters: 100, epoch: 3 | loss: 0.4797013
	speed: 0.0650s/iter; left time: 1508.3345s
	iters: 200, epoch: 3 | loss: 0.4214991
	speed: 0.0705s/iter; left time: 1628.6417s
	iters: 300, epoch: 3 | loss: 0.3167979
	speed: 0.0717s/iter; left time: 1648.9644s
	iters: 400, epoch: 3 | loss: 0.3806579
	speed: 0.0746s/iter; left time: 1709.4410s
	iters: 500, epoch: 3 | loss: 0.3630614
	speed: 0.0751s/iter; left time: 1713.9858s
	iters: 600, epoch: 3 | loss: 0.4376850
	speed: 0.0818s/iter; left time: 1857.4842s
	iters: 700, epoch: 3 | loss: 0.4218996
	speed: 0.0694s/iter; left time: 1568.2326s
	iters: 800, epoch: 3 | loss: 0.3673494
	speed: 0.0727s/iter; left time: 1637.0642s
	iters: 900, epoch: 3 | loss: 0.3647159
	speed: 0.0784s/iter; left time: 1757.2846s
	iters: 1000, epoch: 3 | loss: 0.3076661
	speed: 0.0831s/iter; left time: 1852.9302s
	iters: 1100, epoch: 3 | loss: 0.2999030
	speed: 0.0691s/iter; left time: 1534.7908s
	iters: 1200, epoch: 3 | loss: 0.3613425
	speed: 0.0812s/iter; left time: 1795.3072s
Epoch: 3 cost time: 96.27514624595642
Epoch: 3, Steps: 1295 | Train Loss: 0.3808549 Vali Loss: 0.3478980 Test Loss: 0.3623450
Validation loss decreased (0.397172 --> 0.347898).  Saving model ...
	iters: 100, epoch: 4 | loss: 0.4084662
	speed: 0.0722s/iter; left time: 1583.3437s
	iters: 200, epoch: 4 | loss: 0.4295825
	speed: 0.0698s/iter; left time: 1523.7562s
	iters: 300, epoch: 4 | loss: 0.3664568
	speed: 0.0656s/iter; left time: 1425.0507s
	iters: 400, epoch: 4 | loss: 0.3610715
	speed: 0.0766s/iter; left time: 1656.0222s
	iters: 500, epoch: 4 | loss: 0.4211724
	speed: 0.0809s/iter; left time: 1740.4409s
	iters: 600, epoch: 4 | loss: 0.3902088
	speed: 0.0825s/iter; left time: 1767.1183s
	iters: 700, epoch: 4 | loss: 0.4226857
	speed: 0.0747s/iter; left time: 1592.8168s
	iters: 800, epoch: 4 | loss: 0.3168301
	speed: 0.0755s/iter; left time: 1601.1528s
	iters: 900, epoch: 4 | loss: 0.3320164
	speed: 0.0721s/iter; left time: 1522.6514s
	iters: 1000, epoch: 4 | loss: 0.3336706
	speed: 0.0741s/iter; left time: 1557.9070s
	iters: 1100, epoch: 4 | loss: 0.3744158
	speed: 0.0744s/iter; left time: 1556.9105s
	iters: 1200, epoch: 4 | loss: 0.3420529
	speed: 0.0723s/iter; left time: 1505.2247s
Epoch: 4 cost time: 96.7893922328949
Epoch: 4, Steps: 1295 | Train Loss: 0.3614276 Vali Loss: 0.3374878 Test Loss: 0.3519325
Validation loss decreased (0.347898 --> 0.337488).  Saving model ...
Updating learning rate to 0.00025
	iters: 100, epoch: 5 | loss: 0.3648848
	speed: 0.0767s/iter; left time: 1580.7696s
	iters: 200, epoch: 5 | loss: 0.3014519
	speed: 0.0648s/iter; left time: 1330.2401s
	iters: 300, epoch: 5 | loss: 0.2324543
	speed: 0.0757s/iter; left time: 1545.2996s
	iters: 400, epoch: 5 | loss: 0.4034157
	speed: 0.0666s/iter; left time: 1352.8940s
	iters: 500, epoch: 5 | loss: 0.3571214
	speed: 0.0657s/iter; left time: 1328.8264s
	iters: 600, epoch: 5 | loss: 0.3415484
	speed: 0.0679s/iter; left time: 1366.3880s
	iters: 700, epoch: 5 | loss: 0.3066719
	speed: 0.0634s/iter; left time: 1268.3918s
	iters: 800, epoch: 5 | loss: 0.3265945
	speed: 0.0654s/iter; left time: 1302.9555s
	iters: 900, epoch: 5 | loss: 0.3745178
	speed: 0.0673s/iter; left time: 1333.3441s
	iters: 1000, epoch: 5 | loss: 0.3676337
	speed: 0.0821s/iter; left time: 1618.6980s
	iters: 1100, epoch: 5 | loss: 0.3033615
	speed: 0.0791s/iter; left time: 1551.2939s
	iters: 1200, epoch: 5 | loss: 0.2660680
	speed: 0.0712s/iter; left time: 1390.0080s
Epoch: 5 cost time: 91.67245173454285
Epoch: 5, Steps: 1295 | Train Loss: 0.3265987 Vali Loss: 0.3249379 Test Loss: 0.3482048
Validation loss decreased (0.337488 --> 0.324938).  Saving model ...
	iters: 100, epoch: 6 | loss: 0.3030374
	speed: 0.0726s/iter; left time: 1403.7423s
	iters: 200, epoch: 6 | loss: 0.2488776
	speed: 0.0798s/iter; left time: 1533.5861s
	iters: 300, epoch: 6 | loss: 0.3242821
	speed: 0.0795s/iter; left time: 1520.8942s
	iters: 400, epoch: 6 | loss: 0.3103666
	speed: 0.0727s/iter; left time: 1382.3178s
	iters: 500, epoch: 6 | loss: 0.3140128
	speed: 0.0762s/iter; left time: 1442.1494s
	iters: 600, epoch: 6 | loss: 0.3140680
	speed: 0.0733s/iter; left time: 1380.3622s
	iters: 700, epoch: 6 | loss: 0.2713231
	speed: 0.0765s/iter; left time: 1433.4715s
	iters: 800, epoch: 6 | loss: 0.3251501
	speed: 0.0823s/iter; left time: 1532.8985s
	iters: 900, epoch: 6 | loss: 0.3016985
	speed: 0.0701s/iter; left time: 1299.3189s
	iters: 1000, epoch: 6 | loss: 0.3555039
	speed: 0.0766s/iter; left time: 1410.8759s
	iters: 1100, epoch: 6 | loss: 0.3850467
	speed: 0.0719s/iter; left time: 1318.4416s
	iters: 1200, epoch: 6 | loss: 0.3033674
	speed: 0.0793s/iter; left time: 1445.5468s
Epoch: 6 cost time: 98.48920392990112
Epoch: 6, Steps: 1295 | Train Loss: 0.3173727 Vali Loss: 0.3142531 Test Loss: 0.3309870
Validation loss decreased (0.324938 --> 0.314253).  Saving model ...
Updating learning rate to 0.000125
	iters: 100, epoch: 7 | loss: 0.3130048
	speed: 0.0684s/iter; left time: 1232.6549s
	iters: 200, epoch: 7 | loss: 0.2684847
	speed: 0.0771s/iter; left time: 1383.2831s
	iters: 300, epoch: 7 | loss: 0.2679667
	speed: 0.0728s/iter; left time: 1297.4793s
	iters: 400, epoch: 7 | loss: 0.3535074
	speed: 0.0794s/iter; left time: 1407.8391s
	iters: 500, epoch: 7 | loss: 0.2870972
	speed: 0.0827s/iter; left time: 1457.8351s
	iters: 600, epoch: 7 | loss: 0.2472063
	speed: 0.0750s/iter; left time: 1314.2735s
	iters: 700, epoch: 7 | loss: 0.3602563
	speed: 0.0712s/iter; left time: 1241.0517s
	iters: 800, epoch: 7 | loss: 0.2448020
	speed: 0.0825s/iter; left time: 1430.6270s
	iters: 900, epoch: 7 | loss: 0.2866757
	speed: 0.0739s/iter; left time: 1273.5051s
	iters: 1000, epoch: 7 | loss: 0.2417636
	speed: 0.0696s/iter; left time: 1191.9575s
	iters: 1100, epoch: 7 | loss: 0.3431438
	speed: 0.0810s/iter; left time: 1379.9589s
	iters: 1200, epoch: 7 | loss: 0.3087466
	speed: 0.0690s/iter; left time: 1167.6938s
Epoch: 7 cost time: 97.53245162963867
Epoch: 7, Steps: 1295 | Train Loss: 0.2963778 Vali Loss: 0.3182151 Test Loss: 0.3362647
EarlyStopping counter: 1 out of 3
	iters: 100, epoch: 8 | loss: 0.2528099
	speed: 0.0626s/iter; left time: 1048.3412s
	iters: 200, epoch: 8 | loss: 0.4061384
	speed: 0.0725s/iter; left time: 1205.9865s
	iters: 300, epoch: 8 | loss: 0.3203056
	speed: 0.0892s/iter; left time: 1474.6877s
	iters: 400, epoch: 8 | loss: 0.3720340
	speed: 0.0696s/iter; left time: 1143.7086s
	iters: 500, epoch: 8 | loss: 0.2477365
	speed: 0.0810s/iter; left time: 1323.5762s
	iters: 600, epoch: 8 | loss: 0.2440621
	speed: 0.0734s/iter; left time: 1191.9894s
	iters: 700, epoch: 8 | loss: 0.2922937
	speed: 0.0733s/iter; left time: 1182.6930s
	iters: 800, epoch: 8 | loss: 0.2894943
	speed: 0.0715s/iter; left time: 1147.1301s
	iters: 900, epoch: 8 | loss: 0.2778574
	speed: 0.0703s/iter; left time: 1120.4816s
	iters: 1000, epoch: 8 | loss: 0.2577552
	speed: 0.0817s/iter; left time: 1293.1265s
	iters: 1100, epoch: 8 | loss: 0.3442795
	speed: 0.0796s/iter; left time: 1251.9985s
	iters: 1200, epoch: 8 | loss: 0.3361047
	speed: 0.0763s/iter; left time: 1192.5138s
Epoch: 8 cost time: 97.17133355140686
Epoch: 8, Steps: 1295 | Train Loss: 0.2885018 Vali Loss: 0.3064152 Test Loss: 0.3319910
Validation loss decreased (0.314253 --> 0.306415).  Saving model ...
Updating learning rate to 6.25e-05
	iters: 100, epoch: 9 | loss: 0.3007096
	speed: 0.0721s/iter; left time: 1113.4544s
	iters: 200, epoch: 9 | loss: 0.2510213
	speed: 0.0748s/iter; left time: 1148.2409s
	iters: 300, epoch: 9 | loss: 0.2456970
	speed: 0.0789s/iter; left time: 1203.0535s
	iters: 400, epoch: 9 | loss: 0.2310774
	speed: 0.0858s/iter; left time: 1298.9906s
	iters: 500, epoch: 9 | loss: 0.2386952
	speed: 0.0761s/iter; left time: 1144.3078s
	iters: 600, epoch: 9 | loss: 0.2674647
	speed: 0.0786s/iter; left time: 1174.5327s
	iters: 700, epoch: 9 | loss: 0.2378397
	speed: 0.0833s/iter; left time: 1236.0748s
	iters: 800, epoch: 9 | loss: 0.3100322
	speed: 0.0738s/iter; left time: 1087.3410s
	iters: 900, epoch: 9 | loss: 0.2028664
	speed: 0.0832s/iter; left time: 1217.4791s
	iters: 1000, epoch: 9 | loss: 0.2838301
	speed: 0.0682s/iter; left time: 991.3505s
	iters: 1100, epoch: 9 | loss: 0.2219449
	speed: 0.0873s/iter; left time: 1260.3964s
	iters: 1200, epoch: 9 | loss: 0.2939113
	speed: 0.0754s/iter; left time: 1080.9726s
Epoch: 9 cost time: 100.21826076507568
Epoch: 9, Steps: 1295 | Train Loss: 0.2743582 Vali Loss: 0.3027433 Test Loss: 0.3313381
Validation loss decreased (0.306415 --> 0.302743).  Saving model ...
	iters: 100, epoch: 10 | loss: 0.2457832
	speed: 0.0626s/iter; left time: 885.0177s
	iters: 200, epoch: 10 | loss: 0.2702648
	speed: 0.0718s/iter; left time: 1008.8743s
	iters: 300, epoch: 10 | loss: 0.2706607
	speed: 0.0679s/iter; left time: 947.2205s
	iters: 400, epoch: 10 | loss: 0.2583340
	speed: 0.0796s/iter; left time: 1101.6947s
	iters: 500, epoch: 10 | loss: 0.2869056
	speed: 0.0828s/iter; left time: 1137.6374s
	iters: 600, epoch: 10 | loss: 0.2394900
	speed: 0.0727s/iter; left time: 992.2784s
	iters: 700, epoch: 10 | loss: 0.2522517
	speed: 0.0720s/iter; left time: 975.0143s
	iters: 800, epoch: 10 | loss: 0.2673171
	speed: 0.0751s/iter; left time: 1009.7554s
	iters: 900, epoch: 10 | loss: 0.2726653
	speed: 0.0796s/iter; left time: 1062.9301s
	iters: 1000, epoch: 10 | loss: 0.3393301
	speed: 0.0760s/iter; left time: 1007.0938s
	iters: 1100, epoch: 10 | loss: 0.2198694
	speed: 0.0783s/iter; left time: 1028.7931s
	iters: 1200, epoch: 10 | loss: 0.3404145
	speed: 0.0769s/iter; left time: 1002.7690s
Epoch: 10 cost time: 96.50650119781494
Epoch: 10, Steps: 1295 | Train Loss: 0.2684682 Vali Loss: 0.3096743 Test Loss: 0.3367071
EarlyStopping counter: 1 out of 3
Updating learning rate to 3.125e-05
	iters: 100, epoch: 11 | loss: 0.2331593
	speed: 0.0674s/iter; left time: 866.0158s
	iters: 200, epoch: 11 | loss: 0.2556561
	speed: 0.0713s/iter; left time: 909.2216s
	iters: 300, epoch: 11 | loss: 0.2595388
	speed: 0.0688s/iter; left time: 869.9143s
	iters: 400, epoch: 11 | loss: 0.2352199
	speed: 0.0787s/iter; left time: 987.2479s
	iters: 500, epoch: 11 | loss: 0.3189933
	speed: 0.0786s/iter; left time: 979.1960s
	iters: 600, epoch: 11 | loss: 0.2958367
	speed: 0.0831s/iter; left time: 1026.5532s
	iters: 700, epoch: 11 | loss: 0.2969663
	speed: 0.0765s/iter; left time: 936.9646s
	iters: 800, epoch: 11 | loss: 0.3380286
	speed: 0.0768s/iter; left time: 933.6289s
	iters: 900, epoch: 11 | loss: 0.2645777
	speed: 0.0738s/iter; left time: 889.7799s
	iters: 1000, epoch: 11 | loss: 0.2474337
	speed: 0.0721s/iter; left time: 861.5162s
	iters: 1100, epoch: 11 | loss: 0.2191408
	speed: 0.0854s/iter; left time: 1012.1363s
	iters: 1200, epoch: 11 | loss: 0.2226256
	speed: 0.0714s/iter; left time: 838.5822s
Epoch: 11 cost time: 97.53321623802185
Epoch: 11, Steps: 1295 | Train Loss: 0.2597754 Vali Loss: 0.3008285 Test Loss: 0.3320148
Validation loss decreased (0.302743 --> 0.300828).  Saving model ...
	iters: 100, epoch: 12 | loss: 0.2692744
	speed: 0.0713s/iter; left time: 823.5380s
	iters: 200, epoch: 12 | loss: 0.2385953
	speed: 0.0719s/iter; left time: 823.6558s
	iters: 300, epoch: 12 | loss: 0.2509903
	speed: 0.0694s/iter; left time: 788.5256s
	iters: 400, epoch: 12 | loss: 0.2730633
	speed: 0.0744s/iter; left time: 836.9854s
	iters: 500, epoch: 12 | loss: 0.2582535
	speed: 0.0772s/iter; left time: 861.7092s
	iters: 600, epoch: 12 | loss: 0.2343905
	speed: 0.0775s/iter; left time: 856.6864s
	iters: 700, epoch: 12 | loss: 0.2300732
	speed: 0.0855s/iter; left time: 936.7854s
	iters: 800, epoch: 12 | loss: 0.3341977
	speed: 0.0716s/iter; left time: 776.9817s
	iters: 900, epoch: 12 | loss: 0.2818734
	speed: 0.0791s/iter; left time: 851.2255s
	iters: 1000, epoch: 12 | loss: 0.2900933
	speed: 0.0776s/iter; left time: 826.9694s
	iters: 1100, epoch: 12 | loss: 0.2444680
	speed: 0.0768s/iter; left time: 811.0514s
	iters: 1200, epoch: 12 | loss: 0.3211927
	speed: 0.0768s/iter; left time: 802.5194s
Epoch: 12 cost time: 98.99010825157166
Epoch: 12, Steps: 1295 | Train Loss: 0.2563722 Vali Loss: 0.3007057 Test Loss: 0.3307829
Validation loss decreased (0.300828 --> 0.300706).  Saving model ...
	iters: 100, epoch: 13 | loss: 0.2425230
	speed: 0.0700s/iter; left time: 717.9760s
	iters: 200, epoch: 13 | loss: 0.2384801
	speed: 0.0649s/iter; left time: 659.7878s
	iters: 300, epoch: 13 | loss: 0.2073064
	speed: 0.0724s/iter; left time: 728.0773s
	iters: 400, epoch: 13 | loss: 0.2173535
	speed: 0.0695s/iter; left time: 692.0425s
	iters: 500, epoch: 13 | loss: 0.1690645
	speed: 0.0776s/iter; left time: 765.4927s
	iters: 600, epoch: 13 | loss: 0.2414969
	speed: 0.0775s/iter; left time: 756.8626s
	iters: 700, epoch: 13 | loss: 0.3375779
	speed: 0.0817s/iter; left time: 789.4227s
	iters: 800, epoch: 13 | loss: 0.2616313
	speed: 0.0852s/iter; left time: 814.7517s
	iters: 900, epoch: 13 | loss: 0.2207030
	speed: 0.0869s/iter; left time: 822.3405s
	iters: 1000, epoch: 13 | loss: 0.1963643
	speed: 0.0768s/iter; left time: 719.0749s
	iters: 1100, epoch: 13 | loss: 0.3092577
	speed: 0.0784s/iter; left time: 726.3001s
	iters: 1200, epoch: 13 | loss: 0.2334727
	speed: 0.0701s/iter; left time: 641.9972s
Epoch: 13 cost time: 98.90669870376587
Epoch: 13, Steps: 1295 | Train Loss: 0.2531576 Vali Loss: 0.3022704 Test Loss: 0.3350103
EarlyStopping counter: 1 out of 3
	iters: 100, epoch: 14 | loss: 0.2250005
	speed: 0.0685s/iter; left time: 613.7740s
	iters: 200, epoch: 14 | loss: 0.2848544
	speed: 0.0707s/iter; left time: 626.9246s
	iters: 300, epoch: 14 | loss: 0.2545716
	speed: 0.0745s/iter; left time: 653.2795s
	iters: 400, epoch: 14 | loss: 0.1716233
	speed: 0.0759s/iter; left time: 657.3270s
	iters: 500, epoch: 14 | loss: 0.2134122
	speed: 0.0740s/iter; left time: 633.6046s
	iters: 600, epoch: 14 | loss: 0.2359463
	speed: 0.0732s/iter; left time: 619.5934s
	iters: 700, epoch: 14 | loss: 0.2285903
	speed: 0.0746s/iter; left time: 624.1577s
	iters: 800, epoch: 14 | loss: 0.2618659
	speed: 0.0769s/iter; left time: 635.9848s
	iters: 900, epoch: 14 | loss: 0.2227753
	speed: 0.0786s/iter; left time: 641.7110s
	iters: 1000, epoch: 14 | loss: 0.2184332
	speed: 0.0837s/iter; left time: 674.8796s
	iters: 1100, epoch: 14 | loss: 0.2562662
	speed: 0.0740s/iter; left time: 589.7483s
	iters: 1200, epoch: 14 | loss: 0.2960649
	speed: 0.0772s/iter; left time: 607.2512s
Epoch: 14 cost time: 97.45650219917297
Epoch: 14, Steps: 1295 | Train Loss: 0.2506411 Vali Loss: 0.3054494 Test Loss: 0.3376968
EarlyStopping counter: 2 out of 3
	iters: 100, epoch: 15 | loss: 0.2324660
	speed: 0.0690s/iter; left time: 529.2983s
	iters: 200, epoch: 15 | loss: 0.2074302
	speed: 0.0628s/iter; left time: 475.6665s
	iters: 300, epoch: 15 | loss: 0.1847231
	speed: 0.0760s/iter; left time: 568.1001s
	iters: 400, epoch: 15 | loss: 0.2379957
	speed: 0.0738s/iter; left time: 544.0500s
	iters: 500, epoch: 15 | loss: 0.2595496
	speed: 0.0814s/iter; left time: 591.8675s
	iters: 600, epoch: 15 | loss: 0.2073125
	speed: 0.0683s/iter; left time: 489.9399s
	iters: 700, epoch: 15 | loss: 0.2574099
	speed: 0.0759s/iter; left time: 536.6103s
	iters: 800, epoch: 15 | loss: 0.2058464
	speed: 0.0800s/iter; left time: 557.4983s
	iters: 900, epoch: 15 | loss: 0.2719606
	speed: 0.0722s/iter; left time: 496.0421s
	iters: 1000, epoch: 15 | loss: 0.1908310
	speed: 0.0794s/iter; left time: 537.5307s
	iters: 1100, epoch: 15 | loss: 0.2802592
	speed: 0.0880s/iter; left time: 587.2919s
	iters: 1200, epoch: 15 | loss: 0.2060729
	speed: 0.0749s/iter; left time: 492.1368s
Epoch: 15 cost time: 97.22943353652954
Epoch: 15, Steps: 1295 | Train Loss: 0.2478017 Vali Loss: 0.3038713 Test Loss: 0.3364412
EarlyStopping counter: 3 out of 3
Early stopping
>>>>>>>testing : former_m_1999_il300_ol60_sl6_dm256_nh4_el3_itr2<<<<<<<<<<<<<<<<<<<<<<<<<<<<<<<<<
test 11883
mse:0.3307182490825653, mae:0.3143686354160309
Use GPU: cuda:1
>>>>>>>start training : former_m_1999_il300_ol60_sl6_dm256_nh4_el3_itr3>>>>>>>>>>>>>>>>>>>>>>>>>>
train 41440
val 5913
test 11883
	iters: 100, epoch: 1 | loss: 0.8189383
	speed: 0.0723s/iter; left time: 1864.9586s
	iters: 200, epoch: 1 | loss: 0.7207946
	speed: 0.0816s/iter; left time: 2097.8008s
	iters: 300, epoch: 1 | loss: 0.6537352
	speed: 0.0845s/iter; left time: 2162.3093s
	iters: 400, epoch: 1 | loss: 0.7693486
	speed: 0.0795s/iter; left time: 2026.8361s
	iters: 500, epoch: 1 | loss: 0.6399247
	speed: 0.0755s/iter; left time: 1918.7761s
	iters: 600, epoch: 1 | loss: 0.4910766
	speed: 0.0782s/iter; left time: 1978.4672s
	iters: 700, epoch: 1 | loss: 0.5597792
	speed: 0.0742s/iter; left time: 1870.2038s
	iters: 800, epoch: 1 | loss: 0.5301912
	speed: 0.0854s/iter; left time: 2143.0460s
	iters: 900, epoch: 1 | loss: 0.4886867
	speed: 0.0797s/iter; left time: 1993.5009s
	iters: 1000, epoch: 1 | loss: 0.5330213
	speed: 0.0860s/iter; left time: 2140.9927s
	iters: 1100, epoch: 1 | loss: 0.5224540
	speed: 0.0808s/iter; left time: 2004.6335s
	iters: 1200, epoch: 1 | loss: 0.5482843
	speed: 0.0885s/iter; left time: 2186.1654s
Epoch: 1 cost time: 104.13980889320374
Epoch: 1, Steps: 1295 | Train Loss: 0.9089249 Vali Loss: 0.4527244 Test Loss: 0.4630093
Validation loss decreased (inf --> 0.452724).  Saving model ...
	iters: 100, epoch: 2 | loss: 0.5790080
	speed: 0.0761s/iter; left time: 1865.5153s
	iters: 200, epoch: 2 | loss: 0.4776160
	speed: 0.0793s/iter; left time: 1935.9786s
	iters: 300, epoch: 2 | loss: 0.4660893
	speed: 0.0698s/iter; left time: 1697.6152s
	iters: 400, epoch: 2 | loss: 0.4613570
	speed: 0.0714s/iter; left time: 1728.3557s
	iters: 500, epoch: 2 | loss: 0.3488348
	speed: 0.0769s/iter; left time: 1852.6886s
	iters: 600, epoch: 2 | loss: 0.4850839
	speed: 0.0796s/iter; left time: 1911.2045s
	iters: 700, epoch: 2 | loss: 0.4941067
	speed: 0.0804s/iter; left time: 1921.3548s
	iters: 800, epoch: 2 | loss: 0.4874198
	speed: 0.0643s/iter; left time: 1531.7953s
	iters: 900, epoch: 2 | loss: 0.4086317
	speed: 0.0748s/iter; left time: 1774.0461s
	iters: 1000, epoch: 2 | loss: 0.3956552
	speed: 0.0761s/iter; left time: 1795.7960s
	iters: 1100, epoch: 2 | loss: 0.4522628
	speed: 0.0733s/iter; left time: 1724.1280s
	iters: 1200, epoch: 2 | loss: 0.3432043
	speed: 0.0866s/iter; left time: 2026.0717s
Epoch: 2 cost time: 98.12388467788696
Epoch: 2, Steps: 1295 | Train Loss: 0.4589174 Vali Loss: 0.3936649 Test Loss: 0.4128371
Validation loss decreased (0.452724 --> 0.393665).  Saving model ...
Updating learning rate to 0.0005
	iters: 100, epoch: 3 | loss: 0.3897955
	speed: 0.0791s/iter; left time: 1836.6986s
	iters: 200, epoch: 3 | loss: 0.3934057
	speed: 0.0791s/iter; left time: 1827.1411s
	iters: 300, epoch: 3 | loss: 0.4076891
	speed: 0.0793s/iter; left time: 1824.4232s
	iters: 400, epoch: 3 | loss: 0.3549976
	speed: 0.0739s/iter; left time: 1693.0752s
	iters: 500, epoch: 3 | loss: 0.3243720
	speed: 0.0745s/iter; left time: 1699.6211s
	iters: 600, epoch: 3 | loss: 0.4181869
	speed: 0.0693s/iter; left time: 1573.9512s
	iters: 700, epoch: 3 | loss: 0.4031655
	speed: 0.0781s/iter; left time: 1766.1858s
	iters: 800, epoch: 3 | loss: 0.3970965
	speed: 0.0764s/iter; left time: 1719.4990s
	iters: 900, epoch: 3 | loss: 0.4281877
	speed: 0.0776s/iter; left time: 1740.0388s
	iters: 1000, epoch: 3 | loss: 0.4181003
	speed: 0.0719s/iter; left time: 1605.1152s
	iters: 1100, epoch: 3 | loss: 0.3745247
	speed: 0.0751s/iter; left time: 1667.1756s
	iters: 1200, epoch: 3 | loss: 0.3696596
	speed: 0.0721s/iter; left time: 1593.3608s
Epoch: 3 cost time: 97.57351279258728
Epoch: 3, Steps: 1295 | Train Loss: 0.3867288 Vali Loss: 0.3536181 Test Loss: 0.3685538
Validation loss decreased (0.393665 --> 0.353618).  Saving model ...
	iters: 100, epoch: 4 | loss: 0.4204889
	speed: 0.0643s/iter; left time: 1409.5512s
	iters: 200, epoch: 4 | loss: 0.4030019
	speed: 0.0718s/iter; left time: 1565.6172s
	iters: 300, epoch: 4 | loss: 0.3026237
	speed: 0.0728s/iter; left time: 1579.9046s
	iters: 400, epoch: 4 | loss: 0.4312274
	speed: 0.0759s/iter; left time: 1641.4843s
	iters: 500, epoch: 4 | loss: 0.3419666
	speed: 0.0706s/iter; left time: 1519.5296s
	iters: 600, epoch: 4 | loss: 0.3004315
	speed: 0.0771s/iter; left time: 1651.3735s
	iters: 700, epoch: 4 | loss: 0.3664154
	speed: 0.0689s/iter; left time: 1467.7450s
	iters: 800, epoch: 4 | loss: 0.4053624
	speed: 0.0756s/iter; left time: 1603.7649s
	iters: 900, epoch: 4 | loss: 0.4190566
	speed: 0.0783s/iter; left time: 1653.3737s
	iters: 1000, epoch: 4 | loss: 0.3121107
	speed: 0.0798s/iter; left time: 1676.7975s
	iters: 1100, epoch: 4 | loss: 0.3347662
	speed: 0.0743s/iter; left time: 1553.7013s
	iters: 1200, epoch: 4 | loss: 0.4088077
	speed: 0.0746s/iter; left time: 1552.3316s
Epoch: 4 cost time: 95.56895732879639
Epoch: 4, Steps: 1295 | Train Loss: 0.3635489 Vali Loss: 0.3367117 Test Loss: 0.3498155
Validation loss decreased (0.353618 --> 0.336712).  Saving model ...
Updating learning rate to 0.00025
	iters: 100, epoch: 5 | loss: 0.3032155
	speed: 0.0617s/iter; left time: 1272.6288s
	iters: 200, epoch: 5 | loss: 0.3181472
	speed: 0.0681s/iter; left time: 1396.8915s
	iters: 300, epoch: 5 | loss: 0.2741414
	speed: 0.0803s/iter; left time: 1638.9268s
	iters: 400, epoch: 5 | loss: 0.3943968
	speed: 0.0707s/iter; left time: 1436.3294s
	iters: 500, epoch: 5 | loss: 0.3273739
	speed: 0.0746s/iter; left time: 1507.8040s
	iters: 600, epoch: 5 | loss: 0.2337217
	speed: 0.0717s/iter; left time: 1442.4241s
	iters: 700, epoch: 5 | loss: 0.3047533
	speed: 0.0800s/iter; left time: 1600.7362s
	iters: 800, epoch: 5 | loss: 0.3664615
	speed: 0.0714s/iter; left time: 1422.1087s
	iters: 900, epoch: 5 | loss: 0.2870358
	speed: 0.0795s/iter; left time: 1576.7112s
	iters: 1000, epoch: 5 | loss: 0.2664844
	speed: 0.0737s/iter; left time: 1454.0749s
	iters: 1100, epoch: 5 | loss: 0.3298085
	speed: 0.0764s/iter; left time: 1498.7446s
	iters: 1200, epoch: 5 | loss: 0.3078416
	speed: 0.0733s/iter; left time: 1431.3328s
Epoch: 5 cost time: 95.63798379898071
Epoch: 5, Steps: 1295 | Train Loss: 0.3250210 Vali Loss: 0.3185919 Test Loss: 0.3356518
Validation loss decreased (0.336712 --> 0.318592).  Saving model ...
	iters: 100, epoch: 6 | loss: 0.2901203
	speed: 0.0803s/iter; left time: 1551.9340s
	iters: 200, epoch: 6 | loss: 0.3065788
	speed: 0.0669s/iter; left time: 1285.9932s
	iters: 300, epoch: 6 | loss: 0.3070163
	speed: 0.0796s/iter; left time: 1522.1774s
	iters: 400, epoch: 6 | loss: 0.3890686
	speed: 0.0759s/iter; left time: 1444.2796s
	iters: 500, epoch: 6 | loss: 0.3476505
	speed: 0.0707s/iter; left time: 1337.7894s
	iters: 600, epoch: 6 | loss: 0.3908245
	speed: 0.0778s/iter; left time: 1464.8128s
	iters: 700, epoch: 6 | loss: 0.2621316
	speed: 0.0733s/iter; left time: 1372.8404s
	iters: 800, epoch: 6 | loss: 0.2680600
	speed: 0.0819s/iter; left time: 1524.8952s
	iters: 900, epoch: 6 | loss: 0.3311088
	speed: 0.0714s/iter; left time: 1323.4402s
	iters: 1000, epoch: 6 | loss: 0.4267989
	speed: 0.0769s/iter; left time: 1417.4770s
	iters: 1100, epoch: 6 | loss: 0.3057797
	speed: 0.0672s/iter; left time: 1231.7748s
	iters: 1200, epoch: 6 | loss: 0.2542811
	speed: 0.0733s/iter; left time: 1335.9719s
Epoch: 6 cost time: 96.65480518341064
Epoch: 6, Steps: 1295 | Train Loss: 0.3163504 Vali Loss: 0.3106365 Test Loss: 0.3298973
Validation loss decreased (0.318592 --> 0.310636).  Saving model ...
Updating learning rate to 0.000125
	iters: 100, epoch: 7 | loss: 0.3541040
	speed: 0.0685s/iter; left time: 1234.2363s
	iters: 200, epoch: 7 | loss: 0.2768553
	speed: 0.0676s/iter; left time: 1212.3441s
	iters: 300, epoch: 7 | loss: 0.2446599
	speed: 0.0707s/iter; left time: 1259.8783s
	iters: 400, epoch: 7 | loss: 0.3433270
	speed: 0.0703s/iter; left time: 1247.0362s
	iters: 500, epoch: 7 | loss: 0.3228993
	speed: 0.0747s/iter; left time: 1317.4873s
	iters: 600, epoch: 7 | loss: 0.2914476
	speed: 0.0767s/iter; left time: 1345.1646s
	iters: 700, epoch: 7 | loss: 0.3069485
	speed: 0.0744s/iter; left time: 1297.4267s
	iters: 800, epoch: 7 | loss: 0.2559339
	speed: 0.0779s/iter; left time: 1350.5773s
	iters: 900, epoch: 7 | loss: 0.2039481
	speed: 0.0732s/iter; left time: 1262.0967s
	iters: 1000, epoch: 7 | loss: 0.2648303
	speed: 0.0726s/iter; left time: 1243.4172s
	iters: 1100, epoch: 7 | loss: 0.3308156
	speed: 0.0753s/iter; left time: 1282.6667s
	iters: 1200, epoch: 7 | loss: 0.2210266
	speed: 0.0767s/iter; left time: 1298.3427s
Epoch: 7 cost time: 95.0531017780304
Epoch: 7, Steps: 1295 | Train Loss: 0.2956876 Vali Loss: 0.3101137 Test Loss: 0.3264932
Validation loss decreased (0.310636 --> 0.310114).  Saving model ...
	iters: 100, epoch: 8 | loss: 0.2875152
	speed: 0.0749s/iter; left time: 1253.0305s
	iters: 200, epoch: 8 | loss: 0.2707117
	speed: 0.0711s/iter; left time: 1183.1115s
	iters: 300, epoch: 8 | loss: 0.2646130
	speed: 0.0806s/iter; left time: 1332.5463s
	iters: 400, epoch: 8 | loss: 0.3230573
	speed: 0.0732s/iter; left time: 1202.8180s
	iters: 500, epoch: 8 | loss: 0.2683237
	speed: 0.0763s/iter; left time: 1245.9541s
	iters: 600, epoch: 8 | loss: 0.3200918
	speed: 0.0767s/iter; left time: 1244.5801s
	iters: 700, epoch: 8 | loss: 0.2696212
	speed: 0.0755s/iter; left time: 1218.5534s
	iters: 800, epoch: 8 | loss: 0.2812434
	speed: 0.0793s/iter; left time: 1271.7185s
	iters: 900, epoch: 8 | loss: 0.2452466
	speed: 0.0701s/iter; left time: 1116.4468s
	iters: 1000, epoch: 8 | loss: 0.2767471
	speed: 0.0735s/iter; left time: 1163.9522s
	iters: 1100, epoch: 8 | loss: 0.2074008
	speed: 0.0703s/iter; left time: 1106.3984s
	iters: 1200, epoch: 8 | loss: 0.2406368
	speed: 0.0770s/iter; left time: 1203.9052s
Epoch: 8 cost time: 97.00663924217224
Epoch: 8, Steps: 1295 | Train Loss: 0.2886669 Vali Loss: 0.3096428 Test Loss: 0.3334544
Validation loss decreased (0.310114 --> 0.309643).  Saving model ...
Updating learning rate to 6.25e-05
	iters: 100, epoch: 9 | loss: 0.3561729
	speed: 0.0744s/iter; left time: 1148.4417s
	iters: 200, epoch: 9 | loss: 0.3541039
	speed: 0.0778s/iter; left time: 1192.7873s
	iters: 300, epoch: 9 | loss: 0.3184851
	speed: 0.0784s/iter; left time: 1194.9397s
	iters: 400, epoch: 9 | loss: 0.2801063
	speed: 0.0708s/iter; left time: 1072.0575s
	iters: 500, epoch: 9 | loss: 0.2789628
	speed: 0.0777s/iter; left time: 1168.7595s
	iters: 600, epoch: 9 | loss: 0.2395348
	speed: 0.0770s/iter; left time: 1150.8354s
	iters: 700, epoch: 9 | loss: 0.2431235
	speed: 0.0738s/iter; left time: 1095.4137s
	iters: 800, epoch: 9 | loss: 0.2447358
	speed: 0.0813s/iter; left time: 1198.7298s
	iters: 900, epoch: 9 | loss: 0.2434917
	speed: 0.0782s/iter; left time: 1145.1804s
	iters: 1000, epoch: 9 | loss: 0.1893303
	speed: 0.0724s/iter; left time: 1053.1347s
	iters: 1100, epoch: 9 | loss: 0.2810571
	speed: 0.0661s/iter; left time: 954.7988s
	iters: 1200, epoch: 9 | loss: 0.2906950
	speed: 0.0786s/iter; left time: 1126.9872s
Epoch: 9 cost time: 97.85697841644287
Epoch: 9, Steps: 1295 | Train Loss: 0.2751660 Vali Loss: 0.3149368 Test Loss: 0.3354477
EarlyStopping counter: 1 out of 3
	iters: 100, epoch: 10 | loss: 0.2375436
	speed: 0.0832s/iter; left time: 1177.6031s
	iters: 200, epoch: 10 | loss: 0.2961371
	speed: 0.0819s/iter; left time: 1150.1133s
	iters: 300, epoch: 10 | loss: 0.2447070
	speed: 0.0824s/iter; left time: 1149.1384s
	iters: 400, epoch: 10 | loss: 0.3131413
	speed: 0.0718s/iter; left time: 994.2521s
	iters: 500, epoch: 10 | loss: 0.2348980
	speed: 0.0723s/iter; left time: 993.3307s
	iters: 600, epoch: 10 | loss: 0.2614498
	speed: 0.0706s/iter; left time: 963.9509s
	iters: 700, epoch: 10 | loss: 0.2583042
	speed: 0.0721s/iter; left time: 977.1023s
	iters: 800, epoch: 10 | loss: 0.2027875
	speed: 0.0732s/iter; left time: 983.9107s
	iters: 900, epoch: 10 | loss: 0.2976970
	speed: 0.0783s/iter; left time: 1045.4449s
	iters: 1000, epoch: 10 | loss: 0.3201137
	speed: 0.0814s/iter; left time: 1078.6199s
	iters: 1100, epoch: 10 | loss: 0.2418169
	speed: 0.0763s/iter; left time: 1002.4111s
	iters: 1200, epoch: 10 | loss: 0.3446134
	speed: 0.0709s/iter; left time: 924.4647s
Epoch: 10 cost time: 98.55822825431824
Epoch: 10, Steps: 1295 | Train Loss: 0.2692911 Vali Loss: 0.3068150 Test Loss: 0.3299985
Validation loss decreased (0.309643 --> 0.306815).  Saving model ...
Updating learning rate to 3.125e-05
	iters: 100, epoch: 11 | loss: 0.2782220
	speed: 0.0719s/iter; left time: 924.5517s
	iters: 200, epoch: 11 | loss: 0.3486524
	speed: 0.0709s/iter; left time: 903.7488s
	iters: 300, epoch: 11 | loss: 0.2849108
	speed: 0.0816s/iter; left time: 1032.9311s
	iters: 400, epoch: 11 | loss: 0.3365366
	speed: 0.0811s/iter; left time: 1017.5484s
	iters: 500, epoch: 11 | loss: 0.2884968
	speed: 0.0762s/iter; left time: 948.6818s
	iters: 600, epoch: 11 | loss: 0.2464769
	speed: 0.0721s/iter; left time: 890.8925s
	iters: 700, epoch: 11 | loss: 0.2422158
	speed: 0.0888s/iter; left time: 1088.0427s
	iters: 800, epoch: 11 | loss: 0.2486957
	speed: 0.0712s/iter; left time: 864.7866s
	iters: 900, epoch: 11 | loss: 0.2937464
	speed: 0.0732s/iter; left time: 882.2352s
	iters: 1000, epoch: 11 | loss: 0.2576560
	speed: 0.0782s/iter; left time: 934.0715s
	iters: 1100, epoch: 11 | loss: 0.3083516
	speed: 0.0754s/iter; left time: 894.0696s
	iters: 1200, epoch: 11 | loss: 0.2418146
	speed: 0.0818s/iter; left time: 961.5665s
Epoch: 11 cost time: 100.174232006073
Epoch: 11, Steps: 1295 | Train Loss: 0.2610570 Vali Loss: 0.3092334 Test Loss: 0.3345673
EarlyStopping counter: 1 out of 3
	iters: 100, epoch: 12 | loss: 0.2083060
	speed: 0.0713s/iter; left time: 824.3394s
	iters: 200, epoch: 12 | loss: 0.2786433
	speed: 0.0710s/iter; left time: 813.0014s
	iters: 300, epoch: 12 | loss: 0.1947441
	speed: 0.0868s/iter; left time: 986.0832s
	iters: 400, epoch: 12 | loss: 0.2468141
	speed: 0.0821s/iter; left time: 924.5877s
	iters: 500, epoch: 12 | loss: 0.1791257
	speed: 0.0712s/iter; left time: 794.3614s
	iters: 600, epoch: 12 | loss: 0.2502777
	speed: 0.0777s/iter; left time: 859.2312s
	iters: 700, epoch: 12 | loss: 0.2580692
	speed: 0.0759s/iter; left time: 831.8142s
	iters: 800, epoch: 12 | loss: 0.2122646
	speed: 0.0732s/iter; left time: 794.1760s
	iters: 900, epoch: 12 | loss: 0.2515971
	speed: 0.0834s/iter; left time: 897.1788s
	iters: 1000, epoch: 12 | loss: 0.1975174
	speed: 0.0767s/iter; left time: 816.8373s
	iters: 1100, epoch: 12 | loss: 0.2674572
	speed: 0.0778s/iter; left time: 821.3395s
	iters: 1200, epoch: 12 | loss: 0.2413749
	speed: 0.0746s/iter; left time: 779.7651s
Epoch: 12 cost time: 99.58718991279602
Epoch: 12, Steps: 1295 | Train Loss: 0.2578343 Vali Loss: 0.3056724 Test Loss: 0.3313516
Validation loss decreased (0.306815 --> 0.305672).  Saving model ...
	iters: 100, epoch: 13 | loss: 0.1910392
	speed: 0.0763s/iter; left time: 782.7720s
	iters: 200, epoch: 13 | loss: 0.2605175
	speed: 0.0747s/iter; left time: 758.8275s
	iters: 300, epoch: 13 | loss: 0.2768450
	speed: 0.0783s/iter; left time: 787.3038s
	iters: 400, epoch: 13 | loss: 0.2481478
	speed: 0.0848s/iter; left time: 844.4100s
	iters: 500, epoch: 13 | loss: 0.2892133
	speed: 0.0862s/iter; left time: 850.2403s
	iters: 600, epoch: 13 | loss: 0.2307680
	speed: 0.0755s/iter; left time: 736.7538s
	iters: 700, epoch: 13 | loss: 0.3291811
	speed: 0.0730s/iter; left time: 704.8877s
	iters: 800, epoch: 13 | loss: 0.1824363
	speed: 0.0705s/iter; left time: 674.3325s
	iters: 900, epoch: 13 | loss: 0.3376321
	speed: 0.0697s/iter; left time: 659.5931s
	iters: 1000, epoch: 13 | loss: 0.2345648
	speed: 0.0790s/iter; left time: 739.9849s
	iters: 1100, epoch: 13 | loss: 0.2999428
	speed: 0.0773s/iter; left time: 716.2829s
	iters: 1200, epoch: 13 | loss: 0.2642413
	speed: 0.0806s/iter; left time: 738.5704s
Epoch: 13 cost time: 99.52419519424438
Epoch: 13, Steps: 1295 | Train Loss: 0.2550201 Vali Loss: 0.3153142 Test Loss: 0.3408989
EarlyStopping counter: 1 out of 3
	iters: 100, epoch: 14 | loss: 0.1977489
	speed: 0.0749s/iter; left time: 671.9304s
	iters: 200, epoch: 14 | loss: 0.2788417
	speed: 0.0742s/iter; left time: 657.6830s
	iters: 300, epoch: 14 | loss: 0.2356856
	speed: 0.0843s/iter; left time: 738.8824s
	iters: 400, epoch: 14 | loss: 0.2378515
	speed: 0.0790s/iter; left time: 684.2656s
	iters: 500, epoch: 14 | loss: 0.2752301
	speed: 0.0786s/iter; left time: 673.5661s
	iters: 600, epoch: 14 | loss: 0.2773406
	speed: 0.0783s/iter; left time: 663.1993s
	iters: 700, epoch: 14 | loss: 0.1923814
	speed: 0.0739s/iter; left time: 618.4024s
	iters: 800, epoch: 14 | loss: 0.2728186
	speed: 0.0798s/iter; left time: 659.9413s
	iters: 900, epoch: 14 | loss: 0.2216518
	speed: 0.0658s/iter; left time: 537.1717s
	iters: 1000, epoch: 14 | loss: 0.2403107
	speed: 0.0716s/iter; left time: 577.6295s
	iters: 1100, epoch: 14 | loss: 0.2431998
	speed: 0.0698s/iter; left time: 556.1160s
	iters: 1200, epoch: 14 | loss: 0.1893221
	speed: 0.0674s/iter; left time: 529.9770s
Epoch: 14 cost time: 96.23268604278564
Epoch: 14, Steps: 1295 | Train Loss: 0.2524593 Vali Loss: 0.3123167 Test Loss: 0.3394133
EarlyStopping counter: 2 out of 3
	iters: 100, epoch: 15 | loss: 0.2408580
	speed: 0.0706s/iter; left time: 541.7358s
	iters: 200, epoch: 15 | loss: 0.2178725
	speed: 0.0734s/iter; left time: 555.9492s
	iters: 300, epoch: 15 | loss: 0.3125298
	speed: 0.0743s/iter; left time: 554.9598s
	iters: 400, epoch: 15 | loss: 0.2452022
	speed: 0.0810s/iter; left time: 596.8137s
	iters: 500, epoch: 15 | loss: 0.2225995
	speed: 0.0778s/iter; left time: 565.5754s
	iters: 600, epoch: 15 | loss: 0.2451755
	speed: 0.0852s/iter; left time: 610.8474s
	iters: 700, epoch: 15 | loss: 0.2466861
	speed: 0.0744s/iter; left time: 525.9865s
	iters: 800, epoch: 15 | loss: 0.2922706
	speed: 0.0808s/iter; left time: 563.2176s
	iters: 900, epoch: 15 | loss: 0.2942319
	speed: 0.0736s/iter; left time: 505.4575s
	iters: 1000, epoch: 15 | loss: 0.3200749
	speed: 0.0765s/iter; left time: 518.1518s
	iters: 1100, epoch: 15 | loss: 0.2161696
	speed: 0.0807s/iter; left time: 538.5532s
	iters: 1200, epoch: 15 | loss: 0.2525553
	speed: 0.0689s/iter; left time: 452.7368s
Epoch: 15 cost time: 98.68602228164673
Epoch: 15, Steps: 1295 | Train Loss: 0.2499937 Vali Loss: 0.3143630 Test Loss: 0.3439772
EarlyStopping counter: 3 out of 3
Early stopping
>>>>>>>testing : former_m_1999_il300_ol60_sl6_dm256_nh4_el3_itr3<<<<<<<<<<<<<<<<<<<<<<<<<<<<<<<<<
test 11883
mse:0.3311649262905121, mae:0.310336709022522
Use GPU: cuda:1
>>>>>>>start training : former_m_1999_il300_ol60_sl6_dm256_nh4_el3_itr4>>>>>>>>>>>>>>>>>>>>>>>>>>
train 41440
val 5913
test 11883
	iters: 100, epoch: 1 | loss: 0.8478165
	speed: 0.0755s/iter; left time: 1946.7980s
	iters: 200, epoch: 1 | loss: 0.6747154
	speed: 0.0773s/iter; left time: 1986.5698s
	iters: 300, epoch: 1 | loss: 0.7001653
	speed: 0.0745s/iter; left time: 1906.8894s
	iters: 400, epoch: 1 | loss: 0.6016068
	speed: 0.0671s/iter; left time: 1711.3914s
	iters: 500, epoch: 1 | loss: 0.5686408
	speed: 0.0891s/iter; left time: 2262.0860s
	iters: 600, epoch: 1 | loss: 0.4194943
	speed: 0.0785s/iter; left time: 1985.5631s
	iters: 700, epoch: 1 | loss: 0.5550845
	speed: 0.0749s/iter; left time: 1887.7299s
	iters: 800, epoch: 1 | loss: 0.4436202
	speed: 0.0744s/iter; left time: 1868.7544s
	iters: 900, epoch: 1 | loss: 0.5721741
	speed: 0.0775s/iter; left time: 1936.9520s
	iters: 1000, epoch: 1 | loss: 0.3542647
	speed: 0.0810s/iter; left time: 2016.2724s
	iters: 1100, epoch: 1 | loss: 0.5207998
	speed: 0.0791s/iter; left time: 1961.6142s
	iters: 1200, epoch: 1 | loss: 0.4645866
	speed: 0.0747s/iter; left time: 1844.0193s
Epoch: 1 cost time: 99.36645269393921
Epoch: 1, Steps: 1295 | Train Loss: 0.8951557 Vali Loss: 0.4500982 Test Loss: 0.4579102
Validation loss decreased (inf --> 0.450098).  Saving model ...
	iters: 100, epoch: 2 | loss: 0.5797789
	speed: 0.0670s/iter; left time: 1641.2688s
	iters: 200, epoch: 2 | loss: 0.4342065
	speed: 0.0771s/iter; left time: 1882.3497s
	iters: 300, epoch: 2 | loss: 0.3890337
	speed: 0.0688s/iter; left time: 1671.2594s
	iters: 400, epoch: 2 | loss: 0.3700905
	speed: 0.0764s/iter; left time: 1850.5179s
	iters: 500, epoch: 2 | loss: 0.5201817
	speed: 0.0848s/iter; left time: 2044.8542s
	iters: 600, epoch: 2 | loss: 0.3841260
	speed: 0.0753s/iter; left time: 1806.5353s
	iters: 700, epoch: 2 | loss: 0.3160648
	speed: 0.0751s/iter; left time: 1794.5506s
	iters: 800, epoch: 2 | loss: 0.4976582
	speed: 0.0851s/iter; left time: 2026.7267s
	iters: 900, epoch: 2 | loss: 0.4559648
	speed: 0.0741s/iter; left time: 1755.7018s
	iters: 1000, epoch: 2 | loss: 0.3633276
	speed: 0.0751s/iter; left time: 1773.0976s
	iters: 1100, epoch: 2 | loss: 0.3785564
	speed: 0.0747s/iter; left time: 1755.8142s
	iters: 1200, epoch: 2 | loss: 0.3962494
	speed: 0.0602s/iter; left time: 1409.7010s
Epoch: 2 cost time: 94.90447044372559
Epoch: 2, Steps: 1295 | Train Loss: 0.4500760 Vali Loss: 0.4033759 Test Loss: 0.4096911
Validation loss decreased (0.450098 --> 0.403376).  Saving model ...
Updating learning rate to 0.0005
	iters: 100, epoch: 3 | loss: 0.3985987
	speed: 0.0592s/iter; left time: 1374.2472s
	iters: 200, epoch: 3 | loss: 0.3967970
	speed: 0.0593s/iter; left time: 1370.0193s
	iters: 300, epoch: 3 | loss: 0.4773054
	speed: 0.0613s/iter; left time: 1410.6685s
	iters: 400, epoch: 3 | loss: 0.4920903
	speed: 0.0597s/iter; left time: 1368.0280s
	iters: 500, epoch: 3 | loss: 0.4916919
	speed: 0.0594s/iter; left time: 1353.9710s
	iters: 600, epoch: 3 | loss: 0.4905627
	speed: 0.0608s/iter; left time: 1381.9336s
	iters: 700, epoch: 3 | loss: 0.4062108
	speed: 0.0598s/iter; left time: 1352.5155s
	iters: 800, epoch: 3 | loss: 0.3307398
	speed: 0.0602s/iter; left time: 1354.8133s
	iters: 900, epoch: 3 | loss: 0.4076491
	speed: 0.0691s/iter; left time: 1549.5370s
	iters: 1000, epoch: 3 | loss: 0.4195444
	speed: 0.0682s/iter; left time: 1522.1402s
	iters: 1100, epoch: 3 | loss: 0.3174816
	speed: 0.0584s/iter; left time: 1296.1953s
	iters: 1200, epoch: 3 | loss: 0.3705877
	speed: 0.0586s/iter; left time: 1295.3159s
Epoch: 3 cost time: 79.06101322174072
Epoch: 3, Steps: 1295 | Train Loss: 0.3868801 Vali Loss: 0.3573232 Test Loss: 0.3740079
Validation loss decreased (0.403376 --> 0.357323).  Saving model ...
	iters: 100, epoch: 4 | loss: 0.3383030
	speed: 0.0602s/iter; left time: 1318.8518s
	iters: 200, epoch: 4 | loss: 0.4233911
	speed: 0.0725s/iter; left time: 1582.1659s
	iters: 300, epoch: 4 | loss: 0.4453981
	speed: 0.0653s/iter; left time: 1418.2086s
	iters: 400, epoch: 4 | loss: 0.2831163
	speed: 0.0604s/iter; left time: 1306.5438s
	iters: 500, epoch: 4 | loss: 0.3401276
	speed: 0.0592s/iter; left time: 1273.3185s
	iters: 600, epoch: 4 | loss: 0.3190966
	speed: 0.0606s/iter; left time: 1298.6785s
	iters: 700, epoch: 4 | loss: 0.3183600
	speed: 0.0594s/iter; left time: 1266.3539s
	iters: 800, epoch: 4 | loss: 0.4099329
	speed: 0.0589s/iter; left time: 1249.8779s
	iters: 900, epoch: 4 | loss: 0.3142807
	speed: 0.0558s/iter; left time: 1178.4540s
	iters: 1000, epoch: 4 | loss: 0.2737052
	speed: 0.0552s/iter; left time: 1161.0387s
	iters: 1100, epoch: 4 | loss: 0.3467959
	speed: 0.0577s/iter; left time: 1205.9799s
	iters: 1200, epoch: 4 | loss: 0.3359672
	speed: 0.0577s/iter; left time: 1200.9174s
Epoch: 4 cost time: 77.97324132919312
Epoch: 4, Steps: 1295 | Train Loss: 0.3653702 Vali Loss: 0.3392580 Test Loss: 0.3540692
Validation loss decreased (0.357323 --> 0.339258).  Saving model ...
Updating learning rate to 0.00025
	iters: 100, epoch: 5 | loss: 0.2905346
	speed: 0.0617s/iter; left time: 1272.3157s
	iters: 200, epoch: 5 | loss: 0.2514321
	speed: 0.0580s/iter; left time: 1191.1018s
	iters: 300, epoch: 5 | loss: 0.2439728
	speed: 0.0566s/iter; left time: 1156.1909s
	iters: 400, epoch: 5 | loss: 0.4293158
	speed: 0.0567s/iter; left time: 1152.4705s
	iters: 500, epoch: 5 | loss: 0.3400149
	speed: 0.0571s/iter; left time: 1154.6517s
	iters: 600, epoch: 5 | loss: 0.3592850
	speed: 0.0569s/iter; left time: 1145.3457s
	iters: 700, epoch: 5 | loss: 0.3507712
	speed: 0.0584s/iter; left time: 1170.2117s
	iters: 800, epoch: 5 | loss: 0.2925090
	speed: 0.0597s/iter; left time: 1189.7133s
	iters: 900, epoch: 5 | loss: 0.3435590
	speed: 0.0581s/iter; left time: 1150.6993s
	iters: 1000, epoch: 5 | loss: 0.3259490
	speed: 0.0575s/iter; left time: 1134.5674s
	iters: 1100, epoch: 5 | loss: 0.2407081
	speed: 0.0596s/iter; left time: 1170.1368s
	iters: 1200, epoch: 5 | loss: 0.2375241
	speed: 0.0601s/iter; left time: 1173.9868s
Epoch: 5 cost time: 75.7510039806366
Epoch: 5, Steps: 1295 | Train Loss: 0.3293684 Vali Loss: 0.3172185 Test Loss: 0.3334979
Validation loss decreased (0.339258 --> 0.317219).  Saving model ...
	iters: 100, epoch: 6 | loss: 0.4682901
	speed: 0.0592s/iter; left time: 1144.9662s
	iters: 200, epoch: 6 | loss: 0.3385549
	speed: 0.0607s/iter; left time: 1167.6449s
	iters: 300, epoch: 6 | loss: 0.3553446
	speed: 0.0596s/iter; left time: 1139.5894s
	iters: 400, epoch: 6 | loss: 0.3846328
	speed: 0.0611s/iter; left time: 1163.3762s
	iters: 500, epoch: 6 | loss: 0.3129715
	speed: 0.0624s/iter; left time: 1180.5527s
	iters: 600, epoch: 6 | loss: 0.2862869
	speed: 0.0688s/iter; left time: 1294.5557s
	iters: 700, epoch: 6 | loss: 0.3311217
	speed: 0.0658s/iter; left time: 1232.3560s
	iters: 800, epoch: 6 | loss: 0.2313035
	speed: 0.0576s/iter; left time: 1073.6322s
	iters: 900, epoch: 6 | loss: 0.2836115
	speed: 0.0596s/iter; left time: 1103.8896s
	iters: 1000, epoch: 6 | loss: 0.2713425
	speed: 0.0606s/iter; left time: 1116.1761s
	iters: 1100, epoch: 6 | loss: 0.2748855
	speed: 0.0594s/iter; left time: 1087.9154s
	iters: 1200, epoch: 6 | loss: 0.2942825
	speed: 0.0604s/iter; left time: 1100.5207s
Epoch: 6 cost time: 79.28442645072937
Epoch: 6, Steps: 1295 | Train Loss: 0.3196596 Vali Loss: 0.3194333 Test Loss: 0.3362235
EarlyStopping counter: 1 out of 3
Updating learning rate to 0.000125
	iters: 100, epoch: 7 | loss: 0.3303778
	speed: 0.0589s/iter; left time: 1062.8471s
	iters: 200, epoch: 7 | loss: 0.2461530
	speed: 0.0600s/iter; left time: 1076.0867s
	iters: 300, epoch: 7 | loss: 0.3964509
	speed: 0.0591s/iter; left time: 1053.3471s
	iters: 400, epoch: 7 | loss: 0.3266664
	speed: 0.0585s/iter; left time: 1037.0974s
	iters: 500, epoch: 7 | loss: 0.2281740
	speed: 0.0575s/iter; left time: 1013.1099s
	iters: 600, epoch: 7 | loss: 0.3166188
	speed: 0.0573s/iter; left time: 1004.0972s
	iters: 700, epoch: 7 | loss: 0.2755654
	speed: 0.0596s/iter; left time: 1038.3651s
	iters: 800, epoch: 7 | loss: 0.3089741
	speed: 0.0603s/iter; left time: 1044.3612s
	iters: 900, epoch: 7 | loss: 0.3561537
	speed: 0.0605s/iter; left time: 1042.5550s
	iters: 1000, epoch: 7 | loss: 0.4195730
	speed: 0.0599s/iter; left time: 1025.6613s
	iters: 1100, epoch: 7 | loss: 0.3055633
	speed: 0.0610s/iter; left time: 1038.5442s
	iters: 1200, epoch: 7 | loss: 0.2505052
	speed: 0.0702s/iter; left time: 1188.7387s
Epoch: 7 cost time: 80.5733392238617
Epoch: 7, Steps: 1295 | Train Loss: 0.2995271 Vali Loss: 0.3040777 Test Loss: 0.3225941
Validation loss decreased (0.317219 --> 0.304078).  Saving model ...
	iters: 100, epoch: 8 | loss: 0.2300467
	speed: 0.0749s/iter; left time: 1253.4872s
	iters: 200, epoch: 8 | loss: 0.2739405
	speed: 0.0715s/iter; left time: 1189.6885s
	iters: 300, epoch: 8 | loss: 0.3404914
	speed: 0.0652s/iter; left time: 1077.7533s
	iters: 400, epoch: 8 | loss: 0.2536732
	speed: 0.0804s/iter; left time: 1321.3333s
	iters: 500, epoch: 8 | loss: 0.3458556
	speed: 0.0647s/iter; left time: 1057.1094s
	iters: 600, epoch: 8 | loss: 0.2651649
	speed: 0.0673s/iter; left time: 1092.4573s
	iters: 700, epoch: 8 | loss: 0.3206939
	speed: 0.0751s/iter; left time: 1211.5755s
	iters: 800, epoch: 8 | loss: 0.2803598
	speed: 0.0691s/iter; left time: 1108.3632s
	iters: 900, epoch: 8 | loss: 0.2703668
	speed: 0.0703s/iter; left time: 1120.2221s
	iters: 1000, epoch: 8 | loss: 0.3320822
	speed: 0.0690s/iter; left time: 1092.3249s
	iters: 1100, epoch: 8 | loss: 0.2847550
	speed: 0.0860s/iter; left time: 1352.7876s
	iters: 1200, epoch: 8 | loss: 0.2782803
	speed: 0.0743s/iter; left time: 1161.1888s
Epoch: 8 cost time: 94.55412554740906
Epoch: 8, Steps: 1295 | Train Loss: 0.2920974 Vali Loss: 0.3072209 Test Loss: 0.3257679
EarlyStopping counter: 1 out of 3
Updating learning rate to 6.25e-05
	iters: 100, epoch: 9 | loss: 0.2934743
	speed: 0.0716s/iter; left time: 1105.8376s
	iters: 200, epoch: 9 | loss: 0.3088138
	speed: 0.0752s/iter; left time: 1153.0421s
	iters: 300, epoch: 9 | loss: 0.2733711
	speed: 0.0717s/iter; left time: 1092.8883s
	iters: 400, epoch: 9 | loss: 0.1888459
	speed: 0.0726s/iter; left time: 1099.3637s
	iters: 500, epoch: 9 | loss: 0.2756996
	speed: 0.0647s/iter; left time: 973.7376s
	iters: 600, epoch: 9 | loss: 0.2533770
	speed: 0.0733s/iter; left time: 1095.2243s
	iters: 700, epoch: 9 | loss: 0.2938392
	speed: 0.0808s/iter; left time: 1199.2069s
	iters: 800, epoch: 9 | loss: 0.2434529
	speed: 0.0729s/iter; left time: 1074.7184s
	iters: 900, epoch: 9 | loss: 0.2231889
	speed: 0.0797s/iter; left time: 1166.9030s
	iters: 1000, epoch: 9 | loss: 0.3310803
	speed: 0.0787s/iter; left time: 1143.7866s
	iters: 1100, epoch: 9 | loss: 0.2141302
	speed: 0.0725s/iter; left time: 1047.5692s
	iters: 1200, epoch: 9 | loss: 0.2841777
	speed: 0.0755s/iter; left time: 1082.0332s
Epoch: 9 cost time: 96.35599875450134
Epoch: 9, Steps: 1295 | Train Loss: 0.2787481 Vali Loss: 0.3062740 Test Loss: 0.3274717
EarlyStopping counter: 2 out of 3
	iters: 100, epoch: 10 | loss: 0.2584852
	speed: 0.0729s/iter; left time: 1030.7685s
	iters: 200, epoch: 10 | loss: 0.2787199
	speed: 0.0715s/iter; left time: 1004.9572s
	iters: 300, epoch: 10 | loss: 0.2940830
	speed: 0.0813s/iter; left time: 1133.3372s
	iters: 400, epoch: 10 | loss: 0.2491373
	speed: 0.0719s/iter; left time: 995.2511s
	iters: 500, epoch: 10 | loss: 0.2624514
	speed: 0.0712s/iter; left time: 978.9725s
	iters: 600, epoch: 10 | loss: 0.2745125
	speed: 0.0869s/iter; left time: 1185.6732s
	iters: 700, epoch: 10 | loss: 0.2656354
	speed: 0.0729s/iter; left time: 987.9842s
	iters: 800, epoch: 10 | loss: 0.2670055
	speed: 0.0861s/iter; left time: 1157.9659s
	iters: 900, epoch: 10 | loss: 0.2489078
	speed: 0.0747s/iter; left time: 996.6396s
	iters: 1000, epoch: 10 | loss: 0.2814098
	speed: 0.0764s/iter; left time: 1012.5852s
	iters: 1100, epoch: 10 | loss: 0.2164927
	speed: 0.0784s/iter; left time: 1030.2363s
	iters: 1200, epoch: 10 | loss: 0.2101486
	speed: 0.0775s/iter; left time: 1011.3692s
Epoch: 10 cost time: 99.44122958183289
Epoch: 10, Steps: 1295 | Train Loss: 0.2731345 Vali Loss: 0.3097962 Test Loss: 0.3302235
EarlyStopping counter: 3 out of 3
Early stopping
>>>>>>>testing : former_m_1999_il300_ol60_sl6_dm256_nh4_el3_itr4<<<<<<<<<<<<<<<<<<<<<<<<<<<<<<<<<
test 11883
mse:0.3222846984863281, mae:0.31458625197410583
